{"/Users/sth1pal/Documents/Development/JavaScript/nodejs/ts6/dev/hsLibs/standalone/hsUtil/src/Checksum.ts": {"path":"/Users/sth1pal/Documents/Development/JavaScript/nodejs/ts6/dev/hsLibs/standalone/hsUtil/src/Checksum.ts","statementMap":{"0":{"start":{"line":10,"column":14},"end":{"line":10,"column":24}},"1":{"start":{"line":11,"column":14},"end":{"line":11,"column":22}},"2":{"start":{"line":12,"column":4},"end":{"line":14,"column":5}},"3":{"start":{"line":13,"column":8},"end":{"line":13,"column":43}},"4":{"start":{"line":15,"column":4},"end":{"line":15,"column":43}},"5":{"start":{"line":9,"column":1},"end":{"line":16,"column":2}}},"fnMap":{"0":{"name":"shortCheckSum","decl":{"start":{"line":9,"column":1},"end":{"line":9,"column":30}},"loc":{"start":{"line":9,"column":39},"end":{"line":16,"column":2}}}},"branchMap":{},"s":{"0":1,"1":1,"2":1,"3":27,"4":1,"5":1},"f":{"0":1},"b":{}}
,"/Users/sth1pal/Documents/Development/JavaScript/nodejs/ts6/dev/hsLibs/standalone/hsUtil/src/Date.ts": {"path":"/Users/sth1pal/Documents/Development/JavaScript/nodejs/ts6/dev/hsLibs/standalone/hsUtil/src/Date.ts","statementMap":{"0":{"start":{"line":16,"column":17},"end":{"line":18,"column":123}},"1":{"start":{"line":21,"column":15},"end":{"line":22,"column":138}},"2":{"start":{"line":26,"column":12},"end":{"line":26,"column":21}},"3":{"start":{"line":27,"column":4},"end":{"line":27,"column":46}},"4":{"start":{"line":27,"column":32},"end":{"line":27,"column":44}},"5":{"start":{"line":28,"column":4},"end":{"line":28,"column":13}},"6":{"start":{"line":44,"column":4},"end":{"line":64,"column":73}},"7":{"start":{"line":43,"column":0},"end":{"line":65,"column":1}},"8":{"start":{"line":68,"column":13},"end":{"line":77,"column":2}},"9":{"start":{"line":69,"column":36},"end":{"line":69,"column":47}},"10":{"start":{"line":70,"column":36},"end":{"line":70,"column":48}},"11":{"start":{"line":71,"column":36},"end":{"line":71,"column":51}},"12":{"start":{"line":72,"column":36},"end":{"line":72,"column":53}},"13":{"start":{"line":73,"column":36},"end":{"line":73,"column":48}},"14":{"start":{"line":74,"column":36},"end":{"line":74,"column":51}},"15":{"start":{"line":75,"column":36},"end":{"line":75,"column":54}},"16":{"start":{"line":76,"column":36},"end":{"line":76,"column":56}}},"fnMap":{"0":{"name":"formatNumber","decl":{"start":{"line":25,"column":0},"end":{"line":25,"column":21}},"loc":{"start":{"line":25,"column":50},"end":{"line":29,"column":1}}},"1":{"name":"date","decl":{"start":{"line":43,"column":0},"end":{"line":43,"column":20}},"loc":{"start":{"line":43,"column":57},"end":{"line":65,"column":1}}},"2":{"name":"(anonymous_2)","decl":{"start":{"line":69,"column":20},"end":{"line":69,"column":21}},"loc":{"start":{"line":69,"column":36},"end":{"line":69,"column":47}}},"3":{"name":"(anonymous_3)","decl":{"start":{"line":70,"column":20},"end":{"line":70,"column":21}},"loc":{"start":{"line":70,"column":36},"end":{"line":70,"column":48}}},"4":{"name":"(anonymous_4)","decl":{"start":{"line":71,"column":20},"end":{"line":71,"column":21}},"loc":{"start":{"line":71,"column":36},"end":{"line":71,"column":51}}},"5":{"name":"(anonymous_5)","decl":{"start":{"line":72,"column":20},"end":{"line":72,"column":21}},"loc":{"start":{"line":72,"column":36},"end":{"line":72,"column":53}}},"6":{"name":"(anonymous_6)","decl":{"start":{"line":73,"column":20},"end":{"line":73,"column":21}},"loc":{"start":{"line":73,"column":36},"end":{"line":73,"column":48}}},"7":{"name":"(anonymous_7)","decl":{"start":{"line":74,"column":20},"end":{"line":74,"column":21}},"loc":{"start":{"line":74,"column":36},"end":{"line":74,"column":51}}},"8":{"name":"(anonymous_8)","decl":{"start":{"line":75,"column":20},"end":{"line":75,"column":21}},"loc":{"start":{"line":75,"column":36},"end":{"line":75,"column":54}}},"9":{"name":"(anonymous_9)","decl":{"start":{"line":76,"column":20},"end":{"line":76,"column":21}},"loc":{"start":{"line":76,"column":36},"end":{"line":76,"column":56}}}},"branchMap":{"0":{"loc":{"start":{"line":43,"column":47},"end":{"line":43,"column":57}},"type":"default-arg","locations":[{"start":{"line":43,"column":47},"end":{"line":43,"column":57}}]},"1":{"loc":{"start":{"line":45,"column":8},"end":{"line":45,"column":17}},"type":"cond-expr","locations":[{"start":{"line":45,"column":8},"end":{"line":45,"column":17}},{"start":{"line":46,"column":8},"end":{"line":64,"column":72}}]}},"s":{"0":1,"1":1,"2":56,"3":56,"4":48,"5":56,"6":7,"7":1,"8":1,"9":1,"10":1,"11":1,"12":1,"13":1,"14":1,"15":1,"16":1},"f":{"0":56,"1":7,"2":1,"3":1,"4":1,"5":1,"6":1,"7":1,"8":1,"9":1},"b":{"0":[1],"1":[0,7]}}
,"/Users/sth1pal/Documents/Development/JavaScript/nodejs/ts6/dev/hsLibs/standalone/hsUtil/src/Number.ts": {"path":"/Users/sth1pal/Documents/Development/JavaScript/nodejs/ts6/dev/hsLibs/standalone/hsUtil/src/Number.ts","statementMap":{"0":{"start":{"line":19,"column":14},"end":{"line":19,"column":28}},"1":{"start":{"line":20,"column":14},"end":{"line":20,"column":31}},"2":{"start":{"line":21,"column":4},"end":{"line":21,"column":16}},"3":{"start":{"line":12,"column":1},"end":{"line":22,"column":2}}},"fnMap":{"0":{"name":"round","decl":{"start":{"line":12,"column":1},"end":{"line":12,"column":22}},"loc":{"start":{"line":12,"column":36},"end":{"line":22,"column":2}}}},"branchMap":{"0":{"loc":{"start":{"line":12,"column":35},"end":{"line":12,"column":36}},"type":"default-arg","locations":[{"start":{"line":12,"column":35},"end":{"line":12,"column":36}}]}},"s":{"0":4,"1":4,"2":4,"3":1},"f":{"0":4},"b":{"0":[2]}}
,"/Users/sth1pal/Documents/Development/JavaScript/nodejs/ts6/dev/hsLibs/standalone/hsUtil/src/promises.ts": {"path":"/Users/sth1pal/Documents/Development/JavaScript/nodejs/ts6/dev/hsLibs/standalone/hsUtil/src/promises.ts","statementMap":{"0":{"start":{"line":13,"column":4},"end":{"line":13,"column":73}},"1":{"start":{"line":13,"column":46},"end":{"line":13,"column":69}},"2":{"start":{"line":12,"column":0},"end":{"line":14,"column":1}},"3":{"start":{"line":38,"column":4},"end":{"line":42,"column":6}},"4":{"start":{"line":39,"column":8},"end":{"line":41,"column":11}},"5":{"start":{"line":40,"column":12},"end":{"line":40,"column":53}},"6":{"start":{"line":40,"column":31},"end":{"line":40,"column":45}},"7":{"start":{"line":37,"column":0},"end":{"line":43,"column":1}},"8":{"start":{"line":58,"column":12},"end":{"line":58,"column":26}},"9":{"start":{"line":65,"column":8},"end":{"line":65,"column":27}},"10":{"start":{"line":75,"column":24},"end":{"line":75,"column":34}},"11":{"start":{"line":76,"column":8},"end":{"line":85,"column":9}},"12":{"start":{"line":77,"column":12},"end":{"line":77,"column":49}},"13":{"start":{"line":78,"column":12},"end":{"line":78,"column":59}},"14":{"start":{"line":80,"column":25},"end":{"line":80,"column":49}},"15":{"start":{"line":81,"column":12},"end":{"line":81,"column":44}},"16":{"start":{"line":82,"column":12},"end":{"line":84,"column":15}},"17":{"start":{"line":83,"column":16},"end":{"line":83,"column":46}},"18":{"start":{"line":56,"column":0},"end":{"line":87,"column":1}},"19":{"start":{"line":98,"column":4},"end":{"line":106,"column":6}},"20":{"start":{"line":100,"column":8},"end":{"line":104,"column":11}},"21":{"start":{"line":100,"column":37},"end":{"line":104,"column":10}},"22":{"start":{"line":102,"column":12},"end":{"line":102,"column":29}},"23":{"start":{"line":103,"column":12},"end":{"line":103,"column":28}},"24":{"start":{"line":97,"column":0},"end":{"line":107,"column":1}}},"fnMap":{"0":{"name":"timeout","decl":{"start":{"line":12,"column":0},"end":{"line":12,"column":23}},"loc":{"start":{"line":12,"column":33},"end":{"line":14,"column":1}}},"1":{"name":"(anonymous_1)","decl":{"start":{"line":13,"column":23},"end":{"line":13,"column":24}},"loc":{"start":{"line":13,"column":43},"end":{"line":13,"column":71}}},"2":{"name":"delay","decl":{"start":{"line":37,"column":0},"end":{"line":37,"column":21}},"loc":{"start":{"line":37,"column":31},"end":{"line":43,"column":1}}},"3":{"name":"(anonymous_3)","decl":{"start":{"line":38,"column":11},"end":{"line":38,"column":15}},"loc":{"start":{"line":38,"column":37},"end":{"line":42,"column":5}}},"4":{"name":"(anonymous_4)","decl":{"start":{"line":39,"column":27},"end":{"line":39,"column":28}},"loc":{"start":{"line":39,"column":54},"end":{"line":41,"column":9}}},"5":{"name":"(anonymous_5)","decl":{"start":{"line":40,"column":23},"end":{"line":40,"column":25}},"loc":{"start":{"line":40,"column":28},"end":{"line":40,"column":47}}},"6":{"name":"(anonymous_6)","decl":{"start":{"line":64,"column":4},"end":{"line":64,"column":15}},"loc":{"start":{"line":64,"column":24},"end":{"line":66,"column":5}}},"7":{"name":"(anonymous_7)","decl":{"start":{"line":74,"column":4},"end":{"line":74,"column":6}},"loc":{"start":{"line":74,"column":41},"end":{"line":86,"column":5}}},"8":{"name":"(anonymous_8)","decl":{"start":{"line":82,"column":60},"end":{"line":82,"column":62}},"loc":{"start":{"line":82,"column":65},"end":{"line":84,"column":13}}},"9":{"name":"promiseChain","decl":{"start":{"line":97,"column":0},"end":{"line":97,"column":31}},"loc":{"start":{"line":97,"column":91},"end":{"line":107,"column":1}}},"10":{"name":"(anonymous_10)","decl":{"start":{"line":98,"column":24},"end":{"line":98,"column":25}},"loc":{"start":{"line":100,"column":8},"end":{"line":104,"column":11}}},"11":{"name":"(anonymous_11)","decl":{"start":{"line":100,"column":19},"end":{"line":100,"column":20}},"loc":{"start":{"line":100,"column":37},"end":{"line":104,"column":10}}},"12":{"name":"(anonymous_12)","decl":{"start":{"line":100,"column":74},"end":{"line":100,"column":75}},"loc":{"start":{"line":100,"column":82},"end":{"line":104,"column":9}}}},"branchMap":{"0":{"loc":{"start":{"line":64,"column":21},"end":{"line":64,"column":24}},"type":"default-arg","locations":[{"start":{"line":64,"column":21},"end":{"line":64,"column":24}}]},"1":{"loc":{"start":{"line":76,"column":8},"end":{"line":85,"column":9}},"type":"if","locations":[{"start":{"line":76,"column":8},"end":{"line":85,"column":9}},{"start":{"line":76,"column":8},"end":{"line":85,"column":9}}]},"2":{"loc":{"start":{"line":97,"column":89},"end":{"line":97,"column":91}},"type":"default-arg","locations":[{"start":{"line":97,"column":89},"end":{"line":97,"column":91}}]}},"s":{"0":1,"1":1,"2":1,"3":12,"4":12,"5":12,"6":12,"7":1,"8":1,"9":1,"10":5,"11":5,"12":1,"13":1,"14":4,"15":4,"16":4,"17":4,"18":1,"19":1,"20":3,"21":3,"22":3,"23":3,"24":1},"f":{"0":1,"1":1,"2":12,"3":12,"4":12,"5":12,"6":1,"7":5,"8":4,"9":1,"10":3,"11":3,"12":3},"b":{"0":[1],"1":[1,4],"2":[0]}}
,"/Users/sth1pal/Documents/Development/JavaScript/nodejs/ts6/dev/hsLibs/standalone/hsUtil/src/showdown.ts": {"path":"/Users/sth1pal/Documents/Development/JavaScript/nodejs/ts6/dev/hsLibs/standalone/hsUtil/src/showdown.ts","statementMap":{"0":{"start":{"line":1,"column":18},"end":{"line":1,"column":37}},"1":{"start":{"line":3,"column":18},"end":{"line":3,"column":42}},"2":{"start":{"line":10,"column":4},"end":{"line":10,"column":36}},"3":{"start":{"line":9,"column":0},"end":{"line":11,"column":1}}},"fnMap":{"0":{"name":"markDown","decl":{"start":{"line":9,"column":0},"end":{"line":9,"column":24}},"loc":{"start":{"line":9,"column":36},"end":{"line":11,"column":1}}}},"branchMap":{},"s":{"0":1,"1":1,"2":1,"3":1},"f":{"0":1},"b":{}}
}
