TN:
SF:/Users/sth1pal/Documents/Development/JavaScript/nodejs/ts6/dev/hsLibs/standalone/hsUtil/src/Checksum.ts
FN:9,shortCheckSum
FNF:1
FNH:1
FNDA:1,shortCheckSum
DA:9,1
DA:10,1
DA:11,1
DA:12,1
DA:13,27
DA:15,1
LF:6
LH:6
BRF:0
BRH:0
end_of_record
TN:
SF:/Users/sth1pal/Documents/Development/JavaScript/nodejs/ts6/dev/hsLibs/standalone/hsUtil/src/Date.ts
FN:25,formatNumber
FN:43,date
FN:69,(anonymous_2)
FN:70,(anonymous_3)
FN:71,(anonymous_4)
FN:72,(anonymous_5)
FN:73,(anonymous_6)
FN:74,(anonymous_7)
FN:75,(anonymous_8)
FN:76,(anonymous_9)
FNF:10
FNH:10
FNDA:56,formatNumber
FNDA:7,date
FNDA:1,(anonymous_2)
FNDA:1,(anonymous_3)
FNDA:1,(anonymous_4)
FNDA:1,(anonymous_5)
FNDA:1,(anonymous_6)
FNDA:1,(anonymous_7)
FNDA:1,(anonymous_8)
FNDA:1,(anonymous_9)
DA:16,1
DA:21,1
DA:26,56
DA:27,56
DA:28,56
DA:43,1
DA:44,7
DA:68,1
DA:69,1
DA:70,1
DA:71,1
DA:72,1
DA:73,1
DA:74,1
DA:75,1
DA:76,1
LF:16
LH:16
BRDA:43,0,0,1
BRDA:45,1,0,0
BRDA:45,1,1,7
BRF:3
BRH:2
end_of_record
TN:
SF:/Users/sth1pal/Documents/Development/JavaScript/nodejs/ts6/dev/hsLibs/standalone/hsUtil/src/Number.ts
FN:12,round
FNF:1
FNH:1
FNDA:4,round
DA:12,1
DA:19,4
DA:20,4
DA:21,4
LF:4
LH:4
BRDA:12,0,0,2
BRF:1
BRH:1
end_of_record
TN:
SF:/Users/sth1pal/Documents/Development/JavaScript/nodejs/ts6/dev/hsLibs/standalone/hsUtil/src/promises.ts
FN:12,timeout
FN:13,(anonymous_1)
FN:37,delay
FN:38,(anonymous_3)
FN:39,(anonymous_4)
FN:40,(anonymous_5)
FN:64,(anonymous_6)
FN:74,(anonymous_7)
FN:82,(anonymous_8)
FN:97,promiseChain
FN:98,(anonymous_10)
FN:100,(anonymous_11)
FN:100,(anonymous_12)
FNF:13
FNH:13
FNDA:1,timeout
FNDA:1,(anonymous_1)
FNDA:12,delay
FNDA:12,(anonymous_3)
FNDA:12,(anonymous_4)
FNDA:12,(anonymous_5)
FNDA:1,(anonymous_6)
FNDA:5,(anonymous_7)
FNDA:4,(anonymous_8)
FNDA:1,promiseChain
FNDA:3,(anonymous_10)
FNDA:3,(anonymous_11)
FNDA:3,(anonymous_12)
DA:12,1
DA:13,1
DA:37,1
DA:38,12
DA:39,12
DA:40,12
DA:56,1
DA:58,1
DA:65,1
DA:75,5
DA:76,5
DA:77,1
DA:78,1
DA:80,4
DA:81,4
DA:82,4
DA:83,4
DA:97,1
DA:98,1
DA:100,3
DA:102,3
DA:103,3
LF:22
LH:22
BRDA:64,0,0,1
BRDA:76,1,0,1
BRDA:76,1,1,4
BRDA:97,2,0,0
BRF:4
BRH:3
end_of_record
TN:
SF:/Users/sth1pal/Documents/Development/JavaScript/nodejs/ts6/dev/hsLibs/standalone/hsUtil/src/showdown.ts
FN:9,markDown
FNF:1
FNH:1
FNDA:1,markDown
DA:1,1
DA:3,1
DA:9,1
DA:10,1
LF:4
LH:4
BRF:0
BRH:0
end_of_record
