TN:
SF:/Users/sth1pal/Documents/Development/JavaScript/nodejs/ts6/dev/hsLibs/standalone/hsUtil/src/Checksum.ts
FN:9,shortCheckSum
FNF:1
FNH:1
FNDA:1,shortCheckSum
DA:9,1
DA:10,1
DA:11,1
DA:12,1
DA:13,27
DA:15,1
LF:6
LH:6
BRF:0
BRH:0
end_of_record
TN:
SF:/Users/sth1pal/Documents/Development/JavaScript/nodejs/ts6/dev/hsLibs/standalone/hsUtil/src/Number.ts
FN:12,round
FNF:1
FNH:1
FNDA:4,round
DA:12,1
DA:19,4
DA:20,4
DA:21,4
LF:4
LH:4
BRDA:12,0,0,2
BRF:1
BRH:1
end_of_record
TN:
SF:/Users/sth1pal/Documents/Development/JavaScript/nodejs/ts6/dev/hsLibs/standalone/hsUtil/src/TimedPromise.ts
FN:12,timeout
FN:13,(anonymous_1)
FN:37,delay
FN:38,(anonymous_3)
FN:39,(anonymous_4)
FN:40,(anonymous_5)
FN:64,(anonymous_6)
FN:74,(anonymous_7)
FN:82,(anonymous_8)
FNF:9
FNH:9
FNDA:1,timeout
FNDA:1,(anonymous_1)
FNDA:6,delay
FNDA:6,(anonymous_3)
FNDA:6,(anonymous_4)
FNDA:6,(anonymous_5)
FNDA:1,(anonymous_6)
FNDA:5,(anonymous_7)
FNDA:4,(anonymous_8)
DA:12,1
DA:13,1
DA:37,1
DA:38,6
DA:39,6
DA:40,6
DA:56,1
DA:58,1
DA:65,1
DA:75,5
DA:76,5
DA:77,1
DA:78,1
DA:80,4
DA:81,4
DA:82,4
DA:83,4
LF:17
LH:17
BRDA:64,0,0,1
BRDA:76,1,0,1
BRDA:76,1,1,4
BRF:3
BRH:3
end_of_record
TN:
SF:/Users/sth1pal/Documents/Development/JavaScript/nodejs/ts6/dev/hsLibs/standalone/hsUtil/src/showdown.ts
FN:9,markDown
FNF:1
FNH:1
FNDA:1,markDown
DA:1,1
DA:3,1
DA:9,1
DA:10,1
LF:4
LH:4
BRF:0
BRH:0
end_of_record
