TN:
SF:/Users/sth1pal/Documents/Development/JavaScript/nodejs/ts6/dev/hsLibs/mithril/hsLayout/src/hsConfig.ts
FN:48,copy
FN:53,(anonymous_1)
FN:66,resolve
FN:68,(anonymous_3)
FN:82,recurse
FN:86,(anonymous_5)
FN:143,(anonymous_6)
FN:150,(anonymous_7)
FN:170,decodeRoute
FN:172,(anonymous_9)
FN:175,(anonymous_10)
FN:176,(anonymous_11)
FN:188,decode
FN:193,(anonymous_13)
FN:206,prepareRoutes
FN:209,(anonymous_15)
FN:211,(anonymous_16)
FN:218,(anonymous_17)
FN:221,mountOrRoute
FN:233,(anonymous_19)
FN:240,(anonymous_20)
FN:244,(anonymous_21)
FN:248,(anonymous_22)
FN:251,(anonymous_23)
FNF:24
FNH:0
FNDA:0,copy
FNDA:0,(anonymous_1)
FNDA:0,resolve
FNDA:0,(anonymous_3)
FNDA:0,recurse
FNDA:0,(anonymous_5)
FNDA:0,(anonymous_6)
FNDA:0,(anonymous_7)
FNDA:0,decodeRoute
FNDA:0,(anonymous_9)
FNDA:0,(anonymous_10)
FNDA:0,(anonymous_11)
FNDA:0,decode
FNDA:0,(anonymous_13)
FNDA:0,prepareRoutes
FNDA:0,(anonymous_15)
FNDA:0,(anonymous_16)
FNDA:0,(anonymous_17)
FNDA:0,mountOrRoute
FNDA:0,(anonymous_19)
FNDA:0,(anonymous_20)
FNDA:0,(anonymous_21)
FNDA:0,(anonymous_22)
FNDA:0,(anonymous_23)
DA:41,4
DA:42,4
DA:50,0
DA:51,0
DA:52,0
DA:53,0
DA:54,0
DA:68,0
DA:69,0
DA:83,0
DA:84,0
DA:85,0
DA:86,0
DA:87,0
DA:88,0
DA:89,0
DA:90,0
DA:94,0
DA:98,0
DA:100,0
DA:135,4
DA:143,0
DA:171,0
DA:172,0
DA:173,0
DA:174,0
DA:175,0
DA:176,0
DA:179,0
DA:189,0
DA:190,0
DA:191,0
DA:193,0
DA:194,0
DA:195,0
DA:196,0
DA:197,0
DA:199,0
DA:203,0
DA:207,0
DA:210,0
DA:211,0
DA:212,0
DA:214,0
DA:217,0
DA:218,0
DA:222,0
DA:223,0
DA:224,0
DA:225,0
DA:226,0
DA:228,0
DA:229,0
DA:230,0
DA:231,0
DA:233,0
DA:234,0
DA:238,0
DA:239,0
DA:240,0
DA:245,0
DA:249,0
DA:250,0
DA:252,0
DA:253,0
LF:65
LH:3
BRDA:50,0,0,0
BRDA:50,0,1,0
BRDA:51,1,0,0
BRDA:51,1,1,0
BRDA:83,2,0,0
BRDA:83,2,1,0
BRDA:85,3,0,0
BRDA:85,3,1,0
BRDA:89,4,0,0
BRDA:89,4,1,0
BRDA:95,5,0,0
BRDA:95,5,1,0
BRDA:94,6,0,0
BRDA:94,6,1,0
BRDA:174,7,0,0
BRDA:174,7,1,0
BRDA:176,8,0,0
BRDA:176,8,1,0
BRDA:190,9,0,0
BRDA:190,9,1,0
BRDA:190,10,0,0
BRDA:190,10,1,0
BRDA:194,11,0,0
BRDA:194,11,1,0
BRDA:194,12,0,0
BRDA:194,12,1,0
BRDA:196,13,0,0
BRDA:196,13,1,0
BRDA:224,14,0,0
BRDA:224,14,1,0
BRDA:228,15,0,0
BRDA:228,15,1,0
BRDA:245,16,0,0
BRDA:245,16,1,0
BRF:34
BRH:0
end_of_record
TN:
SF:/Users/sth1pal/Documents/Development/JavaScript/nodejs/ts6/dev/hsLibs/mithril/hsLayout/src/index.ts
FNF:0
FNH:0
DA:5,4
DA:6,4
DA:8,4
DA:9,4
DA:10,4
DA:11,4
DA:12,4
DA:13,4
LF:8
LH:8
BRDA:5,0,0,4
BRDA:5,0,1,0
BRDA:6,1,0,4
BRDA:6,1,1,0
BRF:4
BRH:2
end_of_record
TN:
SF:/Users/sth1pal/Documents/Development/JavaScript/nodejs/ts6/dev/hsLibs/mithril/hsLayout/src/mithril.ts
FNF:0
FNH:0
DA:5,5
DA:6,0
DA:7,0
DA:14,5
DA:21,5
DA:22,5
LF:6
LH:4
BRDA:5,0,0,0
BRDA:5,0,1,5
BRF:2
BRH:1
end_of_record
TN:
SF:/Users/sth1pal/Documents/Development/JavaScript/nodejs/ts6/dev/hsLibs/mithril/hsLayout/src/view/Layout.ts
FN:64,(anonymous_0)
FN:66,(anonymous_1)
FN:82,(anonymous_2)
FN:87,(anonymous_3)
FN:92,(anonymous_4)
FN:119,(anonymous_5)
FN:133,(anonymous_6)
FNF:7
FNH:7
FNDA:18,(anonymous_0)
FNDA:12,(anonymous_1)
FNDA:18,(anonymous_2)
FNDA:18,(anonymous_3)
FNDA:12,(anonymous_4)
FNDA:18,(anonymous_5)
FNDA:24,(anonymous_6)
DA:18,5
DA:19,5
DA:44,5
DA:65,18
DA:67,12
DA:68,0
DA:69,0
DA:71,12
DA:83,18
DA:88,18
DA:89,12
DA:91,6
DA:92,6
DA:93,12
DA:97,0
DA:120,18
DA:121,18
DA:122,18
DA:127,18
DA:128,18
DA:129,0
DA:130,0
DA:131,0
DA:133,24
LF:24
LH:18
BRDA:65,0,0,12
BRDA:65,0,1,6
BRDA:67,1,0,0
BRDA:67,1,1,12
BRDA:83,2,0,18
BRDA:83,2,1,12
BRDA:88,3,0,12
BRDA:88,3,1,6
BRDA:91,4,0,6
BRDA:91,4,1,0
BRDA:93,5,0,0
BRDA:93,5,1,12
BRDA:128,6,0,0
BRDA:128,6,1,18
BRF:14
BRH:10
end_of_record
TN:
SF:/Users/sth1pal/Documents/Development/JavaScript/nodejs/ts6/dev/hsLibs/mithril/hsLayout/src/view/Layouter.ts
FN:112,(anonymous_0)
FN:55,(anonymous_1)
FN:57,(anonymous_2)
FN:77,(anonymous_3)
FN:90,(anonymous_4)
FN:92,(anonymous_5)
FNF:6
FNH:6
FNDA:6,(anonymous_0)
FNDA:6,(anonymous_1)
FNDA:12,(anonymous_2)
FNDA:12,(anonymous_3)
FNDA:18,(anonymous_4)
FNDA:48,(anonymous_5)
DA:14,6
DA:39,6
DA:44,6
DA:56,6
DA:57,6
DA:58,12
DA:59,12
DA:60,8
DA:61,4
DA:63,0
DA:79,12
DA:91,18
DA:92,18
DA:93,48
DA:94,6
DA:95,6
DA:96,6
DA:98,42
DA:100,18
DA:104,6
DA:112,6
LF:21
LH:20
BRDA:56,0,0,0
BRDA:56,0,1,6
BRDA:58,1,0,12
BRDA:58,1,1,0
BRDA:59,2,0,4
BRDA:59,2,1,8
BRDA:60,3,0,4
BRDA:60,3,1,4
BRDA:61,4,0,4
BRDA:61,4,1,0
BRDA:93,5,0,6
BRDA:93,5,1,42
BRF:12
BRH:9
end_of_record
TN:
SF:/Users/sth1pal/Documents/Development/JavaScript/nodejs/ts6/dev/hsLibs/mithril/hsLayout/src/view/PillaredLayouter.ts
FN:99,(anonymous_0)
FN:108,(anonymous_1)
FN:112,(anonymous_2)
FN:116,(anonymous_3)
FN:130,(anonymous_4)
FN:136,(anonymous_5)
FN:146,(anonymous_6)
FN:151,(anonymous_7)
FN:154,pass
FN:156,(anonymous_9)
FN:167,(anonymous_10)
FN:168,(anonymous_11)
FN:172,(anonymous_12)
FN:180,(anonymous_13)
FN:197,(anonymous_14)
FN:220,(anonymous_15)
FN:223,(anonymous_16)
FN:225,(anonymous_17)
FN:285,(anonymous_18)
FN:342,(anonymous_19)
FNF:20
FNH:20
FNDA:4,(anonymous_0)
FNDA:6,(anonymous_1)
FNDA:8,(anonymous_2)
FNDA:4,(anonymous_3)
FNDA:4,(anonymous_4)
FNDA:8,(anonymous_5)
FNDA:2,(anonymous_6)
FNDA:4,(anonymous_7)
FNDA:4,pass
FNDA:6,(anonymous_9)
FNDA:4,(anonymous_10)
FNDA:2,(anonymous_11)
FNDA:2,(anonymous_12)
FNDA:4,(anonymous_13)
FNDA:2,(anonymous_14)
FNDA:4,(anonymous_15)
FNDA:8,(anonymous_16)
FNDA:24,(anonymous_17)
FNDA:2,(anonymous_18)
FNDA:2,(anonymous_19)
DA:44,4
DA:45,4
DA:63,4
DA:70,4
DA:99,4
DA:100,4
DA:101,4
DA:102,4
DA:104,4
DA:105,4
DA:106,4
DA:108,6
DA:112,4
DA:113,8
DA:116,4
DA:117,4
DA:119,4
DA:120,4
DA:131,4
DA:132,4
DA:133,4
DA:134,4
DA:136,4
DA:137,8
DA:138,8
DA:139,8
DA:140,8
DA:141,4
DA:142,8
DA:147,2
DA:148,2
DA:149,2
DA:151,4
DA:152,2
DA:155,4
DA:156,4
DA:157,6
DA:158,6
DA:159,4
DA:160,4
DA:161,4
DA:162,4
DA:163,4
DA:167,4
DA:168,2
DA:169,2
DA:173,2
DA:174,2
DA:176,2
DA:179,2
DA:180,2
DA:181,4
DA:182,2
DA:183,2
DA:184,2
DA:185,2
DA:186,2
DA:187,2
DA:188,2
DA:189,2
DA:190,2
DA:191,0
DA:192,4
DA:196,2
DA:197,2
DA:198,2
DA:199,2
DA:200,0
DA:201,0
DA:202,0
DA:204,2
DA:205,0
DA:207,2
DA:209,0
DA:211,2
DA:221,4
DA:222,4
DA:223,4
DA:224,8
DA:225,24
DA:227,4
DA:285,2
DA:342,2
DA:345,4
DA:346,4
LF:85
LH:79
BRDA:109,0,0,2
BRDA:109,0,1,2
BRDA:113,1,0,4
BRDA:113,1,1,4
BRDA:117,2,0,0
BRDA:117,2,1,4
BRDA:139,3,0,0
BRDA:139,3,1,8
BRDA:140,4,0,4
BRDA:140,4,1,4
BRDA:141,5,0,0
BRDA:141,5,1,4
BRDA:141,6,0,4
BRDA:141,6,1,4
BRDA:151,7,0,2
BRDA:151,7,1,2
BRDA:157,8,0,6
BRDA:157,8,1,4
BRDA:158,9,0,2
BRDA:158,9,1,4
BRDA:181,10,0,2
BRDA:181,10,1,2
BRDA:183,11,0,2
BRDA:183,11,1,2
BRDA:183,12,0,2
BRDA:183,12,1,2
BRDA:186,13,0,2
BRDA:186,13,1,0
BRDA:187,14,0,2
BRDA:187,14,1,0
BRDA:191,15,0,0
BRDA:191,15,1,0
BRDA:199,16,0,0
BRDA:199,16,1,2
BRDA:200,17,0,0
BRDA:200,17,1,0
BRDA:200,18,0,0
BRDA:200,18,1,0
BRDA:204,19,0,0
BRDA:204,19,1,2
BRDA:204,20,0,2
BRDA:204,20,1,0
BRF:42
BRH:28
end_of_record
TN:
SF:/Users/sth1pal/Documents/Development/JavaScript/nodejs/ts6/dev/hsLibs/mithril/hsLayout/src/view/TileLayouter.ts
FN:82,(anonymous_0)
FN:86,(anonymous_1)
FN:90,(anonymous_2)
FN:92,(anonymous_3)
FN:105,(anonymous_4)
FN:121,(anonymous_5)
FN:136,(anonymous_6)
FN:156,(anonymous_7)
FN:158,(anonymous_8)
FNF:9
FNH:9
FNDA:2,(anonymous_0)
FNDA:3,(anonymous_1)
FNDA:1,(anonymous_2)
FNDA:2,(anonymous_3)
FNDA:2,(anonymous_4)
FNDA:1,(anonymous_5)
FNDA:2,(anonymous_6)
FNDA:2,(anonymous_7)
FNDA:4,(anonymous_8)
DA:63,4
DA:64,4
DA:82,2
DA:83,2
DA:86,3
DA:91,1
DA:92,2
DA:93,1
DA:94,1
DA:95,1
DA:96,1
DA:97,1
DA:98,1
DA:100,1
DA:101,1
DA:102,1
DA:103,1
DA:105,1
DA:106,2
DA:107,2
DA:108,2
DA:109,2
DA:110,2
DA:115,2
DA:116,2
DA:118,1
DA:122,1
DA:124,1
DA:125,1
DA:126,1
DA:127,1
DA:128,1
DA:129,1
DA:131,1
DA:132,1
DA:133,1
DA:134,1
DA:136,1
DA:137,2
DA:138,2
DA:139,2
DA:144,2
DA:145,2
DA:147,1
DA:157,2
DA:158,2
DA:159,4
DA:161,2
DA:166,4
LF:49
LH:49
BRDA:87,0,0,1
BRDA:87,0,1,1
BRDA:96,1,0,1
BRDA:96,1,1,0
BRDA:97,2,0,1
BRDA:97,2,1,0
BRDA:98,3,0,1
BRDA:98,3,1,0
BRDA:100,4,0,1
BRDA:100,4,1,0
BRDA:101,5,0,1
BRDA:101,5,1,0
BRDA:108,6,0,0
BRDA:108,6,1,2
BRDA:108,7,0,2
BRDA:108,7,1,0
BRDA:109,8,0,0
BRDA:109,8,1,2
BRDA:109,9,0,2
BRDA:109,9,1,0
BRDA:115,10,0,0
BRDA:115,10,1,2
BRDA:127,11,0,1
BRDA:127,11,1,0
BRDA:128,12,0,1
BRDA:128,12,1,0
BRDA:129,13,0,1
BRDA:129,13,1,0
BRDA:131,14,0,1
BRDA:131,14,1,0
BRDA:132,15,0,1
BRDA:132,15,1,0
BRDA:144,16,0,2
BRDA:144,16,1,0
BRF:34
BRH:18
end_of_record
TN:
SF:/Users/sth1pal/Documents/Development/JavaScript/nodejs/ts6/dev/hsLibs/mithril/hsLayout/src/view/Tokens.ts
FN:10,(anonymous_0)
FN:11,(anonymous_1)
FN:18,(anonymous_2)
FN:25,(anonymous_3)
FN:32,(anonymous_4)
FN:39,(anonymous_5)
FN:46,px
FN:52,pc
FNF:8
FNH:8
FNDA:15,(anonymous_0)
FNDA:10,(anonymous_1)
FNDA:8,(anonymous_2)
FNDA:7,(anonymous_3)
FNDA:4,(anonymous_4)
FNDA:4,(anonymous_5)
FNDA:4,px
FNDA:4,pc
DA:9,6
DA:10,15
DA:11,10
DA:17,6
DA:18,8
DA:24,6
DA:25,7
DA:31,6
DA:32,4
DA:38,6
DA:39,4
DA:46,6
DA:52,6
DA:57,6
LF:14
LH:14
BRF:0
BRH:0
end_of_record
