TN:
SF:/Users/sth1pal/Documents/Development/JavaScript/nodejs/ts6/dev/hsLibs/mithril/hsLayout/src/hsConfig.ts
FN:48,copy
FN:53,(anonymous_1)
FN:66,resolve
FN:68,(anonymous_3)
FN:82,recurse
FN:86,(anonymous_5)
FN:143,(anonymous_6)
FN:150,(anonymous_7)
FN:170,decodeRoute
FN:172,(anonymous_9)
FN:175,(anonymous_10)
FN:176,(anonymous_11)
FN:188,decode
FN:193,(anonymous_13)
FN:206,prepareRoutes
FN:209,(anonymous_15)
FN:211,(anonymous_16)
FN:218,(anonymous_17)
FN:221,mountOrRoute
FN:233,(anonymous_19)
FN:240,(anonymous_20)
FN:244,(anonymous_21)
FN:248,(anonymous_22)
FN:251,(anonymous_23)
FNF:24
FNH:13
FNDA:206,copy
FNDA:205,(anonymous_1)
FNDA:176,resolve
FNDA:326,(anonymous_3)
FNDA:177,recurse
FNDA:176,(anonymous_5)
FNDA:1,(anonymous_6)
FNDA:1,(anonymous_7)
FNDA:0,decodeRoute
FNDA:0,(anonymous_9)
FNDA:0,(anonymous_10)
FNDA:0,(anonymous_11)
FNDA:1,decode
FNDA:0,(anonymous_13)
FNDA:0,prepareRoutes
FNDA:0,(anonymous_15)
FNDA:0,(anonymous_16)
FNDA:0,(anonymous_17)
FNDA:1,mountOrRoute
FNDA:1,(anonymous_19)
FNDA:1,(anonymous_20)
FNDA:1,(anonymous_21)
FNDA:0,(anonymous_22)
FNDA:0,(anonymous_23)
DA:41,4
DA:42,4
DA:50,206
DA:51,170
DA:52,109
DA:53,205
DA:54,97
DA:68,326
DA:69,176
DA:83,177
DA:84,98
DA:85,98
DA:86,98
DA:87,176
DA:88,176
DA:89,176
DA:90,31
DA:94,31
DA:98,145
DA:100,98
DA:135,4
DA:143,1
DA:171,0
DA:172,0
DA:173,0
DA:174,0
DA:175,0
DA:176,0
DA:179,0
DA:189,1
DA:190,1
DA:191,1
DA:193,0
DA:194,0
DA:195,0
DA:196,0
DA:197,0
DA:199,0
DA:203,1
DA:207,0
DA:210,0
DA:211,0
DA:212,0
DA:214,0
DA:217,0
DA:218,0
DA:222,1
DA:223,1
DA:224,1
DA:225,0
DA:226,0
DA:228,1
DA:229,0
DA:230,0
DA:231,0
DA:233,1
DA:234,1
DA:238,1
DA:239,1
DA:240,1
DA:245,1
DA:249,0
DA:250,0
DA:252,0
DA:253,0
LF:65
LH:36
BRDA:50,0,0,36
BRDA:50,0,1,170
BRDA:51,1,0,61
BRDA:51,1,1,109
BRDA:83,2,0,79
BRDA:83,2,1,98
BRDA:85,3,0,36
BRDA:85,3,1,62
BRDA:89,4,0,31
BRDA:89,4,1,145
BRDA:95,5,0,31
BRDA:95,5,1,0
BRDA:94,6,0,31
BRDA:94,6,1,31
BRDA:174,7,0,0
BRDA:174,7,1,0
BRDA:176,8,0,0
BRDA:176,8,1,0
BRDA:190,9,0,1
BRDA:190,9,1,0
BRDA:190,10,0,1
BRDA:190,10,1,1
BRDA:194,11,0,0
BRDA:194,11,1,0
BRDA:194,12,0,0
BRDA:194,12,1,0
BRDA:196,13,0,0
BRDA:196,13,1,0
BRDA:224,14,0,0
BRDA:224,14,1,1
BRDA:228,15,0,0
BRDA:228,15,1,1
BRDA:245,16,0,0
BRDA:245,16,1,1
BRF:34
BRH:19
end_of_record
TN:
SF:/Users/sth1pal/Documents/Development/JavaScript/nodejs/ts6/dev/hsLibs/mithril/hsLayout/src/index.ts
FNF:0
FNH:0
DA:5,4
DA:6,4
DA:8,4
DA:9,4
DA:10,4
DA:11,4
DA:12,4
DA:13,4
LF:8
LH:8
BRDA:5,0,0,4
BRDA:5,0,1,0
BRDA:6,1,0,4
BRDA:6,1,1,0
BRF:4
BRH:2
end_of_record
TN:
SF:/Users/sth1pal/Documents/Development/JavaScript/nodejs/ts6/dev/hsLibs/mithril/hsLayout/src/mithril.ts
FNF:0
FNH:0
DA:9,5
LF:1
LH:1
BRF:0
BRH:0
end_of_record
TN:
SF:/Users/sth1pal/Documents/Development/JavaScript/nodejs/ts6/dev/hsLibs/mithril/hsLayout/src/view/Layout.ts
FN:64,(anonymous_0)
FN:66,(anonymous_1)
FN:82,(anonymous_2)
FN:87,(anonymous_3)
FN:92,(anonymous_4)
FN:119,(anonymous_5)
FN:133,(anonymous_6)
FNF:7
FNH:7
FNDA:174,(anonymous_0)
FNDA:42,(anonymous_1)
FNDA:199,(anonymous_2)
FNDA:199,(anonymous_3)
FNDA:162,(anonymous_4)
FNDA:199,(anonymous_5)
FNDA:325,(anonymous_6)
DA:18,5
DA:19,5
DA:44,5
DA:65,174
DA:67,42
DA:68,30
DA:69,30
DA:71,12
DA:83,199
DA:88,199
DA:89,132
DA:91,67
DA:92,36
DA:93,162
DA:97,31
DA:120,199
DA:121,199
DA:122,199
DA:127,199
DA:128,199
DA:129,0
DA:130,0
DA:131,0
DA:133,325
LF:24
LH:21
BRDA:65,0,0,162
BRDA:65,0,1,12
BRDA:67,1,0,30
BRDA:67,1,1,12
BRDA:83,2,0,199
BRDA:83,2,1,166
BRDA:88,3,0,132
BRDA:88,3,1,67
BRDA:91,4,0,36
BRDA:91,4,1,31
BRDA:93,5,0,0
BRDA:93,5,1,162
BRDA:128,6,0,0
BRDA:128,6,1,199
BRF:14
BRH:12
end_of_record
TN:
SF:/Users/sth1pal/Documents/Development/JavaScript/nodejs/ts6/dev/hsLibs/mithril/hsLayout/src/view/Layouter.ts
FN:111,(anonymous_0)
FN:54,(anonymous_1)
FN:56,(anonymous_2)
FN:76,(anonymous_3)
FN:89,(anonymous_4)
FN:91,(anonymous_5)
FNF:6
FNH:6
FNDA:36,(anonymous_0)
FNDA:36,(anonymous_1)
FNDA:61,(anonymous_2)
FNDA:12,(anonymous_3)
FNDA:199,(anonymous_4)
FNDA:563,(anonymous_5)
DA:13,6
DA:38,6
DA:43,6
DA:55,36
DA:56,36
DA:57,61
DA:58,61
DA:59,44
DA:60,28
DA:62,0
DA:78,12
DA:90,199
DA:91,199
DA:92,563
DA:93,36
DA:94,36
DA:95,36
DA:97,527
DA:99,199
DA:103,36
DA:111,36
LF:21
LH:20
BRDA:55,0,0,0
BRDA:55,0,1,36
BRDA:57,1,0,61
BRDA:57,1,1,0
BRDA:58,2,0,17
BRDA:58,2,1,44
BRDA:59,3,0,16
BRDA:59,3,1,28
BRDA:60,4,0,16
BRDA:60,4,1,12
BRDA:92,5,0,36
BRDA:92,5,1,527
BRF:12
BRH:10
end_of_record
TN:
SF:/Users/sth1pal/Documents/Development/JavaScript/nodejs/ts6/dev/hsLibs/mithril/hsLayout/src/view/PillaredLayouter.ts
FN:99,(anonymous_0)
FN:108,(anonymous_1)
FN:112,(anonymous_2)
FN:116,(anonymous_3)
FN:130,(anonymous_4)
FN:136,(anonymous_5)
FN:146,(anonymous_6)
FN:151,(anonymous_7)
FN:154,pass
FN:156,(anonymous_9)
FN:167,(anonymous_10)
FN:168,(anonymous_11)
FN:172,(anonymous_12)
FN:180,(anonymous_13)
FN:197,(anonymous_14)
FN:220,(anonymous_15)
FN:223,(anonymous_16)
FN:225,(anonymous_17)
FN:285,(anonymous_18)
FN:342,(anonymous_19)
FNF:20
FNH:20
FNDA:23,(anonymous_0)
FNDA:31,(anonymous_1)
FNDA:38,(anonymous_2)
FNDA:29,(anonymous_3)
FNDA:23,(anonymous_4)
FNDA:106,(anonymous_5)
FNDA:12,(anonymous_6)
FNDA:60,(anonymous_7)
FNDA:24,pass
FNDA:74,(anonymous_9)
FNDA:60,(anonymous_10)
FNDA:14,(anonymous_11)
FNDA:11,(anonymous_12)
FNDA:46,(anonymous_13)
FNDA:13,(anonymous_14)
FNDA:23,(anonymous_15)
FNDA:106,(anonymous_16)
FNDA:318,(anonymous_17)
FNDA:11,(anonymous_18)
FNDA:12,(anonymous_19)
DA:44,4
DA:45,4
DA:63,4
DA:70,4
DA:99,23
DA:100,23
DA:101,23
DA:102,23
DA:104,23
DA:105,23
DA:106,23
DA:108,31
DA:112,23
DA:113,38
DA:116,23
DA:117,29
DA:119,23
DA:120,23
DA:131,23
DA:132,23
DA:133,23
DA:134,23
DA:136,23
DA:137,106
DA:138,106
DA:139,106
DA:140,102
DA:141,81
DA:142,106
DA:147,12
DA:148,12
DA:149,12
DA:151,60
DA:152,12
DA:155,24
DA:156,24
DA:157,74
DA:158,74
DA:159,60
DA:160,60
DA:161,60
DA:162,60
DA:163,60
DA:167,60
DA:168,14
DA:169,12
DA:173,11
DA:174,11
DA:176,11
DA:179,11
DA:180,11
DA:181,46
DA:182,27
DA:183,27
DA:184,27
DA:185,27
DA:186,19
DA:187,17
DA:188,17
DA:189,17
DA:190,17
DA:191,2
DA:192,44
DA:196,11
DA:197,11
DA:198,13
DA:199,13
DA:200,2
DA:201,2
DA:202,2
DA:204,11
DA:205,2
DA:207,11
DA:209,2
DA:211,11
DA:221,23
DA:222,23
DA:223,23
DA:224,106
DA:225,318
DA:227,23
DA:285,11
DA:342,12
DA:345,4
DA:346,4
LF:85
LH:85
BRDA:109,0,0,11
BRDA:109,0,1,12
BRDA:113,1,0,21
BRDA:113,1,1,17
BRDA:117,2,0,12
BRDA:117,2,1,17
BRDA:139,3,0,4
BRDA:139,3,1,102
BRDA:140,4,0,21
BRDA:140,4,1,81
BRDA:141,5,0,22
BRDA:141,5,1,59
BRDA:141,6,0,81
BRDA:141,6,1,81
BRDA:151,7,0,18
BRDA:151,7,1,42
BRDA:157,8,0,74
BRDA:157,8,1,52
BRDA:158,9,0,14
BRDA:158,9,1,60
BRDA:181,10,0,27
BRDA:181,10,1,19
BRDA:183,11,0,27
BRDA:183,11,1,27
BRDA:183,12,0,27
BRDA:183,12,1,27
BRDA:186,13,0,17
BRDA:186,13,1,2
BRDA:187,14,0,7
BRDA:187,14,1,10
BRDA:191,15,0,2
BRDA:191,15,1,0
BRDA:199,16,0,2
BRDA:199,16,1,11
BRDA:200,17,0,2
BRDA:200,17,1,2
BRDA:200,18,0,2
BRDA:200,18,1,2
BRDA:204,19,0,2
BRDA:204,19,1,9
BRDA:204,20,0,11
BRDA:204,20,1,2
BRF:42
BRH:41
end_of_record
TN:
SF:/Users/sth1pal/Documents/Development/JavaScript/nodejs/ts6/dev/hsLibs/mithril/hsLayout/src/view/TileLayouter.ts
FN:82,(anonymous_0)
FN:86,(anonymous_1)
FN:90,(anonymous_2)
FN:92,(anonymous_3)
FN:105,(anonymous_4)
FN:121,(anonymous_5)
FN:136,(anonymous_6)
FN:156,(anonymous_7)
FN:158,(anonymous_8)
FNF:9
FNH:9
FNDA:13,(anonymous_0)
FNDA:18,(anonymous_1)
FNDA:12,(anonymous_2)
FNDA:17,(anonymous_3)
FNDA:54,(anonymous_4)
FNDA:1,(anonymous_5)
FNDA:2,(anonymous_6)
FNDA:13,(anonymous_7)
FNDA:56,(anonymous_8)
DA:63,4
DA:64,4
DA:82,13
DA:83,13
DA:86,18
DA:91,12
DA:92,17
DA:93,12
DA:94,12
DA:95,12
DA:96,12
DA:97,12
DA:98,12
DA:100,12
DA:101,12
DA:102,12
DA:103,12
DA:105,12
DA:106,54
DA:107,54
DA:108,54
DA:109,54
DA:110,54
DA:115,54
DA:116,54
DA:118,12
DA:122,1
DA:124,1
DA:125,1
DA:126,1
DA:127,1
DA:128,1
DA:129,1
DA:131,1
DA:132,1
DA:133,1
DA:134,1
DA:136,1
DA:137,2
DA:138,2
DA:139,2
DA:144,2
DA:145,2
DA:147,1
DA:157,13
DA:158,13
DA:159,56
DA:161,13
DA:166,4
LF:49
LH:49
BRDA:87,0,0,1
BRDA:87,0,1,12
BRDA:96,1,0,9
BRDA:96,1,1,3
BRDA:97,2,0,4
BRDA:97,2,1,8
BRDA:98,3,0,2
BRDA:98,3,1,10
BRDA:100,4,0,12
BRDA:100,4,1,8
BRDA:101,5,0,12
BRDA:101,5,1,8
BRDA:108,6,0,5
BRDA:108,6,1,49
BRDA:108,7,0,54
BRDA:108,7,1,17
BRDA:109,8,0,6
BRDA:109,8,1,48
BRDA:109,9,0,54
BRDA:109,9,1,23
BRDA:115,10,0,17
BRDA:115,10,1,37
BRDA:127,11,0,1
BRDA:127,11,1,0
BRDA:128,12,0,1
BRDA:128,12,1,0
BRDA:129,13,0,1
BRDA:129,13,1,0
BRDA:131,14,0,1
BRDA:131,14,1,0
BRDA:132,15,0,1
BRDA:132,15,1,0
BRDA:144,16,0,2
BRDA:144,16,1,0
BRF:34
BRH:28
end_of_record
TN:
SF:/Users/sth1pal/Documents/Development/JavaScript/nodejs/ts6/dev/hsLibs/mithril/hsLayout/src/view/Tokens.ts
FN:10,(anonymous_0)
FN:11,(anonymous_1)
FN:18,(anonymous_2)
FN:25,(anonymous_3)
FN:32,(anonymous_4)
FN:39,(anonymous_5)
FN:46,px
FN:52,pc
FNF:8
FNH:8
FNDA:40,(anonymous_0)
FNDA:57,(anonymous_1)
FNDA:33,(anonymous_2)
FNDA:7,(anonymous_3)
FNDA:17,(anonymous_4)
FNDA:16,(anonymous_5)
FNDA:17,px
FNDA:16,pc
DA:9,6
DA:10,40
DA:11,57
DA:17,6
DA:18,33
DA:24,6
DA:25,7
DA:31,6
DA:32,17
DA:38,6
DA:39,16
DA:46,17
DA:52,16
DA:57,6
LF:14
LH:14
BRF:0
BRH:0
end_of_record
