{"/Users/sth1pal/Documents/Development/JavaScript/nodejs/ts6/dev/hsLibs/mithril/hsGraph/src/Axes.ts": {"path":"/Users/sth1pal/Documents/Development/JavaScript/nodejs/ts6/dev/hsLibs/mithril/hsGraph/src/Axes.ts","statementMap":{"0":{"start":{"line":62,"column":0},"end":{"line":62,"column":41}},"1":{"start":{"line":77,"column":0},"end":{"line":80,"column":36}},"2":{"start":{"line":90,"column":4},"end":{"line":94,"column":5}},"3":{"start":{"line":91,"column":20},"end":{"line":91,"column":58}},"4":{"start":{"line":91,"column":59},"end":{"line":91,"column":65}},"5":{"start":{"line":92,"column":20},"end":{"line":92,"column":58}},"6":{"start":{"line":92,"column":59},"end":{"line":92,"column":65}},"7":{"start":{"line":93,"column":20},"end":{"line":93,"column":51}},"8":{"start":{"line":95,"column":4},"end":{"line":95,"column":36}},"9":{"start":{"line":198,"column":12},"end":{"line":201,"column":14}},"10":{"start":{"line":204,"column":12},"end":{"line":210,"column":14}},"11":{"start":{"line":213,"column":12},"end":{"line":216,"column":14}},"12":{"start":{"line":219,"column":12},"end":{"line":225,"column":14}},"13":{"start":{"line":228,"column":12},"end":{"line":245,"column":14}},"14":{"start":{"line":247,"column":8},"end":{"line":256,"column":10}},"15":{"start":{"line":270,"column":8},"end":{"line":271,"column":80}},"16":{"start":{"line":278,"column":8},"end":{"line":278,"column":48}},"17":{"start":{"line":279,"column":19},"end":{"line":279,"column":86}},"18":{"start":{"line":280,"column":8},"end":{"line":281,"column":55}},"19":{"start":{"line":288,"column":8},"end":{"line":293,"column":10}},"20":{"start":{"line":290,"column":16},"end":{"line":291,"column":96}},"21":{"start":{"line":300,"column":8},"end":{"line":300,"column":43}},"22":{"start":{"line":301,"column":8},"end":{"line":307,"column":10}},"23":{"start":{"line":303,"column":26},"end":{"line":303,"column":46}},"24":{"start":{"line":304,"column":27},"end":{"line":304,"column":88}},"25":{"start":{"line":305,"column":16},"end":{"line":305,"column":65}},"26":{"start":{"line":319,"column":18},"end":{"line":319,"column":27}},"27":{"start":{"line":320,"column":22},"end":{"line":320,"column":41}},"28":{"start":{"line":321,"column":22},"end":{"line":321,"column":40}},"29":{"start":{"line":322,"column":8},"end":{"line":322,"column":46}},"30":{"start":{"line":323,"column":33},"end":{"line":323,"column":77}},"31":{"start":{"line":324,"column":22},"end":{"line":324,"column":41}},"32":{"start":{"line":325,"column":8},"end":{"line":332,"column":11}},"33":{"start":{"line":336,"column":31},"end":{"line":336,"column":45}},"34":{"start":{"line":337,"column":31},"end":{"line":337,"column":48}},"35":{"start":{"line":338,"column":8},"end":{"line":343,"column":11}},"36":{"start":{"line":109,"column":11},"end":{"line":117,"column":6}},"37":{"start":{"line":98,"column":0},"end":{"line":345,"column":1}}},"fnMap":{"0":{"name":"getCrossAt","decl":{"start":{"line":88,"column":0},"end":{"line":88,"column":19}},"loc":{"start":{"line":88,"column":52},"end":{"line":96,"column":1}}},"1":{"name":"(anonymous_1)","decl":{"start":{"line":196,"column":4},"end":{"line":196,"column":9}},"loc":{"start":{"line":196,"column":35},"end":{"line":257,"column":5}}},"2":{"name":"scaleCfg","decl":{"start":{"line":197,"column":8},"end":{"line":null,"column":-1}},"loc":{"start":{"line":197,"column":8},"end":{"line":202,"column":9}}},"3":{"name":"labelCfg","decl":{"start":{"line":203,"column":8},"end":{"line":203,"column":25}},"loc":{"start":{"line":203,"column":67},"end":{"line":211,"column":9}}},"4":{"name":"markCfg","decl":{"start":{"line":212,"column":8},"end":{"line":212,"column":24}},"loc":{"start":{"line":212,"column":56},"end":{"line":217,"column":9}}},"5":{"name":"titleCfg","decl":{"start":{"line":218,"column":8},"end":{"line":218,"column":25}},"loc":{"start":{"line":218,"column":52},"end":{"line":226,"column":9}}},"6":{"name":"axisCfg","decl":{"start":{"line":227,"column":8},"end":{"line":227,"column":24}},"loc":{"start":{"line":227,"column":51},"end":{"line":246,"column":9}}},"7":{"name":"(anonymous_7)","decl":{"start":{"line":263,"column":4},"end":{"line":263,"column":9}},"loc":{"start":{"line":263,"column":34},"end":{"line":264,"column":5}}},"8":{"name":"(anonymous_8)","decl":{"start":{"line":269,"column":4},"end":{"line":269,"column":15}},"loc":{"start":{"line":269,"column":52},"end":{"line":272,"column":5}}},"9":{"name":"(anonymous_9)","decl":{"start":{"line":277,"column":4},"end":{"line":277,"column":12}},"loc":{"start":{"line":277,"column":80},"end":{"line":282,"column":5}}},"10":{"name":"(anonymous_10)","decl":{"start":{"line":287,"column":4},"end":{"line":287,"column":16}},"loc":{"start":{"line":287,"column":103},"end":{"line":294,"column":5}}},"11":{"name":"(anonymous_11)","decl":{"start":{"line":289,"column":53},"end":{"line":289,"column":54}},"loc":{"start":{"line":289,"column":66},"end":{"line":292,"column":13}}},"12":{"name":"(anonymous_12)","decl":{"start":{"line":299,"column":4},"end":{"line":299,"column":17}},"loc":{"start":{"line":299,"column":104},"end":{"line":308,"column":5}}},"13":{"name":"(anonymous_13)","decl":{"start":{"line":302,"column":55},"end":{"line":302,"column":56}},"loc":{"start":{"line":302,"column":71},"end":{"line":306,"column":13}}},"14":{"name":"(anonymous_14)","decl":{"start":{"line":318,"column":4},"end":{"line":318,"column":11}},"loc":{"start":{"line":318,"column":73},"end":{"line":333,"column":5}}},"15":{"name":"(anonymous_15)","decl":{"start":{"line":335,"column":4},"end":{"line":335,"column":7}},"loc":{"start":{"line":335,"column":21},"end":{"line":344,"column":5}}}},"branchMap":{"0":{"loc":{"start":{"line":91,"column":8},"end":{"line":91,"column":65}},"type":"switch","locations":[{"start":{"line":91,"column":8},"end":{"line":91,"column":65}},{"start":{"line":92,"column":8},"end":{"line":92,"column":65}},{"start":{"line":93,"column":8},"end":{"line":93,"column":51}}]},"1":{"loc":{"start":{"line":93,"column":40},"end":{"line":93,"column":45}},"type":"binary-expr","locations":[{"start":{"line":93,"column":40},"end":{"line":93,"column":45}},{"start":{"line":93,"column":49},"end":{"line":93,"column":50}}]},"2":{"loc":{"start":{"line":206,"column":25},"end":{"line":206,"column":42}},"type":"cond-expr","locations":[{"start":{"line":206,"column":25},"end":{"line":206,"column":42}},{"start":{"line":206,"column":46},"end":{"line":206,"column":88}}]},"3":{"loc":{"start":{"line":206,"column":55},"end":{"line":206,"column":69}},"type":"cond-expr","locations":[{"start":{"line":206,"column":55},"end":{"line":206,"column":69}},{"start":{"line":206,"column":72},"end":{"line":206,"column":88}}]},"4":{"loc":{"start":{"line":207,"column":26},"end":{"line":207,"column":69}},"type":"cond-expr","locations":[{"start":{"line":207,"column":26},"end":{"line":207,"column":69}},{"start":{"line":207,"column":73},"end":{"line":207,"column":90}}]},"5":{"loc":{"start":{"line":207,"column":35},"end":{"line":207,"column":49}},"type":"cond-expr","locations":[{"start":{"line":207,"column":35},"end":{"line":207,"column":49}},{"start":{"line":207,"column":52},"end":{"line":207,"column":69}}]},"6":{"loc":{"start":{"line":208,"column":28},"end":{"line":208,"column":29}},"type":"cond-expr","locations":[{"start":{"line":208,"column":28},"end":{"line":208,"column":29}},{"start":{"line":208,"column":33},"end":{"line":208,"column":52}}]},"7":{"loc":{"start":{"line":208,"column":42},"end":{"line":208,"column":46}},"type":"cond-expr","locations":[{"start":{"line":208,"column":42},"end":{"line":208,"column":46}},{"start":{"line":208,"column":49},"end":{"line":208,"column":52}}]},"8":{"loc":{"start":{"line":209,"column":29},"end":{"line":209,"column":48}},"type":"cond-expr","locations":[{"start":{"line":209,"column":29},"end":{"line":209,"column":48}},{"start":{"line":209,"column":52},"end":{"line":209,"column":53}}]},"9":{"loc":{"start":{"line":209,"column":38},"end":{"line":209,"column":41}},"type":"cond-expr","locations":[{"start":{"line":209,"column":38},"end":{"line":209,"column":41}},{"start":{"line":209,"column":44},"end":{"line":209,"column":48}}]},"10":{"loc":{"start":{"line":215,"column":34},"end":{"line":215,"column":35}},"type":"cond-expr","locations":[{"start":{"line":215,"column":34},"end":{"line":215,"column":35}},{"start":{"line":215,"column":38},"end":{"line":215,"column":40}}]},"11":{"loc":{"start":{"line":215,"column":52},"end":{"line":215,"column":54}},"type":"cond-expr","locations":[{"start":{"line":215,"column":52},"end":{"line":215,"column":54}},{"start":{"line":215,"column":57},"end":{"line":215,"column":58}}]},"12":{"loc":{"start":{"line":220,"column":42},"end":{"line":220,"column":45}},"type":"cond-expr","locations":[{"start":{"line":220,"column":42},"end":{"line":220,"column":45}},{"start":{"line":220,"column":48},"end":{"line":220,"column":51}}]},"13":{"loc":{"start":{"line":220,"column":65},"end":{"line":220,"column":67}},"type":"cond-expr","locations":[{"start":{"line":220,"column":65},"end":{"line":220,"column":67}},{"start":{"line":220,"column":70},"end":{"line":220,"column":73}}]},"14":{"loc":{"start":{"line":221,"column":26},"end":{"line":221,"column":40}},"type":"cond-expr","locations":[{"start":{"line":221,"column":26},"end":{"line":221,"column":40}},{"start":{"line":221,"column":44},"end":{"line":221,"column":89}}]},"15":{"loc":{"start":{"line":221,"column":53},"end":{"line":221,"column":70}},"type":"cond-expr","locations":[{"start":{"line":221,"column":53},"end":{"line":221,"column":70}},{"start":{"line":221,"column":73},"end":{"line":221,"column":89}}]},"16":{"loc":{"start":{"line":222,"column":26},"end":{"line":222,"column":40}},"type":"cond-expr","locations":[{"start":{"line":222,"column":26},"end":{"line":222,"column":40}},{"start":{"line":222,"column":44},"end":{"line":222,"column":87}}]},"17":{"loc":{"start":{"line":222,"column":53},"end":{"line":222,"column":70}},"type":"cond-expr","locations":[{"start":{"line":222,"column":53},"end":{"line":222,"column":70}},{"start":{"line":222,"column":73},"end":{"line":222,"column":87}}]},"18":{"loc":{"start":{"line":223,"column":28},"end":{"line":223,"column":30}},"type":"cond-expr","locations":[{"start":{"line":223,"column":28},"end":{"line":223,"column":30}},{"start":{"line":223,"column":34},"end":{"line":223,"column":50}}]},"19":{"loc":{"start":{"line":223,"column":43},"end":{"line":223,"column":44}},"type":"cond-expr","locations":[{"start":{"line":223,"column":43},"end":{"line":223,"column":44}},{"start":{"line":223,"column":47},"end":{"line":223,"column":50}}]},"20":{"loc":{"start":{"line":224,"column":29},"end":{"line":224,"column":48}},"type":"cond-expr","locations":[{"start":{"line":224,"column":29},"end":{"line":224,"column":48}},{"start":{"line":224,"column":53},"end":{"line":224,"column":72}}]},"21":{"loc":{"start":{"line":224,"column":38},"end":{"line":224,"column":41}},"type":"cond-expr","locations":[{"start":{"line":224,"column":38},"end":{"line":224,"column":41}},{"start":{"line":224,"column":44},"end":{"line":224,"column":48}}]},"22":{"loc":{"start":{"line":224,"column":62},"end":{"line":224,"column":66}},"type":"cond-expr","locations":[{"start":{"line":224,"column":62},"end":{"line":224,"column":66}},{"start":{"line":224,"column":69},"end":{"line":224,"column":72}}]},"23":{"loc":{"start":{"line":229,"column":37},"end":{"line":229,"column":41}},"type":"cond-expr","locations":[{"start":{"line":229,"column":37},"end":{"line":229,"column":41}},{"start":{"line":229,"column":44},"end":{"line":229,"column":49}}]},"24":{"loc":{"start":{"line":230,"column":36},"end":{"line":230,"column":41}},"type":"cond-expr","locations":[{"start":{"line":230,"column":36},"end":{"line":230,"column":41}},{"start":{"line":230,"column":42},"end":{"line":230,"column":47}}]},"25":{"loc":{"start":{"line":270,"column":18},"end":{"line":270,"column":79}},"type":"cond-expr","locations":[{"start":{"line":270,"column":18},"end":{"line":270,"column":79}},{"start":{"line":271,"column":18},"end":{"line":271,"column":79}}]},"26":{"loc":{"start":{"line":279,"column":46},"end":{"line":279,"column":54}},"type":"cond-expr","locations":[{"start":{"line":279,"column":46},"end":{"line":279,"column":54}},{"start":{"line":279,"column":55},"end":{"line":279,"column":60}}]},"27":{"loc":{"start":{"line":279,"column":67},"end":{"line":279,"column":72}},"type":"cond-expr","locations":[{"start":{"line":279,"column":67},"end":{"line":279,"column":72}},{"start":{"line":279,"column":73},"end":{"line":279,"column":81}}]},"28":{"loc":{"start":{"line":280,"column":32},"end":{"line":280,"column":41}},"type":"cond-expr","locations":[{"start":{"line":280,"column":32},"end":{"line":280,"column":41}},{"start":{"line":281,"column":12},"end":{"line":281,"column":54}}]},"29":{"loc":{"start":{"line":289,"column":32},"end":{"line":289,"column":34}},"type":"cond-expr","locations":[{"start":{"line":289,"column":32},"end":{"line":289,"column":34}},{"start":{"line":289,"column":37},"end":{"line":292,"column":14}}]},"30":{"loc":{"start":{"line":290,"column":26},"end":{"line":290,"column":95}},"type":"cond-expr","locations":[{"start":{"line":290,"column":26},"end":{"line":290,"column":95}},{"start":{"line":291,"column":26},"end":{"line":291,"column":95}}]},"31":{"loc":{"start":{"line":302,"column":33},"end":{"line":302,"column":35}},"type":"cond-expr","locations":[{"start":{"line":302,"column":33},"end":{"line":302,"column":35}},{"start":{"line":302,"column":38},"end":{"line":306,"column":14}}]},"32":{"loc":{"start":{"line":304,"column":54},"end":{"line":304,"column":55}},"type":"cond-expr","locations":[{"start":{"line":304,"column":54},"end":{"line":304,"column":55}},{"start":{"line":304,"column":56},"end":{"line":304,"column":65}}]},"33":{"loc":{"start":{"line":304,"column":72},"end":{"line":304,"column":81}},"type":"cond-expr","locations":[{"start":{"line":304,"column":72},"end":{"line":304,"column":81}},{"start":{"line":304,"column":82},"end":{"line":304,"column":83}}]},"34":{"loc":{"start":{"line":323,"column":68},"end":{"line":323,"column":71}},"type":"cond-expr","locations":[{"start":{"line":323,"column":68},"end":{"line":323,"column":71}},{"start":{"line":323,"column":72},"end":{"line":323,"column":75}}]},"35":{"loc":{"start":{"line":325,"column":29},"end":{"line":325,"column":38}},"type":"cond-expr","locations":[{"start":{"line":325,"column":29},"end":{"line":325,"column":38}},{"start":{"line":325,"column":41},"end":{"line":332,"column":10}}]}},"s":{"0":13,"1":13,"2":0,"3":0,"4":0,"5":0,"6":0,"7":0,"8":0,"9":0,"10":0,"11":0,"12":0,"13":0,"14":0,"15":0,"16":0,"17":0,"18":0,"19":0,"20":0,"21":0,"22":0,"23":0,"24":0,"25":0,"26":0,"27":0,"28":0,"29":0,"30":0,"31":0,"32":0,"33":0,"34":0,"35":0,"36":13,"37":13},"f":{"0":0,"1":0,"2":0,"3":0,"4":0,"5":0,"6":0,"7":0,"8":0,"9":0,"10":0,"11":0,"12":0,"13":0,"14":0,"15":0},"b":{"0":[0,0,0],"1":[0,0],"2":[0,0],"3":[0,0],"4":[0,0],"5":[0,0],"6":[0,0],"7":[0,0],"8":[0,0],"9":[0,0],"10":[0,0],"11":[0,0],"12":[0,0],"13":[0,0],"14":[0,0],"15":[0,0],"16":[0,0],"17":[0,0],"18":[0,0],"19":[0,0],"20":[0,0],"21":[0,0],"22":[0,0],"23":[0,0],"24":[0,0],"25":[0,0],"26":[0,0],"27":[0,0],"28":[0,0],"29":[0,0],"30":[0,0],"31":[0,0],"32":[0,0],"33":[0,0],"34":[0,0],"35":[0,0]}}
,"/Users/sth1pal/Documents/Development/JavaScript/nodejs/ts6/dev/hsLibs/mithril/hsGraph/src/Canvas.ts": {"path":"/Users/sth1pal/Documents/Development/JavaScript/nodejs/ts6/dev/hsLibs/mithril/hsGraph/src/Canvas.ts","statementMap":{"0":{"start":{"line":16,"column":0},"end":{"line":16,"column":53}},"1":{"start":{"line":17,"column":0},"end":{"line":17,"column":48}},"2":{"start":{"line":46,"column":8},"end":{"line":51,"column":10}},"3":{"start":{"line":62,"column":19},"end":{"line":62,"column":33}},"4":{"start":{"line":63,"column":8},"end":{"line":68,"column":11}},"5":{"start":{"line":26,"column":0},"end":{"line":70,"column":1}}},"fnMap":{"0":{"name":"(anonymous_0)","decl":{"start":{"line":45,"column":4},"end":{"line":45,"column":9}},"loc":{"start":{"line":45,"column":35},"end":{"line":52,"column":5}}},"1":{"name":"(anonymous_1)","decl":{"start":{"line":58,"column":4},"end":{"line":58,"column":9}},"loc":{"start":{"line":58,"column":34},"end":{"line":59,"column":5}}},"2":{"name":"(anonymous_2)","decl":{"start":{"line":61,"column":4},"end":{"line":61,"column":7}},"loc":{"start":{"line":61,"column":21},"end":{"line":69,"column":5}}}},"branchMap":{},"s":{"0":13,"1":13,"2":0,"3":0,"4":0,"5":13},"f":{"0":0,"1":0,"2":0},"b":{}}
,"/Users/sth1pal/Documents/Development/JavaScript/nodejs/ts6/dev/hsLibs/mithril/hsGraph/src/Chart.ts": {"path":"/Users/sth1pal/Documents/Development/JavaScript/nodejs/ts6/dev/hsLibs/mithril/hsGraph/src/Chart.ts","statementMap":{"0":{"start":{"line":17,"column":0},"end":{"line":17,"column":49}},"1":{"start":{"line":21,"column":0},"end":{"line":21,"column":44}},"2":{"start":{"line":56,"column":8},"end":{"line":66,"column":10}},"3":{"start":{"line":67,"column":4},"end":{"line":67,"column":15}},"4":{"start":{"line":81,"column":8},"end":{"line":81,"column":35}},"5":{"start":{"line":87,"column":8},"end":{"line":95,"column":9}},"6":{"start":{"line":88,"column":22},"end":{"line":88,"column":40}},"7":{"start":{"line":89,"column":12},"end":{"line":94,"column":13}},"8":{"start":{"line":90,"column":16},"end":{"line":93,"column":17}},"9":{"start":{"line":91,"column":20},"end":{"line":91,"column":54}},"10":{"start":{"line":92,"column":20},"end":{"line":92,"column":56}},"11":{"start":{"line":99,"column":19},"end":{"line":99,"column":30}},"12":{"start":{"line":100,"column":19},"end":{"line":100,"column":30}},"13":{"start":{"line":101,"column":8},"end":{"line":101,"column":76}},"14":{"start":{"line":105,"column":19},"end":{"line":105,"column":30}},"15":{"start":{"line":106,"column":19},"end":{"line":106,"column":30}},"16":{"start":{"line":107,"column":8},"end":{"line":107,"column":52}},"17":{"start":{"line":108,"column":8},"end":{"line":112,"column":9}},"18":{"start":{"line":109,"column":28},"end":{"line":109,"column":50}},"19":{"start":{"line":109,"column":53},"end":{"line":109,"column":59}},"20":{"start":{"line":110,"column":28},"end":{"line":110,"column":59}},"21":{"start":{"line":110,"column":61},"end":{"line":110,"column":67}},"22":{"start":{"line":111,"column":28},"end":{"line":111,"column":50}},"23":{"start":{"line":111,"column":51},"end":{"line":111,"column":57}},"24":{"start":{"line":113,"column":8},"end":{"line":117,"column":9}},"25":{"start":{"line":114,"column":28},"end":{"line":114,"column":50}},"26":{"start":{"line":114,"column":53},"end":{"line":114,"column":59}},"27":{"start":{"line":115,"column":28},"end":{"line":115,"column":59}},"28":{"start":{"line":115,"column":61},"end":{"line":115,"column":67}},"29":{"start":{"line":116,"column":28},"end":{"line":116,"column":50}},"30":{"start":{"line":116,"column":51},"end":{"line":116,"column":57}},"31":{"start":{"line":118,"column":8},"end":{"line":118,"column":84}},"32":{"start":{"line":122,"column":32},"end":{"line":122,"column":46}},"33":{"start":{"line":123,"column":30},"end":{"line":123,"column":49}},"34":{"start":{"line":124,"column":8},"end":{"line":127,"column":11}},"35":{"start":{"line":33,"column":0},"end":{"line":129,"column":1}}},"fnMap":{"0":{"name":"(anonymous_0)","decl":{"start":{"line":55,"column":4},"end":{"line":55,"column":9}},"loc":{"start":{"line":55,"column":35},"end":{"line":68,"column":5}}},"1":{"name":"(anonymous_1)","decl":{"start":{"line":74,"column":4},"end":{"line":74,"column":9}},"loc":{"start":{"line":74,"column":34},"end":{"line":75,"column":5}}},"2":{"name":"(anonymous_2)","decl":{"start":{"line":80,"column":4},"end":{"line":80,"column":11}},"loc":{"start":{"line":80,"column":25},"end":{"line":83,"column":5}}},"3":{"name":"(anonymous_3)","decl":{"start":{"line":85,"column":4},"end":{"line":85,"column":18}},"loc":{"start":{"line":85,"column":31},"end":{"line":96,"column":5}}},"4":{"name":"(anonymous_4)","decl":{"start":{"line":98,"column":4},"end":{"line":98,"column":17}},"loc":{"start":{"line":98,"column":32},"end":{"line":102,"column":5}}},"5":{"name":"(anonymous_5)","decl":{"start":{"line":104,"column":4},"end":{"line":104,"column":12}},"loc":{"start":{"line":104,"column":44},"end":{"line":119,"column":5}}},"6":{"name":"(anonymous_6)","decl":{"start":{"line":121,"column":4},"end":{"line":121,"column":7}},"loc":{"start":{"line":121,"column":21},"end":{"line":128,"column":5}}}},"branchMap":{"0":{"loc":{"start":{"line":87,"column":8},"end":{"line":95,"column":9}},"type":"if","locations":[{"start":{"line":87,"column":8},"end":{"line":95,"column":9}},{"start":{"line":87,"column":8},"end":{"line":95,"column":9}}]},"1":{"loc":{"start":{"line":89,"column":12},"end":{"line":94,"column":13}},"type":"if","locations":[{"start":{"line":89,"column":12},"end":{"line":94,"column":13}},{"start":{"line":89,"column":12},"end":{"line":94,"column":13}}]},"2":{"loc":{"start":{"line":89,"column":16},"end":{"line":89,"column":17}},"type":"binary-expr","locations":[{"start":{"line":89,"column":16},"end":{"line":89,"column":17}},{"start":{"line":89,"column":21},"end":{"line":89,"column":36}}]},"3":{"loc":{"start":{"line":90,"column":16},"end":{"line":93,"column":17}},"type":"if","locations":[{"start":{"line":90,"column":16},"end":{"line":93,"column":17}},{"start":{"line":90,"column":16},"end":{"line":93,"column":17}}]},"4":{"loc":{"start":{"line":109,"column":12},"end":{"line":109,"column":59}},"type":"switch","locations":[{"start":{"line":109,"column":12},"end":{"line":109,"column":59}},{"start":{"line":110,"column":12},"end":{"line":110,"column":67}},{"start":{"line":111,"column":12},"end":{"line":111,"column":57}}]},"5":{"loc":{"start":{"line":114,"column":12},"end":{"line":114,"column":59}},"type":"switch","locations":[{"start":{"line":114,"column":12},"end":{"line":114,"column":59}},{"start":{"line":115,"column":12},"end":{"line":115,"column":67}},{"start":{"line":116,"column":12},"end":{"line":116,"column":57}}]},"6":{"loc":{"start":{"line":118,"column":35},"end":{"line":118,"column":44}},"type":"cond-expr","locations":[{"start":{"line":118,"column":35},"end":{"line":118,"column":44}},{"start":{"line":118,"column":47},"end":{"line":118,"column":83}}]}},"s":{"0":13,"1":13,"2":0,"3":0,"4":0,"5":0,"6":0,"7":0,"8":0,"9":0,"10":0,"11":0,"12":0,"13":0,"14":0,"15":0,"16":0,"17":0,"18":0,"19":0,"20":0,"21":0,"22":0,"23":0,"24":0,"25":0,"26":0,"27":0,"28":0,"29":0,"30":0,"31":0,"32":0,"33":0,"34":0,"35":13},"f":{"0":0,"1":0,"2":0,"3":0,"4":0,"5":0,"6":0},"b":{"0":[0,0],"1":[0,0],"2":[0,0],"3":[0,0],"4":[0,0,0],"5":[0,0,0],"6":[0,0]}}
,"/Users/sth1pal/Documents/Development/JavaScript/nodejs/ts6/dev/hsLibs/mithril/hsGraph/src/Graph.ts": {"path":"/Users/sth1pal/Documents/Development/JavaScript/nodejs/ts6/dev/hsLibs/mithril/hsGraph/src/Graph.ts","statementMap":{"0":{"start":{"line":66,"column":0},"end":{"line":66,"column":45}},"1":{"start":{"line":67,"column":0},"end":{"line":69,"column":38}},"2":{"start":{"line":70,"column":0},"end":{"line":70,"column":37}},"3":{"start":{"line":73,"column":0},"end":{"line":73,"column":38}},"4":{"start":{"line":74,"column":0},"end":{"line":75,"column":39}},"5":{"start":{"line":76,"column":0},"end":{"line":78,"column":39}},"6":{"start":{"line":79,"column":0},"end":{"line":80,"column":38}},"7":{"start":{"line":81,"column":0},"end":{"line":82,"column":37}},"8":{"start":{"line":83,"column":0},"end":{"line":84,"column":39}},"9":{"start":{"line":85,"column":0},"end":{"line":88,"column":40}},"10":{"start":{"line":89,"column":0},"end":{"line":89,"column":37}},"11":{"start":{"line":91,"column":29},"end":{"line":91,"column":33}},"12":{"start":{"line":92,"column":29},"end":{"line":92,"column":32}},"13":{"start":{"line":142,"column":21},"end":{"line":142,"column":23}},"14":{"start":{"line":143,"column":4},"end":{"line":149,"column":7}},"15":{"start":{"line":144,"column":8},"end":{"line":148,"column":9}},"16":{"start":{"line":145,"column":12},"end":{"line":145,"column":37}},"17":{"start":{"line":147,"column":12},"end":{"line":147,"column":31}},"18":{"start":{"line":150,"column":4},"end":{"line":150,"column":18}},"19":{"start":{"line":244,"column":12},"end":{"line":249,"column":6}},"20":{"start":{"line":180,"column":27},"end":{"line":180,"column":29}},"21":{"start":{"line":181,"column":8},"end":{"line":181,"column":33}},"22":{"start":{"line":182,"column":8},"end":{"line":182,"column":34}},"23":{"start":{"line":183,"column":8},"end":{"line":183,"column":32}},"24":{"start":{"line":184,"column":8},"end":{"line":184,"column":34}},"25":{"start":{"line":185,"column":8},"end":{"line":185,"column":32}},"26":{"start":{"line":186,"column":8},"end":{"line":186,"column":33}},"27":{"start":{"line":187,"column":8},"end":{"line":187,"column":34}},"28":{"start":{"line":188,"column":8},"end":{"line":196,"column":9}},"29":{"start":{"line":189,"column":12},"end":{"line":195,"column":13}},"30":{"start":{"line":190,"column":16},"end":{"line":190,"column":29}},"31":{"start":{"line":192,"column":16},"end":{"line":192,"column":48}},"32":{"start":{"line":193,"column":16},"end":{"line":193,"column":31}},"33":{"start":{"line":194,"column":16},"end":{"line":194,"column":37}},"34":{"start":{"line":197,"column":8},"end":{"line":197,"column":19}},"35":{"start":{"line":219,"column":8},"end":{"line":227,"column":10}},"36":{"start":{"line":236,"column":8},"end":{"line":236,"column":33}},"37":{"start":{"line":237,"column":8},"end":{"line":237,"column":31}},"38":{"start":{"line":238,"column":8},"end":{"line":238,"column":33}},"39":{"start":{"line":239,"column":8},"end":{"line":239,"column":31}},"40":{"start":{"line":240,"column":8},"end":{"line":240,"column":32}},"41":{"start":{"line":241,"column":8},"end":{"line":241,"column":33}},"42":{"start":{"line":255,"column":19},"end":{"line":258,"column":9}},"43":{"start":{"line":259,"column":19},"end":{"line":262,"column":9}},"44":{"start":{"line":263,"column":8},"end":{"line":263,"column":34}},"45":{"start":{"line":267,"column":8},"end":{"line":269,"column":9}},"46":{"start":{"line":268,"column":12},"end":{"line":268,"column":51}},"47":{"start":{"line":270,"column":8},"end":{"line":272,"column":9}},"48":{"start":{"line":271,"column":12},"end":{"line":271,"column":82}},"49":{"start":{"line":273,"column":25},"end":{"line":273,"column":43}},"50":{"start":{"line":274,"column":8},"end":{"line":275,"column":69}},"51":{"start":{"line":275,"column":12},"end":{"line":275,"column":67}},"52":{"start":{"line":279,"column":8},"end":{"line":282,"column":11}},"53":{"start":{"line":279,"column":28},"end":{"line":282,"column":10}},"54":{"start":{"line":283,"column":8},"end":{"line":283,"column":27}},"55":{"start":{"line":287,"column":8},"end":{"line":287,"column":63}},"56":{"start":{"line":288,"column":8},"end":{"line":288,"column":63}},"57":{"start":{"line":289,"column":8},"end":{"line":289,"column":65}},"58":{"start":{"line":290,"column":8},"end":{"line":290,"column":65}},"59":{"start":{"line":299,"column":8},"end":{"line":305,"column":9}},"60":{"start":{"line":300,"column":22},"end":{"line":300,"column":44}},"61":{"start":{"line":301,"column":25},"end":{"line":301,"column":70}},"62":{"start":{"line":302,"column":12},"end":{"line":304,"column":13}},"63":{"start":{"line":303,"column":16},"end":{"line":303,"column":37}},"64":{"start":{"line":312,"column":21},"end":{"line":312,"column":37}},"65":{"start":{"line":314,"column":26},"end":{"line":314,"column":62}},"66":{"start":{"line":315,"column":24},"end":{"line":315,"column":77}},"67":{"start":{"line":315,"column":65},"end":{"line":315,"column":76}},"68":{"start":{"line":316,"column":12},"end":{"line":321,"column":13}},"69":{"start":{"line":317,"column":16},"end":{"line":317,"column":65}},"70":{"start":{"line":318,"column":16},"end":{"line":318,"column":66}},"71":{"start":{"line":319,"column":16},"end":{"line":319,"column":97}},"72":{"start":{"line":320,"column":16},"end":{"line":320,"column":95}},"73":{"start":{"line":322,"column":12},"end":{"line":322,"column":46}},"74":{"start":{"line":323,"column":12},"end":{"line":323,"column":26}},"75":{"start":{"line":324,"column":12},"end":{"line":324,"column":26}},"76":{"start":{"line":326,"column":23},"end":{"line":326,"column":52}},"77":{"start":{"line":327,"column":8},"end":{"line":327,"column":33}},"78":{"start":{"line":328,"column":8},"end":{"line":328,"column":34}},"79":{"start":{"line":329,"column":8},"end":{"line":329,"column":55}},"80":{"start":{"line":330,"column":8},"end":{"line":330,"column":55}},"81":{"start":{"line":331,"column":8},"end":{"line":331,"column":55}},"82":{"start":{"line":332,"column":8},"end":{"line":332,"column":55}},"83":{"start":{"line":336,"column":8},"end":{"line":336,"column":32}},"84":{"start":{"line":340,"column":8},"end":{"line":340,"column":70}},"85":{"start":{"line":340,"column":55},"end":{"line":340,"column":66}},"86":{"start":{"line":341,"column":8},"end":{"line":341,"column":32}},"87":{"start":{"line":342,"column":8},"end":{"line":345,"column":28}},"88":{"start":{"line":352,"column":37},"end":{"line":352,"column":67}},"89":{"start":{"line":354,"column":8},"end":{"line":359,"column":11}},"90":{"start":{"line":355,"column":12},"end":{"line":356,"column":105}},"91":{"start":{"line":355,"column":27},"end":{"line":355,"column":73}},"92":{"start":{"line":356,"column":27},"end":{"line":356,"column":45}},"93":{"start":{"line":356,"column":46},"end":{"line":356,"column":103}},"94":{"start":{"line":357,"column":12},"end":{"line":357,"column":75}},"95":{"start":{"line":357,"column":27},"end":{"line":357,"column":73}},"96":{"start":{"line":358,"column":12},"end":{"line":358,"column":79}},"97":{"start":{"line":358,"column":27},"end":{"line":358,"column":77}},"98":{"start":{"line":360,"column":8},"end":{"line":360,"column":51}},"99":{"start":{"line":361,"column":8},"end":{"line":361,"column":51}},"100":{"start":{"line":366,"column":28},"end":{"line":366,"column":44}},"101":{"start":{"line":367,"column":27},"end":{"line":367,"column":50}},"102":{"start":{"line":368,"column":30},"end":{"line":368,"column":67}},"103":{"start":{"line":369,"column":30},"end":{"line":369,"column":57}},"104":{"start":{"line":370,"column":8},"end":{"line":370,"column":43}},"105":{"start":{"line":371,"column":21},"end":{"line":371,"column":41}},"106":{"start":{"line":372,"column":8},"end":{"line":372,"column":53}},"107":{"start":{"line":374,"column":8},"end":{"line":374,"column":32}},"108":{"start":{"line":375,"column":8},"end":{"line":375,"column":29}},"109":{"start":{"line":376,"column":8},"end":{"line":384,"column":11}},"110":{"start":{"line":162,"column":0},"end":{"line":386,"column":1}}},"fnMap":{"0":{"name":"copy","decl":{"start":{"line":141,"column":0},"end":{"line":141,"column":13}},"loc":{"start":{"line":141,"column":21},"end":{"line":151,"column":1}}},"1":{"name":"(anonymous_1)","decl":{"start":{"line":143,"column":25},"end":{"line":143,"column":26}},"loc":{"start":{"line":143,"column":38},"end":{"line":149,"column":5}}},"2":{"name":"(anonymous_2)","decl":{"start":{"line":162,"column":0},"end":{"line":null,"column":-1}},"loc":{"start":{"line":162,"column":0},"end":{"line":386,"column":1}}},"3":{"name":"(anonymous_3)","decl":{"start":{"line":179,"column":12},"end":{"line":179,"column":17}},"loc":{"start":{"line":179,"column":44},"end":{"line":198,"column":5}}},"4":{"name":"(anonymous_4)","decl":{"start":{"line":218,"column":14},"end":{"line":218,"column":19}},"loc":{"start":{"line":218,"column":45},"end":{"line":228,"column":5}}},"5":{"name":"(anonymous_5)","decl":{"start":{"line":235,"column":14},"end":{"line":235,"column":19}},"loc":{"start":{"line":235,"column":44},"end":{"line":242,"column":5}}},"6":{"name":"(anonymous_6)","decl":{"start":{"line":254,"column":12},"end":{"line":254,"column":25}},"loc":{"start":{"line":254,"column":86},"end":{"line":264,"column":5}}},"7":{"name":"(anonymous_7)","decl":{"start":{"line":266,"column":12},"end":{"line":266,"column":21}},"loc":{"start":{"line":266,"column":30},"end":{"line":276,"column":5}}},"8":{"name":"(anonymous_8)","decl":{"start":{"line":274,"column":35},"end":{"line":274,"column":36}},"loc":{"start":{"line":275,"column":12},"end":{"line":275,"column":67}}},"9":{"name":"(anonymous_9)","decl":{"start":{"line":278,"column":12},"end":{"line":278,"column":23}},"loc":{"start":{"line":278,"column":33},"end":{"line":284,"column":5}}},"10":{"name":"(anonymous_10)","decl":{"start":{"line":286,"column":4},"end":{"line":286,"column":14}},"loc":{"start":{"line":286,"column":44},"end":{"line":291,"column":5}}},"11":{"name":"(anonymous_11)","decl":{"start":{"line":298,"column":4},"end":{"line":298,"column":15}},"loc":{"start":{"line":298,"column":29},"end":{"line":306,"column":5}}},"12":{"name":"(anonymous_12)","decl":{"start":{"line":311,"column":4},"end":{"line":311,"column":16}},"loc":{"start":{"line":311,"column":28},"end":{"line":333,"column":5}}},"13":{"name":"getBBox","decl":{"start":{"line":313,"column":8},"end":{"line":313,"column":24}},"loc":{"start":{"line":313,"column":36},"end":{"line":325,"column":9}}},"14":{"name":"(anonymous_14)","decl":{"start":{"line":315,"column":56},"end":{"line":315,"column":57}},"loc":{"start":{"line":315,"column":65},"end":{"line":315,"column":76}}},"15":{"name":"(anonymous_15)","decl":{"start":{"line":335,"column":4},"end":{"line":335,"column":11}},"loc":{"start":{"line":335,"column":25},"end":{"line":337,"column":5}}},"16":{"name":"(anonymous_16)","decl":{"start":{"line":339,"column":4},"end":{"line":339,"column":11}},"loc":{"start":{"line":339,"column":25},"end":{"line":346,"column":5}}},"17":{"name":"(anonymous_17)","decl":{"start":{"line":340,"column":42},"end":{"line":340,"column":54}},"loc":{"start":{"line":340,"column":42},"end":{"line":340,"column":68}}},"18":{"name":"(anonymous_18)","decl":{"start":{"line":351,"column":4},"end":{"line":351,"column":16}},"loc":{"start":{"line":351,"column":62},"end":{"line":362,"column":5}}},"19":{"name":"(anonymous_19)","decl":{"start":{"line":354,"column":23},"end":{"line":354,"column":24}},"loc":{"start":{"line":354,"column":39},"end":{"line":359,"column":9}}},"20":{"name":"(anonymous_20)","decl":{"start":{"line":365,"column":4},"end":{"line":365,"column":7}},"loc":{"start":{"line":365,"column":21},"end":{"line":385,"column":5}}}},"branchMap":{"0":{"loc":{"start":{"line":144,"column":8},"end":{"line":148,"column":9}},"type":"if","locations":[{"start":{"line":144,"column":8},"end":{"line":148,"column":9}},{"start":{"line":144,"column":8},"end":{"line":148,"column":9}}]},"1":{"loc":{"start":{"line":144,"column":12},"end":{"line":144,"column":38}},"type":"binary-expr","locations":[{"start":{"line":144,"column":12},"end":{"line":144,"column":38}},{"start":{"line":144,"column":42},"end":{"line":144,"column":64}},{"start":{"line":144,"column":68},"end":{"line":144,"column":81}}]},"2":{"loc":{"start":{"line":188,"column":8},"end":{"line":196,"column":9}},"type":"if","locations":[{"start":{"line":188,"column":8},"end":{"line":196,"column":9}},{"start":{"line":188,"column":8},"end":{"line":196,"column":9}}]},"3":{"loc":{"start":{"line":267,"column":8},"end":{"line":269,"column":9}},"type":"if","locations":[{"start":{"line":267,"column":8},"end":{"line":269,"column":9}},{"start":{"line":267,"column":8},"end":{"line":269,"column":9}}]},"4":{"loc":{"start":{"line":270,"column":8},"end":{"line":272,"column":9}},"type":"if","locations":[{"start":{"line":270,"column":8},"end":{"line":272,"column":9}},{"start":{"line":270,"column":8},"end":{"line":272,"column":9}}]},"5":{"loc":{"start":{"line":275,"column":34},"end":{"line":275,"column":35}},"type":"cond-expr","locations":[{"start":{"line":275,"column":34},"end":{"line":275,"column":35}},{"start":{"line":275,"column":38},"end":{"line":275,"column":49}}]},"6":{"loc":{"start":{"line":279,"column":8},"end":{"line":282,"column":11}},"type":"if","locations":[{"start":{"line":279,"column":8},"end":{"line":282,"column":11}},{"start":{"line":279,"column":8},"end":{"line":282,"column":11}}]},"7":{"loc":{"start":{"line":299,"column":8},"end":{"line":305,"column":9}},"type":"if","locations":[{"start":{"line":299,"column":8},"end":{"line":305,"column":9}},{"start":{"line":299,"column":8},"end":{"line":305,"column":9}}]},"8":{"loc":{"start":{"line":299,"column":12},"end":{"line":299,"column":20}},"type":"binary-expr","locations":[{"start":{"line":299,"column":12},"end":{"line":299,"column":20}},{"start":{"line":299,"column":24},"end":{"line":299,"column":46}}]},"9":{"loc":{"start":{"line":302,"column":12},"end":{"line":304,"column":13}},"type":"if","locations":[{"start":{"line":302,"column":12},"end":{"line":304,"column":13}},{"start":{"line":302,"column":12},"end":{"line":304,"column":13}}]},"10":{"loc":{"start":{"line":302,"column":16},"end":{"line":302,"column":28}},"type":"binary-expr","locations":[{"start":{"line":302,"column":16},"end":{"line":302,"column":28}},{"start":{"line":302,"column":32},"end":{"line":302,"column":54}}]},"11":{"loc":{"start":{"line":316,"column":12},"end":{"line":321,"column":13}},"type":"if","locations":[{"start":{"line":316,"column":12},"end":{"line":321,"column":13}},{"start":{"line":316,"column":12},"end":{"line":321,"column":13}}]},"12":{"loc":{"start":{"line":316,"column":15},"end":{"line":316,"column":18}},"type":"binary-expr","locations":[{"start":{"line":316,"column":15},"end":{"line":316,"column":18}},{"start":{"line":316,"column":22},"end":{"line":316,"column":28}}]},"13":{"loc":{"start":{"line":355,"column":12},"end":{"line":356,"column":105}},"type":"if","locations":[{"start":{"line":355,"column":12},"end":{"line":356,"column":105}},{"start":{"line":355,"column":12},"end":{"line":356,"column":105}}]},"14":{"loc":{"start":{"line":357,"column":12},"end":{"line":357,"column":75}},"type":"if","locations":[{"start":{"line":357,"column":12},"end":{"line":357,"column":75}},{"start":{"line":357,"column":12},"end":{"line":357,"column":75}}]},"15":{"loc":{"start":{"line":358,"column":12},"end":{"line":358,"column":79}},"type":"if","locations":[{"start":{"line":358,"column":12},"end":{"line":358,"column":79}},{"start":{"line":358,"column":12},"end":{"line":358,"column":79}}]}},"s":{"0":13,"1":13,"2":13,"3":13,"4":13,"5":13,"6":13,"7":13,"8":13,"9":13,"10":13,"11":13,"12":13,"13":0,"14":0,"15":0,"16":0,"17":0,"18":0,"19":0,"20":0,"21":0,"22":0,"23":0,"24":0,"25":0,"26":0,"27":0,"28":0,"29":0,"30":0,"31":0,"32":0,"33":0,"34":0,"35":0,"36":0,"37":0,"38":0,"39":0,"40":0,"41":0,"42":0,"43":0,"44":0,"45":0,"46":0,"47":0,"48":0,"49":0,"50":0,"51":0,"52":0,"53":0,"54":0,"55":0,"56":0,"57":0,"58":0,"59":0,"60":0,"61":0,"62":0,"63":0,"64":0,"65":0,"66":0,"67":0,"68":0,"69":0,"70":0,"71":0,"72":0,"73":0,"74":0,"75":0,"76":0,"77":0,"78":0,"79":0,"80":0,"81":0,"82":0,"83":0,"84":0,"85":0,"86":0,"87":0,"88":0,"89":0,"90":0,"91":0,"92":0,"93":0,"94":0,"95":0,"96":0,"97":0,"98":0,"99":0,"100":0,"101":0,"102":0,"103":0,"104":0,"105":0,"106":0,"107":0,"108":0,"109":0,"110":13},"f":{"0":0,"1":0,"2":0,"3":0,"4":0,"5":0,"6":0,"7":0,"8":0,"9":0,"10":0,"11":0,"12":0,"13":0,"14":0,"15":0,"16":0,"17":0,"18":0,"19":0,"20":0},"b":{"0":[0,0],"1":[0,0,0],"2":[0,0],"3":[0,0],"4":[0,0],"5":[0,0],"6":[0,0],"7":[0,0],"8":[0,0],"9":[0,0],"10":[0,0],"11":[0,0],"12":[0,0],"13":[0,0],"14":[0,0],"15":[0,0]}}
,"/Users/sth1pal/Documents/Development/JavaScript/nodejs/ts6/dev/hsLibs/mithril/hsGraph/src/Grid.ts": {"path":"/Users/sth1pal/Documents/Development/JavaScript/nodejs/ts6/dev/hsLibs/mithril/hsGraph/src/Grid.ts","statementMap":{"0":{"start":{"line":18,"column":0},"end":{"line":18,"column":45}},"1":{"start":{"line":21,"column":0},"end":{"line":21,"column":40}},"2":{"start":{"line":68,"column":8},"end":{"line":77,"column":10}},"3":{"start":{"line":91,"column":8},"end":{"line":93,"column":11}},"4":{"start":{"line":92,"column":12},"end":{"line":92,"column":62}},"5":{"start":{"line":100,"column":8},"end":{"line":102,"column":11}},"6":{"start":{"line":101,"column":12},"end":{"line":101,"column":62}},"7":{"start":{"line":107,"column":32},"end":{"line":107,"column":46}},"8":{"start":{"line":108,"column":30},"end":{"line":108,"column":47}},"9":{"start":{"line":109,"column":19},"end":{"line":109,"column":33}},"10":{"start":{"line":110,"column":8},"end":{"line":119,"column":11}},"11":{"start":{"line":46,"column":0},"end":{"line":121,"column":1}}},"fnMap":{"0":{"name":"(anonymous_0)","decl":{"start":{"line":67,"column":4},"end":{"line":67,"column":9}},"loc":{"start":{"line":67,"column":35},"end":{"line":78,"column":5}}},"1":{"name":"(anonymous_1)","decl":{"start":{"line":84,"column":4},"end":{"line":84,"column":9}},"loc":{"start":{"line":84,"column":34},"end":{"line":85,"column":5}}},"2":{"name":"(anonymous_2)","decl":{"start":{"line":90,"column":12},"end":{"line":90,"column":22}},"loc":{"start":{"line":90,"column":90},"end":{"line":94,"column":5}}},"3":{"name":"(anonymous_3)","decl":{"start":{"line":91,"column":96},"end":{"line":91,"column":97}},"loc":{"start":{"line":92,"column":12},"end":{"line":92,"column":62}}},"4":{"name":"(anonymous_4)","decl":{"start":{"line":99,"column":12},"end":{"line":99,"column":22}},"loc":{"start":{"line":99,"column":90},"end":{"line":103,"column":5}}},"5":{"name":"(anonymous_5)","decl":{"start":{"line":100,"column":96},"end":{"line":100,"column":97}},"loc":{"start":{"line":101,"column":12},"end":{"line":101,"column":62}}},"6":{"name":"(anonymous_6)","decl":{"start":{"line":106,"column":4},"end":{"line":106,"column":7}},"loc":{"start":{"line":106,"column":21},"end":{"line":120,"column":5}}}},"branchMap":{"0":{"loc":{"start":{"line":91,"column":29},"end":{"line":91,"column":37}},"type":"cond-expr","locations":[{"start":{"line":91,"column":29},"end":{"line":91,"column":37}},{"start":{"line":91,"column":40},"end":{"line":93,"column":10}}]},"1":{"loc":{"start":{"line":100,"column":29},"end":{"line":100,"column":37}},"type":"cond-expr","locations":[{"start":{"line":100,"column":29},"end":{"line":100,"column":37}},{"start":{"line":100,"column":40},"end":{"line":102,"column":10}}]}},"s":{"0":13,"1":13,"2":0,"3":0,"4":0,"5":0,"6":0,"7":0,"8":0,"9":0,"10":0,"11":13},"f":{"0":0,"1":0,"2":0,"3":0,"4":0,"5":0,"6":0},"b":{"0":[0,0],"1":[0,0]}}
,"/Users/sth1pal/Documents/Development/JavaScript/nodejs/ts6/dev/hsLibs/mithril/hsGraph/src/Legend.ts": {"path":"/Users/sth1pal/Documents/Development/JavaScript/nodejs/ts6/dev/hsLibs/mithril/hsGraph/src/Legend.ts","statementMap":{"0":{"start":{"line":17,"column":0},"end":{"line":17,"column":41}},"1":{"start":{"line":40,"column":8},"end":{"line":41,"column":10}},"2":{"start":{"line":53,"column":8},"end":{"line":53,"column":81}},"3":{"start":{"line":26,"column":0},"end":{"line":55,"column":1}}},"fnMap":{"0":{"name":"(anonymous_0)","decl":{"start":{"line":39,"column":4},"end":{"line":39,"column":9}},"loc":{"start":{"line":39,"column":35},"end":{"line":42,"column":5}}},"1":{"name":"(anonymous_1)","decl":{"start":{"line":48,"column":4},"end":{"line":48,"column":9}},"loc":{"start":{"line":48,"column":34},"end":{"line":50,"column":5}}},"2":{"name":"(anonymous_2)","decl":{"start":{"line":52,"column":4},"end":{"line":52,"column":7}},"loc":{"start":{"line":52,"column":21},"end":{"line":54,"column":5}}}},"branchMap":{},"s":{"0":13,"1":0,"2":0,"3":13},"f":{"0":0,"1":0,"2":0},"b":{}}
,"/Users/sth1pal/Documents/Development/JavaScript/nodejs/ts6/dev/hsLibs/mithril/hsGraph/src/Plot.ts": {"path":"/Users/sth1pal/Documents/Development/JavaScript/nodejs/ts6/dev/hsLibs/mithril/hsGraph/src/Plot.ts","statementMap":{"0":{"start":{"line":6,"column":0},"end":{"line":6,"column":45}},"1":{"start":{"line":7,"column":0},"end":{"line":10,"column":40}},"2":{"start":{"line":14,"column":0},"end":{"line":16,"column":39}},"3":{"start":{"line":17,"column":0},"end":{"line":17,"column":37}},"4":{"start":{"line":21,"column":22},"end":{"line":21,"column":88}},"5":{"start":{"line":22,"column":8},"end":{"line":22,"column":119}},"6":{"start":{"line":26,"column":20},"end":{"line":26,"column":33}},"7":{"start":{"line":27,"column":20},"end":{"line":27,"column":49}},"8":{"start":{"line":28,"column":8},"end":{"line":47,"column":10}},"9":{"start":{"line":30,"column":27},"end":{"line":30,"column":49}},"10":{"start":{"line":31,"column":27},"end":{"line":31,"column":49}},"11":{"start":{"line":32,"column":27},"end":{"line":32,"column":45}},"12":{"start":{"line":33,"column":16},"end":{"line":44,"column":17}},"13":{"start":{"line":35,"column":24},"end":{"line":35,"column":74}},"14":{"start":{"line":37,"column":24},"end":{"line":37,"column":89}},"15":{"start":{"line":39,"column":24},"end":{"line":39,"column":117}},"16":{"start":{"line":41,"column":24},"end":{"line":41,"column":109}},"17":{"start":{"line":43,"column":24},"end":{"line":43,"column":109}},"18":{"start":{"line":45,"column":16},"end":{"line":45,"column":69}},"19":{"start":{"line":51,"column":23},"end":{"line":51,"column":33}},"20":{"start":{"line":52,"column":29},"end":{"line":60,"column":9}},"21":{"start":{"line":61,"column":8},"end":{"line":67,"column":10}},"22":{"start":{"line":63,"column":16},"end":{"line":63,"column":58}},"23":{"start":{"line":64,"column":16},"end":{"line":64,"column":58}},"24":{"start":{"line":65,"column":16},"end":{"line":65,"column":64}},"25":{"start":{"line":71,"column":8},"end":{"line":78,"column":9}},"26":{"start":{"line":72,"column":26},"end":{"line":72,"column":55}},"27":{"start":{"line":73,"column":29},"end":{"line":73,"column":33}},"28":{"start":{"line":74,"column":29},"end":{"line":74,"column":51}},"29":{"start":{"line":75,"column":12},"end":{"line":75,"column":99}},"30":{"start":{"line":77,"column":12},"end":{"line":77,"column":36}},"31":{"start":{"line":19,"column":0},"end":{"line":85,"column":1}}},"fnMap":{"0":{"name":"(anonymous_0)","decl":{"start":{"line":20,"column":4},"end":{"line":20,"column":11}},"loc":{"start":{"line":20,"column":113},"end":{"line":23,"column":5}}},"1":{"name":"(anonymous_1)","decl":{"start":{"line":25,"column":4},"end":{"line":25,"column":13}},"loc":{"start":{"line":25,"column":115},"end":{"line":48,"column":5}}},"2":{"name":"(anonymous_2)","decl":{"start":{"line":29,"column":21},"end":{"line":29,"column":22}},"loc":{"start":{"line":29,"column":36},"end":{"line":46,"column":13}}},"3":{"name":"(anonymous_3)","decl":{"start":{"line":50,"column":4},"end":{"line":50,"column":12}},"loc":{"start":{"line":50,"column":107},"end":{"line":68,"column":5}}},"4":{"name":"(anonymous_4)","decl":{"start":{"line":62,"column":21},"end":{"line":62,"column":22}},"loc":{"start":{"line":62,"column":35},"end":{"line":66,"column":13}}},"5":{"name":"(anonymous_5)","decl":{"start":{"line":70,"column":4},"end":{"line":70,"column":11}},"loc":{"start":{"line":70,"column":130},"end":{"line":79,"column":5}}},"6":{"name":"(anonymous_6)","decl":{"start":{"line":83,"column":4},"end":{"line":83,"column":14}},"loc":{"start":{"line":83,"column":59},"end":{"line":84,"column":5}}}},"branchMap":{"0":{"loc":{"start":{"line":22,"column":37},"end":{"line":22,"column":60}},"type":"cond-expr","locations":[{"start":{"line":22,"column":37},"end":{"line":22,"column":60}},{"start":{"line":22,"column":63},"end":{"line":22,"column":118}}]},"1":{"loc":{"start":{"line":28,"column":39},"end":{"line":28,"column":64}},"type":"cond-expr","locations":[{"start":{"line":28,"column":39},"end":{"line":28,"column":64}},{"start":{"line":28,"column":67},"end":{"line":47,"column":9}}]},"2":{"loc":{"start":{"line":34,"column":20},"end":{"line":35,"column":74}},"type":"switch","locations":[{"start":{"line":34,"column":20},"end":{"line":35,"column":74}},{"start":{"line":36,"column":20},"end":{"line":37,"column":89}},{"start":{"line":38,"column":20},"end":{"line":39,"column":117}},{"start":{"line":40,"column":20},"end":{"line":41,"column":109}},{"start":{"line":42,"column":20},"end":{"line":43,"column":109}}]},"3":{"loc":{"start":{"line":61,"column":39},"end":{"line":61,"column":64}},"type":"cond-expr","locations":[{"start":{"line":61,"column":39},"end":{"line":61,"column":64}},{"start":{"line":61,"column":67},"end":{"line":67,"column":9}}]},"4":{"loc":{"start":{"line":71,"column":8},"end":{"line":78,"column":9}},"type":"if","locations":[{"start":{"line":71,"column":8},"end":{"line":78,"column":9}},{"start":{"line":71,"column":8},"end":{"line":78,"column":9}}]}},"s":{"0":13,"1":13,"2":13,"3":13,"4":0,"5":0,"6":0,"7":0,"8":0,"9":0,"10":0,"11":0,"12":0,"13":0,"14":0,"15":0,"16":0,"17":0,"18":0,"19":0,"20":0,"21":0,"22":0,"23":0,"24":0,"25":0,"26":0,"27":0,"28":0,"29":0,"30":0,"31":13},"f":{"0":0,"1":0,"2":0,"3":0,"4":0,"5":0,"6":0},"b":{"0":[0,0],"1":[0,0],"2":[0,0,0,0,0],"3":[0,0],"4":[0,0]}}
,"/Users/sth1pal/Documents/Development/JavaScript/nodejs/ts6/dev/hsLibs/mithril/hsGraph/src/PlotArea.ts": {"path":"/Users/sth1pal/Documents/Development/JavaScript/nodejs/ts6/dev/hsLibs/mithril/hsGraph/src/PlotArea.ts","statementMap":{"0":{"start":{"line":56,"column":0},"end":{"line":56,"column":45}},"1":{"start":{"line":59,"column":0},"end":{"line":59,"column":37}},"2":{"start":{"line":64,"column":22},"end":{"line":64,"column":46}},"3":{"start":{"line":65,"column":22},"end":{"line":65,"column":46}},"4":{"start":{"line":66,"column":22},"end":{"line":66,"column":50}},"5":{"start":{"line":67,"column":22},"end":{"line":67,"column":44}},"6":{"start":{"line":68,"column":23},"end":{"line":77,"column":13}},"7":{"start":{"line":69,"column":12},"end":{"line":77,"column":13}},"8":{"start":{"line":78,"column":8},"end":{"line":78,"column":53}},"9":{"start":{"line":78,"column":29},"end":{"line":78,"column":51}},"10":{"start":{"line":79,"column":8},"end":{"line":85,"column":9}},"11":{"start":{"line":80,"column":22},"end":{"line":80,"column":48}},"12":{"start":{"line":81,"column":12},"end":{"line":81,"column":87}},"13":{"start":{"line":83,"column":22},"end":{"line":83,"column":36}},"14":{"start":{"line":84,"column":12},"end":{"line":84,"column":91}},"15":{"start":{"line":62,"column":0},"end":{"line":87,"column":1}}},"fnMap":{"0":{"name":"(anonymous_0)","decl":{"start":{"line":63,"column":4},"end":{"line":63,"column":7}},"loc":{"start":{"line":63,"column":77},"end":{"line":86,"column":5}}},"1":{"name":"(anonymous_1)","decl":{"start":{"line":68,"column":23},"end":{"line":68,"column":24}},"loc":{"start":{"line":69,"column":12},"end":{"line":77,"column":13}}}},"branchMap":{"0":{"loc":{"start":{"line":69,"column":32},"end":{"line":73,"column":13}},"type":"cond-expr","locations":[{"start":{"line":69,"column":32},"end":{"line":73,"column":13}},{"start":{"line":73,"column":16},"end":{"line":77,"column":13}}]},"1":{"loc":{"start":{"line":78,"column":8},"end":{"line":78,"column":53}},"type":"if","locations":[{"start":{"line":78,"column":8},"end":{"line":78,"column":53}},{"start":{"line":78,"column":8},"end":{"line":78,"column":53}}]},"2":{"loc":{"start":{"line":79,"column":8},"end":{"line":85,"column":9}},"type":"if","locations":[{"start":{"line":79,"column":8},"end":{"line":85,"column":9}},{"start":{"line":79,"column":8},"end":{"line":85,"column":9}}]}},"s":{"0":13,"1":13,"2":0,"3":0,"4":0,"5":0,"6":0,"7":0,"8":0,"9":0,"10":0,"11":0,"12":0,"13":0,"14":0,"15":13},"f":{"0":0,"1":0},"b":{"0":[0,0],"1":[0,0],"2":[0,0]}}
,"/Users/sth1pal/Documents/Development/JavaScript/nodejs/ts6/dev/hsLibs/mithril/hsGraph/src/PlotBar.ts": {"path":"/Users/sth1pal/Documents/Development/JavaScript/nodejs/ts6/dev/hsLibs/mithril/hsGraph/src/PlotBar.ts","statementMap":{"0":{"start":{"line":50,"column":0},"end":{"line":50,"column":45}},"1":{"start":{"line":54,"column":0},"end":{"line":54,"column":37}},"2":{"start":{"line":60,"column":22},"end":{"line":60,"column":50}},"3":{"start":{"line":61,"column":23},"end":{"line":61,"column":38}},"4":{"start":{"line":62,"column":34},"end":{"line":62,"column":51}},"5":{"start":{"line":63,"column":23},"end":{"line":63,"column":99}},"6":{"start":{"line":64,"column":23},"end":{"line":64,"column":99}},"7":{"start":{"line":65,"column":8},"end":{"line":73,"column":10}},"8":{"start":{"line":67,"column":28},"end":{"line":67,"column":82}},"9":{"start":{"line":68,"column":28},"end":{"line":68,"column":82}},"10":{"start":{"line":69,"column":28},"end":{"line":69,"column":71}},"11":{"start":{"line":70,"column":27},"end":{"line":70,"column":49}},"12":{"start":{"line":71,"column":16},"end":{"line":71,"column":79}},"13":{"start":{"line":77,"column":8},"end":{"line":77,"column":48}},"14":{"start":{"line":78,"column":19},"end":{"line":78,"column":36}},"15":{"start":{"line":79,"column":8},"end":{"line":82,"column":9}},"16":{"start":{"line":80,"column":12},"end":{"line":80,"column":23}},"17":{"start":{"line":81,"column":12},"end":{"line":81,"column":33}},"18":{"start":{"line":83,"column":8},"end":{"line":85,"column":9}},"19":{"start":{"line":84,"column":12},"end":{"line":84,"column":63}},"20":{"start":{"line":89,"column":18},"end":{"line":89,"column":42}},"21":{"start":{"line":90,"column":18},"end":{"line":90,"column":42}},"22":{"start":{"line":91,"column":22},"end":{"line":91,"column":76}},"23":{"start":{"line":92,"column":8},"end":{"line":92,"column":53}},"24":{"start":{"line":92,"column":29},"end":{"line":92,"column":51}},"25":{"start":{"line":93,"column":8},"end":{"line":95,"column":10}},"26":{"start":{"line":58,"column":0},"end":{"line":97,"column":1}}},"fnMap":{"0":{"name":"(anonymous_0)","decl":{"start":{"line":59,"column":4},"end":{"line":59,"column":10}},"loc":{"start":{"line":59,"column":113},"end":{"line":74,"column":5}}},"1":{"name":"(anonymous_1)","decl":{"start":{"line":66,"column":12},"end":{"line":66,"column":13}},"loc":{"start":{"line":66,"column":37},"end":{"line":72,"column":13}}},"2":{"name":"(anonymous_2)","decl":{"start":{"line":76,"column":4},"end":{"line":76,"column":14}},"loc":{"start":{"line":76,"column":59},"end":{"line":86,"column":5}}},"3":{"name":"(anonymous_3)","decl":{"start":{"line":88,"column":4},"end":{"line":88,"column":7}},"loc":{"start":{"line":88,"column":77},"end":{"line":96,"column":5}}}},"branchMap":{"0":{"loc":{"start":{"line":67,"column":53},"end":{"line":67,"column":54}},"type":"cond-expr","locations":[{"start":{"line":67,"column":53},"end":{"line":67,"column":54}},{"start":{"line":67,"column":57},"end":{"line":67,"column":61}}]},"1":{"loc":{"start":{"line":68,"column":53},"end":{"line":68,"column":54}},"type":"cond-expr","locations":[{"start":{"line":68,"column":53},"end":{"line":68,"column":54}},{"start":{"line":68,"column":57},"end":{"line":68,"column":61}}]},"2":{"loc":{"start":{"line":69,"column":61},"end":{"line":69,"column":62}},"type":"cond-expr","locations":[{"start":{"line":69,"column":61},"end":{"line":69,"column":62}},{"start":{"line":69,"column":65},"end":{"line":69,"column":70}}]},"3":{"loc":{"start":{"line":79,"column":8},"end":{"line":82,"column":9}},"type":"if","locations":[{"start":{"line":79,"column":8},"end":{"line":82,"column":9}},{"start":{"line":79,"column":8},"end":{"line":82,"column":9}}]},"4":{"loc":{"start":{"line":83,"column":8},"end":{"line":85,"column":9}},"type":"if","locations":[{"start":{"line":83,"column":8},"end":{"line":85,"column":9}},{"start":{"line":83,"column":8},"end":{"line":85,"column":9}}]},"5":{"loc":{"start":{"line":91,"column":36},"end":{"line":91,"column":64}},"type":"cond-expr","locations":[{"start":{"line":91,"column":36},"end":{"line":91,"column":64}},{"start":{"line":91,"column":67},"end":{"line":91,"column":76}}]},"6":{"loc":{"start":{"line":92,"column":8},"end":{"line":92,"column":53}},"type":"if","locations":[{"start":{"line":92,"column":8},"end":{"line":92,"column":53}},{"start":{"line":92,"column":8},"end":{"line":92,"column":53}}]}},"s":{"0":13,"1":13,"2":0,"3":0,"4":0,"5":0,"6":0,"7":0,"8":0,"9":0,"10":0,"11":0,"12":0,"13":0,"14":0,"15":0,"16":0,"17":0,"18":0,"19":0,"20":0,"21":0,"22":0,"23":0,"24":0,"25":0,"26":13},"f":{"0":0,"1":0,"2":0,"3":0},"b":{"0":[0,0],"1":[0,0],"2":[0,0],"3":[0,0],"4":[0,0],"5":[0,0],"6":[0,0]}}
,"/Users/sth1pal/Documents/Development/JavaScript/nodejs/ts6/dev/hsLibs/mithril/hsGraph/src/PlotLine.ts": {"path":"/Users/sth1pal/Documents/Development/JavaScript/nodejs/ts6/dev/hsLibs/mithril/hsGraph/src/PlotLine.ts","statementMap":{"0":{"start":{"line":33,"column":0},"end":{"line":33,"column":41}},"1":{"start":{"line":36,"column":0},"end":{"line":36,"column":33}},"2":{"start":{"line":41,"column":18},"end":{"line":41,"column":42}},"3":{"start":{"line":42,"column":18},"end":{"line":42,"column":42}},"4":{"start":{"line":43,"column":8},"end":{"line":43,"column":53}},"5":{"start":{"line":43,"column":29},"end":{"line":43,"column":51}},"6":{"start":{"line":44,"column":8},"end":{"line":44,"column":53}},"7":{"start":{"line":44,"column":29},"end":{"line":44,"column":51}},"8":{"start":{"line":45,"column":8},"end":{"line":48,"column":10}},"9":{"start":{"line":39,"column":0},"end":{"line":50,"column":1}}},"fnMap":{"0":{"name":"(anonymous_0)","decl":{"start":{"line":40,"column":4},"end":{"line":40,"column":7}},"loc":{"start":{"line":40,"column":77},"end":{"line":49,"column":5}}}},"branchMap":{"0":{"loc":{"start":{"line":43,"column":8},"end":{"line":43,"column":53}},"type":"if","locations":[{"start":{"line":43,"column":8},"end":{"line":43,"column":53}},{"start":{"line":43,"column":8},"end":{"line":43,"column":53}}]},"1":{"loc":{"start":{"line":44,"column":8},"end":{"line":44,"column":53}},"type":"if","locations":[{"start":{"line":44,"column":8},"end":{"line":44,"column":53}},{"start":{"line":44,"column":8},"end":{"line":44,"column":53}}]}},"s":{"0":13,"1":13,"2":0,"3":0,"4":0,"5":0,"6":0,"7":0,"8":0,"9":13},"f":{"0":0},"b":{"0":[0,0],"1":[0,0]}}
,"/Users/sth1pal/Documents/Development/JavaScript/nodejs/ts6/dev/hsLibs/mithril/hsGraph/src/PlotMarkers.ts": {"path":"/Users/sth1pal/Documents/Development/JavaScript/nodejs/ts6/dev/hsLibs/mithril/hsGraph/src/PlotMarkers.ts","statementMap":{"0":{"start":{"line":34,"column":0},"end":{"line":34,"column":41}},"1":{"start":{"line":37,"column":0},"end":{"line":37,"column":33}},"2":{"start":{"line":42,"column":18},"end":{"line":42,"column":42}},"3":{"start":{"line":43,"column":18},"end":{"line":43,"column":42}},"4":{"start":{"line":44,"column":18},"end":{"line":44,"column":64}},"5":{"start":{"line":45,"column":8},"end":{"line":45,"column":53}},"6":{"start":{"line":45,"column":29},"end":{"line":45,"column":51}},"7":{"start":{"line":46,"column":8},"end":{"line":46,"column":53}},"8":{"start":{"line":46,"column":29},"end":{"line":46,"column":51}},"9":{"start":{"line":47,"column":8},"end":{"line":51,"column":10}},"10":{"start":{"line":40,"column":0},"end":{"line":53,"column":1}}},"fnMap":{"0":{"name":"(anonymous_0)","decl":{"start":{"line":41,"column":4},"end":{"line":41,"column":7}},"loc":{"start":{"line":41,"column":77},"end":{"line":52,"column":5}}}},"branchMap":{"0":{"loc":{"start":{"line":44,"column":28},"end":{"line":44,"column":52}},"type":"cond-expr","locations":[{"start":{"line":44,"column":28},"end":{"line":44,"column":52}},{"start":{"line":44,"column":55},"end":{"line":44,"column":64}}]},"1":{"loc":{"start":{"line":45,"column":8},"end":{"line":45,"column":53}},"type":"if","locations":[{"start":{"line":45,"column":8},"end":{"line":45,"column":53}},{"start":{"line":45,"column":8},"end":{"line":45,"column":53}}]},"2":{"loc":{"start":{"line":46,"column":8},"end":{"line":46,"column":53}},"type":"if","locations":[{"start":{"line":46,"column":8},"end":{"line":46,"column":53}},{"start":{"line":46,"column":8},"end":{"line":46,"column":53}}]},"3":{"loc":{"start":{"line":49,"column":29},"end":{"line":49,"column":38}},"type":"cond-expr","locations":[{"start":{"line":49,"column":29},"end":{"line":49,"column":38}},{"start":{"line":50,"column":16},"end":{"line":50,"column":79}}]}},"s":{"0":13,"1":13,"2":0,"3":0,"4":0,"5":0,"6":0,"7":0,"8":0,"9":0,"10":13},"f":{"0":0},"b":{"0":[0,0],"1":[0,0],"2":[0,0],"3":[0,0]}}
,"/Users/sth1pal/Documents/Development/JavaScript/nodejs/ts6/dev/hsLibs/mithril/hsGraph/src/SVGElem.ts": {"path":"/Users/sth1pal/Documents/Development/JavaScript/nodejs/ts6/dev/hsLibs/mithril/hsGraph/src/SVGElem.ts","statementMap":{"0":{"start":{"line":1,"column":0},"end":{"line":1,"column":41}},"1":{"start":{"line":74,"column":19},"end":{"line":74,"column":33}},"2":{"start":{"line":75,"column":4},"end":{"line":77,"column":5}},"3":{"start":{"line":76,"column":8},"end":{"line":76,"column":22}},"4":{"start":{"line":78,"column":4},"end":{"line":78,"column":18}},"5":{"start":{"line":73,"column":0},"end":{"line":79,"column":1}},"6":{"start":{"line":81,"column":0},"end":{"line":85,"column":1}},"7":{"start":{"line":82,"column":4},"end":{"line":82,"column":21}},"8":{"start":{"line":83,"column":4},"end":{"line":83,"column":22}},"9":{"start":{"line":84,"column":4},"end":{"line":84,"column":19}},"10":{"start":{"line":87,"column":0},"end":{"line":91,"column":1}},"11":{"start":{"line":88,"column":4},"end":{"line":88,"column":19}},"12":{"start":{"line":89,"column":4},"end":{"line":89,"column":22}},"13":{"start":{"line":90,"column":4},"end":{"line":90,"column":22}},"14":{"start":{"line":100,"column":21},"end":{"line":100,"column":22}},"15":{"start":{"line":101,"column":32},"end":{"line":101,"column":40}},"16":{"start":{"line":102,"column":8},"end":{"line":107,"column":9}},"17":{"start":{"line":103,"column":36},"end":{"line":103,"column":42}},"18":{"start":{"line":104,"column":36},"end":{"line":104,"column":42}},"19":{"start":{"line":106,"column":27},"end":{"line":106,"column":54}},"20":{"start":{"line":106,"column":55},"end":{"line":106,"column":61}},"21":{"start":{"line":108,"column":8},"end":{"line":113,"column":9}},"22":{"start":{"line":109,"column":36},"end":{"line":109,"column":49}},"23":{"start":{"line":109,"column":50},"end":{"line":109,"column":56}},"24":{"start":{"line":110,"column":36},"end":{"line":110,"column":50}},"25":{"start":{"line":110,"column":51},"end":{"line":110,"column":57}},"26":{"start":{"line":112,"column":36},"end":{"line":112,"column":48}},"27":{"start":{"line":112,"column":49},"end":{"line":112,"column":55}},"28":{"start":{"line":114,"column":22},"end":{"line":121,"column":9}},"29":{"start":{"line":122,"column":8},"end":{"line":122,"column":38}},"30":{"start":{"line":132,"column":8},"end":{"line":135,"column":9}},"31":{"start":{"line":133,"column":12},"end":{"line":133,"column":27}},"32":{"start":{"line":134,"column":12},"end":{"line":134,"column":29}},"33":{"start":{"line":136,"column":8},"end":{"line":139,"column":9}},"34":{"start":{"line":137,"column":12},"end":{"line":137,"column":27}},"35":{"start":{"line":138,"column":12},"end":{"line":138,"column":29}},"36":{"start":{"line":140,"column":22},"end":{"line":145,"column":9}},"37":{"start":{"line":146,"column":8},"end":{"line":146,"column":32}},"38":{"start":{"line":156,"column":8},"end":{"line":159,"column":10}},"39":{"start":{"line":169,"column":0},"end":{"line":171,"column":1}},"40":{"start":{"line":170,"column":4},"end":{"line":170,"column":22}},"41":{"start":{"line":172,"column":22},"end":{"line":176,"column":9}},"42":{"start":{"line":177,"column":8},"end":{"line":177,"column":68}},"43":{"start":{"line":189,"column":22},"end":{"line":193,"column":9}},"44":{"start":{"line":194,"column":8},"end":{"line":194,"column":32}},"45":{"start":{"line":205,"column":22},"end":{"line":209,"column":9}},"46":{"start":{"line":210,"column":8},"end":{"line":210,"column":32}},"47":{"start":{"line":221,"column":22},"end":{"line":225,"column":9}},"48":{"start":{"line":226,"column":8},"end":{"line":226,"column":32}},"49":{"start":{"line":242,"column":8},"end":{"line":247,"column":30}},"50":{"start":{"line":246,"column":16},"end":{"line":246,"column":87}},"51":{"start":{"line":263,"column":25},"end":{"line":263,"column":38}},"52":{"start":{"line":264,"column":19},"end":{"line":264,"column":61}},"53":{"start":{"line":264,"column":34},"end":{"line":264,"column":61}},"54":{"start":{"line":265,"column":19},"end":{"line":265,"column":61}},"55":{"start":{"line":265,"column":34},"end":{"line":265,"column":61}},"56":{"start":{"line":266,"column":21},"end":{"line":266,"column":50}},"57":{"start":{"line":268,"column":16},"end":{"line":272,"column":20}},"58":{"start":{"line":269,"column":20},"end":{"line":269,"column":63}},"59":{"start":{"line":271,"column":20},"end":{"line":271,"column":91}},"60":{"start":{"line":273,"column":8},"end":{"line":273,"column":100}},"61":{"start":{"line":289,"column":8},"end":{"line":294,"column":34}},"62":{"start":{"line":293,"column":16},"end":{"line":293,"column":51}},"63":{"start":{"line":93,"column":0},"end":{"line":296,"column":1}}},"fnMap":{"0":{"name":"round","decl":{"start":{"line":73,"column":0},"end":{"line":73,"column":22}},"loc":{"start":{"line":73,"column":33},"end":{"line":79,"column":1}}},"1":{"name":"(anonymous_1)","decl":{"start":{"line":81,"column":0},"end":{"line":81,"column":11}},"loc":{"start":{"line":81,"column":22},"end":{"line":85,"column":1}}},"2":{"name":"(anonymous_2)","decl":{"start":{"line":87,"column":0},"end":{"line":87,"column":11}},"loc":{"start":{"line":87,"column":22},"end":{"line":91,"column":1}}},"3":{"name":"(anonymous_3)","decl":{"start":{"line":99,"column":4},"end":{"line":99,"column":7}},"loc":{"start":{"line":99,"column":34},"end":{"line":123,"column":5}}},"4":{"name":"(anonymous_4)","decl":{"start":{"line":131,"column":4},"end":{"line":131,"column":7}},"loc":{"start":{"line":131,"column":57},"end":{"line":147,"column":5}}},"5":{"name":"(anonymous_5)","decl":{"start":{"line":155,"column":4},"end":{"line":155,"column":9}},"loc":{"start":{"line":155,"column":57},"end":{"line":160,"column":5}}},"6":{"name":"(anonymous_6)","decl":{"start":{"line":168,"column":4},"end":{"line":168,"column":11}},"loc":{"start":{"line":168,"column":43},"end":{"line":178,"column":5}}},"7":{"name":"(anonymous_7)","decl":{"start":{"line":188,"column":4},"end":{"line":188,"column":7}},"loc":{"start":{"line":188,"column":69},"end":{"line":195,"column":5}}},"8":{"name":"(anonymous_8)","decl":{"start":{"line":204,"column":4},"end":{"line":204,"column":10}},"loc":{"start":{"line":204,"column":60},"end":{"line":211,"column":5}}},"9":{"name":"(anonymous_9)","decl":{"start":{"line":220,"column":4},"end":{"line":220,"column":10}},"loc":{"start":{"line":220,"column":60},"end":{"line":227,"column":5}}},"10":{"name":"(anonymous_10)","decl":{"start":{"line":241,"column":4},"end":{"line":241,"column":11}},"loc":{"start":{"line":241,"column":104},"end":{"line":248,"column":5}}},"11":{"name":"(anonymous_11)","decl":{"start":{"line":245,"column":29},"end":{"line":245,"column":30}},"loc":{"start":{"line":246,"column":16},"end":{"line":246,"column":87}}},"12":{"name":"(anonymous_12)","decl":{"start":{"line":262,"column":4},"end":{"line":262,"column":10}},"loc":{"start":{"line":262,"column":145},"end":{"line":274,"column":5}}},"13":{"name":"(anonymous_13)","decl":{"start":{"line":264,"column":19},"end":{"line":264,"column":20}},"loc":{"start":{"line":264,"column":34},"end":{"line":264,"column":61}}},"14":{"name":"(anonymous_14)","decl":{"start":{"line":265,"column":19},"end":{"line":265,"column":20}},"loc":{"start":{"line":265,"column":34},"end":{"line":265,"column":61}}},"15":{"name":"(anonymous_15)","decl":{"start":{"line":268,"column":29},"end":{"line":268,"column":30}},"loc":{"start":{"line":269,"column":20},"end":{"line":269,"column":63}}},"16":{"name":"(anonymous_16)","decl":{"start":{"line":270,"column":29},"end":{"line":270,"column":30}},"loc":{"start":{"line":271,"column":20},"end":{"line":271,"column":91}}},"17":{"name":"(anonymous_17)","decl":{"start":{"line":288,"column":4},"end":{"line":288,"column":8}},"loc":{"start":{"line":288,"column":66},"end":{"line":295,"column":5}}},"18":{"name":"(anonymous_18)","decl":{"start":{"line":292,"column":31},"end":{"line":292,"column":32}},"loc":{"start":{"line":293,"column":16},"end":{"line":293,"column":51}}}},"branchMap":{"0":{"loc":{"start":{"line":75,"column":4},"end":{"line":77,"column":5}},"type":"if","locations":[{"start":{"line":75,"column":4},"end":{"line":77,"column":5}},{"start":{"line":75,"column":4},"end":{"line":77,"column":5}}]},"1":{"loc":{"start":{"line":81,"column":12},"end":{"line":81,"column":22}},"type":"binary-expr","locations":[{"start":{"line":81,"column":12},"end":{"line":81,"column":22}},{"start":{"line":81,"column":12},"end":{"line":81,"column":22}}]},"2":{"loc":{"start":{"line":87,"column":12},"end":{"line":87,"column":22}},"type":"binary-expr","locations":[{"start":{"line":87,"column":12},"end":{"line":87,"column":22}},{"start":{"line":87,"column":12},"end":{"line":87,"column":22}}]},"3":{"loc":{"start":{"line":103,"column":12},"end":{"line":103,"column":42}},"type":"switch","locations":[{"start":{"line":103,"column":12},"end":{"line":103,"column":42}},{"start":{"line":104,"column":12},"end":{"line":104,"column":42}},{"start":{"line":105,"column":12},"end":{"line":105,"column":35}},{"start":{"line":106,"column":12},"end":{"line":106,"column":61}}]},"4":{"loc":{"start":{"line":109,"column":12},"end":{"line":109,"column":56}},"type":"switch","locations":[{"start":{"line":109,"column":12},"end":{"line":109,"column":56}},{"start":{"line":110,"column":12},"end":{"line":110,"column":57}},{"start":{"line":111,"column":12},"end":{"line":111,"column":35}},{"start":{"line":112,"column":12},"end":{"line":112,"column":55}}]},"5":{"loc":{"start":{"line":115,"column":15},"end":{"line":115,"column":20}},"type":"binary-expr","locations":[{"start":{"line":115,"column":15},"end":{"line":115,"column":20}},{"start":{"line":115,"column":24},"end":{"line":115,"column":26}}]},"6":{"loc":{"start":{"line":116,"column":15},"end":{"line":116,"column":20}},"type":"binary-expr","locations":[{"start":{"line":116,"column":15},"end":{"line":116,"column":20}},{"start":{"line":116,"column":24},"end":{"line":116,"column":26}}]},"7":{"loc":{"start":{"line":117,"column":21},"end":{"line":117,"column":32}},"type":"binary-expr","locations":[{"start":{"line":117,"column":21},"end":{"line":117,"column":32}},{"start":{"line":117,"column":34},"end":{"line":117,"column":35}}]},"8":{"loc":{"start":{"line":118,"column":22},"end":{"line":118,"column":33}},"type":"binary-expr","locations":[{"start":{"line":118,"column":22},"end":{"line":118,"column":33}},{"start":{"line":118,"column":35},"end":{"line":118,"column":36}}]},"9":{"loc":{"start":{"line":119,"column":45},"end":{"line":119,"column":54}},"type":"binary-expr","locations":[{"start":{"line":119,"column":45},"end":{"line":119,"column":54}},{"start":{"line":119,"column":56},"end":{"line":119,"column":58}}]},"10":{"loc":{"start":{"line":132,"column":8},"end":{"line":135,"column":9}},"type":"if","locations":[{"start":{"line":132,"column":8},"end":{"line":135,"column":9}},{"start":{"line":132,"column":8},"end":{"line":135,"column":9}}]},"11":{"loc":{"start":{"line":136,"column":8},"end":{"line":139,"column":9}},"type":"if","locations":[{"start":{"line":136,"column":8},"end":{"line":139,"column":9}},{"start":{"line":136,"column":8},"end":{"line":139,"column":9}}]},"12":{"loc":{"start":{"line":142,"column":37},"end":{"line":142,"column":47}},"type":"binary-expr","locations":[{"start":{"line":142,"column":37},"end":{"line":142,"column":47}},{"start":{"line":142,"column":49},"end":{"line":142,"column":51}}]},"13":{"loc":{"start":{"line":143,"column":37},"end":{"line":143,"column":47}},"type":"binary-expr","locations":[{"start":{"line":143,"column":37},"end":{"line":143,"column":47}},{"start":{"line":143,"column":49},"end":{"line":143,"column":51}}]},"14":{"loc":{"start":{"line":169,"column":0},"end":{"line":171,"column":1}},"type":"if","locations":[{"start":{"line":169,"column":0},"end":{"line":171,"column":1}},{"start":{"line":169,"column":0},"end":{"line":171,"column":1}}]},"15":{"loc":{"start":{"line":174,"column":47},"end":{"line":174,"column":57}},"type":"binary-expr","locations":[{"start":{"line":174,"column":47},"end":{"line":174,"column":57}},{"start":{"line":174,"column":59},"end":{"line":174,"column":61}}]},"16":{"loc":{"start":{"line":175,"column":47},"end":{"line":175,"column":57}},"type":"binary-expr","locations":[{"start":{"line":175,"column":47},"end":{"line":175,"column":57}},{"start":{"line":175,"column":59},"end":{"line":175,"column":61}}]},"17":{"loc":{"start":{"line":243,"column":29},"end":{"line":243,"column":42}},"type":"cond-expr","locations":[{"start":{"line":243,"column":29},"end":{"line":243,"column":42}},{"start":{"line":243,"column":45},"end":{"line":243,"column":54}}]},"18":{"loc":{"start":{"line":266,"column":25},"end":{"line":266,"column":38}},"type":"cond-expr","locations":[{"start":{"line":266,"column":25},"end":{"line":266,"column":38}},{"start":{"line":266,"column":41},"end":{"line":266,"column":50}}]},"19":{"loc":{"start":{"line":269,"column":34},"end":{"line":269,"column":35}},"type":"cond-expr","locations":[{"start":{"line":269,"column":34},"end":{"line":269,"column":35}},{"start":{"line":269,"column":36},"end":{"line":269,"column":42}}]},"20":{"loc":{"start":{"line":271,"column":35},"end":{"line":271,"column":54}},"type":"cond-expr","locations":[{"start":{"line":271,"column":35},"end":{"line":271,"column":54}},{"start":{"line":271,"column":56},"end":{"line":271,"column":62}}]},"21":{"loc":{"start":{"line":271,"column":76},"end":{"line":271,"column":86}},"type":"cond-expr","locations":[{"start":{"line":271,"column":76},"end":{"line":271,"column":86}},{"start":{"line":271,"column":87},"end":{"line":271,"column":88}}]},"22":{"loc":{"start":{"line":290,"column":29},"end":{"line":290,"column":42}},"type":"cond-expr","locations":[{"start":{"line":290,"column":29},"end":{"line":290,"column":42}},{"start":{"line":290,"column":45},"end":{"line":290,"column":54}}]}},"s":{"0":13,"1":0,"2":0,"3":0,"4":0,"5":13,"6":13,"7":13,"8":13,"9":13,"10":13,"11":13,"12":13,"13":13,"14":0,"15":0,"16":0,"17":0,"18":0,"19":0,"20":0,"21":0,"22":0,"23":0,"24":0,"25":0,"26":0,"27":0,"28":0,"29":0,"30":0,"31":0,"32":0,"33":0,"34":0,"35":0,"36":0,"37":0,"38":0,"39":0,"40":0,"41":0,"42":0,"43":0,"44":0,"45":0,"46":0,"47":0,"48":0,"49":0,"50":0,"51":0,"52":0,"53":0,"54":0,"55":0,"56":0,"57":0,"58":0,"59":0,"60":0,"61":0,"62":0,"63":13},"f":{"0":0,"1":13,"2":13,"3":0,"4":0,"5":0,"6":0,"7":0,"8":0,"9":0,"10":0,"11":0,"12":0,"13":0,"14":0,"15":0,"16":0,"17":0,"18":0},"b":{"0":[0,0],"1":[13,13],"2":[13,13],"3":[0,0,0,0],"4":[0,0,0,0],"5":[0,0],"6":[0,0],"7":[0,0],"8":[0,0],"9":[0,0],"10":[0,0],"11":[0,0],"12":[0,0],"13":[0,0],"14":[0,0],"15":[0,0],"16":[0,0],"17":[0,0],"18":[0,0],"19":[0,0],"20":[0,0],"21":[0,0],"22":[0,0]}}
,"/Users/sth1pal/Documents/Development/JavaScript/nodejs/ts6/dev/hsLibs/mithril/hsGraph/src/Scale.ts": {"path":"/Users/sth1pal/Documents/Development/JavaScript/nodejs/ts6/dev/hsLibs/mithril/hsGraph/src/Scale.ts","statementMap":{"0":{"start":{"line":8,"column":0},"end":{"line":8,"column":37}},"1":{"start":{"line":9,"column":0},"end":{"line":9,"column":37}},"2":{"start":{"line":17,"column":4},"end":{"line":17,"column":70}},"3":{"start":{"line":21,"column":4},"end":{"line":21,"column":59}},"4":{"start":{"line":28,"column":18},"end":{"line":28,"column":60}},"5":{"start":{"line":29,"column":8},"end":{"line":29,"column":42}},"6":{"start":{"line":30,"column":20},"end":{"line":30,"column":48}},"7":{"start":{"line":31,"column":20},"end":{"line":31,"column":47}},"8":{"start":{"line":32,"column":8},"end":{"line":32,"column":69}},"9":{"start":{"line":32,"column":43},"end":{"line":32,"column":67}},"10":{"start":{"line":33,"column":8},"end":{"line":33,"column":20}},"11":{"start":{"line":35,"column":22},"end":{"line":35,"column":73}},"12":{"start":{"line":36,"column":4},"end":{"line":36,"column":48}},"13":{"start":{"line":40,"column":26},"end":{"line":40,"column":79}},"14":{"start":{"line":40,"column":43},"end":{"line":40,"column":79}},"15":{"start":{"line":41,"column":4},"end":{"line":41,"column":44}},"16":{"start":{"line":42,"column":4},"end":{"line":42,"column":46}},"17":{"start":{"line":43,"column":4},"end":{"line":43,"column":46}},"18":{"start":{"line":48,"column":4},"end":{"line":48,"column":37}},"19":{"start":{"line":49,"column":4},"end":{"line":49,"column":37}},"20":{"start":{"line":50,"column":14},"end":{"line":50,"column":67}},"21":{"start":{"line":51,"column":14},"end":{"line":51,"column":58}},"22":{"start":{"line":52,"column":14},"end":{"line":52,"column":57}},"23":{"start":{"line":53,"column":4},"end":{"line":73,"column":5}},"24":{"start":{"line":54,"column":8},"end":{"line":61,"column":9}},"25":{"start":{"line":55,"column":12},"end":{"line":60,"column":13}},"26":{"start":{"line":56,"column":16},"end":{"line":59,"column":74}},"27":{"start":{"line":56,"column":40},"end":{"line":56,"column":72}},"28":{"start":{"line":57,"column":21},"end":{"line":59,"column":74}},"29":{"start":{"line":58,"column":21},"end":{"line":59,"column":74}},"30":{"start":{"line":58,"column":40},"end":{"line":58,"column":72}},"31":{"start":{"line":59,"column":21},"end":{"line":59,"column":74}},"32":{"start":{"line":59,"column":40},"end":{"line":59,"column":72}},"33":{"start":{"line":63,"column":8},"end":{"line":63,"column":41}},"34":{"start":{"line":64,"column":8},"end":{"line":64,"column":40}},"35":{"start":{"line":65,"column":8},"end":{"line":67,"column":9}},"36":{"start":{"line":66,"column":12},"end":{"line":66,"column":21}},"37":{"start":{"line":68,"column":8},"end":{"line":70,"column":9}},"38":{"start":{"line":69,"column":12},"end":{"line":69,"column":42}},"39":{"start":{"line":71,"column":8},"end":{"line":71,"column":40}},"40":{"start":{"line":72,"column":8},"end":{"line":72,"column":40}},"41":{"start":{"line":76,"column":23},"end":{"line":78,"column":1}},"42":{"start":{"line":82,"column":27},"end":{"line":88,"column":9}},"43":{"start":{"line":82,"column":43},"end":{"line":88,"column":9}},"44":{"start":{"line":89,"column":24},"end":{"line":89,"column":44}},"45":{"start":{"line":90,"column":24},"end":{"line":90,"column":44}},"46":{"start":{"line":91,"column":24},"end":{"line":91,"column":44}},"47":{"start":{"line":92,"column":24},"end":{"line":92,"column":44}},"48":{"start":{"line":93,"column":24},"end":{"line":93,"column":34}},"49":{"start":{"line":94,"column":24},"end":{"line":94,"column":34}},"50":{"start":{"line":95,"column":24},"end":{"line":95,"column":37}},"51":{"start":{"line":96,"column":24},"end":{"line":96,"column":37}},"52":{"start":{"line":97,"column":8},"end":{"line":97,"column":49}},"53":{"start":{"line":98,"column":8},"end":{"line":100,"column":9}},"54":{"start":{"line":99,"column":12},"end":{"line":99,"column":42}},"55":{"start":{"line":103,"column":27},"end":{"line":106,"column":5}},"56":{"start":{"line":107,"column":4},"end":{"line":107,"column":75}},"57":{"start":{"line":107,"column":39},"end":{"line":107,"column":73}},"58":{"start":{"line":108,"column":4},"end":{"line":108,"column":65}},"59":{"start":{"line":108,"column":39},"end":{"line":108,"column":63}},"60":{"start":{"line":109,"column":14},"end":{"line":109,"column":57}},"61":{"start":{"line":110,"column":4},"end":{"line":119,"column":7}},"62":{"start":{"line":111,"column":21},"end":{"line":111,"column":90}},"63":{"start":{"line":112,"column":8},"end":{"line":118,"column":9}},"64":{"start":{"line":113,"column":12},"end":{"line":113,"column":37}},"65":{"start":{"line":114,"column":12},"end":{"line":114,"column":74}},"66":{"start":{"line":115,"column":12},"end":{"line":115,"column":24}},"67":{"start":{"line":117,"column":12},"end":{"line":117,"column":25}},"68":{"start":{"line":124,"column":17},"end":{"line":124,"column":57}},"69":{"start":{"line":124,"column":46},"end":{"line":124,"column":57}},"70":{"start":{"line":126,"column":8},"end":{"line":126,"column":38}},"71":{"start":{"line":126,"column":39},"end":{"line":126,"column":69}},"72":{"start":{"line":128,"column":25},"end":{"line":128,"column":63}},"73":{"start":{"line":129,"column":24},"end":{"line":132,"column":5}},"74":{"start":{"line":133,"column":4},"end":{"line":142,"column":5}},"75":{"start":{"line":134,"column":32},"end":{"line":134,"column":62}},"76":{"start":{"line":134,"column":63},"end":{"line":134,"column":75}},"77":{"start":{"line":134,"column":76},"end":{"line":134,"column":82}},"78":{"start":{"line":135,"column":32},"end":{"line":135,"column":68}},"79":{"start":{"line":135,"column":69},"
[...]
"end":{"line":218,"column":94}}]},"42":{"loc":{"start":{"line":222,"column":12},"end":{"line":222,"column":96}},"type":"switch","locations":[{"start":{"line":222,"column":12},"end":{"line":222,"column":96}},{"start":{"line":223,"column":12},"end":{"line":223,"column":51}}]},"43":{"loc":{"start":{"line":230,"column":33},"end":{"line":230,"column":34}},"type":"default-arg","locations":[{"start":{"line":230,"column":33},"end":{"line":230,"column":34}}]},"44":{"loc":{"start":{"line":233,"column":16},"end":{"line":233,"column":39}},"type":"switch","locations":[{"start":{"line":233,"column":16},"end":{"line":233,"column":39}},{"start":{"line":234,"column":16},"end":{"line":238,"column":26}},{"start":{"line":239,"column":16},"end":{"line":239,"column":35}},{"start":{"line":240,"column":16},"end":{"line":240,"column":36}},{"start":{"line":241,"column":16},"end":{"line":241,"column":39}},{"start":{"line":242,"column":16},"end":{"line":242,"column":39}},{"start":{"line":243,"column":16},"end":{"line":243,"column":38}},{"start":{"line":244,"column":16},"end":{"line":246,"column":112}}]},"45":{"loc":{"start":{"line":237,"column":60},"end":{"line":237,"column":106}},"type":"cond-expr","locations":[{"start":{"line":237,"column":60},"end":{"line":237,"column":106}},{"start":{"line":237,"column":109},"end":{"line":237,"column":111}}]},"46":{"loc":{"start":{"line":245,"column":60},"end":{"line":245,"column":106}},"type":"cond-expr","locations":[{"start":{"line":245,"column":60},"end":{"line":245,"column":106}},{"start":{"line":245,"column":109},"end":{"line":245,"column":111}}]},"47":{"loc":{"start":{"line":246,"column":60},"end":{"line":246,"column":106}},"type":"cond-expr","locations":[{"start":{"line":246,"column":60},"end":{"line":246,"column":106}},{"start":{"line":246,"column":109},"end":{"line":246,"column":111}}]},"48":{"loc":{"start":{"line":250,"column":41},"end":{"line":250,"column":54}},"type":"binary-expr","locations":[{"start":{"line":250,"column":41},"end":{"line":250,"column":54}},{"start":{"line":250,"column":58},"end":{"line":250,"column":71}}]},"49":{"loc":{"start":{"line":254,"column":8},"end":{"line":254,"column":114}},"type":"if","locations":[{"start":{"line":254,"column":8},"end":{"line":254,"column":114}},{"start":{"line":254,"column":8},"end":{"line":254,"column":114}}]},"50":{"loc":{"start":{"line":267,"column":12},"end":{"line":269,"column":22}},"type":"switch","locations":[{"start":{"line":267,"column":12},"end":{"line":269,"column":22}},{"start":{"line":270,"column":12},"end":{"line":270,"column":42}},{"start":{"line":271,"column":12},"end":{"line":271,"column":32}},{"start":{"line":272,"column":12},"end":{"line":272,"column":35}},{"start":{"line":273,"column":12},"end":{"line":273,"column":33}},{"start":{"line":274,"column":12},"end":{"line":274,"column":35}},{"start":{"line":275,"column":12},"end":{"line":275,"column":34}},{"start":{"line":276,"column":12},"end":{"line":277,"column":97}}]}},"s":{"0":13,"1":13,"2":0,"3":0,"4":0,"5":0,"6":0,"7":0,"8":0,"9":0,"10":0,"11":0,"12":0,"13":0,"14":0,"15":0,"16":0,"17":0,"18":0,"19":0,"20":0,"21":0,"22":0,"23":0,"24":0,"25":0,"26":0,"27":0,"28":0,"29":0,"30":0,"31":0,"32":0,"33":0,"34":0,"35":0,"36":0,"37":0,"38":0,"39":0,"40":0,"41":13,"42":0,"43":0,"44":0,"45":0,"46":0,"47":0,"48":0,"49":0,"50":0,"51":0,"52":0,"53":0,"54":0,"55":0,"56":0,"57":0,"58":0,"59":0,"60":0,"61":0,"62":0,"63":0,"64":0,"65":0,"66":0,"67":0,"68":0,"69":0,"70":0,"71":0,"72":0,"73":0,"74":0,"75":0,"76":0,"77":0,"78":0,"79":0,"80":0,"81":0,"82":0,"83":0,"84":0,"85":0,"86":0,"87":0,"88":0,"89":0,"90":0,"91":0,"92":0,"93":0,"94":0,"95":0,"96":0,"97":0,"98":0,"99":0,"100":0,"101":0,"102":0,"103":0,"104":0,"105":0,"106":0,"107":0,"108":0,"109":0,"110":0,"111":0,"112":0,"113":0,"114":0,"115":0,"116":0,"117":0,"118":0,"119":0,"120":0,"121":0,"122":0,"123":0,"124":0,"125":0,"126":0,"127":0,"128":0,"129":0,"130":0,"131":0,"132":0,"133":0,"134":0,"135":0,"136":0,"137":0,"138":0,"139":0,"140":0,"141":0,"142":0,"143":0,"144":0,"145":0,"146":0,"147":0,"148":0,"149":0,"150":0,"151":0,"152":0,"153":0,"154":0,"155":0,"156":0,"157":0,"158":0,"159":0,"160":0,"161":0,"162":0,"163":0,"164":0,"165":0,"166":0,"167":0,"168":0,"169":0,"170":0,"171":0,"172":13},"f":{"0":0,"1":0,"2":0,"3":0,"4":0,"5":0,"6":0,"7":0,"8":0,"9":0,"10":0,"11":0,"12":0,"13":0,"14":0,"15":0,"16":0,"17":0,"18":0,"19":0,"20":0,"21":0,"22":0,"23":0,"24":0,"25":0,"26":0,"27":0},"b":{"0":[0,0],"1":[0,0],"2":[0,0],"3":[0,0],"4":[0,0],"5":[0,0],"6":[0,0],"7":[0],"8":[0,0],"9":[0,0],"10":[0,0],"11":[0,0],"12":[0,0],"13":[0,0],"14":[0,0],"15":[0,0],"16":[0,0],"17":[0,0],"18":[0,0],"19":[0,0],"20":[0,0],"21":[0,0],"22":[0,0],"23":[0,0],"24":[0,0,0,0,0,0,0,0],"25":[0,0],"26":[0,0],"27":[0,0],"28":[0,0],"29":[0,0],"30":[0,0],"31":[0,0],"32":[0,0],"33":[0,0],"34":[0,0,0],"35":[0,0,0],"36":[0,0],"37":[0,0],"38":[0,0],"39":[0,0],"40":[0,0],"41":[0,0],"42":[0,0],"43":[0],"44":[0,0,0,0,0,0,0,0],"45":[0,0],"46":[0,0],"47":[0,0],"48":[0,0],"49":[0,0],"50":[0,0,0,0,0,0,0,0]}}
,"/Users/sth1pal/Documents/Development/JavaScript/nodejs/ts6/dev/hsLibs/mithril/hsGraph/src/Series.ts": {"path":"/Users/sth1pal/Documents/Development/JavaScript/nodejs/ts6/dev/hsLibs/mithril/hsGraph/src/Series.ts","statementMap":{"0":{"start":{"line":21,"column":0},"end":{"line":21,"column":45}},"1":{"start":{"line":27,"column":0},"end":{"line":27,"column":40}},"2":{"start":{"line":28,"column":0},"end":{"line":28,"column":37}},"3":{"start":{"line":30,"column":0},"end":{"line":30,"column":41}},"4":{"start":{"line":31,"column":0},"end":{"line":31,"column":44}},"5":{"start":{"line":32,"column":0},"end":{"line":32,"column":40}},"6":{"start":{"line":33,"column":0},"end":{"line":33,"column":41}},"7":{"start":{"line":37,"column":4},"end":{"line":45,"column":7}},"8":{"start":{"line":38,"column":8},"end":{"line":44,"column":9}},"9":{"start":{"line":39,"column":12},"end":{"line":39,"column":64}},"10":{"start":{"line":39,"column":45},"end":{"line":39,"column":62}},"11":{"start":{"line":40,"column":12},"end":{"line":40,"column":60}},"12":{"start":{"line":42,"column":12},"end":{"line":42,"column":73}},"13":{"start":{"line":42,"column":45},"end":{"line":42,"column":71}},"14":{"start":{"line":43,"column":12},"end":{"line":43,"column":75}},"15":{"start":{"line":43,"column":45},"end":{"line":43,"column":73}},"16":{"start":{"line":148,"column":8},"end":{"line":148,"column":40}},"17":{"start":{"line":156,"column":8},"end":{"line":162,"column":11}},"18":{"start":{"line":157,"column":12},"end":{"line":161,"column":13}},"19":{"start":{"line":158,"column":16},"end":{"line":158,"column":53}},"20":{"start":{"line":159,"column":16},"end":{"line":159,"column":64}},"21":{"start":{"line":160,"column":16},"end":{"line":160,"column":51}},"22":{"start":{"line":166,"column":8},"end":{"line":172,"column":20}},"23":{"start":{"line":176,"column":34},"end":{"line":176,"column":48}},"24":{"start":{"line":177,"column":31},"end":{"line":177,"column":56}},"25":{"start":{"line":178,"column":31},"end":{"line":178,"column":46}},"26":{"start":{"line":179,"column":23},"end":{"line":179,"column":81}},"27":{"start":{"line":180,"column":8},"end":{"line":186,"column":11}},"28":{"start":{"line":181,"column":12},"end":{"line":185,"column":13}},"29":{"start":{"line":182,"column":16},"end":{"line":182,"column":32}},"30":{"start":{"line":183,"column":16},"end":{"line":183,"column":49}},"31":{"start":{"line":184,"column":16},"end":{"line":184,"column":59}},"32":{"start":{"line":187,"column":8},"end":{"line":198,"column":11}},"33":{"start":{"line":188,"column":23},"end":{"line":188,"column":40}},"34":{"start":{"line":189,"column":12},"end":{"line":192,"column":13}},"35":{"start":{"line":190,"column":31},"end":{"line":190,"column":48}},"36":{"start":{"line":191,"column":16},"end":{"line":191,"column":104}},"37":{"start":{"line":191,"column":79},"end":{"line":191,"column":100}},"38":{"start":{"line":193,"column":12},"end":{"line":197,"column":13}},"39":{"start":{"line":194,"column":16},"end":{"line":194,"column":37}},"40":{"start":{"line":195,"column":16},"end":{"line":195,"column":35}},"41":{"start":{"line":196,"column":16},"end":{"line":196,"column":45}},"42":{"start":{"line":199,"column":8},"end":{"line":213,"column":11}},"43":{"start":{"line":202,"column":27},"end":{"line":202,"column":44}},"44":{"start":{"line":203,"column":29},"end":{"line":203,"column":68}},"45":{"start":{"line":204,"column":16},"end":{"line":204,"column":48}},"46":{"start":{"line":205,"column":26},"end":{"line":205,"column":56}},"47":{"start":{"line":206,"column":29},"end":{"line":206,"column":63}},"48":{"start":{"line":207,"column":16},"end":{"line":210,"column":17}},"49":{"start":{"line":208,"column":35},"end":{"line":208,"column":51}},"50":{"start":{"line":209,"column":20},"end":{"line":209,"column":108}},"51":{"start":{"line":209,"column":83},"end":{"line":209,"column":104}},"52":{"start":{"line":211,"column":16},"end":{"line":211,"column":70}},"53":{"start":{"line":60,"column":11},"end":{"line":66,"column":6}},"54":{"start":{"line":73,"column":11},"end":{"line":78,"column":6}},"55":{"start":{"line":80,"column":11},"end":{"line":83,"column":6}},"56":{"start":{"line":89,"column":18},"end":{"line":95,"column":6}},"57":{"start":{"line":98,"column":18},"end":{"line":98,"column":115}},"58":{"start":{"line":51,"column":0},"end":{"line":215,"column":1}},"59":{"start":{"line":319,"column":12},"end":{"line":319,"column":40}},"60":{"start":{"line":329,"column":11},"end":{"line":329,"column":23}},"61":{"start":{"line":336,"column":25},"end":{"line":336,"column":44}},"62":{"start":{"line":337,"column":26},"end":{"line":337,"column":46}},"63":{"start":{"line":338,"column":8},"end":{"line":361,"column":11}},"64":{"start":{"line":339,"column":12},"end":{"line":339,"column":38}},"65":{"start":{"line":340,"column":12},"end":{"line":340,"column":49}},"66":{"start":{"line":341,"column":12},"end":{"line":341,"column":43}},"67":{"start":{"line":342,"column":29},"end":{"line":344,"column":13}},"68":{"start":{"line":345,"column":12},"end":{"line":345,"column":53}},"69":{"start":{"line":346,"column":12},"end":{"line":346,"column":36}},"70":{"start":{"line":347,"column":12},"end":{"line":360,"column":13}},"71":{"start":{"line":349,"column":20},"end":{"line":349,"column":48}},"72":{"start":{"line":350,"column":20},"end":{"line":350,"column":26}},"73":{"start":{"line":352,"column":20},"end":{"line":352,"column":50}},"74":{"start":{"line":353,"column":20},"end":{"line":353,"column":26}},"75":{"start":{"line":355,"column":20},"end":{"line":355,"column":48}},"76":{"start":{"line":356,"column":20},"end":{"line":356,"column":26}},"77":{"start":{"line":358,"column":20},"end":{"line":358,"column":48}},"78":{"start":{"line":359,"column":20},"end":{"line":359,"column":26}},"79":{"start":{"line":363,"column":38},"end":{"line":363,"column":61}},"80":{"start":{"line":318,"column":0},"end":{"line":364,"column":1}}},"fnMap":{"0":{"name":"copyDefault","decl":{"start":{"line":36,"column":0},"end":{"line":36,"column":20}},"loc":{"start":{"line":36,"column":57},"end":{"line":46,"column":1}}},"1":{"name":"(anonymous_1)","decl":{"start":{"line":37,"column":32},"end":{"line":37,"column":33}},"loc":{"start":{"line":37,"column":47},"end":{"line":45,"column":5}}},"2":{"name":"(anonymous_2)","decl":{"start":{"line":147,"column":4},"end":{"line":147,"column":9}},"loc":{"start":{"line":147,"column":35},"end":{"line":149,"column":5}}},"3":{"name":"(anonymous_3)","decl":{"start":{"line":155,"column":4},"end":{"line":155,"column":9}},"loc":{"start":{"line":155,"column":34},"end":{"line":163,"column":5}}},"4":{"name":"(anonymous_4)","decl":{"start":{"line":156,"column":34},"end":{"line":156,"column":35}},"loc":{"start":{"line":156,"column":50},"end":{"line":162,"column":9}}},"5":{"name":"(anonymous_5)","decl":{"start":{"line":165,"column":4},"end":{"line":165,"column":15}},"loc":{"start":{"line":165,"column":46},"end":{"line":173,"column":5}}},"6":{"name":"(anonymous_6)","decl":{"start":{"line":175,"column":4},"end":{"line":175,"column":7}},"loc":{"start":{"line":175,"column":21},"end":{"line":214,"column":5}}},"7":{"name":"(anonymous_7)","decl":{"start":{"line":180,"column":23},"end":{"line":180,"column":24}},"loc":{"start":{"line":180,"column":39},"end":{"line":186,"column":9}}},"8":{"name":"(anonymous_8)","decl":{"start":{"line":187,"column":23},"end":{"line":187,"column":24}},"loc":{"start":{"line":187,"column":39},"end":{"line":198,"column":9}}},"9":{"name":"(anonymous_9)","decl":{"start":{"line":191,"column":41},"end":{"line":191,"column":42}},"loc":{"start":{"line":191,"column":77},"end":{"line":191,"column":102}}},"10":{"name":"(anonymous_10)","decl":{"start":{"line":201,"column":36},"end":{"line":201,"column":37}},"loc":{"start":{"line":201,"column":62},"end":{"line":212,"column":13}}},"11":{"name":"(anonymous_11)","decl":{"start":{"line":209,"column":45},"end":{"line":209,"column":46}},"loc":{"start":{"line":209,"column":81},"end":{"line":209,"column":106}}},"12":{"name":"(anonymous_12)","decl":{"start":{"line":318,"column":0},"end":{"line":null,"column":-1}},"loc":{"start":{"line":318,"column":0},"end":{"line":364,"column":1}}},"13":{"name":"(anonymous_13)","decl":{"start":{"line":335,"column":4},"end":{"line":335,"column":14}},"loc":{"start":{"line":335,"column":38},"end":{"line":362,"column":5}}},"14":{"name":"(anonymous_14)","decl":{"start":{"line":338,"column":20},"end":{"line":338,"column":21}},"loc":{"start":{"line":338,"column":36},"end":{"line":361,"column":9}}},"15":{"name":"(anonymous_15)","decl":{"start":{"line":363,"column":4},"end":{"line":363,"column":14}},"loc":{"start":{"line":363,"column":21},"end":{"line":363,"column":63}}}},"branchMap":{"0":{"loc":{"start":{"line":38,"column":8},"end":{"line":44,"column":9}},"type":"if","locations":[{"start":{"line":38,"column":8},"end":{"line":44,"column":9}},{"start":{"line":38,"column":8},"end":{"line":44,"column":9}}]},"1":{"loc":{"start":{"line":39,"column":12},"end":{"line":39,"column":64}},"type":"if","locations":[{"start":{"line":39,"column":12},"end":{"line":39,"column":64}},{"start":{"line":39,"column":12},"end":{"line":39,"column":64}}]},"2":{"loc":{"start":{"line":42,"column":12},"end":{"line":42,"column":73}},"type":"if","locations":[{"start":{"line":42,"column":12},"end":{"line":42,"column":73}},{"start":{"line":42,"column":12},"end":{"line":42,"column":73}}]},"3":{"loc":{"start":{"line":43,"column":12},"end":{"line":43,"column":75}},"type":"if","locations":[{"start":{"line":43,"column":12},"end":{"line":43,"column":75}},{"start":{"line":43,"column":12},"end":{"line":43,"column":75}}]},"4":{"loc":{"start":{"line":157,"column":12},"end":{"line":161,"column":13}},"type":"if","locations":[{"start":{"line":157,"column":12},"end":{"line":161,"column":13}},{"start":{"line":157,"column":12},"end":{"line":161,"column":13}}]},"5":{"loc":{"start":{"line":166,"column":24},"end":{"line":166,"column":29}},"type":"cond-expr","locations":[{"start":{"line":166,"column":24},"end":{"line":166,"column":29}},{"start":{"line":166,"column":32},"end":{"line":172,"column":19}}]},"6":{"loc":{"start":{"line":179,"column":33},"end":{"line":179,"column":69}},"type":"cond-expr","locations":[{"start":{"line":179,"column":33},"end":{"line":179,"column":69}},{"start":{"line":179,"column":72},"end":{"line":179,"column":81}}]},"7":{"loc":{"start":{"line":181,"column":12},"end":{"line":185,"column":13}},"type":"if","locations":[{"start":{"line":181,"column":12},"end":{"line":185,"column":13}},{"start":{"line":181,"column":12},"end":{"line":185,"column":13}}]},"8":{"loc":{"start":{"line":189,"column":12},"end":{"line":192,"column":13}},"type":"if","locations":[{"start":{"line":189,"column":12},"end":{"line":192,"column":13}},{"start":{"line":189,"column":12},"end":{"line":192,"column":13}}]},"9":{"loc":{"start":{"line":193,"column":12},"end":{"line":197,"column":13}},"type":"if","locations":[{"start":{"line":193,"column":12},"end":{"line":197,"column":13}},{"start":{"line":193,"column":12},"end":{"line":197,"column":13}}]},"10":{"loc":{"start":{"line":203,"column":29},"end":{"line":203,"column":48}},"type":"binary-expr","locations":[{"start":{"line":203,"column":29},"end":{"line":203,"column":48}},{"start":{"line":203,"column":52},"end":{"line":203,"column":68}}]},"11":{"loc":{"start":{"line":205,"column":34},"end":{"line":205,"column":51}},"type":"cond-expr","locations":[{"start":{"line":205,"column":34},"end":{"line":205,"column":51}},{"start":{"line":205,"column":54},"end":{"line":205,"column":56}}]},"12":{"loc":{"start":{"line":207,"column":16},"end":{"line":210,"column":17}},"type":"if","locations":[{"start":{"line":207,"column":16},"end":{"line":210,"column":17}},{"start":{"line":207,"column":16},"end":{"line":210,"column":17}}]},"13":{"loc":{"start":{"line":339,"column":21},"end":{"line":339,"column":27}},"type":"binary-expr","locations":[{"start":{"line":339,"column":21},"end":{"line":339,"column":27}},{"start":{"line":339,"column":31},"end":{"line":339,"column":37}}]},"14":{"loc":{"start":{"line":340,"column":22},"end":{"line":340,"column":29}},"type":"binary-expr","locations":[{"start":{"line":340,"column":22},"end":{"line":340,"column":29}},{"start":{"line":340,"column":46},"end":{"line":340,"column":48}}]},"15":{"loc":{"start":{"line":341,"column":26},"end":{"line":341,"column":37}},"type":"binary-expr","locations":[{"start":{"line":341,"column":26},"end":{"line":341,"column":37}},{"start":{"line":341,"column":41},"end":{"line":341,"column":42}}]},"16":{"loc":{"start":{"line":348,"column":16},"end":{"line":350,"column":26}},"type":"switch","locations":[{"start":{"line":348,"column":16},"end":{"line":350,"column":26}},{"start":{"line":351,"column":16},"end":{"line":353,"column":26}},{"start":{"line":354,"column":16},"end":{"line":356,"column":26}},{"start":{"line":357,"column":16},"end":{"line":359,"column":26}}]}},"s":{"0":13,"1":13,"2":13,"3":13,"4":13,"5":13,"6":13,"7":0,"8":0,"9":0,"10":0,"11":0,"12":0,"13":0,"14":0,"15":0,"16":0,"17":0,"18":0,"19":0,"20":0,"21":0,"22":0,"23":0,"24":0,"25":0,"26":0,"27":0,"28":0,"29":0,"30":0,"31":0,"32":0,"33":0,"34":0,"35":0,"36":0,"37":0,"38":0,"39":0,"40":0,"41":0,"42":0,"43":0,"44":0,"45":0,"46":0,"47":0,"48":0,"49":0,"50":0,"51":0,"52":0,"53":13,"54":13,"55":13,"56":13,"57":13,"58":13,"59":0,"60":0,"61":0,"62":0,"63":0,"64":0,"65":0,"66":0,"67":0,"68":0,"69":0,"70":0,"71":0,"72":0,"73":0,"74":0,"75":0,"76":0,"77":0,"78":0,"79":0,"80":13},"f":{"0":0,"1":0,"2":0,"3":0,"4":0,"5":0,"6":0,"7":0,"8":0,"9":0,"10":0,"11":0,"12":0,"13":0,"14":0,"15":0},"b":{"0":[0,0],"1":[0,0],"2":[0,0],"3":[0,0],"4":[0,0],"5":[0,0],"6":[0,0],"7":[0,0],"8":[0,0],"9":[0,0],"10":[0,0],"11":[0,0],"12":[0,0],"13":[0,0],"14":[0,0],"15":[0,0],"16":[0,0,0,0]}}
,"/Users/sth1pal/Documents/Development/JavaScript/nodejs/ts6/dev/hsLibs/mithril/hsGraph/src/index.ts": {"path":"/Users/sth1pal/Documents/Development/JavaScript/nodejs/ts6/dev/hsLibs/mithril/hsGraph/src/index.ts","statementMap":{"0":{"start":{"line":1,"column":0},"end":{"line":1,"column":34}},"1":{"start":{"line":1,"column":9},"end":{"line":1,"column":14}},"2":{"start":{"line":2,"column":0},"end":{"line":4,"column":35}},"3":{"start":{"line":2,"column":9},"end":{"line":2,"column":15}},"4":{"start":{"line":3,"column":9},"end":{"line":3,"column":18}},"5":{"start":{"line":5,"column":0},"end":{"line":5,"column":33}},"6":{"start":{"line":5,"column":9},"end":{"line":5,"column":13}},"7":{"start":{"line":6,"column":0},"end":{"line":6,"column":34}},"8":{"start":{"line":6,"column":9},"end":{"line":6,"column":14}},"9":{"start":{"line":7,"column":0},"end":{"line":7,"column":33}},"10":{"start":{"line":7,"column":9},"end":{"line":7,"column":13}},"11":{"start":{"line":8,"column":0},"end":{"line":8,"column":35}},"12":{"start":{"line":8,"column":9},"end":{"line":8,"column":15}}},"fnMap":{},"branchMap":{},"s":{"0":13,"1":13,"2":13,"3":13,"4":13,"5":13,"6":13,"7":13,"8":13,"9":13,"10":13,"11":13,"12":13},"f":{},"b":{}}
}
