TN:
SF:/Users/sth1pal/Documents/Development/JavaScript/nodejs/ts6/dev/hsLibs/mithril/hsGraph/src/Axes.ts
FN:88,getCrossAt
FN:196,(anonymous_1)
FN:197,scaleCfg
FN:203,labelCfg
FN:212,markCfg
FN:218,titleCfg
FN:227,axisCfg
FN:263,(anonymous_7)
FN:269,(anonymous_8)
FN:277,(anonymous_9)
FN:287,(anonymous_10)
FN:289,(anonymous_11)
FN:299,(anonymous_12)
FN:302,(anonymous_13)
FN:318,(anonymous_14)
FN:335,(anonymous_15)
FNF:16
FNH:0
FNDA:0,getCrossAt
FNDA:0,(anonymous_1)
FNDA:0,scaleCfg
FNDA:0,labelCfg
FNDA:0,markCfg
FNDA:0,titleCfg
FNDA:0,axisCfg
FNDA:0,(anonymous_7)
FNDA:0,(anonymous_8)
FNDA:0,(anonymous_9)
FNDA:0,(anonymous_10)
FNDA:0,(anonymous_11)
FNDA:0,(anonymous_12)
FNDA:0,(anonymous_13)
FNDA:0,(anonymous_14)
FNDA:0,(anonymous_15)
DA:62,13
DA:77,13
DA:90,0
DA:91,0
DA:92,0
DA:93,0
DA:95,0
DA:98,13
DA:109,13
DA:198,0
DA:204,0
DA:213,0
DA:219,0
DA:228,0
DA:247,0
DA:270,0
DA:278,0
DA:279,0
DA:280,0
DA:288,0
DA:290,0
DA:300,0
DA:301,0
DA:303,0
DA:304,0
DA:305,0
DA:319,0
DA:320,0
DA:321,0
DA:322,0
DA:323,0
DA:324,0
DA:325,0
DA:336,0
DA:337,0
DA:338,0
LF:36
LH:4
BRDA:91,0,0,0
BRDA:91,0,1,0
BRDA:91,0,2,0
BRDA:93,1,0,0
BRDA:93,1,1,0
BRDA:206,2,0,0
BRDA:206,2,1,0
BRDA:206,3,0,0
BRDA:206,3,1,0
BRDA:207,4,0,0
BRDA:207,4,1,0
BRDA:207,5,0,0
BRDA:207,5,1,0
BRDA:208,6,0,0
BRDA:208,6,1,0
BRDA:208,7,0,0
BRDA:208,7,1,0
BRDA:209,8,0,0
BRDA:209,8,1,0
BRDA:209,9,0,0
BRDA:209,9,1,0
BRDA:215,10,0,0
BRDA:215,10,1,0
BRDA:215,11,0,0
BRDA:215,11,1,0
BRDA:220,12,0,0
BRDA:220,12,1,0
BRDA:220,13,0,0
BRDA:220,13,1,0
BRDA:221,14,0,0
BRDA:221,14,1,0
BRDA:221,15,0,0
BRDA:221,15,1,0
BRDA:222,16,0,0
BRDA:222,16,1,0
BRDA:222,17,0,0
BRDA:222,17,1,0
BRDA:223,18,0,0
BRDA:223,18,1,0
BRDA:223,19,0,0
BRDA:223,19,1,0
BRDA:224,20,0,0
BRDA:224,20,1,0
BRDA:224,21,0,0
BRDA:224,21,1,0
BRDA:224,22,0,0
BRDA:224,22,1,0
BRDA:229,23,0,0
BRDA:229,23,1,0
BRDA:230,24,0,0
BRDA:230,24,1,0
BRDA:270,25,0,0
BRDA:270,25,1,0
BRDA:279,26,0,0
BRDA:279,26,1,0
BRDA:279,27,0,0
BRDA:279,27,1,0
BRDA:280,28,0,0
BRDA:280,28,1,0
BRDA:289,29,0,0
BRDA:289,29,1,0
BRDA:290,30,0,0
BRDA:290,30,1,0
BRDA:302,31,0,0
BRDA:302,31,1,0
BRDA:304,32,0,0
BRDA:304,32,1,0
BRDA:304,33,0,0
BRDA:304,33,1,0
BRDA:323,34,0,0
BRDA:323,34,1,0
BRDA:325,35,0,0
BRDA:325,35,1,0
BRF:73
BRH:0
end_of_record
TN:
SF:/Users/sth1pal/Documents/Development/JavaScript/nodejs/ts6/dev/hsLibs/mithril/hsGraph/src/Canvas.ts
FN:45,(anonymous_0)
FN:58,(anonymous_1)
FN:61,(anonymous_2)
FNF:3
FNH:0
FNDA:0,(anonymous_0)
FNDA:0,(anonymous_1)
FNDA:0,(anonymous_2)
DA:16,13
DA:17,13
DA:26,13
DA:46,0
DA:62,0
DA:63,0
LF:6
LH:3
BRF:0
BRH:0
end_of_record
TN:
SF:/Users/sth1pal/Documents/Development/JavaScript/nodejs/ts6/dev/hsLibs/mithril/hsGraph/src/Chart.ts
FN:55,(anonymous_0)
FN:74,(anonymous_1)
FN:80,(anonymous_2)
FN:85,(anonymous_3)
FN:98,(anonymous_4)
FN:104,(anonymous_5)
FN:121,(anonymous_6)
FNF:7
FNH:0
FNDA:0,(anonymous_0)
FNDA:0,(anonymous_1)
FNDA:0,(anonymous_2)
FNDA:0,(anonymous_3)
FNDA:0,(anonymous_4)
FNDA:0,(anonymous_5)
FNDA:0,(anonymous_6)
DA:17,13
DA:21,13
DA:33,13
DA:56,0
DA:67,0
DA:81,0
DA:87,0
DA:88,0
DA:89,0
DA:90,0
DA:91,0
DA:92,0
DA:99,0
DA:100,0
DA:101,0
DA:105,0
DA:106,0
DA:107,0
DA:108,0
DA:109,0
DA:110,0
DA:111,0
DA:113,0
DA:114,0
DA:115,0
DA:116,0
DA:118,0
DA:122,0
DA:123,0
DA:124,0
LF:30
LH:3
BRDA:87,0,0,0
BRDA:87,0,1,0
BRDA:89,1,0,0
BRDA:89,1,1,0
BRDA:89,2,0,0
BRDA:89,2,1,0
BRDA:90,3,0,0
BRDA:90,3,1,0
BRDA:109,4,0,0
BRDA:109,4,1,0
BRDA:109,4,2,0
BRDA:114,5,0,0
BRDA:114,5,1,0
BRDA:114,5,2,0
BRDA:118,6,0,0
BRDA:118,6,1,0
BRF:16
BRH:0
end_of_record
TN:
SF:/Users/sth1pal/Documents/Development/JavaScript/nodejs/ts6/dev/hsLibs/mithril/hsGraph/src/Graph.ts
FN:141,copy
FN:143,(anonymous_1)
FN:162,(anonymous_2)
FN:179,(anonymous_3)
FN:218,(anonymous_4)
FN:235,(anonymous_5)
FN:254,(anonymous_6)
FN:266,(anonymous_7)
FN:274,(anonymous_8)
FN:278,(anonymous_9)
FN:286,(anonymous_10)
FN:298,(anonymous_11)
FN:311,(anonymous_12)
FN:313,getBBox
FN:315,(anonymous_14)
FN:335,(anonymous_15)
FN:339,(anonymous_16)
FN:340,(anonymous_17)
FN:351,(anonymous_18)
FN:354,(anonymous_19)
FN:365,(anonymous_20)
FNF:21
FNH:0
FNDA:0,copy
FNDA:0,(anonymous_1)
FNDA:0,(anonymous_2)
FNDA:0,(anonymous_3)
FNDA:0,(anonymous_4)
FNDA:0,(anonymous_5)
FNDA:0,(anonymous_6)
FNDA:0,(anonymous_7)
FNDA:0,(anonymous_8)
FNDA:0,(anonymous_9)
FNDA:0,(anonymous_10)
FNDA:0,(anonymous_11)
FNDA:0,(anonymous_12)
FNDA:0,getBBox
FNDA:0,(anonymous_14)
FNDA:0,(anonymous_15)
FNDA:0,(anonymous_16)
FNDA:0,(anonymous_17)
FNDA:0,(anonymous_18)
FNDA:0,(anonymous_19)
FNDA:0,(anonymous_20)
DA:66,13
DA:67,13
DA:70,13
DA:73,13
DA:74,13
DA:76,13
DA:79,13
DA:81,13
DA:83,13
DA:85,13
DA:89,13
DA:91,13
DA:92,13
DA:142,0
DA:143,0
DA:144,0
DA:145,0
DA:147,0
DA:150,0
DA:162,13
DA:180,0
DA:181,0
DA:182,0
DA:183,0
DA:184,0
DA:185,0
DA:186,0
DA:187,0
DA:188,0
DA:189,0
DA:190,0
DA:192,0
DA:193,0
DA:194,0
DA:197,0
DA:219,0
DA:236,0
DA:237,0
DA:238,0
DA:239,0
DA:240,0
DA:241,0
DA:244,0
DA:255,0
DA:259,0
DA:263,0
DA:267,0
DA:268,0
DA:270,0
DA:271,0
DA:273,0
DA:274,0
DA:275,0
DA:279,0
DA:283,0
DA:287,0
DA:288,0
DA:289,0
DA:290,0
DA:299,0
DA:300,0
DA:301,0
DA:302,0
DA:303,0
DA:312,0
DA:314,0
DA:315,0
DA:316,0
DA:317,0
DA:318,0
DA:319,0
DA:320,0
DA:322,0
DA:323,0
DA:324,0
DA:326,0
DA:327,0
DA:328,0
DA:329,0
DA:330,0
DA:331,0
DA:332,0
DA:336,0
DA:340,0
DA:341,0
DA:342,0
DA:352,0
DA:354,0
DA:355,0
DA:356,0
DA:357,0
DA:358,0
DA:360,0
DA:361,0
DA:366,0
DA:367,0
DA:368,0
DA:369,0
DA:370,0
DA:371,0
DA:372,0
DA:374,0
DA:375,0
DA:376,0
LF:104
LH:14
BRDA:144,0,0,0
BRDA:144,0,1,0
BRDA:144,1,0,0
BRDA:144,1,1,0
BRDA:144,1,2,0
BRDA:188,2,0,0
BRDA:188,2,1,0
BRDA:267,3,0,0
BRDA:267,3,1,0
BRDA:270,4,0,0
BRDA:270,4,1,0
BRDA:275,5,0,0
BRDA:275,5,1,0
BRDA:279,6,0,0
BRDA:279,6,1,0
BRDA:299,7,0,0
BRDA:299,7,1,0
BRDA:299,8,0,0
BRDA:299,8,1,0
BRDA:302,9,0,0
BRDA:302,9,1,0
BRDA:302,10,0,0
BRDA:302,10,1,0
BRDA:316,11,0,0
BRDA:316,11,1,0
BRDA:316,12,0,0
BRDA:316,12,1,0
BRDA:355,13,0,0
BRDA:355,13,1,0
BRDA:357,14,0,0
BRDA:357,14,1,0
BRDA:358,15,0,0
BRDA:358,15,1,0
BRF:33
BRH:0
end_of_record
TN:
SF:/Users/sth1pal/Documents/Development/JavaScript/nodejs/ts6/dev/hsLibs/mithril/hsGraph/src/Grid.ts
FN:67,(anonymous_0)
FN:84,(anonymous_1)
FN:90,(anonymous_2)
FN:91,(anonymous_3)
FN:99,(anonymous_4)
FN:100,(anonymous_5)
FN:106,(anonymous_6)
FNF:7
FNH:0
FNDA:0,(anonymous_0)
FNDA:0,(anonymous_1)
FNDA:0,(anonymous_2)
FNDA:0,(anonymous_3)
FNDA:0,(anonymous_4)
FNDA:0,(anonymous_5)
FNDA:0,(anonymous_6)
DA:18,13
DA:21,13
DA:46,13
DA:68,0
DA:91,0
DA:92,0
DA:100,0
DA:101,0
DA:107,0
DA:108,0
DA:109,0
DA:110,0
LF:12
LH:3
BRDA:91,0,0,0
BRDA:91,0,1,0
BRDA:100,1,0,0
BRDA:100,1,1,0
BRF:4
BRH:0
end_of_record
TN:
SF:/Users/sth1pal/Documents/Development/JavaScript/nodejs/ts6/dev/hsLibs/mithril/hsGraph/src/Legend.ts
FN:39,(anonymous_0)
FN:48,(anonymous_1)
FN:52,(anonymous_2)
FNF:3
FNH:0
FNDA:0,(anonymous_0)
FNDA:0,(anonymous_1)
FNDA:0,(anonymous_2)
DA:17,13
DA:26,13
DA:40,0
DA:53,0
LF:4
LH:2
BRF:0
BRH:0
end_of_record
TN:
SF:/Users/sth1pal/Documents/Development/JavaScript/nodejs/ts6/dev/hsLibs/mithril/hsGraph/src/Plot.ts
FN:20,(anonymous_0)
FN:25,(anonymous_1)
FN:29,(anonymous_2)
FN:50,(anonymous_3)
FN:62,(anonymous_4)
FN:70,(anonymous_5)
FN:83,(anonymous_6)
FNF:7
FNH:0
FNDA:0,(anonymous_0)
FNDA:0,(anonymous_1)
FNDA:0,(anonymous_2)
FNDA:0,(anonymous_3)
FNDA:0,(anonymous_4)
FNDA:0,(anonymous_5)
FNDA:0,(anonymous_6)
DA:6,13
DA:7,13
DA:14,13
DA:17,13
DA:19,13
DA:21,0
DA:22,0
DA:26,0
DA:27,0
DA:28,0
DA:30,0
DA:31,0
DA:32,0
DA:33,0
DA:35,0
DA:37,0
DA:39,0
DA:41,0
DA:43,0
DA:45,0
DA:51,0
DA:52,0
DA:61,0
DA:63,0
DA:64,0
DA:65,0
DA:71,0
DA:72,0
DA:73,0
DA:74,0
DA:75,0
DA:77,0
LF:32
LH:5
BRDA:22,0,0,0
BRDA:22,0,1,0
BRDA:28,1,0,0
BRDA:28,1,1,0
BRDA:34,2,0,0
BRDA:34,2,1,0
BRDA:34,2,2,0
BRDA:34,2,3,0
BRDA:34,2,4,0
BRDA:61,3,0,0
BRDA:61,3,1,0
BRDA:71,4,0,0
BRDA:71,4,1,0
BRF:13
BRH:0
end_of_record
TN:
SF:/Users/sth1pal/Documents/Development/JavaScript/nodejs/ts6/dev/hsLibs/mithril/hsGraph/src/PlotArea.ts
FN:63,(anonymous_0)
FN:68,(anonymous_1)
FNF:2
FNH:0
FNDA:0,(anonymous_0)
FNDA:0,(anonymous_1)
DA:56,13
DA:59,13
DA:62,13
DA:64,0
DA:65,0
DA:66,0
DA:67,0
DA:68,0
DA:69,0
DA:78,0
DA:79,0
DA:80,0
DA:81,0
DA:83,0
DA:84,0
LF:15
LH:3
BRDA:69,0,0,0
BRDA:69,0,1,0
BRDA:78,1,0,0
BRDA:78,1,1,0
BRDA:79,2,0,0
BRDA:79,2,1,0
BRF:6
BRH:0
end_of_record
TN:
SF:/Users/sth1pal/Documents/Development/JavaScript/nodejs/ts6/dev/hsLibs/mithril/hsGraph/src/PlotBar.ts
FN:59,(anonymous_0)
FN:66,(anonymous_1)
FN:76,(anonymous_2)
FN:88,(anonymous_3)
FNF:4
FNH:0
FNDA:0,(anonymous_0)
FNDA:0,(anonymous_1)
FNDA:0,(anonymous_2)
FNDA:0,(anonymous_3)
DA:50,13
DA:54,13
DA:58,13
DA:60,0
DA:61,0
DA:62,0
DA:63,0
DA:64,0
DA:65,0
DA:67,0
DA:68,0
DA:69,0
DA:70,0
DA:71,0
DA:77,0
DA:78,0
DA:79,0
DA:80,0
DA:81,0
DA:83,0
DA:84,0
DA:89,0
DA:90,0
DA:91,0
DA:92,0
DA:93,0
LF:26
LH:3
BRDA:67,0,0,0
BRDA:67,0,1,0
BRDA:68,1,0,0
BRDA:68,1,1,0
BRDA:69,2,0,0
BRDA:69,2,1,0
BRDA:79,3,0,0
BRDA:79,3,1,0
BRDA:83,4,0,0
BRDA:83,4,1,0
BRDA:91,5,0,0
BRDA:91,5,1,0
BRDA:92,6,0,0
BRDA:92,6,1,0
BRF:14
BRH:0
end_of_record
TN:
SF:/Users/sth1pal/Documents/Development/JavaScript/nodejs/ts6/dev/hsLibs/mithril/hsGraph/src/PlotLine.ts
FN:40,(anonymous_0)
FNF:1
FNH:0
FNDA:0,(anonymous_0)
DA:33,13
DA:36,13
DA:39,13
DA:41,0
DA:42,0
DA:43,0
DA:44,0
DA:45,0
LF:8
LH:3
BRDA:43,0,0,0
BRDA:43,0,1,0
BRDA:44,1,0,0
BRDA:44,1,1,0
BRF:4
BRH:0
end_of_record
TN:
SF:/Users/sth1pal/Documents/Development/JavaScript/nodejs/ts6/dev/hsLibs/mithril/hsGraph/src/PlotMarkers.ts
FN:41,(anonymous_0)
FNF:1
FNH:0
FNDA:0,(anonymous_0)
DA:34,13
DA:37,13
DA:40,13
DA:42,0
DA:43,0
DA:44,0
DA:45,0
DA:46,0
DA:47,0
LF:9
LH:3
BRDA:44,0,0,0
BRDA:44,0,1,0
BRDA:45,1,0,0
BRDA:45,1,1,0
BRDA:46,2,0,0
BRDA:46,2,1,0
BRDA:49,3,0,0
BRDA:49,3,1,0
BRF:8
BRH:0
end_of_record
TN:
SF:/Users/sth1pal/Documents/Development/JavaScript/nodejs/ts6/dev/hsLibs/mithril/hsGraph/src/SVGElem.ts
FN:73,round
FN:81,(anonymous_1)
FN:87,(anonymous_2)
FN:99,(anonymous_3)
FN:131,(anonymous_4)
FN:155,(anonymous_5)
FN:168,(anonymous_6)
FN:188,(anonymous_7)
FN:204,(anonymous_8)
FN:220,(anonymous_9)
FN:241,(anonymous_10)
FN:245,(anonymous_11)
FN:262,(anonymous_12)
FN:264,(anonymous_13)
FN:265,(anonymous_14)
FN:268,(anonymous_15)
FN:270,(anonymous_16)
FN:288,(anonymous_17)
FN:292,(anonymous_18)
FNF:19
FNH:2
FNDA:0,round
FNDA:13,(anonymous_1)
FNDA:13,(anonymous_2)
FNDA:0,(anonymous_3)
FNDA:0,(anonymous_4)
FNDA:0,(anonymous_5)
FNDA:0,(anonymous_6)
FNDA:0,(anonymous_7)
FNDA:0,(anonymous_8)
FNDA:0,(anonymous_9)
FNDA:0,(anonymous_10)
FNDA:0,(anonymous_11)
FNDA:0,(anonymous_12)
FNDA:0,(anonymous_13)
FNDA:0,(anonymous_14)
FNDA:0,(anonymous_15)
FNDA:0,(anonymous_16)
FNDA:0,(anonymous_17)
FNDA:0,(anonymous_18)
DA:1,13
DA:73,13
DA:74,0
DA:75,0
DA:76,0
DA:78,0
DA:81,13
DA:82,13
DA:83,13
DA:84,13
DA:87,13
DA:88,13
DA:89,13
DA:90,13
DA:93,13
DA:100,0
DA:101,0
DA:102,0
DA:103,0
DA:104,0
DA:106,0
DA:108,0
DA:109,0
DA:110,0
DA:112,0
DA:114,0
DA:122,0
DA:132,0
DA:133,0
DA:134,0
DA:136,0
DA:137,0
DA:138,0
DA:140,0
DA:146,0
DA:156,0
DA:169,0
DA:170,0
DA:172,0
DA:177,0
DA:189,0
DA:194,0
DA:205,0
DA:210,0
DA:221,0
DA:226,0
DA:242,0
DA:246,0
DA:263,0
DA:264,0
DA:265,0
DA:266,0
DA:268,0
DA:269,0
DA:271,0
DA:273,0
DA:289,0
DA:293,0
LF:58
LH:11
BRDA:75,0,0,0
BRDA:75,0,1,0
BRDA:81,1,0,13
BRDA:81,1,1,13
BRDA:87,2,0,13
BRDA:87,2,1,13
BRDA:103,3,0,0
BRDA:103,3,1,0
BRDA:103,3,2,0
BRDA:103,3,3,0
BRDA:109,4,0,0
BRDA:109,4,1,0
BRDA:109,4,2,0
BRDA:109,4,3,0
BRDA:115,5,0,0
BRDA:115,5,1,0
BRDA:116,6,0,0
BRDA:116,6,1,0
BRDA:117,7,0,0
BRDA:117,7,1,0
BRDA:118,8,0,0
BRDA:118,8,1,0
BRDA:119,9,0,0
BRDA:119,9,1,0
BRDA:132,10,0,0
BRDA:132,10,1,0
BRDA:136,11,0,0
BRDA:136,11,1,0
BRDA:142,12,0,0
BRDA:142,12,1,0
BRDA:143,13,0,0
BRDA:143,13,1,0
BRDA:169,14,0,0
BRDA:169,14,1,0
BRDA:174,15,0,0
BRDA:174,15,1,0
BRDA:175,16,0,0
BRDA:175,16,1,0
BRDA:243,17,0,0
BRDA:243,17,1,0
BRDA:266,18,0,0
BRDA:266,18,1,0
BRDA:269,19,0,0
BRDA:269,19,1,0
BRDA:271,20,0,0
BRDA:271,20,1,0
BRDA:271,21,0,0
BRDA:271,21,1,0
BRDA:290,22,0,0
BRDA:290,22,1,0
BRF:50
BRH:4
end_of_record
TN:
SF:/Users/sth1pal/Documents/Development/JavaScript/nodejs/ts6/dev/hsLibs/mithril/hsGraph/src/Scale.ts
FN:16,addTickNumber
FN:20,addTickDate
FN:26,linScaleTickMarks
FN:27,addTicks
FN:39,percentScaleTickMarks
FN:40,(anonymous_5)
FN:47,logScaleTickMarks
FN:80,dateScaleTickMarks
FN:81,addDates
FN:82,(anonymous_9)
FN:110,(anonymous_10)
FN:123,createTickLabels
FN:124,(anonymous_12)
FN:125,sortTicks
FN:159,(anonymous_14)
FN:164,(anonymous_15)
FN:168,(anonymous_16)
FN:174,(anonymous_17)
FN:202,(anonymous_18)
FN:215,(anonymous_19)
FN:230,(anonymous_20)
FN:231,marksFromLabels
FN:236,(anonymous_22)
FN:237,(anonymous_23)
FN:245,(anonymous_24)
FN:246,(anonymous_25)
FN:250,(anonymous_26)
FN:260,(anonymous_27)
FNF:28
FNH:0
FNDA:0,addTickNumber
FNDA:0,addTickDate
FNDA:0,linScaleTickMarks
FNDA:0,addTicks
FNDA:0,percentScaleTickMarks
FNDA:0,(anonymous_5)
FNDA:0,logScaleTickMarks
FNDA:0,dateScaleTickMarks
FNDA:0,addDates
FNDA:0,(anonymous_9)
FNDA:0,(anonymous_10)
FNDA:0,createTickLabels
FNDA:0,(anonymous_12)
FNDA:0,sortTicks
FNDA:0,(anonymous_14)
FNDA:0,(anonymous_15)
FNDA:0,(anonymous_16)
FNDA:0,(anonymous_17)
FNDA:0,(anonymous_18)
FNDA:0,(anonymous_19)
FNDA:0,(anonymous_20)
FNDA:0,marksFromLabels
FNDA:0,(anonymous_22)
FNDA:0,(anonymous_23)
FNDA:0,(anonymous_24)
FNDA:0,(anonymous_25)
FNDA:0,(anonymous_26)
FNDA:0,(anonymous_27)
DA:8,13
DA:9,13
DA:17,0
DA:21,0
DA:28,0
DA:29,0
DA:30,0
DA:31,0
DA:32,0
DA:33,0
DA:35,0
DA:36,0
DA:40,0
DA:41,0
DA:42,0
DA:43,0
DA:48,0
DA:49,0
DA:50,0
DA:51,0
DA:52,0
DA:53,0
DA:54,0
DA:55,0
DA:56,0
DA:57,0
DA:58,0
DA:59,0
DA:63,0
DA:64,0
DA:65,0
DA:66,0
DA:68,0
DA:69,0
DA:71,0
DA:72,0
DA:76,13
DA:82,0
DA:89,0
DA:90,0
DA:91,0
DA:92,0
DA:93,0
DA:94,0
DA:95,0
DA:96,0
DA:97,0
DA:98,0
DA:99,0
DA:103,0
DA:107,0
DA:108,0
DA:109,0
DA:110,0
DA:111,0
DA:112,0
DA:113,0
DA:114,0
DA:115,0
DA:117,0
DA:124,0
DA:126,0
DA:128,0
DA:129,0
DA:133,0
DA:134,0
DA:135,0
DA:136,0
DA:137,0
DA:138,0
DA:141,0
DA:143,0
DA:150,13
DA:152,0
DA:153,0
DA:154,0
DA:155,0
DA:156,0
DA:159,0
DA:160,0
DA:161,0
DA:165,0
DA:169,0
DA:170,0
DA:172,0
DA:175,0
DA:176,0
DA:177,0
DA:178,0
DA:179,0
DA:182,0
DA:183,0
DA:185,0
DA:186,0
DA:187,0
DA:188,0
DA:190,0
DA:191,0
DA:192,0
DA:193,0
DA:196,0
DA:197,0
DA:198,0
DA:200,0
DA:203,0
DA:204,0
DA:206,0
DA:216,0
DA:217,0
DA:218,0
DA:219,0
DA:221,0
DA:222,0
DA:223,0
DA:232,0
DA:235,0
DA:236,0
DA:237,0
DA:238,0
DA:245,0
DA:246,0
DA:249,0
DA:250,0
DA:251,0
DA:252,0
DA:253,0
DA:254,0
DA:255,0
DA:256,0
DA:261,0
DA:262,0
DA:263,0
DA:264,0
DA:266,0
DA:268,0
DA:269,0
DA:270,0
DA:277,0
DA:279,0
LF:139
LH:4
BRDA:53,0,0,0
BRDA:53,0,1,0
BRDA:56,1,0,0
BRDA:56,1,1,0
BRDA:56,2,0,0
BRDA:56,2,1,0
BRDA:57,3,0,0
BRDA:57,3,1,0
BRDA:58,4,0,0
BRDA:58,4,1,0
BRDA:59,5,0,0
BRDA:59,5,1,0
BRDA:65,6,0,0
BRDA:65,6,1,0
BRDA:80,7,0,0
BRDA:84,8,0,0
BRDA:84,8,1,0
BRDA:85,9,0,0
BRDA:85,9,1,0
BRDA:85,10,0,0
BRDA:85,10,1,0
BRDA:86,11,0,0
BRDA:86,11,1,0
BRDA:86,12,0,0
BRDA:86,12,1,0
BRDA:86,13,0,0
BRDA:86,13,1,0
BRDA:87,14,0,0
BRDA:87,14,1,0
BRDA:87,15,0,0
BRDA:87,15,1,0
BRDA:93,16,0,0
BRDA:93,16,1,0
BRDA:94,17,0,0
BRDA:94,17,1,0
BRDA:97,18,0,0
BRDA:97,18,1,0
BRDA:104,19,0,0
BRDA:104,19,1,0
BRDA:105,20,0,0
BRDA:105,20,1,0
BRDA:107,21,0,0
BRDA:107,21,1,0
BRDA:108,22,0,0
BRDA:108,22,1,0
BRDA:112,23,0,0
BRDA:112,23,1,0
BRDA:134,24,0,0
BRDA:134,24,1,0
BRDA:134,24,2,0
BRDA:134,24,3,0
BRDA:134,24,4,0
BRDA:134,24,5,0
BRDA:134,24,6,0
BRDA:134,24,7,0
BRDA:169,25,0,0
BRDA:169,25,1,0
BRDA:175,26,0,0
BRDA:175,26,1,0
BRDA:176,27,0,0
BRDA:176,27,1,0
BRDA:177,28,0,0
BRDA:177,28,1,0
BRDA:177,29,0,0
BRDA:177,29,1,0
BRDA:178,30,0,0
BRDA:178,30,1,0
BRDA:179,31,0,0
BRDA:179,31,1,0
BRDA:182,32,0,0
BRDA:182,32,1,0
BRDA:183,33,0,0
BRDA:183,33,1,0
BRDA:186,34,0,0
BRDA:186,34,1,0
BRDA:186,34,2,0
BRDA:191,35,0,0
BRDA:191,35,1,0
BRDA:191,35,2,0
BRDA:196,36,0,0
BRDA:196,36,1,0
BRDA:197,37,0,0
BRDA:197,37,1,0
BRDA:198,38,0,0
BRDA:198,38,1,0
BRDA:203,39,0,0
BRDA:203,39,1,0
BRDA:218,40,0,0
BRDA:218,40,1,0
BRDA:218,41,0,0
BRDA:218,41,1,0
BRDA:222,42,0,0
BRDA:222,42,1,0
BRDA:230,43,0,0
BRDA:233,44,0,0
BRDA:233,44,1,0
BRDA:233,44,2,0
BRDA:233,44,3,0
BRDA:233,44,4,0
BRDA:233,44,5,0
BRDA:233,44,6,0
BRDA:233,44,7,0
BRDA:237,45,0,0
BRDA:237,45,1,0
BRDA:245,46,0,0
BRDA:245,46,1,0
BRDA:246,47,0,0
BRDA:246,47,1,0
BRDA:250,48,0,0
BRDA:250,48,1,0
BRDA:254,49,0,0
BRDA:254,49,1,0
BRDA:267,50,0,0
BRDA:267,50,1,0
BRDA:267,50,2,0
BRDA:267,50,3,0
BRDA:267,50,4,0
BRDA:267,50,5,0
BRDA:267,50,6,0
BRDA:267,50,7,0
BRF:120
BRH:0
end_of_record
TN:
SF:/Users/sth1pal/Documents/Development/JavaScript/nodejs/ts6/dev/hsLibs/mithril/hsGraph/src/Series.ts
FN:36,copyDefault
FN:37,(anonymous_1)
FN:147,(anonymous_2)
FN:155,(anonymous_3)
FN:156,(anonymous_4)
FN:165,(anonymous_5)
FN:175,(anonymous_6)
FN:180,(anonymous_7)
FN:187,(anonymous_8)
FN:191,(anonymous_9)
FN:201,(anonymous_10)
FN:209,(anonymous_11)
FN:318,(anonymous_12)
FN:335,(anonymous_13)
FN:338,(anonymous_14)
FN:363,(anonymous_15)
FNF:16
FNH:0
FNDA:0,copyDefault
FNDA:0,(anonymous_1)
FNDA:0,(anonymous_2)
FNDA:0,(anonymous_3)
FNDA:0,(anonymous_4)
FNDA:0,(anonymous_5)
FNDA:0,(anonymous_6)
FNDA:0,(anonymous_7)
FNDA:0,(anonymous_8)
FNDA:0,(anonymous_9)
FNDA:0,(anonymous_10)
FNDA:0,(anonymous_11)
FNDA:0,(anonymous_12)
FNDA:0,(anonymous_13)
FNDA:0,(anonymous_14)
FNDA:0,(anonymous_15)
DA:21,13
DA:27,13
DA:28,13
DA:30,13
DA:31,13
DA:32,13
DA:33,13
DA:37,0
DA:38,0
DA:39,0
DA:40,0
DA:42,0
DA:43,0
DA:51,13
DA:60,13
DA:73,13
DA:80,13
DA:89,13
DA:98,13
DA:148,0
DA:156,0
DA:157,0
DA:158,0
DA:159,0
DA:160,0
DA:166,0
DA:176,0
DA:177,0
DA:178,0
DA:179,0
DA:180,0
DA:181,0
DA:182,0
DA:183,0
DA:184,0
DA:187,0
DA:188,0
DA:189,0
DA:190,0
DA:191,0
DA:193,0
DA:194,0
DA:195,0
DA:196,0
DA:199,0
DA:202,0
DA:203,0
DA:204,0
DA:205,0
DA:206,0
DA:207,0
DA:208,0
DA:209,0
DA:211,0
DA:318,13
DA:319,0
DA:329,0
DA:336,0
DA:337,0
DA:338,0
DA:339,0
DA:340,0
DA:341,0
DA:342,0
DA:345,0
DA:346,0
DA:347,0
DA:349,0
DA:350,0
DA:352,0
DA:353,0
DA:355,0
DA:356,0
DA:358,0
DA:359,0
DA:363,0
LF:76
LH:14
BRDA:38,0,0,0
BRDA:38,0,1,0
BRDA:39,1,0,0
BRDA:39,1,1,0
BRDA:42,2,0,0
BRDA:42,2,1,0
BRDA:43,3,0,0
BRDA:43,3,1,0
BRDA:157,4,0,0
BRDA:157,4,1,0
BRDA:166,5,0,0
BRDA:166,5,1,0
BRDA:179,6,0,0
BRDA:179,6,1,0
BRDA:181,7,0,0
BRDA:181,7,1,0
BRDA:189,8,0,0
BRDA:189,8,1,0
BRDA:193,9,0,0
BRDA:193,9,1,0
BRDA:203,10,0,0
BRDA:203,10,1,0
BRDA:205,11,0,0
BRDA:205,11,1,0
BRDA:207,12,0,0
BRDA:207,12,1,0
BRDA:339,13,0,0
BRDA:339,13,1,0
BRDA:340,14,0,0
BRDA:340,14,1,0
BRDA:341,15,0,0
BRDA:341,15,1,0
BRDA:348,16,0,0
BRDA:348,16,1,0
BRDA:348,16,2,0
BRDA:348,16,3,0
BRF:36
BRH:0
end_of_record
TN:
SF:/Users/sth1pal/Documents/Development/JavaScript/nodejs/ts6/dev/hsLibs/mithril/hsGraph/src/index.ts
FNF:0
FNH:0
DA:1,13
DA:2,13
DA:3,13
DA:5,13
DA:6,13
DA:7,13
DA:8,13
LF:7
LH:7
BRF:0
BRH:0
end_of_record
