TN:
SF:/Users/sth1pal/Documents/Development/JavaScript/nodejs/ts6/dev/hsLibs/mithril/hsGraph/src/Axes.ts
FN:90,getCrossAt
FN:198,(anonymous_1)
FN:199,scaleCfg
FN:205,labelCfg
FN:214,markCfg
FN:220,titleCfg
FN:229,axisCfg
FN:265,(anonymous_7)
FN:271,(anonymous_8)
FN:279,(anonymous_9)
FN:289,(anonymous_10)
FN:291,(anonymous_11)
FN:301,(anonymous_12)
FN:304,(anonymous_13)
FN:320,(anonymous_14)
FN:337,(anonymous_15)
FNF:16
FNH:0
FNDA:0,getCrossAt
FNDA:0,(anonymous_1)
FNDA:0,scaleCfg
FNDA:0,labelCfg
FNDA:0,markCfg
FNDA:0,titleCfg
FNDA:0,axisCfg
FNDA:0,(anonymous_7)
FNDA:0,(anonymous_8)
FNDA:0,(anonymous_9)
FNDA:0,(anonymous_10)
FNDA:0,(anonymous_11)
FNDA:0,(anonymous_12)
FNDA:0,(anonymous_13)
FNDA:0,(anonymous_14)
FNDA:0,(anonymous_15)
DA:62,13
DA:79,13
DA:92,0
DA:93,0
DA:94,0
DA:95,0
DA:97,0
DA:100,13
DA:111,13
DA:200,0
DA:206,0
DA:215,0
DA:221,0
DA:230,0
DA:249,0
DA:272,0
DA:280,0
DA:281,0
DA:282,0
DA:290,0
DA:292,0
DA:302,0
DA:303,0
DA:305,0
DA:306,0
DA:307,0
DA:321,0
DA:322,0
DA:323,0
DA:324,0
DA:325,0
DA:326,0
DA:327,0
DA:338,0
DA:339,0
DA:340,0
LF:36
LH:4
BRDA:93,0,0,0
BRDA:93,0,1,0
BRDA:93,0,2,0
BRDA:95,1,0,0
BRDA:95,1,1,0
BRDA:208,2,0,0
BRDA:208,2,1,0
BRDA:208,3,0,0
BRDA:208,3,1,0
BRDA:209,4,0,0
BRDA:209,4,1,0
BRDA:209,5,0,0
BRDA:209,5,1,0
BRDA:210,6,0,0
BRDA:210,6,1,0
BRDA:210,7,0,0
BRDA:210,7,1,0
BRDA:211,8,0,0
BRDA:211,8,1,0
BRDA:211,9,0,0
BRDA:211,9,1,0
BRDA:217,10,0,0
BRDA:217,10,1,0
BRDA:217,11,0,0
BRDA:217,11,1,0
BRDA:222,12,0,0
BRDA:222,12,1,0
BRDA:222,13,0,0
BRDA:222,13,1,0
BRDA:223,14,0,0
BRDA:223,14,1,0
BRDA:223,15,0,0
BRDA:223,15,1,0
BRDA:224,16,0,0
BRDA:224,16,1,0
BRDA:224,17,0,0
BRDA:224,17,1,0
BRDA:225,18,0,0
BRDA:225,18,1,0
BRDA:225,19,0,0
BRDA:225,19,1,0
BRDA:226,20,0,0
BRDA:226,20,1,0
BRDA:226,21,0,0
BRDA:226,21,1,0
BRDA:226,22,0,0
BRDA:226,22,1,0
BRDA:231,23,0,0
BRDA:231,23,1,0
BRDA:232,24,0,0
BRDA:232,24,1,0
BRDA:272,25,0,0
BRDA:272,25,1,0
BRDA:281,26,0,0
BRDA:281,26,1,0
BRDA:281,27,0,0
BRDA:281,27,1,0
BRDA:282,28,0,0
BRDA:282,28,1,0
BRDA:291,29,0,0
BRDA:291,29,1,0
BRDA:292,30,0,0
BRDA:292,30,1,0
BRDA:304,31,0,0
BRDA:304,31,1,0
BRDA:306,32,0,0
BRDA:306,32,1,0
BRDA:306,33,0,0
BRDA:306,33,1,0
BRDA:325,34,0,0
BRDA:325,34,1,0
BRDA:327,35,0,0
BRDA:327,35,1,0
BRF:73
BRH:0
end_of_record
TN:
SF:/Users/sth1pal/Documents/Development/JavaScript/nodejs/ts6/dev/hsLibs/mithril/hsGraph/src/Canvas.ts
FN:46,(anonymous_0)
FN:59,(anonymous_1)
FN:62,(anonymous_2)
FNF:3
FNH:0
FNDA:0,(anonymous_0)
FNDA:0,(anonymous_1)
FNDA:0,(anonymous_2)
DA:16,13
DA:18,13
DA:27,13
DA:47,0
DA:63,0
DA:64,0
LF:6
LH:3
BRF:0
BRH:0
end_of_record
TN:
SF:/Users/sth1pal/Documents/Development/JavaScript/nodejs/ts6/dev/hsLibs/mithril/hsGraph/src/Chart.ts
FN:56,(anonymous_0)
FN:75,(anonymous_1)
FN:81,(anonymous_2)
FN:86,(anonymous_3)
FN:99,(anonymous_4)
FN:105,(anonymous_5)
FN:122,(anonymous_6)
FNF:7
FNH:0
FNDA:0,(anonymous_0)
FNDA:0,(anonymous_1)
FNDA:0,(anonymous_2)
FNDA:0,(anonymous_3)
FNDA:0,(anonymous_4)
FNDA:0,(anonymous_5)
FNDA:0,(anonymous_6)
DA:17,13
DA:22,13
DA:34,13
DA:57,0
DA:68,0
DA:82,0
DA:88,0
DA:89,0
DA:90,0
DA:91,0
DA:92,0
DA:93,0
DA:100,0
DA:101,0
DA:102,0
DA:106,0
DA:107,0
DA:108,0
DA:109,0
DA:110,0
DA:111,0
DA:112,0
DA:114,0
DA:115,0
DA:116,0
DA:117,0
DA:119,0
DA:123,0
DA:124,0
DA:125,0
LF:30
LH:3
BRDA:88,0,0,0
BRDA:88,0,1,0
BRDA:90,1,0,0
BRDA:90,1,1,0
BRDA:90,2,0,0
BRDA:90,2,1,0
BRDA:91,3,0,0
BRDA:91,3,1,0
BRDA:110,4,0,0
BRDA:110,4,1,0
BRDA:110,4,2,0
BRDA:115,5,0,0
BRDA:115,5,1,0
BRDA:115,5,2,0
BRDA:119,6,0,0
BRDA:119,6,1,0
BRF:16
BRH:0
end_of_record
TN:
SF:/Users/sth1pal/Documents/Development/JavaScript/nodejs/ts6/dev/hsLibs/mithril/hsGraph/src/Graph.ts
FN:142,copy
FN:144,(anonymous_1)
FN:163,(anonymous_2)
FN:180,(anonymous_3)
FN:219,(anonymous_4)
FN:236,(anonymous_5)
FN:255,(anonymous_6)
FN:267,(anonymous_7)
FN:275,(anonymous_8)
FN:279,(anonymous_9)
FN:287,(anonymous_10)
FN:299,(anonymous_11)
FN:312,(anonymous_12)
FN:314,getBBox
FN:316,(anonymous_14)
FN:336,(anonymous_15)
FN:340,(anonymous_16)
FN:341,(anonymous_17)
FN:352,(anonymous_18)
FN:355,(anonymous_19)
FN:366,(anonymous_20)
FNF:21
FNH:0
FNDA:0,copy
FNDA:0,(anonymous_1)
FNDA:0,(anonymous_2)
FNDA:0,(anonymous_3)
FNDA:0,(anonymous_4)
FNDA:0,(anonymous_5)
FNDA:0,(anonymous_6)
FNDA:0,(anonymous_7)
FNDA:0,(anonymous_8)
FNDA:0,(anonymous_9)
FNDA:0,(anonymous_10)
FNDA:0,(anonymous_11)
FNDA:0,(anonymous_12)
FNDA:0,getBBox
FNDA:0,(anonymous_14)
FNDA:0,(anonymous_15)
FNDA:0,(anonymous_16)
FNDA:0,(anonymous_17)
FNDA:0,(anonymous_18)
FNDA:0,(anonymous_19)
FNDA:0,(anonymous_20)
DA:66,13
DA:68,13
DA:71,13
DA:74,13
DA:75,13
DA:77,13
DA:80,13
DA:82,13
DA:84,13
DA:86,13
DA:90,13
DA:92,13
DA:93,13
DA:143,0
DA:144,0
DA:145,0
DA:146,0
DA:148,0
DA:151,0
DA:163,13
DA:181,0
DA:182,0
DA:183,0
DA:184,0
DA:185,0
DA:186,0
DA:187,0
DA:188,0
DA:189,0
DA:190,0
DA:191,0
DA:193,0
DA:194,0
DA:195,0
DA:198,0
DA:220,0
DA:237,0
DA:238,0
DA:239,0
DA:240,0
DA:241,0
DA:242,0
DA:245,0
DA:256,0
DA:260,0
DA:264,0
DA:268,0
DA:269,0
DA:271,0
DA:272,0
DA:274,0
DA:275,0
DA:276,0
DA:280,0
DA:284,0
DA:288,0
DA:289,0
DA:290,0
DA:291,0
DA:300,0
DA:301,0
DA:302,0
DA:303,0
DA:304,0
DA:313,0
DA:315,0
DA:316,0
DA:317,0
DA:318,0
DA:319,0
DA:320,0
DA:321,0
DA:323,0
DA:324,0
DA:325,0
DA:327,0
DA:328,0
DA:329,0
DA:330,0
DA:331,0
DA:332,0
DA:333,0
DA:337,0
DA:341,0
DA:342,0
DA:343,0
DA:353,0
DA:355,0
DA:356,0
DA:357,0
DA:358,0
DA:359,0
DA:361,0
DA:362,0
DA:367,0
DA:368,0
DA:369,0
DA:370,0
DA:371,0
DA:372,0
DA:373,0
DA:375,0
DA:376,0
DA:377,0
LF:104
LH:14
BRDA:145,0,0,0
BRDA:145,0,1,0
BRDA:145,1,0,0
BRDA:145,1,1,0
BRDA:145,1,2,0
BRDA:189,2,0,0
BRDA:189,2,1,0
BRDA:268,3,0,0
BRDA:268,3,1,0
BRDA:271,4,0,0
BRDA:271,4,1,0
BRDA:276,5,0,0
BRDA:276,5,1,0
BRDA:280,6,0,0
BRDA:280,6,1,0
BRDA:300,7,0,0
BRDA:300,7,1,0
BRDA:300,8,0,0
BRDA:300,8,1,0
BRDA:303,9,0,0
BRDA:303,9,1,0
BRDA:303,10,0,0
BRDA:303,10,1,0
BRDA:317,11,0,0
BRDA:317,11,1,0
BRDA:317,12,0,0
BRDA:317,12,1,0
BRDA:356,13,0,0
BRDA:356,13,1,0
BRDA:358,14,0,0
BRDA:358,14,1,0
BRDA:359,15,0,0
BRDA:359,15,1,0
BRF:33
BRH:0
end_of_record
TN:
SF:/Users/sth1pal/Documents/Development/JavaScript/nodejs/ts6/dev/hsLibs/mithril/hsGraph/src/Grid.ts
FN:68,(anonymous_0)
FN:85,(anonymous_1)
FN:91,(anonymous_2)
FN:92,(anonymous_3)
FN:100,(anonymous_4)
FN:101,(anonymous_5)
FN:107,(anonymous_6)
FNF:7
FNH:0
FNDA:0,(anonymous_0)
FNDA:0,(anonymous_1)
FNDA:0,(anonymous_2)
FNDA:0,(anonymous_3)
FNDA:0,(anonymous_4)
FNDA:0,(anonymous_5)
FNDA:0,(anonymous_6)
DA:18,13
DA:22,13
DA:47,13
DA:69,0
DA:92,0
DA:93,0
DA:101,0
DA:102,0
DA:108,0
DA:109,0
DA:110,0
DA:111,0
LF:12
LH:3
BRDA:92,0,0,0
BRDA:92,0,1,0
BRDA:101,1,0,0
BRDA:101,1,1,0
BRF:4
BRH:0
end_of_record
TN:
SF:/Users/sth1pal/Documents/Development/JavaScript/nodejs/ts6/dev/hsLibs/mithril/hsGraph/src/Legend.ts
FN:40,(anonymous_0)
FN:49,(anonymous_1)
FN:53,(anonymous_2)
FNF:3
FNH:0
FNDA:0,(anonymous_0)
FNDA:0,(anonymous_1)
FNDA:0,(anonymous_2)
DA:17,13
DA:27,13
DA:41,0
DA:54,0
LF:4
LH:2
BRF:0
BRH:0
end_of_record
TN:
SF:/Users/sth1pal/Documents/Development/JavaScript/nodejs/ts6/dev/hsLibs/mithril/hsGraph/src/Plot.ts
FN:21,(anonymous_0)
FN:26,(anonymous_1)
FN:30,(anonymous_2)
FN:51,(anonymous_3)
FN:63,(anonymous_4)
FN:71,(anonymous_5)
FN:84,(anonymous_6)
FNF:7
FNH:0
FNDA:0,(anonymous_0)
FNDA:0,(anonymous_1)
FNDA:0,(anonymous_2)
FNDA:0,(anonymous_3)
FNDA:0,(anonymous_4)
FNDA:0,(anonymous_5)
FNDA:0,(anonymous_6)
DA:6,13
DA:8,13
DA:15,13
DA:18,13
DA:20,13
DA:22,0
DA:23,0
DA:27,0
DA:28,0
DA:29,0
DA:31,0
DA:32,0
DA:33,0
DA:34,0
DA:36,0
DA:38,0
DA:40,0
DA:42,0
DA:44,0
DA:46,0
DA:52,0
DA:53,0
DA:62,0
DA:64,0
DA:65,0
DA:66,0
DA:72,0
DA:73,0
DA:74,0
DA:75,0
DA:76,0
DA:78,0
LF:32
LH:5
BRDA:23,0,0,0
BRDA:23,0,1,0
BRDA:29,1,0,0
BRDA:29,1,1,0
BRDA:35,2,0,0
BRDA:35,2,1,0
BRDA:35,2,2,0
BRDA:35,2,3,0
BRDA:35,2,4,0
BRDA:62,3,0,0
BRDA:62,3,1,0
BRDA:72,4,0,0
BRDA:72,4,1,0
BRF:13
BRH:0
end_of_record
TN:
SF:/Users/sth1pal/Documents/Development/JavaScript/nodejs/ts6/dev/hsLibs/mithril/hsGraph/src/PlotArea.ts
FN:64,(anonymous_0)
FN:69,(anonymous_1)
FNF:2
FNH:0
FNDA:0,(anonymous_0)
FNDA:0,(anonymous_1)
DA:56,13
DA:60,13
DA:63,13
DA:65,0
DA:66,0
DA:67,0
DA:68,0
DA:69,0
DA:70,0
DA:79,0
DA:80,0
DA:81,0
DA:82,0
DA:84,0
DA:85,0
LF:15
LH:3
BRDA:70,0,0,0
BRDA:70,0,1,0
BRDA:79,1,0,0
BRDA:79,1,1,0
BRDA:80,2,0,0
BRDA:80,2,1,0
BRF:6
BRH:0
end_of_record
TN:
SF:/Users/sth1pal/Documents/Development/JavaScript/nodejs/ts6/dev/hsLibs/mithril/hsGraph/src/PlotBar.ts
FN:60,(anonymous_0)
FN:67,(anonymous_1)
FN:77,(anonymous_2)
FN:89,(anonymous_3)
FNF:4
FNH:0
FNDA:0,(anonymous_0)
FNDA:0,(anonymous_1)
FNDA:0,(anonymous_2)
FNDA:0,(anonymous_3)
DA:50,13
DA:55,13
DA:59,13
DA:61,0
DA:62,0
DA:63,0
DA:64,0
DA:65,0
DA:66,0
DA:68,0
DA:69,0
DA:70,0
DA:71,0
DA:72,0
DA:78,0
DA:79,0
DA:80,0
DA:81,0
DA:82,0
DA:84,0
DA:85,0
DA:90,0
DA:91,0
DA:92,0
DA:93,0
DA:94,0
LF:26
LH:3
BRDA:68,0,0,0
BRDA:68,0,1,0
BRDA:69,1,0,0
BRDA:69,1,1,0
BRDA:70,2,0,0
BRDA:70,2,1,0
BRDA:80,3,0,0
BRDA:80,3,1,0
BRDA:84,4,0,0
BRDA:84,4,1,0
BRDA:92,5,0,0
BRDA:92,5,1,0
BRDA:93,6,0,0
BRDA:93,6,1,0
BRF:14
BRH:0
end_of_record
TN:
SF:/Users/sth1pal/Documents/Development/JavaScript/nodejs/ts6/dev/hsLibs/mithril/hsGraph/src/PlotLine.ts
FN:41,(anonymous_0)
FNF:1
FNH:0
FNDA:0,(anonymous_0)
DA:33,13
DA:37,13
DA:40,13
DA:42,0
DA:43,0
DA:44,0
DA:45,0
DA:46,0
LF:8
LH:3
BRDA:44,0,0,0
BRDA:44,0,1,0
BRDA:45,1,0,0
BRDA:45,1,1,0
BRF:4
BRH:0
end_of_record
TN:
SF:/Users/sth1pal/Documents/Development/JavaScript/nodejs/ts6/dev/hsLibs/mithril/hsGraph/src/PlotMarkers.ts
FN:42,(anonymous_0)
FNF:1
FNH:0
FNDA:0,(anonymous_0)
DA:34,13
DA:38,13
DA:41,13
DA:43,0
DA:44,0
DA:45,0
DA:46,0
DA:47,0
DA:48,0
LF:9
LH:3
BRDA:45,0,0,0
BRDA:45,0,1,0
BRDA:46,1,0,0
BRDA:46,1,1,0
BRDA:47,2,0,0
BRDA:47,2,1,0
BRDA:50,3,0,0
BRDA:50,3,1,0
BRF:8
BRH:0
end_of_record
TN:
SF:/Users/sth1pal/Documents/Development/JavaScript/nodejs/ts6/dev/hsLibs/mithril/hsGraph/src/SVGElem.ts
FN:74,round
FN:82,(anonymous_1)
FN:88,(anonymous_2)
FN:100,(anonymous_3)
FN:132,(anonymous_4)
FN:156,(anonymous_5)
FN:169,(anonymous_6)
FN:189,(anonymous_7)
FN:205,(anonymous_8)
FN:221,(anonymous_9)
FN:242,(anonymous_10)
FN:246,(anonymous_11)
FN:263,(anonymous_12)
FN:265,(anonymous_13)
FN:266,(anonymous_14)
FN:269,(anonymous_15)
FN:271,(anonymous_16)
FN:289,(anonymous_17)
FN:293,(anonymous_18)
FNF:19
FNH:2
FNDA:0,round
FNDA:13,(anonymous_1)
FNDA:13,(anonymous_2)
FNDA:0,(anonymous_3)
FNDA:0,(anonymous_4)
FNDA:0,(anonymous_5)
FNDA:0,(anonymous_6)
FNDA:0,(anonymous_7)
FNDA:0,(anonymous_8)
FNDA:0,(anonymous_9)
FNDA:0,(anonymous_10)
FNDA:0,(anonymous_11)
FNDA:0,(anonymous_12)
FNDA:0,(anonymous_13)
FNDA:0,(anonymous_14)
FNDA:0,(anonymous_15)
FNDA:0,(anonymous_16)
FNDA:0,(anonymous_17)
FNDA:0,(anonymous_18)
DA:1,13
DA:74,13
DA:75,0
DA:76,0
DA:77,0
DA:79,0
DA:82,13
DA:83,13
DA:84,13
DA:85,13
DA:88,13
DA:89,13
DA:90,13
DA:91,13
DA:94,13
DA:101,0
DA:102,0
DA:103,0
DA:104,0
DA:105,0
DA:107,0
DA:109,0
DA:110,0
DA:111,0
DA:113,0
DA:115,0
DA:123,0
DA:133,0
DA:134,0
DA:135,0
DA:137,0
DA:138,0
DA:139,0
DA:141,0
DA:147,0
DA:157,0
DA:170,0
DA:171,0
DA:173,0
DA:178,0
DA:190,0
DA:195,0
DA:206,0
DA:211,0
DA:222,0
DA:227,0
DA:243,0
DA:247,0
DA:264,0
DA:265,0
DA:266,0
DA:267,0
DA:269,0
DA:270,0
DA:272,0
DA:274,0
DA:290,0
DA:294,0
LF:58
LH:11
BRDA:76,0,0,0
BRDA:76,0,1,0
BRDA:82,1,0,13
BRDA:82,1,1,13
BRDA:88,2,0,13
BRDA:88,2,1,13
BRDA:104,3,0,0
BRDA:104,3,1,0
BRDA:104,3,2,0
BRDA:104,3,3,0
BRDA:110,4,0,0
BRDA:110,4,1,0
BRDA:110,4,2,0
BRDA:110,4,3,0
BRDA:116,5,0,0
BRDA:116,5,1,0
BRDA:117,6,0,0
BRDA:117,6,1,0
BRDA:118,7,0,0
BRDA:118,7,1,0
BRDA:119,8,0,0
BRDA:119,8,1,0
BRDA:120,9,0,0
BRDA:120,9,1,0
BRDA:133,10,0,0
BRDA:133,10,1,0
BRDA:137,11,0,0
BRDA:137,11,1,0
BRDA:143,12,0,0
BRDA:143,12,1,0
BRDA:144,13,0,0
BRDA:144,13,1,0
BRDA:170,14,0,0
BRDA:170,14,1,0
BRDA:175,15,0,0
BRDA:175,15,1,0
BRDA:176,16,0,0
BRDA:176,16,1,0
BRDA:244,17,0,0
BRDA:244,17,1,0
BRDA:267,18,0,0
BRDA:267,18,1,0
BRDA:270,19,0,0
BRDA:270,19,1,0
BRDA:272,20,0,0
BRDA:272,20,1,0
BRDA:272,21,0,0
BRDA:272,21,1,0
BRDA:291,22,0,0
BRDA:291,22,1,0
BRF:50
BRH:4
end_of_record
TN:
SF:/Users/sth1pal/Documents/Development/JavaScript/nodejs/ts6/dev/hsLibs/mithril/hsGraph/src/Scale.ts
FN:16,addTickNumber
FN:20,addTickDate
FN:26,linScaleTickMarks
FN:27,addTicks
FN:39,percentScaleTickMarks
FN:40,(anonymous_5)
FN:47,logScaleTickMarks
FN:80,dateScaleTickMarks
FN:81,addDates
FN:82,(anonymous_9)
FN:110,(anonymous_10)
FN:123,createTickLabels
FN:124,(anonymous_12)
FN:125,sortTicks
FN:159,(anonymous_14)
FN:164,(anonymous_15)
FN:168,(anonymous_16)
FN:174,(anonymous_17)
FN:202,(anonymous_18)
FN:215,(anonymous_19)
FN:230,(anonymous_20)
FN:231,marksFromLabels
FN:236,(anonymous_22)
FN:237,(anonymous_23)
FN:245,(anonymous_24)
FN:246,(anonymous_25)
FN:250,(anonymous_26)
FN:260,(anonymous_27)
FNF:28
FNH:0
FNDA:0,addTickNumber
FNDA:0,addTickDate
FNDA:0,linScaleTickMarks
FNDA:0,addTicks
FNDA:0,percentScaleTickMarks
FNDA:0,(anonymous_5)
FNDA:0,logScaleTickMarks
FNDA:0,dateScaleTickMarks
FNDA:0,addDates
FNDA:0,(anonymous_9)
FNDA:0,(anonymous_10)
FNDA:0,createTickLabels
FNDA:0,(anonymous_12)
FNDA:0,sortTicks
FNDA:0,(anonymous_14)
FNDA:0,(anonymous_15)
FNDA:0,(anonymous_16)
FNDA:0,(anonymous_17)
FNDA:0,(anonymous_18)
FNDA:0,(anonymous_19)
FNDA:0,(anonymous_20)
FNDA:0,marksFromLabels
FNDA:0,(anonymous_22)
FNDA:0,(anonymous_23)
FNDA:0,(anonymous_24)
FNDA:0,(anonymous_25)
FNDA:0,(anonymous_26)
FNDA:0,(anonymous_27)
DA:8,13
DA:9,13
DA:17,0
DA:21,0
DA:28,0
DA:29,0
DA:30,0
DA:31,0
DA:32,0
DA:33,0
DA:35,0
DA:36,0
DA:40,0
DA:41,0
DA:42,0
DA:43,0
DA:48,0
DA:49,0
DA:50,0
DA:51,0
DA:52,0
DA:53,0
DA:54,0
DA:55,0
DA:56,0
DA:57,0
DA:58,0
DA:59,0
DA:63,0
DA:64,0
DA:65,0
DA:66,0
DA:68,0
DA:69,0
DA:71,0
DA:72,0
DA:76,13
DA:82,0
DA:89,0
DA:90,0
DA:91,0
DA:92,0
DA:93,0
DA:94,0
DA:95,0
DA:96,0
DA:97,0
DA:98,0
DA:99,0
DA:103,0
DA:107,0
DA:108,0
DA:109,0
DA:110,0
DA:111,0
DA:112,0
DA:113,0
DA:114,0
DA:115,0
DA:117,0
DA:124,0
DA:126,0
DA:128,0
DA:129,0
DA:133,0
DA:134,0
DA:135,0
DA:136,0
DA:137,0
DA:138,0
DA:141,0
DA:143,0
DA:150,13
DA:152,0
DA:153,0
DA:154,0
DA:155,0
DA:156,0
DA:159,0
DA:160,0
DA:161,0
DA:165,0
DA:169,0
DA:170,0
DA:172,0
DA:175,0
DA:176,0
DA:177,0
DA:178,0
DA:179,0
DA:182,0
DA:183,0
DA:185,0
DA:186,0
DA:187,0
DA:188,0
DA:190,0
DA:191,0
DA:192,0
DA:193,0
DA:196,0
DA:197,0
DA:198,0
DA:200,0
DA:203,0
DA:204,0
DA:206,0
DA:216,0
DA:217,0
DA:218,0
DA:219,0
DA:221,0
DA:222,0
DA:223,0
DA:232,0
DA:235,0
DA:236,0
DA:237,0
DA:238,0
DA:245,0
DA:246,0
DA:249,0
DA:250,0
DA:251,0
DA:252,0
DA:253,0
DA:254,0
DA:255,0
DA:256,0
DA:261,0
DA:262,0
DA:263,0
DA:264,0
DA:266,0
DA:268,0
DA:269,0
DA:270,0
DA:277,0
DA:279,0
LF:139
LH:4
BRDA:53,0,0,0
BRDA:53,0,1,0
BRDA:56,1,0,0
BRDA:56,1,1,0
BRDA:56,2,0,0
BRDA:56,2,1,0
BRDA:57,3,0,0
BRDA:57,3,1,0
BRDA:58,4,0,0
BRDA:58,4,1,0
BRDA:59,5,0,0
BRDA:59,5,1,0
BRDA:65,6,0,0
BRDA:65,6,1,0
BRDA:80,7,0,0
BRDA:84,8,0,0
BRDA:84,8,1,0
BRDA:85,9,0,0
BRDA:85,9,1,0
BRDA:85,10,0,0
BRDA:85,10,1,0
BRDA:86,11,0,0
BRDA:86,11,1,0
BRDA:86,12,0,0
BRDA:86,12,1,0
BRDA:86,13,0,0
BRDA:86,13,1,0
BRDA:87,14,0,0
BRDA:87,14,1,0
BRDA:87,15,0,0
BRDA:87,15,1,0
BRDA:93,16,0,0
BRDA:93,16,1,0
BRDA:94,17,0,0
BRDA:94,17,1,0
BRDA:97,18,0,0
BRDA:97,18,1,0
BRDA:104,19,0,0
BRDA:104,19,1,0
BRDA:105,20,0,0
BRDA:105,20,1,0
BRDA:107,21,0,0
BRDA:107,21,1,0
BRDA:108,22,0,0
BRDA:108,22,1,0
BRDA:112,23,0,0
BRDA:112,23,1,0
BRDA:134,24,0,0
BRDA:134,24,1,0
BRDA:134,24,2,0
BRDA:134,24,3,0
BRDA:134,24,4,0
BRDA:134,24,5,0
BRDA:134,24,6,0
BRDA:134,24,7,0
BRDA:169,25,0,0
BRDA:169,25,1,0
BRDA:175,26,0,0
BRDA:175,26,1,0
BRDA:176,27,0,0
BRDA:176,27,1,0
BRDA:177,28,0,0
BRDA:177,28,1,0
BRDA:177,29,0,0
BRDA:177,29,1,0
BRDA:178,30,0,0
BRDA:178,30,1,0
BRDA:179,31,0,0
BRDA:179,31,1,0
BRDA:182,32,0,0
BRDA:182,32,1,0
BRDA:183,33,0,0
BRDA:183,33,1,0
BRDA:186,34,0,0
BRDA:186,34,1,0
BRDA:186,34,2,0
BRDA:191,35,0,0
BRDA:191,35,1,0
BRDA:191,35,2,0
BRDA:196,36,0,0
BRDA:196,36,1,0
BRDA:197,37,0,0
BRDA:197,37,1,0
BRDA:198,38,0,0
BRDA:198,38,1,0
BRDA:203,39,0,0
BRDA:203,39,1,0
BRDA:218,40,0,0
BRDA:218,40,1,0
BRDA:218,41,0,0
BRDA:218,41,1,0
BRDA:222,42,0,0
BRDA:222,42,1,0
BRDA:230,43,0,0
BRDA:233,44,0,0
BRDA:233,44,1,0
BRDA:233,44,2,0
BRDA:233,44,3,0
BRDA:233,44,4,0
BRDA:233,44,5,0
BRDA:233,44,6,0
BRDA:233,44,7,0
BRDA:237,45,0,0
BRDA:237,45,1,0
BRDA:245,46,0,0
BRDA:245,46,1,0
BRDA:246,47,0,0
BRDA:246,47,1,0
BRDA:250,48,0,0
BRDA:250,48,1,0
BRDA:254,49,0,0
BRDA:254,49,1,0
BRDA:267,50,0,0
BRDA:267,50,1,0
BRDA:267,50,2,0
BRDA:267,50,3,0
BRDA:267,50,4,0
BRDA:267,50,5,0
BRDA:267,50,6,0
BRDA:267,50,7,0
BRF:120
BRH:0
end_of_record
TN:
SF:/Users/sth1pal/Documents/Development/JavaScript/nodejs/ts6/dev/hsLibs/mithril/hsGraph/src/Series.ts
FN:37,copyDefault
FN:38,(anonymous_1)
FN:148,(anonymous_2)
FN:156,(anonymous_3)
FN:157,(anonymous_4)
FN:166,(anonymous_5)
FN:176,(anonymous_6)
FN:181,(anonymous_7)
FN:188,(anonymous_8)
FN:192,(anonymous_9)
FN:202,(anonymous_10)
FN:210,(anonymous_11)
FN:319,(anonymous_12)
FN:336,(anonymous_13)
FN:339,(anonymous_14)
FN:364,(anonymous_15)
FNF:16
FNH:0
FNDA:0,copyDefault
FNDA:0,(anonymous_1)
FNDA:0,(anonymous_2)
FNDA:0,(anonymous_3)
FNDA:0,(anonymous_4)
FNDA:0,(anonymous_5)
FNDA:0,(anonymous_6)
FNDA:0,(anonymous_7)
FNDA:0,(anonymous_8)
FNDA:0,(anonymous_9)
FNDA:0,(anonymous_10)
FNDA:0,(anonymous_11)
FNDA:0,(anonymous_12)
FNDA:0,(anonymous_13)
FNDA:0,(anonymous_14)
FNDA:0,(anonymous_15)
DA:21,13
DA:28,13
DA:29,13
DA:31,13
DA:32,13
DA:33,13
DA:34,13
DA:38,0
DA:39,0
DA:40,0
DA:41,0
DA:43,0
DA:44,0
DA:52,13
DA:61,13
DA:74,13
DA:81,13
DA:90,13
DA:99,13
DA:149,0
DA:157,0
DA:158,0
DA:159,0
DA:160,0
DA:161,0
DA:167,0
DA:177,0
DA:178,0
DA:179,0
DA:180,0
DA:181,0
DA:182,0
DA:183,0
DA:184,0
DA:185,0
DA:188,0
DA:189,0
DA:190,0
DA:191,0
DA:192,0
DA:194,0
DA:195,0
DA:196,0
DA:197,0
DA:200,0
DA:203,0
DA:204,0
DA:205,0
DA:206,0
DA:207,0
DA:208,0
DA:209,0
DA:210,0
DA:212,0
DA:319,13
DA:320,0
DA:330,0
DA:337,0
DA:338,0
DA:339,0
DA:340,0
DA:341,0
DA:342,0
DA:343,0
DA:346,0
DA:347,0
DA:348,0
DA:350,0
DA:351,0
DA:353,0
DA:354,0
DA:356,0
DA:357,0
DA:359,0
DA:360,0
DA:364,0
LF:76
LH:14
BRDA:39,0,0,0
BRDA:39,0,1,0
BRDA:40,1,0,0
BRDA:40,1,1,0
BRDA:43,2,0,0
BRDA:43,2,1,0
BRDA:44,3,0,0
BRDA:44,3,1,0
BRDA:158,4,0,0
BRDA:158,4,1,0
BRDA:167,5,0,0
BRDA:167,5,1,0
BRDA:180,6,0,0
BRDA:180,6,1,0
BRDA:182,7,0,0
BRDA:182,7,1,0
BRDA:190,8,0,0
BRDA:190,8,1,0
BRDA:194,9,0,0
BRDA:194,9,1,0
BRDA:204,10,0,0
BRDA:204,10,1,0
BRDA:206,11,0,0
BRDA:206,11,1,0
BRDA:208,12,0,0
BRDA:208,12,1,0
BRDA:340,13,0,0
BRDA:340,13,1,0
BRDA:341,14,0,0
BRDA:341,14,1,0
BRDA:342,15,0,0
BRDA:342,15,1,0
BRDA:349,16,0,0
BRDA:349,16,1,0
BRDA:349,16,2,0
BRDA:349,16,3,0
BRF:36
BRH:0
end_of_record
TN:
SF:/Users/sth1pal/Documents/Development/JavaScript/nodejs/ts6/dev/hsLibs/mithril/hsGraph/src/index.ts
FNF:0
FNH:0
DA:1,13
DA:2,13
DA:3,13
DA:5,13
DA:6,13
DA:7,13
DA:8,13
LF:7
LH:7
BRF:0
BRH:0
end_of_record
