{"/Users/sth1pal/Documents/Development/JavaScript/nodejs/ts6/dev/hsApps/hsDocs/src/DocSets.ts": {"path":"/Users/sth1pal/Documents/Development/JavaScript/nodejs/ts6/dev/hsApps/hsDocs/src/DocSets.ts","statementMap":{"0":{"start":{"line":10,"column":0},"end":{"line":10,"column":39}},"1":{"start":{"line":11,"column":0},"end":{"line":11,"column":37}},"2":{"start":{"line":11,"column":51},"end":{"line":11,"column":67}},"3":{"start":{"line":13,"column":22},"end":{"line":13,"column":31}},"4":{"start":{"line":19,"column":20},"end":{"line":19,"column":39}},"5":{"start":{"line":22,"column":28},"end":{"line":22,"column":30}},"6":{"start":{"line":24,"column":4},"end":{"line":27,"column":5}},"7":{"start":{"line":25,"column":8},"end":{"line":25,"column":32}},"8":{"start":{"line":26,"column":8},"end":{"line":26,"column":40}},"9":{"start":{"line":28,"column":4},"end":{"line":28,"column":18}},"10":{"start":{"line":46,"column":20},"end":{"line":46,"column":32}},"11":{"start":{"line":47,"column":18},"end":{"line":47,"column":50}},"12":{"start":{"line":48,"column":8},"end":{"line":48,"column":35}},"13":{"start":{"line":49,"column":8},"end":{"line":49,"column":38}},"14":{"start":{"line":50,"column":8},"end":{"line":50,"column":63}},"15":{"start":{"line":61,"column":12},"end":{"line":61,"column":39}},"16":{"start":{"line":61,"column":24},"end":{"line":61,"column":37}},"17":{"start":{"line":62,"column":12},"end":{"line":70,"column":13}},"18":{"start":{"line":63,"column":31},"end":{"line":63,"column":75}},"19":{"start":{"line":64,"column":16},"end":{"line":64,"column":46}},"20":{"start":{"line":65,"column":16},"end":{"line":65,"column":49}},"21":{"start":{"line":66,"column":16},"end":{"line":66,"column":52}},"22":{"start":{"line":67,"column":16},"end":{"line":67,"column":28}},"23":{"start":{"line":69,"column":16},"end":{"line":69,"column":29}},"24":{"start":{"line":73,"column":25},"end":{"line":73,"column":30}},"25":{"start":{"line":74,"column":12},"end":{"line":91,"column":15}},"26":{"start":{"line":76,"column":56},"end":{"line":90,"column":17}},"27":{"start":{"line":77,"column":36},"end":{"line":77,"column":89}},"28":{"start":{"line":79,"column":34},"end":{"line":79,"column":74}},"29":{"start":{"line":79,"column":54},"end":{"line":79,"column":70}},"30":{"start":{"line":80,"column":34},"end":{"line":80,"column":77}},"31":{"start":{"line":80,"column":54},"end":{"line":80,"column":76}},"32":{"start":{"line":82,"column":20},"end":{"line":89,"column":21}},"33":{"start":{"line":83,"column":24},"end":{"line":83,"column":59}},"34":{"start":{"line":84,"column":27},"end":{"line":89,"column":21}},"35":{"start":{"line":85,"column":24},"end":{"line":85,"column":61}},"36":{"start":{"line":86,"column":24},"end":{"line":86,"column":44}},"37":{"start":{"line":87,"column":24},"end":{"line":87,"column":51}},"38":{"start":{"line":88,"column":24},"end":{"line":88,"column":38}},"39":{"start":{"line":92,"column":12},"end":{"line":92,"column":26}},"40":{"start":{"line":94,"column":8},"end":{"line":94,"column":20}},"41":{"start":{"line":95,"column":16},"end":{"line":95,"column":37}},"42":{"start":{"line":96,"column":20},"end":{"line":96,"column":41}},"43":{"start":{"line":98,"column":20},"end":{"line":98,"column":25}},"44":{"start":{"line":99,"column":8},"end":{"line":99,"column":57}},"45":{"start":{"line":99,"column":22},"end":{"line":99,"column":55}},"46":{"start":{"line":100,"column":8},"end":{"line":100,"column":55}},"47":{"start":{"line":100,"column":22},"end":{"line":100,"column":53}},"48":{"start":{"line":101,"column":8},"end":{"line":101,"column":58}},"49":{"start":{"line":101,"column":22},"end":{"line":101,"column":56}},"50":{"start":{"line":102,"column":8},"end":{"line":102,"column":104}},"51":{"start":{"line":103,"column":8},"end":{"line":104,"column":26}},"52":{"start":{"line":103,"column":68},"end":{"line":103,"column":93}},"53":{"start":{"line":103,"column":69},"end":{"line":103,"column":93}},"54":{"start":{"line":116,"column":8},"end":{"line":118,"column":30}},"55":{"start":{"line":37,"column":19},"end":{"line":37,"column":116}},"56":{"start":{"line":35,"column":0},"end":{"line":120,"column":1}},"57":{"start":{"line":129,"column":4},"end":{"line":129,"column":37}},"58":{"start":{"line":130,"column":14},"end":{"line":130,"column":63}},"59":{"start":{"line":131,"column":4},"end":{"line":131,"column":25}},"60":{"start":{"line":143,"column":8},"end":{"line":143,"column":74}},"61":{"start":{"line":145,"column":24},"end":{"line":145,"column":56}},"62":{"start":{"line":146,"column":8},"end":{"line":146,"column":30}},"63":{"start":{"line":147,"column":8},"end":{"line":147,"column":76}},"64":{"start":{"line":151,"column":8},"end":{"line":157,"column":9}},"65":{"start":{"line":152,"column":12},"end":{"line":156,"column":15}},"66":{"start":{"line":153,"column":16},"end":{"line":155,"column":17}},"67":{"start":{"line":154,"column":20},"end":{"line":154,"column":58}},"68":{"start":{"line":159,"column":4},"end":{"line":159,"column":22}},"69":{"start":{"line":160,"column":4},"end":{"line":180,"column":5}},"70":{"start":{"line":161,"column":24},"end":{"line":161,"column":43}},"71":{"start":{"line":163,"column":8},"end":{"line":163,"column":30}},"72":{"start":{"line":165,"column":8},"end":{"line":165,"column":39}},"73":{"start":{"line":166,"column":8},"end":{"line":166,"column":59}},"74":{"start":{"line":166,"column":32},"end":{"line":166,"column":57}},"75":{"start":{"line":168,"column":8},"end":{"line":170,"column":9}},"76":{"start":{"line":169,"column":12},"end":{"line":169,"column":84}},"77":{"start":{"line":169,"column":44},"end":{"line":169,"column":82}},"78":{"start":{"line":171,"column":8},"end":{"line":173,"column":9}},"79":{"start":{"line":172,"column":12},"end":{"line":172,"column":86}},"80":{"start":{"line":172,"column":46},"end":{"line":172,"column":84}},"81":{"start":{"line":174,"column":8},"end":{"line":176,"column":9}},"82":{"start":{"line":175,"column":12},"end":{"line":175,"column":86}},"83":{"start":{"line":175,"column":46},"end":{"line":175,"column":84}},"84":{"start":{"line":177,"column":8},"end":{"line":179,"column":9}},"85":{"start":{"line":178,"column":12},"end":{"line":178,"column":101}},"86":{"start":{"line":178,"column":61},"end":{"line":178,"column":99}}},"fnMap":{"0":{"name":"matchAll","decl":{"start":{"line":21,"column":9},"end":{"line":21,"column":17}},"loc":{"start":{"line":21,"column":39},"end":{"line":29,"column":1}}},"1":{"name":"(anonymous_7)","decl":{"start":{"line":45,"column":11},"end":{"line":45,"column":16}},"loc":{"start":{"line":45,"column":46},"end":{"line":51,"column":5}}},"2":{"name":"(anonymous_8)","decl":{"start":{"line":59,"column":11},"end":{"line":59,"column":16}},"loc":{"start":{"line":59,"column":45},"end":{"line":105,"column":5}}},"3":{"name":"getIndexFile","decl":{"start":{"line":60,"column":23},"end":{"line":60,"column":35}},"loc":{"start":{"line":60,"column":46},"end":{"line":71,"column":9}}},"4":{"name":"getDirJSONs","decl":{"start":{"line":72,"column":23},"end":{"line":72,"column":34}},"loc":{"start":{"line":72,"column":45},"end":{"line":93,"column":9}}},"5":{"name":"(anonymous_14)","decl":{"start":{"line":76,"column":25},"end":{"line":76,"column":32}},"loc":{"start":{"line":76,"column":56},"end":{"line":90,"column":17}}},"6":{"name":"(anonymous_15)","decl":{"start":{"line":76,"column":56},"end":{"line":null,"column":-1}},"loc":{"start":{"line":76,"column":56},"end":{"line":90,"column":17}}},"7":{"name":"(anonymous_16)","decl":{"start":{"line":79,"column":49},"end":{"line":79,"column":50}},"loc":{"start":{"line":79,"column":54},"end":{"line":79,"column":70}}},"8":{"name":"(anonymous_17)","decl":{"start":{"line":80,"column":49},"end":{"line":80,"column":50}},"loc":{"start":{"line":80,"column":54},"end":{"line":80,"column":76}}},"9":{"name":"(anonymous_18)","decl":{"start":{"line":103,"column":49},"end":{"line":103,"column":56}},"loc":{"start":{"line":103,"column":68},"end":{"line":103,"column":93}}},"10":{"name":"(anonymous_19)","decl":{"start":{"line":103,"column":68},"end":{"line":103,"column":68}},"loc":{"start":{"line":103,"column":68},"end":{"line":103,"column":93}}},"11":{"name":"(anonymous_20)","decl":{"start":{"line":115,"column":11},"end":{"line":115,"column":16}},"loc":{"start":{"line":115,"column":53},"end":{"line":119,"column":5}}},"12":{"name":"loadDocSet","decl":{"start":{"line":128,"column":15},"end":{"line":128,"column":25}},"loc":{"start":{"line":128,"column":49},"end":{"line":132,"column":1}}},"13":{"name":"recursiveIndex","decl":{"start":{"line":141,"column":9},"end":{"line":141,"column":23}},"loc":{"start":{"line":141,"column":67},"end":{"line":181,"column":1}}},"14":{"name":"getNewPath","decl":{"start":{"line":142,"column":13},"end":{"line":142,"column":23}},"loc":{"start":{"line":142,"column":35},"end":{"line":148,"column":5}}},"15":{"name":"markIfModule","decl":{"start":{"line":150,"column":13},"end":{"line":150,"column":25}},"loc":{"start":{"line":150,"column":37},"end":{"line":158,"column":5}}},"16":{"name":"(anonymous_26)","decl":{"start":{"line":152,"column":41},"end":{"line":152,"column":42}},"loc":{"start":{"line":152,"column":53},"end":{"line":156,"column":13}}},"17":{"name":"(anonymous_27)","decl":{"start":{"line":169,"column":33},"end":{"line":169,"column":34}},"loc":{"start":{"line":169,"column":44},"end":{"line":169,"column":82}}},"18":{"name":"(anonymous_28)","decl":{"start":{"line":172,"column":35},"end":{"line":172,"column":36}},"loc":{"start":{"line":172,"column":46},"end":{"line":172,"column":84}}},"19":{"name":"(anonymous_29)","decl":{"start":{"line":175,"column":35},"end":{"line":175,"column":36}},"loc":{"start":{"line":175,"column":46},"end":{"line":175,"column":84}}},"20":{"name":"(anonymous_30)","decl":{"start":{"line":178,"column":50},"end":{"line":178,"column":51}},"loc":{"start":{"line":178,"column":61},"end":{"line":178,"column":99}}}},"branchMap":{"0":{"loc":{"start":{"line":61,"column":12},"end":{"line":61,"column":39}},"type":"if","locations":[{"start":{"line":61,"column":12},"end":{"line":61,"column":39}},{"start":{"line":61,"column":12},"end":{"line":61,"column":39}}]},"1":{"loc":{"start":{"line":82,"column":20},"end":{"line":89,"column":21}},"type":"if","locations":[{"start":{"line":82,"column":20},"end":{"line":89,"column":21}},{"start":{"line":82,"column":20},"end":{"line":89,"column":21}}]},"2":{"loc":{"start":{"line":84,"column":27},"end":{"line":89,"column":21}},"type":"if","locations":[{"start":{"line":84,"column":27},"end":{"line":89,"column":21}},{"start":{"line":84,"column":27},"end":{"line":89,"column":21}}]},"3":{"loc":{"start":{"line":99,"column":8},"end":{"line":99,"column":57}},"type":"if","locations":[{"start":{"line":99,"column":8},"end":{"line":99,"column":57}},{"start":{"line":99,"column":8},"end":{"line":99,"column":57}}]},"4":{"loc":{"start":{"line":100,"column":8},"end":{"line":100,"column":55}},"type":"if","locations":[{"start":{"line":100,"column":8},"end":{"line":100,"column":55}},{"start":{"line":100,"column":8},"end":{"line":100,"column":55}}]},"5":{"loc":{"start":{"line":101,"column":8},"end":{"line":101,"column":58}},"type":"if","locations":[{"start":{"line":101,"column":8},"end":{"line":101,"column":58}},{"start":{"line":101,"column":8},"end":{"line":101,"column":58}}]},"6":{"loc":{"start":{"line":115,"column":52},"end":{"line":115,"column":53}},"type":"default-arg","locations":[{"start":{"line":115,"column":52},"end":{"line":115,"column":53}}]},"7":{"loc":{"start":{"line":117,"column":12},"end":{"line":117,"column":43}},"type":"cond-expr","locations":[{"start":{"line":117,"column":12},"end":{"line":117,"column":43}},{"start":{"line":118,"column":12},"end":{"line":118,"column":29}}]},"8":{"loc":{"start":{"line":116,"column":16},"end":{"line":116,"column":19}},"type":"binary-expr","locations":[{"start":{"line":116,"column":16},"end":{"line":116,"column":19}},{"start":{"line":116,"column":23},"end":{"line":116,"column":47}}]},"9":{"loc":{"start":{"line":141,"column":65},"end":{"line":141,"column":67}},"type":"default-arg","locations":[{"start":{"line":141,"column":65},"end":{"line":141,"column":67}}]},"10":{"loc":{"start":{"line":147,"column":47},"end":{"line":147,"column":53}},"type":"cond-expr","locations":[{"start":{"line":147,"column":47},"end":{"line":147,"column":53}},{"start":{"line":147,"column":56},"end":{"line":147,"column":75}}]},"11":{"loc":{"start":{"line":151,"column":8},"end":{"line":157,"column":9}},"type":"if","locations":[{"start":{"line":151,"column":8},"end":{"line":157,"column":9}},{"start":{"line":151,"column":8},"end":{"line":157,"column":9}}]},"12":{"loc":{"start":{"line":151,"column":12},"end":{"line":151,"column":27}},"type":"binary-expr","locations":[{"start":{"line":151,"column":12},"end":{"line":151,"column":27}},{"start":{"line":151,"column":31},"end":{"line":151,"column":51}}]},"13":{"loc":{"start":{"line":153,"column":16},"end":{"line":155,"column":17}},"type":"if","locations":[{"start":{"line":153,"column":16},"end":{"line":155,"column":17}},{"start":{"line":153,"column":16},"end":{"line":155,"column":17}}]},"14":{"loc":{"start":{"line":160,"column":4},"end":{"line":180,"column":5}},"type":"if","locations":[{"start":{"line":160,"column":4},"end":{"line":180,"column":5}},{"start":{"line":160,"column":4},"end":{"line":180,"column":5}}]},"15":{"loc":{"start":{"line":160,"column":8},"end":{"line":160,"column":35}},"type":"binary-expr","locations":[{"start":{"line":160,"column":8},"end":{"line":160,"column":35}},{"start":{"line":160,"column":39},"end":{"line":160,"column":51}}]},"16":{"loc":{"start":{"line":166,"column":8},"end":{"line":166,"column":59}},"type":"if","locations":[{"start":{"line":166,"column":8},"end":{"line":166,"column":59}},{"start":{"line":166,"column":8},"end":{"line":166,"column":59}}]},"17":{"loc":{"start":{"line":168,"column":8},"end":{"line":170,"column":9}},"type":"if","locations":[{"start":{"line":168,"column":8},"end":{"line":170,"column":9}},{"start":{"line":168,"column":8},"end":{"line":170,"column":9}}]},"18":{"loc":{"start":{"line":171,"column":8},"end":{"line":173,"column":9}},"type":"if","locations":[{"start":{"line":171,"column":8},"end":{"line":173,"column":9}},{"start":{"line":171,"column":8},"end":{"line":173,"column":9}}]},"19":{"loc":{"start":{"line":174,"column":8},"end":{"line":176,"column":9}},"type":"if","locations":[{"start":{"line":174,"column":8},"end":{"line":176,"column":9}},{"start":{"line":174,"column":8},"end":{"line":176,"column":9}}]},"20":{"loc":{"start":{"line":177,"column":8},"end":{"line":179,"column":9}},"type":"if","locations":[{"start":{"line":177,"column":8},"end":{"line":179,"column":9}},{"start":{"line":177,"column":8},"end":{"line":179,"column":9}}]},"21":{"loc":{"start":{"line":177,"column":12},"end":{"line":177,"column":24}},"type":"binary-expr","locations":[{"start":{"line":177,"column":12},"end":{"line":177,"column":24}},{"start":{"line":177,"column":28},"end":{"line":177,"column":52}},{"start":{"line":177,"column":56},"end":{"line":177,"column":89}}]}},"s":{"0":5,"1":5,"2":5,"3":5,"4":5,"5":0,"6":0,"7":0,"8":0,"9":0,"10":15,"11":15,"12":15,"13":15,"14":15,"15":13,"16":0,"17":13,"18":13,"19":13,"20":13,"21":13,"22":13,"23":0,"24":0,"25":0,"26":0,"27":0,"28":0,"29":0,"30":0,"31":0,"32":0,"33":0,"34":0,"35":0,"36":0,"37":0,"38":0,"39":0,"40":13,"41":13,"42":13,"43":13,"44":13,"45":13,"46":13,"47":0,"48":13,"49":0,"50":13,"51":13,"52":15,"53":15,"54":214,"55":5,"56":5,"57":15,"58":15,"59":15,"60":3110,"61":3110,"62":3110,"63":3110,"64":3110,"65":11,"66":11,"67":11,"68":3110,"69":3110,"70":3110,"71":3110,"72":3110,"73":3110,"74":3110,"75":3110,"76":235,"77":1302,"78":3110,"79":660,"80":660,"81":3110,"82":638,"83":1067,"84":3110,"85":44,"86":66},"f":{"0":0,"1":15,"2":13,"3":13,"4":0,"5":0,"6":0,"7":0,"8":0,"9":15,"10":15,"11":214,"12":15,"13":3110,"14":3110,"15":3110,"16":11,"17":1302,"18":660,"19":1067,"20":66},"b":{"0":[0,13],"1":[0,0],"2":[0,0],"3":[13,0],"4":[0,13],"5":[0,13],"6":[7],"7":[208,6],"8":[214,209],"9":[15],"10":[15,3095],"11":[11,3099],"12":[3110,928],"13":[11,0],"14":[3110,0],"15":[3110,3110],"16":[3110,0],"17":[235,2875],"18":[660,2450],"19":[638,2472],"20":[44,3066],"21":[3110,2244,55]}}
,"/Users/sth1pal/Documents/Development/JavaScript/nodejs/ts6/dev/hsApps/hsDocs/src/markdown.ts": {"path":"/Users/sth1pal/Documents/Development/JavaScript/nodejs/ts6/dev/hsApps/hsDocs/src/markdown.ts","statementMap":{"0":{"start":{"line":1,"column":18},"end":{"line":1,"column":37}},"1":{"start":{"line":2,"column":0},"end":{"line":2,"column":29}},"2":{"start":{"line":12,"column":22},"end":{"line":18,"column":6}},"3":{"start":{"line":19,"column":17},"end":{"line":19,"column":55}},"4":{"start":{"line":20,"column":4},"end":{"line":23,"column":5}},"5":{"start":{"line":21,"column":18},"end":{"line":21,"column":40}},"6":{"start":{"line":22,"column":8},"end":{"line":22,"column":53}},"7":{"start":{"line":22,"column":19},"end":{"line":22,"column":51}},"8":{"start":{"line":24,"column":4},"end":{"line":24,"column":51}},"9":{"start":{"line":25,"column":4},"end":{"line":25,"column":18}},"10":{"start":{"line":11,"column":0},"end":{"line":26,"column":1}},"11":{"start":{"line":54,"column":8},"end":{"line":58,"column":11}},"12":{"start":{"line":55,"column":12},"end":{"line":55,"column":26}},"13":{"start":{"line":56,"column":12},"end":{"line":56,"column":26}},"14":{"start":{"line":57,"column":12},"end":{"line":57,"column":22}},"15":{"start":{"line":59,"column":8},"end":{"line":59,"column":26}},"16":{"start":{"line":64,"column":8},"end":{"line":69,"column":9}},"17":{"start":{"line":65,"column":12},"end":{"line":65,"column":41}},"18":{"start":{"line":67,"column":12},"end":{"line":67,"column":25}},"19":{"start":{"line":68,"column":12},"end":{"line":68,"column":23}},"20":{"start":{"line":70,"column":8},"end":{"line":72,"column":9}},"21":{"start":{"line":71,"column":12},"end":{"line":71,"column":41}},"22":{"start":{"line":73,"column":8},"end":{"line":73,"column":32}},"23":{"start":{"line":76,"column":19},"end":{"line":76,"column":49}},"24":{"start":{"line":79,"column":4},"end":{"line":86,"column":7}},"25":{"start":{"line":80,"column":21},"end":{"line":80,"column":28}},"26":{"start":{"line":81,"column":21},"end":{"line":81,"column":28}},"27":{"start":{"line":82,"column":28},"end":{"line":82,"column":43}},"28":{"start":{"line":83,"column":8},"end":{"line":85,"column":72}},"29":{"start":{"line":87,"column":4},"end":{"line":87,"column":19}}},"fnMap":{"0":{"name":"markDown","decl":{"start":{"line":11,"column":16},"end":{"line":11,"column":24}},"loc":{"start":{"line":11,"column":94},"end":{"line":26,"column":1}}},"1":{"name":"substituteLinks","decl":{"start":{"line":47,"column":9},"end":{"line":47,"column":24}},"loc":{"start":{"line":47,"column":60},"end":{"line":89,"column":1}}},"2":{"name":"deconstructRoute","decl":{"start":{"line":52,"column":13},"end":{"line":52,"column":29}},"loc":{"start":{"line":52,"column":42},"end":{"line":60,"column":5}}},"3":{"name":"(anonymous_3)","decl":{"start":{"line":54,"column":52},"end":{"line":54,"column":53}},"loc":{"start":{"line":54,"column":71},"end":{"line":58,"column":9}}},"4":{"name":"getLibMod","decl":{"start":{"line":62,"column":13},"end":{"line":62,"column":22}},"loc":{"start":{"line":62,"column":34},"end":{"line":74,"column":5}}},"5":{"name":"(anonymous_5)","decl":{"start":{"line":79,"column":63},"end":{"line":79,"column":64}},"loc":{"start":{"line":79,"column":82},"end":{"line":86,"column":5}}}},"branchMap":{"0":{"loc":{"start":{"line":11,"column":52},"end":{"line":11,"column":57}},"type":"default-arg","locations":[{"start":{"line":11,"column":52},"end":{"line":11,"column":57}}]},"1":{"loc":{"start":{"line":11,"column":81},"end":{"line":11,"column":94}},"type":"default-arg","locations":[{"start":{"line":11,"column":81},"end":{"line":11,"column":94}}]},"2":{"loc":{"start":{"line":19,"column":26},"end":{"line":19,"column":28}},"type":"cond-expr","locations":[{"start":{"line":19,"column":26},"end":{"line":19,"column":28}},{"start":{"line":19,"column":31},"end":{"line":19,"column":55}}]},"3":{"loc":{"start":{"line":20,"column":4},"end":{"line":23,"column":5}},"type":"if","locations":[{"start":{"line":20,"column":4},"end":{"line":23,"column":5}},{"start":{"line":20,"column":4},"end":{"line":23,"column":5}}]},"4":{"loc":{"start":{"line":22,"column":8},"end":{"line":22,"column":53}},"type":"if","locations":[{"start":{"line":22,"column":8},"end":{"line":22,"column":53}},{"start":{"line":22,"column":8},"end":{"line":22,"column":53}}]},"5":{"loc":{"start":{"line":64,"column":8},"end":{"line":69,"column":9}},"type":"if","locations":[{"start":{"line":64,"column":8},"end":{"line":69,"column":9}},{"start":{"line":64,"column":8},"end":{"line":69,"column":9}}]},"6":{"loc":{"start":{"line":70,"column":8},"end":{"line":72,"column":9}},"type":"if","locations":[{"start":{"line":70,"column":8},"end":{"line":72,"column":9}},{"start":{"line":70,"column":8},"end":{"line":72,"column":9}}]},"7":{"loc":{"start":{"line":84,"column":16},"end":{"line":84,"column":56}},"type":"cond-expr","locations":[{"start":{"line":84,"column":16},"end":{"line":84,"column":56}},{"start":{"line":85,"column":16},"end":{"line":85,"column":71}}]},"8":{"loc":{"start":{"line":83,"column":16},"end":{"line":83,"column":29}},"type":"binary-expr","locations":[{"start":{"line":83,"column":16},"end":{"line":83,"column":29}},{"start":{"line":83,"column":33},"end":{"line":83,"column":47}},{"start":{"line":83,"column":51},"end":{"line":83,"column":72}}]}},"s":{"0":3,"1":3,"2":28,"3":28,"4":28,"5":18,"6":18,"7":18,"8":28,"9":28,"10":3,"11":28,"12":22,"13":22,"14":22,"15":28,"16":15,"17":9,"18":6,"19":6,"20":15,"21":1,"22":15,"23":28,"24":28,"25":15,"26":15,"27":15,"28":15,"29":28},"f":{"0":28,"1":28,"2":28,"3":22,"4":15,"5":15},"b":{"0":[1],"1":[1],"2":[0,28],"3":[18,10],"4":[18,0],"5":[9,6],"6":[1,14],"7":[4,11],"8":[15,13,13]}}
,"/Users/sth1pal/Documents/Development/JavaScript/nodejs/ts6/dev/hsApps/hsDocs/src/view/DocsMenu.ts": {"path":"/Users/sth1pal/Documents/Development/JavaScript/nodejs/ts6/dev/hsApps/hsDocs/src/view/DocsMenu.ts","statementMap":{"0":{"start":{"line":1,"column":0},"end":{"line":1,"column":47}},"1":{"start":{"line":2,"column":0},"end":{"line":2,"column":49}},"2":{"start":{"line":3,"column":0},"end":{"line":3,"column":47}},"3":{"start":{"line":4,"column":0},"end":{"line":4,"column":45}},"4":{"start":{"line":4,"column":59},"end":{"line":4,"column":75}},"5":{"start":{"line":21,"column":4},"end":{"line":21,"column":16}},"6":{"start":{"line":24,"column":8},"end":{"line":29,"column":9}},"7":{"start":{"line":25,"column":12},"end":{"line":25,"column":39}},"8":{"start":{"line":26,"column":12},"end":{"line":28,"column":30}},"9":{"start":{"line":27,"column":24},"end":{"line":27,"column":32}},"10":{"start":{"line":30,"column":22},"end":{"line":30,"column":35}},"11":{"start":{"line":31,"column":8},"end":{"line":36,"column":10}},"12":{"start":{"line":32,"column":43},"end":{"line":32,"column":44}},"13":{"start":{"line":35,"column":38},"end":{"line":35,"column":76}},"14":{"start":{"line":40,"column":34},"end":{"line":40,"column":58}},"15":{"start":{"line":41,"column":8},"end":{"line":41,"column":37}},"16":{"start":{"line":20,"column":0},"end":{"line":43,"column":1}}},"fnMap":{"0":{"name":"(anonymous_0)","decl":{"start":{"line":20,"column":0},"end":{"line":null,"column":-1}},"loc":{"start":{"line":20,"column":0},"end":{"line":43,"column":1}}},"1":{"name":"(anonymous_1)","decl":{"start":{"line":23,"column":12},"end":{"line":23,"column":18}},"loc":{"start":{"line":23,"column":29},"end":{"line":37,"column":5}}},"2":{"name":"(anonymous_2)","decl":{"start":{"line":27,"column":18},"end":{"line":27,"column":20}},"loc":{"start":{"line":27,"column":24},"end":{"line":27,"column":32}}},"3":{"name":"(anonymous_3)","decl":{"start":{"line":32,"column":29},"end":{"line":32,"column":30}},"loc":{"start":{"line":32,"column":43},"end":{"line":32,"column":44}}},"4":{"name":"(anonymous_4)","decl":{"start":{"line":35,"column":21},"end":{"line":35,"column":22}},"loc":{"start":{"line":35,"column":38},"end":{"line":35,"column":76}}},"5":{"name":"(anonymous_5)","decl":{"start":{"line":39,"column":4},"end":{"line":39,"column":16}},"loc":{"start":{"line":39,"column":28},"end":{"line":42,"column":5}}}},"branchMap":{"0":{"loc":{"start":{"line":24,"column":8},"end":{"line":29,"column":9}},"type":"if","locations":[{"start":{"line":24,"column":8},"end":{"line":29,"column":9}},{"start":{"line":24,"column":8},"end":{"line":29,"column":9}}]},"1":{"loc":{"start":{"line":34,"column":25},"end":{"line":34,"column":45}},"type":"binary-expr","locations":[{"start":{"line":34,"column":25},"end":{"line":34,"column":45}},{"start":{"line":34,"column":49},"end":{"line":34,"column":57}}]}},"s":{"0":1,"1":1,"2":1,"3":1,"4":1,"5":1,"6":2,"7":1,"8":1,"9":1,"10":2,"11":2,"12":4,"13":0,"14":2,"15":2,"16":1},"f":{"0":1,"1":2,"2":1,"3":4,"4":0,"5":2},"b":{"0":[1,1],"1":[2,2]}}
,"/Users/sth1pal/Documents/Development/JavaScript/nodejs/ts6/dev/hsApps/hsDocs/src/view/LeftNav.ts": {"path":"/Users/sth1pal/Documents/Development/JavaScript/nodejs/ts6/dev/hsApps/hsDocs/src/view/LeftNav.ts","statementMap":{"0":{"start":{"line":6,"column":0},"end":{"line":6,"column":39}},"1":{"start":{"line":7,"column":0},"end":{"line":7,"column":39}},"2":{"start":{"line":8,"column":0},"end":{"line":8,"column":39}},"3":{"start":{"line":9,"column":0},"end":{"line":9,"column":41}},"4":{"start":{"line":10,"column":0},"end":{"line":10,"column":38}},"5":{"start":{"line":18,"column":18},"end":{"line":18,"column":38}},"6":{"start":{"line":19,"column":20},"end":{"line":19,"column":42}},"7":{"start":{"line":20,"column":23},"end":{"line":20,"column":68}},"8":{"start":{"line":21,"column":8},"end":{"line":21,"column":74}},"9":{"start":{"line":16,"column":0},"end":{"line":23,"column":1}},"10":{"start":{"line":29,"column":30},"end":{"line":29,"column":32}},"11":{"start":{"line":30,"column":8},"end":{"line":30,"column":28}},"12":{"start":{"line":31,"column":8},"end":{"line":63,"column":9}},"13":{"start":{"line":32,"column":12},"end":{"line":62,"column":15}},"14":{"start":{"line":34,"column":16},"end":{"line":61,"column":17}},"15":{"start":{"line":35,"column":33},"end":{"line":35,"column":70}},"16":{"start":{"line":36,"column":33},"end":{"line":36,"column":52}},"17":{"start":{"line":37,"column":20},"end":{"line":44,"column":21}},"18":{"start":{"line":38,"column":24},"end":{"line":43,"column":27}},"19":{"start":{"line":46,"column":35},"end":{"line":46,"column":37}},"20":{"start":{"line":47,"column":20},"end":{"line":47,"column":74}},"21":{"start":{"line":47,"column":53},"end":{"line":47,"column":72}},"22":{"start":{"line":49,"column":20},"end":{"line":60,"column":24}},"23":{"start":{"line":49,"column":36},"end":{"line":60,"column":23}},"24":{"start":{"line":50,"column":36},"end":{"line":50,"column":51}},"25":{"start":{"line":51,"column":24},"end":{"line":58,"column":25}},"26":{"start":{"line":52,"column":28},"end":{"line":56,"column":30}},"27":{"start":{"line":57,"column":24},"end":{"line":57,"column":50}},"28":{"start":{"line":59,"column":24},"end":{"line":59,"column":75}},"29":{"start":{"line":69,"column":23},"end":{"line":69,"column":28}},"30":{"start":{"line":70,"column":8},"end":{"line":70,"column":86}},"31":{"start":{"line":70,"column":70},"end":{"line":70,"column":84}},"32":{"start":{"line":72,"column":8},"end":{"line":75,"column":12}},"33":{"start":{"line":74,"column":63},"end":{"line":74,"column":85}},"34":{"start":{"line":78,"column":4},"end":{"line":84,"column":5}},"35":{"start":{"line":79,"column":8},"end":{"line":79,"column":31}},"36":{"start":{"line":81,"column":24},"end":{"line":81,"column":58}},"37":{"start":{"line":82,"column":8},"end":{"line":82,"column":61}},"38":{"start":{"line":83,"column":8},"end":{"line":83,"column":52}},"39":{"start":{"line":90,"column":22},"end":{"line":93,"column":1}},"40":{"start":{"line":105,"column":8},"end":{"line":105,"column":39}},"41":{"start":{"line":111,"column":25},"end":{"line":111,"column":98}},"42":{"start":{"line":112,"column":26},"end":{"line":112,"column":59}},"43":{"start":{"line":113,"column":26},"end":{"line":113,"column":57}},"44":{"start":{"line":114,"column":20},"end":{"line":114,"column":94}},"45":{"start":{"line":115,"column":8},"end":{"line":119,"column":15}},"46":{"start":{"line":122,"column":30},"end":{"line":122,"column":48}},"47":{"start":{"line":124,"column":14},"end":{"line":124,"column":16}},"48":{"start":{"line":125,"column":4},"end":{"line":134,"column":5}},"49":{"start":{"line":126,"column":8},"end":{"line":130,"column":27}},"50":{"start":{"line":131,"column":8},"end":{"line":133,"column":9}},"51":{"start":{"line":132,"column":12},"end":{"line":132,"column":63}},"52":{"start":{"line":135,"column":4},"end":{"line":135,"column":65}},"53":{"start":{"line":142,"column":4},"end":{"line":147,"column":38}},"54":{"start":{"line":143,"column":8},"end":{"line":146,"column":40}},"55":{"start":{"line":143,"column":56},"end":{"line":143,"column":79}},"56":{"start":{"line":144,"column":13},"end":{"line":146,"column":40}},"57":{"start":{"line":144,"column":39},"end":{"line":144,"column":49}},"58":{"start":{"line":145,"column":13},"end":{"line":146,"column":40}},"59":{"start":{"line":145,"column":39},"end":{"line":145,"column":48}},"60":{"start":{"line":146,"column":15},"end":{"line":146,"column":38}},"61":{"start":{"line":147,"column":13},"end":{"line":147,"column":36}}},"fnMap":{"0":{"name":"(anonymous_0)","decl":{"start":{"line":17,"column":4},"end":{"line":17,"column":16}},"loc":{"start":{"line":17,"column":29},"end":{"line":22,"column":5}}},"1":{"name":"navList","decl":{"start":{"line":26,"column":9},"end":{"line":26,"column":16}},"loc":{"start":{"line":26,"column":41},"end":{"line":85,"column":1}}},"2":{"name":"collectModules","decl":{"start":{"line":28,"column":13},"end":{"line":28,"column":27}},"loc":{"start":{"line":28,"column":38},"end":{"line":64,"column":5}}},"3":{"name":"(anonymous_3)","decl":{"start":{"line":32,"column":36},"end":{"line":32,"column":37}},"loc":{"start":{"line":32,"column":46},"end":{"line":62,"column":13}}},"4":{"name":"(anonymous_4)","decl":{"start":{"line":47,"column":42},"end":{"line":47,"column":43}},"loc":{"start":{"line":47,"column":53},"end":{"line":47,"column":72}}},"5":{"name":"(anonymous_5)","decl":{"start":{"line":49,"column":53},"end":{"line":49,"column":54}},"loc":{"start":{"line":49,"column":63},"end":{"line":60,"column":21}}},"6":{"name":"externalModule","decl":{"start":{"line":68,"column":13},"end":{"line":68,"column":27}},"loc":{"start":{"line":68,"column":35},"end":{"line":76,"column":5}}},"7":{"name":"(anonymous_7)","decl":{"start":{"line":74,"column":52},"end":{"line":74,"column":53}},"loc":{"start":{"line":74,"column":63},"end":{"line":74,"column":85}}},"8":{"name":"entries","decl":{"start":{"line":103,"column":9},"end":{"line":103,"column":16}},"loc":{"start":{"line":103,"column":49},"end":{"line":136,"column":1}}},"9":{"name":"moduleGet","decl":{"start":{"line":104,"column":13},"end":{"line":104,"column":22}},"loc":{"start":{"line":104,"column":28},"end":{"line":106,"column":5}}},"10":{"name":"entry","decl":{"start":{"line":110,"column":13},"end":{"line":110,"column":18}},"loc":{"start":{"line":110,"column":26},"end":{"line":120,"column":5}}},"11":{"name":"empty","decl":{"start":{"line":122,"column":13},"end":{"line":122,"column":18}},"loc":{"start":{"line":122,"column":26},"end":{"line":122,"column":50}}},"12":{"name":"exportAscending","decl":{"start":{"line":141,"column":9},"end":{"line":141,"column":24}},"loc":{"start":{"line":141,"column":37},"end":{"line":148,"column":1}}}},"branchMap":{"0":{"loc":{"start":{"line":20,"column":23},"end":{"line":20,"column":42}},"type":"binary-expr","locations":[{"start":{"line":20,"column":23},"end":{"line":20,"column":42}},{"start":{"line":20,"column":46},"end":{"line":20,"column":68}}]},"1":{"loc":{"start":{"line":31,"column":8},"end":{"line":63,"column":9}},"type":"if","locations":[{"start":{"line":31,"column":8},"end":{"line":63,"column":9}},{"start":{"line":31,"column":8},"end":{"line":63,"column":9}}]},"2":{"loc":{"start":{"line":34,"column":16},"end":{"line":61,"column":17}},"type":"if","locations":[{"start":{"line":34,"column":16},"end":{"line":61,"column":17}},{"start":{"line":34,"column":16},"end":{"line":61,"column":17}}]},"3":{"loc":{"start":{"line":34,"column":20},"end":{"line":34,"column":52}},"type":"binary-expr","locations":[{"start":{"line":34,"column":20},"end":{"line":34,"column":52}},{"start":{"line":34,"column":56},"end":{"line":34,"column":78}}]},"4":{"loc":{"start":{"line":34,"column":22},"end":{"line":34,"column":29}},"type":"binary-expr","locations":[{"start":{"line":34,"column":22},"end":{"line":34,"column":29}},{"start":{"line":34,"column":33},"end":{"line":34,"column":51}}]},"5":{"loc":{"start":{"line":35,"column":48},"end":{"line":35,"column":61}},"type":"cond-expr","locations":[{"start":{"line":35,"column":48},"end":{"line":35,"column":61}},{"start":{"line":35,"column":64},"end":{"line":35,"column":70}}]},"6":{"loc":{"start":{"line":37,"column":20},"end":{"line":44,"column":21}},"type":"if","locations":[{"start":{"line":37,"column":20},"end":{"line":44,"column":21}},{"start":{"line":37,"column":20},"end":{"line":44,"column":21}}]},"7":{"loc":{"start":{"line":49,"column":20},"end":{"line":60,"column":24}},"type":"if","locations":[{"start":{"line":49,"column":20},"end":{"line":60,"column":24}},{"start":{"line":49,"column":20},"end":{"line":60,"column":24}}]},"8":{"loc":{"start":{"line":51,"column":24},"end":{"line":58,"column":25}},"type":"if","locations":[{"start":{"line":51,"column":24},"end":{"line":58,"column":25}},{"start":{"line":51,"column":24},"end":{"line":58,"column":25}}]},"9":{"loc":{"start":{"line":70,"column":8},"end":{"line":70,"column":86}},"type":"if","locations":[{"start":{"line":70,"column":8},"end":{"line":70,"column":86}},{"start":{"line":70,"column":8},"end":{"line":70,"column":86}}]},"10":{"loc":{"start":{"line":70,"column":12},"end":{"line":70,"column":29}},"type":"binary-expr","locations":[{"start":{"line":70,"column":12},"end":{"line":70,"column":29}},{"start":{"line":70,"column":33},"end":{"line":70,"column":66}}]},"11":{"loc":{"start":{"line":73,"column":26},"end":{"line":73,"column":49}},"type":"cond-expr","locations":[{"start":{"line":73,"column":26},"end":{"line":73,"column":49}},{"start":{"line":73,"column":50},"end":{"line":73,"column":52}}]},"12":{"loc":{"start":{"line":74,"column":25},"end":{"line":74,"column":34}},"type":"cond-expr","locations":[{"start":{"line":74,"column":25},"end":{"line":74,"column":34}},{"start":{"line":74,"column":37},"end":{"line":74,"column":86}}]},"13":{"loc":{"start":{"line":78,"column":4},"end":{"line":84,"column":5}},"type":"if","locations":[{"start":{"line":78,"column":4},"end":{"line":84,"column":5}},{"start":{"line":78,"column":4},"end":{"line":84,"column":5}}]},"14":{"loc":{"start":{"line":111,"column":70},"end":{"line":111,"column":93}},"type":"cond-expr","locations":[{"start":{"line":111,"column":70},"end":{"line":111,"column":93}},{"start":{"line":111,"column":96},"end":{"line":111,"column":98}}]},"15":{"loc":{"start":{"line":111,"column":26},"end":{"line":111,"column":43}},"type":"binary-expr","locations":[{"start":{"line":111,"column":26},"end":{"line":111,"column":43}},{"start":{"line":111,"column":47},"end":{"line":111,"column":67}}]},"16":{"loc":{"start":{"line":112,"column":26},"end":{"line":112,"column":35}},"type":"binary-expr","locations":[{"start":{"line":112,"column":26},"end":{"line":112,"column":35}},{"start":{"line":112,"column":39},"end":{"line":112,"column":59}}]},"17":{"loc":{"start":{"line":113,"column":26},"end":{"line":113,"column":35}},"type":"binary-expr","locations":[{"start":{"line":113,"column":26},"end":{"line":113,"column":35}},{"start":{"line":113,"column":39},"end":{"line":113,"column":57}}]},"18":{"loc":{"start":{"line":114,"column":64},"end":{"line":114,"column":87}},"type":"cond-expr","locations":[{"start":{"line":114,"column":64},"end":{"line":114,"column":87}},{"start":{"line":114,"column":90},"end":{"line":114,"column":92}}]},"19":{"loc":{"start":{"line":115,"column":57},"end":{"line":115,"column":59}},"type":"cond-expr","locations":[{"start":{"line":115,"column":57},"end":{"line":115,"column":59}},{"start":{"line":116,"column":12},"end":{"line":119,"column":14}}]},"20":{"loc":{"start":{"line":115,"column":16},"end":{"line":115,"column":25}},"type":"binary-expr","locations":[{"start":{"line":115,"column":16},"end":{"line":115,"column":25}},{"start":{"line":115,"column":29},"end":{"line":115,"column":54}}]},"21":{"loc":{"start":{"line":117,"column":24},"end":{"line":117,"column":32}},"type":"cond-expr","locations":[{"start":{"line":117,"column":24},"end":{"line":117,"column":32}},{"start":{"line":117,"column":34},"end":{"line":117,"column":36}}]},"22":{"loc":{"start":{"line":125,"column":4},"end":{"line":134,"column":5}},"type":"if","locations":[{"start":{"line":125,"column":4},"end":{"line":134,"column":5}},{"start":{"line":125,"column":4},"end":{"line":134,"column":5}}]},"23":{"loc":{"start":{"line":125,"column":8},"end":{"line":125,"column":13}},"type":"binary-expr","locations":[{"start":{"line":125,"column":8},"end":{"line":125,"column":13}},{"start":{"line":125,"column":17},"end":{"line":125,"column":31}}]},"24":{"loc":{"start":{"line":131,"column":8},"end":{"line":133,"column":9}},"type":"if","locations":[{"start":{"line":131,"column":8},"end":{"line":133,"column":9}},{"start":{"line":131,"column":8},"end":{"line":133,"column":9}}]},"25":{"loc":{"start":{"line":135,"column":29},"end":{"line":135,"column":59}},"type":"cond-expr","locations":[{"start":{"line":135,"column":29},"end":{"line":135,"column":59}},{"start":{"line":135,"column":62},"end":{"line":135,"column":64}}]},"26":{"loc":{"start":{"line":142,"column":4},"end":{"line":147,"column":38}},"type":"if","locations":[{"start":{"line":142,"column":4},"end":{"line":147,"column":38}},{"start":{"line":142,"column":4},"end":{"line":147,"column":38}}]},"27":{"loc":{"start":{"line":142,"column":8},"end":{"line":142,"column":15}},"type":"binary-expr","locations":[{"start":{"line":142,"column":8},"end":{"line":142,"column":15}},{"start":{"line":142,"column":19},"end":{"line":142,"column":26}}]},"28":{"loc":{"start":{"line":143,"column":8},"end":{"line":146,"column":40}},"type":"if","locations":[{"start":{"line":143,"column":8},"end":{"line":146,"column":40}},{"start":{"line":143,"column":8},"end":{"line":146,"column":40}}]},"29":{"loc":{"start":{"line":143,"column":12},"end":{"line":143,"column":30}},"type":"binary-expr","locations":[{"start":{"line":143,"column":12},"end":{"line":143,"column":30}},{"start":{"line":143,"column":34},"end":{"line":143,"column":52}}]},"30":{"loc":{"start":{"line":144,"column":13},"end":{"line":146,"column":40}},"type":"if","locations":[{"start":{"line":144,"column":13},"end":{"line":146,"column":40}},{"start":{"line":144,"column":13},"end":{"line":146,"column":40}}]},"31":{"loc":{"start":{"line":145,"column":13},"end":{"line":146,"column":40}},"type":"if","locations":[{"start":{"line":145,"column":13},"end":{"line":146,"column":40}},{"start":{"line":145,"column":13},"end":{"line":146,"column":40}}]}},"s":{"0":1,"1":1,"2":1,"3":1,"4":1,"5":2,"6":2,"7":2,"8":2,"9":1,"10":2,"11":2,"12":2,"13":2,"14":24,"15":20,"16":20,"17":20,"18":20,"19":20,"20":20,"21":0,"22":20,"23":20,"24":44,"25":44,"26":44,"27":44,"28":44,"29":20,"30":20,"31":0,"32":20,"33":44,"34":2,"35":2,"36":2,"37":2,"38":2,"39":1,"40":128,"41":128,"42":128,"43":128,"44":128,"45":128,"46":128,"47":44,"48":44,"49":44,"50":44,"51":34,"52":44,"53":112,"54":112,"55":48,"56":64,"57":4,"58":60,"59":6,"60":54,"61":0},"f":{"0":2,"1":2,"2":2,"3":24,"4":0,"5":44,"6":20,"7":44,"8":44,"9":128,"10":128,"11":128,"12":112},"b":{"0":[2,0],"1":[2,0],"2":[20,4],"3":[24,24],"4":[24,24],"5":[0,20],"6":[20,0],"7":[20,0],"8":[44,0],"9":[0,20],"10":[20,20],"11":[0,20],"12":[0,20],"13":[2,0],"14":[0,128],"15":[128,128],"16":[128,128],"17":[128,128],"18":[44,84],"19":[18,110],"20":[128,84],"21":[0,110],"22":[44,0],"23":[44,44],"24":[34,10],"25":[34,10],"26":[112,0],"27":[112,112],"28":[48,64],"29":[112,52],"30":[4,60],"31":[6,54]}}
,"/Users/sth1pal/Documents/Development/JavaScript/nodejs/ts6/dev/hsApps/hsDocs/src/view/MainComment.ts": {"path":"/Users/sth1pal/Documents/Development/JavaScript/nodejs/ts6/dev/hsApps/hsDocs/src/view/MainComment.ts","statementMap":{"0":{"start":{"line":6,"column":0},"end":{"line":6,"column":35}},"1":{"start":{"line":7,"column":0},"end":{"line":7,"column":38}},"2":{"start":{"line":8,"column":0},"end":{"line":8,"column":40}},"3":{"start":{"line":18,"column":24},"end":{"line":18,"column":26}},"4":{"start":{"line":19,"column":4},"end":{"line":23,"column":5}},"5":{"start":{"line":20,"column":8},"end":{"line":20,"column":71}},"6":{"start":{"line":21,"column":8},"end":{"line":21,"column":50}},"7":{"start":{"line":22,"column":8},"end":{"line":22,"column":52}},"8":{"start":{"line":24,"column":4},"end":{"line":24,"column":42}},"9":{"start":{"line":17,"column":0},"end":{"line":25,"column":1}},"10":{"start":{"line":36,"column":24},"end":{"line":36,"column":26}},"11":{"start":{"line":37,"column":4},"end":{"line":47,"column":5}},"12":{"start":{"line":38,"column":8},"end":{"line":38,"column":71}},"13":{"start":{"line":39,"column":8},"end":{"line":44,"column":9}},"14":{"start":{"line":40,"column":12},"end":{"line":40,"column":56}},"15":{"start":{"line":41,"column":12},"end":{"line":43,"column":13}},"16":{"start":{"line":42,"column":16},"end":{"line":42,"column":76}},"17":{"start":{"line":45,"column":8},"end":{"line":45,"column":50}},"18":{"start":{"line":46,"column":8},"end":{"line":46,"column":52}},"19":{"start":{"line":48,"column":4},"end":{"line":48,"column":42}},"20":{"start":{"line":35,"column":0},"end":{"line":49,"column":1}},"21":{"start":{"line":61,"column":16},"end":{"line":61,"column":39}},"22":{"start":{"line":62,"column":4},"end":{"line":62,"column":61}},"23":{"start":{"line":62,"column":24},"end":{"line":62,"column":59}},"24":{"start":{"line":63,"column":4},"end":{"line":65,"column":5}},"25":{"start":{"line":64,"column":8},"end":{"line":64,"column":91}},"26":{"start":{"line":64,"column":39},"end":{"line":64,"column":87}},"27":{"start":{"line":64,"column":70},"end":{"line":64,"column":86}},"28":{"start":{"line":67,"column":4},"end":{"line":67,"column":91}},"29":{"start":{"line":68,"column":4},"end":{"line":68,"column":65}},"30":{"start":{"line":75,"column":15},"end":{"line":75,"column":30}},"31":{"start":{"line":76,"column":4},"end":{"line":79,"column":7}},"32":{"start":{"line":83,"column":4},"end":{"line":96,"column":8}},"33":{"start":{"line":84,"column":12},"end":{"line":95,"column":13}},"34":{"start":{"line":90,"column":24},"end":{"line":90,"column":34}},"35":{"start":{"line":91,"column":25},"end":{"line":94,"column":19}},"36":{"start":{"line":100,"column":4},"end":{"line":108,"column":8}},"37":{"start":{"line":101,"column":8},"end":{"line":107,"column":9}},"38":{"start":{"line":102,"column":32},"end":{"line":102,"column":42}},"39":{"start":{"line":103,"column":21},"end":{"line":106,"column":15}},"40":{"start":{"line":112,"column":4},"end":{"line":119,"column":7}},"41":{"start":{"line":113,"column":8},"end":{"line":118,"column":10}},"42":{"start":{"line":134,"column":17},"end":{"line":134,"column":24}},"43":{"start":{"line":137,"column":21},"end":{"line":137,"column":22}},"44":{"start":{"line":138,"column":23},"end":{"line":151,"column":19}},"45":{"start":{"line":144,"column":32},"end":{"line":144,"column":38}},"46":{"start":{"line":145,"column":24},"end":{"line":145,"column":32}},"47":{"start":{"line":146,"column":16},"end":{"line":146,"column":95}},"48":{"start":{"line":147,"column":16},"end":{"line":147,"column":95}},"49":{"start":{"line":148,"column":16},"end":{"line":148,"column":114}},"50":{"start":{"line":152,"column":8},"end":{"line":152,"column":56}},"51":{"start":{"line":155,"column":4},"end":{"line":155,"column":74}},"52":{"start":{"line":156,"column":4},"end":{"line":156,"column":59}}},"fnMap":{"0":{"name":"commentLong","decl":{"start":{"line":17,"column":16},"end":{"line":17,"column":27}},"loc":{"start":{"line":17,"column":35},"end":{"line":25,"column":1}}},"1":{"name":"comment","decl":{"start":{"line":35,"column":16},"end":{"line":35,"column":23}},"loc":{"start":{"line":35,"column":44},"end":{"line":49,"column":1}}},"2":{"name":"textOrShortTextOrDescription","decl":{"start":{"line":60,"column":9},"end":{"line":60,"column":37}},"loc":{"start":{"line":60,"column":64},"end":{"line":69,"column":1}}},"3":{"name":"(anonymous_3)","decl":{"start":{"line":64,"column":25},"end":{"line":64,"column":26}},"loc":{"start":{"line":64,"column":37},"end":{"line":64,"column":88}}},"4":{"name":"returns","decl":{"start":{"line":74,"column":9},"end":{"line":74,"column":16}},"loc":{"start":{"line":74,"column":43},"end":{"line":80,"column":1}}},"5":{"name":"commentRemainder","decl":{"start":{"line":82,"column":9},"end":{"line":82,"column":25}},"loc":{"start":{"line":82,"column":37},"end":{"line":97,"column":1}}},"6":{"name":"(anonymous_6)","decl":{"start":{"line":83,"column":42},"end":{"line":83,"column":43}},"loc":{"start":{"line":83,"column":54},"end":{"line":96,"column":5}}},"7":{"name":"otherCommentTags","decl":{"start":{"line":99,"column":9},"end":{"line":99,"column":25}},"loc":{"start":{"line":99,"column":37},"end":{"line":109,"column":1}}},"8":{"name":"(anonymous_8)","decl":{"start":{"line":100,"column":54},"end":{"line":100,"column":55}},"loc":{"start":{"line":100,"column":66},"end":{"line":108,"column":5}}},"9":{"name":"mainCommentParams","decl":{"start":{"line":111,"column":9},"end":{"line":111,"column":26}},"loc":{"start":{"line":111,"column":37},"end":{"line":120,"column":1}}},"10":{"name":"(anonymous_10)","decl":{"start":{"line":112,"column":52},"end":{"line":112,"column":53}},"loc":{"start":{"line":113,"column":8},"end":{"line":118,"column":10}}},"11":{"name":"prettifyCode","decl":{"start":{"line":132,"column":9},"end":{"line":132,"column":21}},"loc":{"start":{"line":132,"column":51},"end":{"line":157,"column":1}}},"12":{"name":"braceIndenting","decl":{"start":{"line":136,"column":13},"end":{"line":136,"column":27}},"loc":{"start":{"line":136,"column":39},"end":{"line":153,"column":5}}},"13":{"name":"(anonymous_13)","decl":{"start":{"line":143,"column":17},"end":{"line":143,"column":18}},"loc":{"start":{"line":143,"column":30},"end":{"line":149,"column":13}}}},"branchMap":{"0":{"loc":{"start":{"line":19,"column":4},"end":{"line":23,"column":5}},"type":"if","locations":[{"start":{"line":19,"column":4},"end":{"line":23,"column":5}},{"start":{"line":19,"column":4},"end":{"line":23,"column":5}}]},"1":{"loc":{"start":{"line":35,"column":39},"end":{"line":35,"column":44}},"type":"default-arg","locations":[{"start":{"line":35,"column":39},"end":{"line":35,"column":44}}]},"2":{"loc":{"start":{"line":37,"column":4},"end":{"line":47,"column":5}},"type":"if","locations":[{"start":{"line":37,"column":4},"end":{"line":47,"column":5}},{"start":{"line":37,"column":4},"end":{"line":47,"column":5}}]},"3":{"loc":{"start":{"line":39,"column":8},"end":{"line":44,"column":9}},"type":"if","locations":[{"start":{"line":39,"column":8},"end":{"line":44,"column":9}},{"start":{"line":39,"column":8},"end":{"line":44,"column":9}}]},"4":{"loc":{"start":{"line":41,"column":12},"end":{"line":43,"column":13}},"type":"if","locations":[{"start":{"line":41,"column":12},"end":{"line":43,"column":13}},{"start":{"line":41,"column":12},"end":{"line":43,"column":13}}]},"5":{"loc":{"start":{"line":61,"column":16},"end":{"line":61,"column":33}},"type":"binary-expr","locations":[{"start":{"line":61,"column":16},"end":{"line":61,"column":33}},{"start":{"line":61,"column":37},"end":{"line":61,"column":39}}]},"6":{"loc":{"start":{"line":62,"column":4},"end":{"line":62,"column":61}},"type":"if","locations":[{"start":{"line":62,"column":4},"end":{"line":62,"column":61}},{"start":{"line":62,"column":4},"end":{"line":62,"column":61}}]},"7":{"loc":{"start":{"line":62,"column":39},"end":{"line":62,"column":51}},"type":"binary-expr","locations":[{"start":{"line":62,"column":39},"end":{"line":62,"column":51}},{"start":{"line":62,"column":55},"end":{"line":62,"column":57}}]},"8":{"loc":{"start":{"line":63,"column":4},"end":{"line":65,"column":5}},"type":"if","locations":[{"start":{"line":63,"column":4},"end":{"line":65,"column":5}},{"start":{"line":63,"column":4},"end":{"line":65,"column":5}}]},"9":{"loc":{"start":{"line":64,"column":39},"end":{"line":64,"column":87}},"type":"if","locations":[{"start":{"line":64,"column":39},"end":{"line":64,"column":87}},{"start":{"line":64,"column":39},"end":{"line":64,"column":87}}]},"10":{"loc":{"start":{"line":67,"column":77},"end":{"line":67,"column":79}},"type":"cond-expr","locations":[{"start":{"line":67,"column":77},"end":{"line":67,"column":79}},{"start":{"line":67,"column":82},"end":{"line":67,"column":89}}]},"11":{"loc":{"start":{"line":76,"column":47},"end":{"line":76,"column":49}},"type":"cond-expr","locations":[{"start":{"line":76,"column":47},"end":{"line":76,"column":49}},{"start":{"line":76,"column":51},"end":{"line":79,"column":5}}]},"12":{"loc":{"start":{"line":85,"column":16},"end":{"line":85,"column":28}},"type":"switch","locations":[{"start":{"line":85,"column":16},"end":{"line":85,"column":28}},{"start":{"line":86,"column":16},"end":{"line":86,"column":33}},{"start":{"line":87,"column":16},"end":{"line":87,"column":28}},{"start":{"line":88,"column":16},"end":{"line":88,"column":35}},{"start":{"line":89,"column":16},"end":{"line":90,"column":34}},{"start":{"line":91,"column":16},"end":{"line":94,"column":19}}]},"13":{"loc":{"start":{"line":100,"column":32},"end":{"line":100,"column":34}},"type":"cond-expr","locations":[{"start":{"line":100,"column":32},"end":{"line":100,"column":34}},{"start":{"line":100,"column":37},"end":{"line":108,"column":6}}]},"14":{"loc":{"start":{"line":102,"column":12},"end":{"line":102,"column":42}},"type":"switch","locations":[{"start":{"line":102,"column":12},"end":{"line":102,"column":42}},{"start":{"line":103,"column":12},"end":{"line":106,"column":15}}]},"15":{"loc":{"start":{"line":115,"column":57},"end":{"line":115,"column":59}},"type":"cond-expr","locations":[{"start":{"line":115,"column":57},"end":{"line":115,"column":59}},{"start":{"line":116,"column":16},"end":{"line":116,"column":107}}]},"16":{"loc":{"start":{"line":116,"column":49},"end":{"line":116,"column":82}},"type":"cond-expr","locations":[{"start":{"line":116,"column":49},"end":{"line":116,"column":82}},{"start":{"line":116,"column":85},"end":{"line":116,"column":87}}]},"17":{"loc":{"start":{"line":148,"column":91},"end":{"line":148,"column":97}},"type":"cond-expr","locations":[{"start":{"line":148,"column":91},"end":{"line":148,"column":97}},{"start":{"line":148,"column":98},"end":{"line":148,"column":107}}]}},"s":{"0":2,"1":2,"2":2,"3":7,"4":7,"5":7,"6":7,"7":7,"8":7,"9":2,"10":15,"11":15,"12":15,"13":15,"14":1,"15":1,"16":1,"17":15,"18":15,"19":15,"20":2,"21":22,"22":22,"23":10,"24":22,"25":6,"26":10,"27":1,"28":22,"29":22,"30":22,"31":22,"32":22,"33":34,"34":33,"35":1,"36":1,"37":2,"38":0,"39":2,"40":1,"41":1,"42":22,"43":5,"44":5,"45":49,"46":49,"47":49,"48":49,"49":49,"50":5,"51":22,"52":22},"f":{"0":7,"1":15,"2":22,"3":10,"4":22,"5":22,"6":34,"7":1,"8":2,"9":1,"10":1,"11":22,"12":5,"13":49},"b":{"0":[7,0],"1":[1],"2":[15,0],"3":[1,14],"4":[1,0],"5":[22,5],"6":[10,12],"7":[10,0],"8":[6,16],"9":[1,9],"10":[14,8],"11":[22,0],"12":[6,23,33,33,33,1],"13":[0,1],"14":[0,2],"15":[1,0],"16":[0,0],"17":[11,38]}}
,"/Users/sth1pal/Documents/Development/JavaScript/nodejs/ts6/dev/hsApps/hsDocs/src/view/MainDetail.ts": {"path":"/Users/sth1pal/Documents/Development/JavaScript/nodejs/ts6/dev/hsApps/hsDocs/src/view/MainDetail.ts","statementMap":{"0":{"start":{"line":1,"column":0},"end":{"line":1,"column":47}},"1":{"start":{"line":2,"column":0},"end":{"line":2,"column":47}},"2":{"start":{"line":3,"column":0},"end":{"line":3,"column":49}},"3":{"start":{"line":4,"column":0},"end":{"line":4,"column":52}},"4":{"start":{"line":5,"column":0},"end":{"line":9,"column":46}},"5":{"start":{"line":17,"column":21},"end":{"line":17,"column":41}},"6":{"start":{"line":18,"column":22},"end":{"line":18,"column":44}},"7":{"start":{"line":19,"column":8},"end":{"line":19,"column":37}},"8":{"start":{"line":21,"column":21},"end":{"line":21,"column":86}},"9":{"start":{"line":22,"column":8},"end":{"line":22,"column":46}},"10":{"start":{"line":15,"column":0},"end":{"line":24,"column":1}},"11":{"start":{"line":33,"column":4},"end":{"line":38,"column":5}},"12":{"start":{"line":34,"column":8},"end":{"line":34,"column":50}},"13":{"start":{"line":35,"column":8},"end":{"line":37,"column":9}},"14":{"start":{"line":36,"column":12},"end":{"line":36,"column":36}},"15":{"start":{"line":39,"column":4},"end":{"line":39,"column":21}},"16":{"start":{"line":47,"column":16},"end":{"line":47,"column":55}},"17":{"start":{"line":48,"column":4},"end":{"line":52,"column":7}},"18":{"start":{"line":60,"column":16},"end":{"line":60,"column":55}},"19":{"start":{"line":61,"column":4},"end":{"line":63,"column":7}},"20":{"start":{"line":72,"column":4},"end":{"line":72,"column":85}},"21":{"start":{"line":76,"column":4},"end":{"line":90,"column":5}},"22":{"start":{"line":77,"column":8},"end":{"line":82,"column":11}},"23":{"start":{"line":78,"column":41},"end":{"line":78,"column":71}},"24":{"start":{"line":79,"column":41},"end":{"line":79,"column":72}},"25":{"start":{"line":80,"column":41},"end":{"line":80,"column":72}},"26":{"start":{"line":81,"column":41},"end":{"line":81,"column":73}},"27":{"start":{"line":83,"column":11},"end":{"line":90,"column":5}},"28":{"start":{"line":84,"column":8},"end":{"line":84,"column":73}},"29":{"start":{"line":85,"column":11},"end":{"line":90,"column":5}},"30":{"start":{"line":86,"column":8},"end":{"line":86,"column":43}},"31":{"start":{"line":87,"column":8},"end":{"line":87,"column":50}},"32":{"start":{"line":89,"column":8},"end":{"line":89,"column":37}},"33":{"start":{"line":94,"column":18},"end":{"line":94,"column":102}},"34":{"start":{"line":94,"column":35},"end":{"line":94,"column":101}},"35":{"start":{"line":95,"column":4},"end":{"line":95,"column":92}},"36":{"start":{"line":96,"column":4},"end":{"line":96,"column":41}},"37":{"start":{"line":100,"column":31},"end":{"line":100,"column":64}},"38":{"start":{"line":100,"column":45},"end":{"line":100,"column":64}},"39":{"start":{"line":101,"column":31},"end":{"line":101,"column":65}},"40":{"start":{"line":101,"column":44},"end":{"line":101,"column":65}},"41":{"start":{"line":102,"column":31},"end":{"line":102,"column":65}},"42":{"start":{"line":102,"column":45},"end":{"line":102,"column":65}},"43":{"start":{"line":103,"column":21},"end":{"line":115,"column":5}},"44":{"start":{"line":116,"column":15},"end":{"line":116,"column":65}},"45":{"start":{"line":117,"column":21},"end":{"line":117,"column":92}},"46":{"start":{"line":117,"column":36},"end":{"line":117,"column":92}},"47":{"start":{"line":119,"column":20},"end":{"line":124,"column":79}},"48":{"start":{"line":122,"column":29},"end":{"line":122,"column":76}},"49":{"start":{"line":123,"column":29},"end":{"line":123,"column":78}},"50":{"start":{"line":124,"column":26},"end":{"line":124,"column":78}},"51":{"start":{"line":125,"column":22},"end":{"line":130,"column":103}},"52":{"start":{"line":128,"column":29},"end":{"line":128,"column":76}},"53":{"start":{"line":129,"column":29},"end":{"line":129,"column":76}},"54":{"start":{"line":130,"column":26},"end":{"line":130,"column":102}},"55":{"start":{"line":132,"column":20},"end":{"line":132,"column":57}},"56":{"start":{"line":133,"column":20},"end":{"line":133,"column":37}},"57":{"start":{"line":134,"column":4},"end":{"line":136,"column":5}},"58":{"start":{"line":135,"column":8},"end":{"line":135,"column":134}},"59":{"start":{"line":137,"column":4},"end":{"line":139,"column":5}},"60":{"start":{"line":138,"column":8},"end":{"line":138,"column":135}},"61":{"start":{"line":140,"column":4},"end":{"line":140,"column":119}},"62":{"start":{"line":144,"column":4},"end":{"line":155,"column":50}},"63":{"start":{"line":144,"column":10},"end":{"line":153,"column":11}},"64":{"start":{"line":155,"column":15},"end":{"line":155,"column":30}},"65":{"start":{"line":155,"column":31},"end":{"line":155,"column":48}},"66":{"start":{"line":159,"column":4},"end":{"line":161,"column":54}},"67":{"start":{"line":160,"column":38},"end":{"line":160,"column":110}}},"fnMap":{"0":{"name":"(anonymous_0)","decl":{"start":{"line":16,"column":4},"end":{"line":16,"column":16}},"loc":{"start":{"line":16,"column":28},"end":{"line":23,"column":5}}},"1":{"name":"getOverview","decl":{"start":{"line":32,"column":9},"end":{"line":32,"column":20}},"loc":{"start":{"line":32,"column":43},"end":{"line":40,"column":1}}},"2":{"name":"itemDoc","decl":{"start":{"line":46,"column":9},"end":{"line":46,"column":16}},"loc":{"start":{"line":46,"column":24},"end":{"line":53,"column":1}}},"3":{"name":"overviewDoc","decl":{"start":{"line":59,"column":9},"end":{"line":59,"column":20}},"loc":{"start":{"line":59,"column":28},"end":{"line":64,"column":1}}},"4":{"name":"title","decl":{"start":{"line":71,"column":9},"end":{"line":71,"column":14}},"loc":{"start":{"line":71,"column":31},"end":{"line":73,"column":1}}},"5":{"name":"members","decl":{"start":{"line":75,"column":9},"end":{"line":75,"column":16}},"loc":{"start":{"line":75,"column":33},"end":{"line":91,"column":1}}},"6":{"name":"(anonymous_6)","decl":{"start":{"line":78,"column":30},"end":{"line":78,"column":31}},"loc":{"start":{"line":78,"column":41},"end":{"line":78,"column":71}}},"7":{"name":"(anonymous_7)","decl":{"start":{"line":79,"column":30},"end":{"line":79,"column":31}},"loc":{"start":{"line":79,"column":41},"end":{"line":79,"column":72}}},"8":{"name":"(anonymous_8)","decl":{"start":{"line":80,"column":30},"end":{"line":80,"column":31}},"loc":{"start":{"line":80,"column":41},"end":{"line":80,"column":72}}},"9":{"name":"(anonymous_9)","decl":{"start":{"line":81,"column":30},"end":{"line":81,"column":31}},"loc":{"start":{"line":81,"column":41},"end":{"line":81,"column":73}}},"10":{"name":"parameter","decl":{"start":{"line":93,"column":9},"end":{"line":93,"column":18}},"loc":{"start":{"line":93,"column":38},"end":{"line":97,"column":1}}},"11":{"name":"(anonymous_11)","decl":{"start":{"line":94,"column":24},"end":{"line":94,"column":25}},"loc":{"start":{"line":94,"column":35},"end":{"line":94,"column":101}}},"12":{"name":"member","decl":{"start":{"line":99,"column":9},"end":{"line":99,"column":15}},"loc":{"start":{"line":99,"column":68},"end":{"line":141,"column":1}}},"13":{"name":"(anonymous_13)","decl":{"start":{"line":100,"column":31},"end":{"line":100,"column":32}},"loc":{"start":{"line":100,"column":45},"end":{"line":100,"column":64}}},"14":{"name":"(anonymous_14)","decl":{"start":{"line":101,"column":31},"end":{"line":101,"column":32}},"loc":{"start":{"line":101,"column":44},"end":{"line":101,"column":65}}},"15":{"name":"(anonymous_15)","decl":{"start":{"line":102,"column":31},"end":{"line":102,"column":32}},"loc":{"start":{"line":102,"column":45},"end":{"line":102,"column":65}}},"16":{"name":"(anonymous_16)","decl":{"start":{"line":117,"column":21},"end":{"line":117,"column":22}},"loc":{"start":{"line":117,"column":36},"end":{"line":117,"column":92}}},"17":{"name":"(anonymous_17)","decl":{"start":{"line":122,"column":16},"end":{"line":122,"column":17}},"loc":{"start":{"line":122,"column":29},"end":{"line":122,"column":76}}},"18":{"name":"(anonymous_18)","decl":{"start":{"line":123,"column":16},"end":{"line":123,"column":17}},"loc":{"start":{"line":123,"column":29},"end":{"line":123,"column":78}}},"19":{"name":"(anonymous_19)","decl":{"start":{"line":124,"column":13},"end":{"line":124,"column":14}},"loc":{"start":{"line":124,"column":26},"end":{"line":124,"column":78}}},"20":{"name":"(anonymous_20)","decl":{"start":{"line":128,"column":16},"end":{"line":128,"column":17}},"loc":{"start":{"line":128,"column":29},"end":{"line":128,"column":76}}},"21":{"name":"(anonymous_21)","decl":{"start":{"line":129,"column":16},"end":{"line":129,"column":17}},"loc":{"start":{"line":129,"column":29},"end":{"line":129,"column":76}}},"22":{"name":"(anonymous_22)","decl":{"start":{"line":130,"column":13},"end":{"line":130,"column":14}},"loc":{"start":{"line":130,"column":26},"end":{"line":130,"column":102}}},"23":{"name":"itemDescriptor","decl":{"start":{"line":143,"column":9},"end":{"line":143,"column":23}},"loc":{"start":{"line":143,"column":40},"end":{"line":156,"column":1}}},"24":{"name":"itemChild","decl":{"start":{"line":158,"column":9},"end":{"line":158,"column":18}},"loc":{"start":{"line":158,"column":35},"end":{"line":162,"column":1}}},"25":{"name":"(anonymous_25)","decl":{"start":{"line":160,"column":27},"end":{"line":160,"column":28}},"loc":{"start":{"line":160,"column":38},"end":{"line":160,"column":110}}}},"branchMap":{"0":{"loc":{"start":{"line":21,"column":21},"end":{"line":21,"column":44}},"type":"binary-expr","locations":[{"start":{"line":21,"column":21},"end":{"line":21,"column":44}},{"start":{"line":21,"column":48},"end":{"line":21,"column":86}}]},"1":{"loc":{"start":{"line":21,"column":56},"end":{"line":21,"column":79}},"type":"binary-expr","locations":[{"start":{"line":21,"column":56},"end":{"line":21,"column":79}},{"start":{"line":21,"column":83},"end":{"line":21,"column":85}}]},"2":{"loc":{"start":{"line":33,"column":4},"end":{"line":38,"column":5}},"type":"if","locations":[{"start":{"line":33,"column":4},"end":{"line":38,"column":5}},{"start":{"line":33,"column":4},"end":{"line":38,"column":5}}]},"3":{"loc":{"start":{"line":33,"column":8},"end":{"line":33,"column":19}},"type":"binary-expr","locations":[{"start":{"line":33,"column":8},"end":{"line":33,"column":19}},{"start":{"line":33,"column":23},"end":{"line":33,"column":33}}]},"4":{"loc":{"start":{"line":35,"column":8},"end":{"line":37,"column":9}},"type":"if","locations":[{"start":{"line":35,"column":8},"end":{"line":37,"column":9}},{"start":{"line":35,"column":8},"end":{"line":37,"column":9}}]},"5":{"loc":{"start":{"line":47,"column":32},"end":{"line":47,"column":49}},"type":"cond-expr","locations":[{"start":{"line":47,"column":32},"end":{"line":47,"column":49}},{"start":{"line":47,"column":52},"end":{"line":47,"column":55}}]},"6":{"loc":{"start":{"line":60,"column":32},"end":{"line":60,"column":49}},"type":"cond-expr","locations":[{"start":{"line":60,"column":32},"end":{"line":60,"column":49}},{"start":{"line":60,"column":52},"end":{"line":60,"column":55}}]},"7":{"loc":{"start":{"line":76,"column":4},"end":{"line":90,"column":5}},"type":"if","locations":[{"start":{"line":76,"column":4},"end":{"line":90,"column":5}},{"start":{"line":76,"column":4},"end":{"line":90,"column":5}}]},"8":{"loc":{"start":{"line":83,"column":11},"end":{"line":90,"column":5}},"type":"if","locations":[{"start":{"line":83,"column":11},"end":{"line":90,"column":5}},{"start":{"line":83,"column":11},"end":{"line":90,"column":5}}]},"9":{"loc":{"start":{"line":85,"column":11},"end":{"line":90,"column":5}},"type":"if","locations":[{"start":{"line":85,"column":11},"end":{"line":90,"column":5}},{"start":{"line":85,"column":11},"end":{"line":90,"column":5}}]},"10":{"loc":{"start":{"line":85,"column":15},"end":{"line":85,"column":23}},"type":"binary-expr","locations":[{"start":{"line":85,"column":15},"end":{"line":85,"column":23}},{"start":{"line":85,"column":27},"end":{"line":85,"column":47}}]},"11":{"loc":{"start":{"line":116,"column":15},"end":{"line":116,"column":36}},"type":"binary-expr","locations":[{"start":{"line":116,"column":15},"end":{"line":116,"column":36}},{"start":{"line":116,"column":40},"end":{"line":116,"column":65}}]},"12":{"loc":{"start":{"line":117,"column":36},"end":{"line":117,"column":50}},"type":"binary-expr","locations":[{"start":{"line":117,"column":36},"end":{"line":117,"column":50}},{"start":{"line":117,"column":55},"end":{"line":117,"column":71}},{"start":{"line":117,"column":75},"end":{"line":117,"column":91}}]},"13":{"loc":{"start":{"line":122,"column":36},"end":{"line":122,"column":54}},"type":"cond-expr","locations":[{"start":{"line":122,"column":36},"end":{"line":122,"column":54}},{"start":{"line":122,"column":57},"end":{"line":122,"column":76}}]},"14":{"loc":{"start":{"line":123,"column":36},"end":{"line":123,"column":55}},"type":"cond-expr","locations":[{"start":{"line":123,"column":36},"end":{"line":123,"column":55}},{"start":{"line":123,"column":58},"end":{"line":123,"column":78}}]},"15":{"loc":{"start":{"line":128,"column":36},"end":{"line":128,"column":54}},"type":"cond-expr","locations":[{"start":{"line":128,"column":36},"end":{"line":128,"column":54}},{"start":{"line":128,"column":57},"end":{"line":128,"column":76}}]},"16":{"loc":{"start":{"line":129,"column":36},"end":{"line":129,"column":54}},"type":"cond-expr","locations":[{"start":{"line":129,"column":36},"end":{"line":129,"column":54}},{"start":{"line":129,"column":57},"end":{"line":129,"column":76}}]},"17":{"loc":{"start":{"line":132,"column":26},"end":{"line":132,"column":34}},"type":"cond-expr","locations":[{"start":{"line":132,"column":26},"end":{"line":132,"column":34}},{"start":{"line":132,"column":35},"end":{"line":132,"column":57}}]},"18":{"loc":{"start":{"line":133,"column":26},"end":{"line":133,"column":34}},"type":"cond-expr","locations":[{"start":{"line":133,"column":26},"end":{"line":133,"column":34}},{"start":{"line":133,"column":35},"end":{"line":133,"column":37}}]},"19":{"loc":{"start":{"line":134,"column":4},"end":{"line":136,"column":5}},"type":"if","locations":[{"start":{"line":134,"column":4},"end":{"line":136,"column":5}},{"start":{"line":134,"column":4},"end":{"line":136,"column":5}}]},"20":{"loc":{"start":{"line":137,"column":4},"end":{"line":139,"column":5}},"type":"if","locations":[{"start":{"line":137,"column":4},"end":{"line":139,"column":5}},{"start":{"line":137,"column":4},"end":{"line":139,"column":5}}]},"21":{"loc":{"start":{"line":140,"column":38},"end":{"line":140,"column":55}},"type":"cond-expr","locations":[{"start":{"line":140,"column":38},"end":{"line":140,"column":55}},{"start":{"line":140,"column":56},"end":{"line":140,"column":58}}]},"22":{"loc":{"start":{"line":140,"column":68},"end":{"line":140,"column":85}},"type":"cond-expr","locations":[{"start":{"line":140,"column":68},"end":{"line":140,"column":85}},{"start":{"line":140,"column":86},"end":{"line":140,"column":88}}]},"23":{"loc":{"start":{"line":158,"column":32},"end":{"line":158,"column":35}},"type":"default-arg","locations":[{"start":{"line":158,"column":32},"end":{"line":158,"column":35}}]},"24":{"loc":{"start":{"line":160,"column":8},"end":{"line":160,"column":111}},"type":"cond-expr","locations":[{"start":{"line":160,"column":8},"end":{"line":160,"column":111}},{"start":{"line":161,"column":8},"end":{"line":161,"column":53}}]}},"s":{"0":1,"1":1,"2":1,"3":1,"4":1,"5":6,"6":6,"7":6,"8":6,"9":6,"10":1,"11":6,"12":2,"13":2,"14":2,"15":4,"16":4,"17":4,"18":2,"19":2,"20":4,"21":4,"22":2,"23":6,"24":6,"25":6,"26":6,"27":2,"28":2,"29":0,"30":0,"31":0,"32":0,"33":2,"34":4,"35":2,"36":2,"37":24,"38":64,"39":24,"40":32,"41":24,"42":32,"43":24,"44":24,"45":24,"46":16,"47":24,"48":32,"49":16,"50":8,"51":24,"52":0,"53":0,"54":0,"55":24,"56":24,"57":24,"58":0,"59":24,"60":6,"61":24,"62":16,"63":16,"64":0,"65":0,"66":12,"67":4},"f":{"0":6,"1":6,"2":4,"3":2,"4":4,"5":4,"6":6,"7":6,"8":6,"9":6,"10":2,"11":4,"12":24,"13":64,"14":32,"15":32,"16":16,"17":32,"18":16,"19":8,"20":0,"21":0,"22":0,"23":16,"24":12,"25":4},"b":{"0":[6,4],"1":[4,0],"2":[2,4],"3":[6,4],"4":[2,0],"5":[2,2],"6":[0,2],"7":[2,2],"8":[2,0],"9":[0,0],"10":[0,0],"11":[24,0],"12":[16,16,4],"13":[16,16],"14":[8,8],"15":[0,0],"16":[0,0],"17":[12,12],"18":[12,12],"19":[0,24],"20":[6,18],"21":[12,12],"22":[12,12],"23":[12],"24":[4,8]}}
,"/Users/sth1pal/Documents/Development/JavaScript/nodejs/ts6/dev/hsApps/hsDocs/src/view/MainExample.ts": {"path":"/Users/sth1pal/Documents/Development/JavaScript/nodejs/ts6/dev/hsApps/hsDocs/src/view/MainExample.ts","statementMap":{"0":{"start":{"line":123,"column":0},"end":{"line":123,"column":47}},"1":{"start":{"line":124,"column":0},"end":{"line":124,"column":47}},"2":{"start":{"line":125,"column":0},"end":{"line":125,"column":47}},"3":{"start":{"line":126,"column":0},"end":{"line":126,"column":47}},"4":{"start":{"line":127,"column":0},"end":{"line":127,"column":47}},"5":{"start":{"line":128,"column":0},"end":{"line":128,"column":45}},"6":{"start":{"line":129,"column":0},"end":{"line":129,"column":45}},"7":{"start":{"line":130,"column":0},"end":{"line":130,"column":45}},"8":{"start":{"line":130,"column":60},"end":{"line":130,"column":79}},"9":{"start":{"line":131,"column":0},"end":{"line":131,"column":45}},"10":{"start":{"line":133,"column":16},"end":{"line":138,"column":1}},"11":{"start":{"line":163,"column":49},"end":{"line":163,"column":51}},"12":{"start":{"line":180,"column":21},"end":{"line":180,"column":41}},"13":{"start":{"line":181,"column":14},"end":{"line":181,"column":36}},"14":{"start":{"line":182,"column":4},"end":{"line":186,"column":5}},"15":{"start":{"line":183,"column":8},"end":{"line":183,"column":53}},"16":{"start":{"line":184,"column":8},"end":{"line":184,"column":34}},"17":{"start":{"line":185,"column":8},"end":{"line":185,"column":40}},"18":{"start":{"line":187,"column":4},"end":{"line":192,"column":5}},"19":{"start":{"line":188,"column":8},"end":{"line":188,"column":33}},"20":{"start":{"line":189,"column":8},"end":{"line":191,"column":33}},"21":{"start":{"line":194,"column":24},"end":{"line":194,"column":76}},"22":{"start":{"line":195,"column":23},"end":{"line":195,"column":103}},"23":{"start":{"line":195,"column":39},"end":{"line":195,"column":103}},"24":{"start":{"line":202,"column":18},"end":{"line":205,"column":5}},"25":{"start":{"line":204,"column":53},"end":{"line":204,"column":92}},"26":{"start":{"line":206,"column":4},"end":{"line":206,"column":130}},"27":{"start":{"line":179,"column":0},"end":{"line":207,"column":1}},"28":{"start":{"line":210,"column":4},"end":{"line":230,"column":5}},"29":{"start":{"line":211,"column":21},"end":{"line":211,"column":59}},"30":{"start":{"line":212,"column":8},"end":{"line":223,"column":10}},"31":{"start":{"line":213,"column":29},"end":{"line":213,"column":49}},"32":{"start":{"line":214,"column":32},"end":{"line":214,"column":97}},"33":{"start":{"line":214,"column":56},"end":{"line":214,"column":61}},"34":{"start":{"line":214,"column":75},"end":{"line":214,"column":96}},"35":{"start":{"line":215,"column":12},"end":{"line":222,"column":13}},"36":{"start":{"line":216,"column":16},"end":{"line":216,"column":85}},"37":{"start":{"line":218,"column":29},"end":{"line":218,"column":64}},"38":{"start":{"line":218,"column":50},"end":{"line":218,"column":63}},"39":{"start":{"line":219,"column":33},"end":{"line":219,"column":72}},"40":{"start":{"line":220,"column":16},"end":{"line":220,"column":51}},"41":{"start":{"line":221,"column":16},"end":{"line":221,"column":40}},"42":{"start":{"line":224,"column":8},"end":{"line":224,"column":44}},"43":{"start":{"line":225,"column":8},"end":{"line":225,"column":27}},"44":{"start":{"line":226,"column":8},"end":{"line":226,"column":20}},"45":{"start":{"line":228,"column":8},"end":{"line":228,"column":55}},"46":{"start":{"line":229,"column":8},"end":{"line":229,"column":21}},"47":{"start":{"line":237,"column":4},"end":{"line":257,"column":6}},"48":{"start":{"line":244,"column":32},"end":{"line":251,"column":13}},"49":{"start":{"line":245,"column":16},"end":{"line":250,"column":45}},"50":{"start":{"line":246,"column":20},"end":{"line":246,"column":45}},"51":{"start":{"line":247,"column":20},"end":{"line":247,"column":37}},"52":{"start":{"line":248,"column":20},"end":{"line":248,"column":45}},"53":{"start":{"line":250,"column":27},"end":{"line":250,"column":43}},"54":{"start":{"line":262,"column":4},"end":{"line":262,"column":50}},"55":{"start":{"line":271,"column":15},"end":{"line":271,"column":40}},"56":{"start":{"line":272,"column":17},"end":{"line":272,"column":55}},"57":{"start":{"line":274,"column":4},"end":{"line":276,"column":6}},"58":{"start":{"line":275,"column":8},"end":{"line":275,"column":43}},"59":{"start":{"line":278,"column":4},"end":{"line":295,"column":5}},"60":{"start":{"line":279,"column":8},"end":{"line":294,"column":11}},"61":{"start":{"line":279,"column":35},"end":{"line":293,"column":15}},"62":{"start":{"line":296,"column":4},"end":{"line":296,"column":15}},"63":{"start":{"line":304,"column":17},"end":{"line":304,"column":52}},"64":{"start":{"line":305,"column":4},"end":{"line":314,"column":5}},"65":{"start":{"line":307,"column":8},"end":{"line":307,"column":78}},"66":{"start":{"line":307,"column":41},"end":{"line":307,"column":76}},"67":{"start":{"line":308,"column":8},"end":{"line":311,"column":9}},"68":{"start":{"line":308,"column":14},"end":{"line":308,"column":34}},"69":{"start":{"line":310,"column":12},"end":{"line":310,"column":82}},"70":{"start":{"line":315,"column":4},"end":{"line":315,"column":15}},"71":{"start":{"line":316,"column":4},"end":{"line":316,"column":15}},"72":{"start":{"line":320,"column":4},"end":{"line":320,"column":63}},"73":{"start":{"line":330,"column":17},"end":{"line":330,"column":19}},"74":{"start":{"line":333,"column":16},"end":{"line":333,"column":54}},"75":{"start":{"line":334,"column":4},"end":{"line":344,"column":5}},"76":{"start":{"line":335,"column":8},"end":{"line":335,"column":34}},"77":{"start":{"line":336,"column":8},"end":{"line":342,"column":9}},"78":{"start":{"line":337,"column":12},"end":{"line":341,"column":16}},"79":{"start":{"line":337,"column":59},"end":{"line":341,"column":13}},"80":{"start":{"line":338,"column":16},"end":{"line":338,"column":62}},"81":{"start":{"line":339,"column":32},"end":{"line":339,"column":63}},"82":{"start":{"line":340,"column":16},"end":{"line":340,"column":65}},"83":{"start":{"line":340,"column":31},"end":{"line":340,"column":63}},"84":{"start":{"line":343,"column":8},"end":{"line":343,"column":65}},"85":{"start":{"line":345,"column":4},"end":{"line":351,"column":7}},"86":{"start":{"line":346,"column":21},"end":{"line":346,"column":35}},"87":{"start":{"line":347,"column":24},"end":{"line":347,"column":38}},"88":{"start":{"line":348,"column":8},"end":{"line":348,"column":37}},"89":{"start":{"line":349,"column":8},"end":{"line":349,"column":37}},"90":{"start":{"line":350,"column":8},"end":{"line":350,"column":22}},"91":{"start":{"line":352,"column":4},"end":{"line":352,"column":27}},"92":{"start":{"line":356,"column":20},"end":{"line":356,"column":22}},"93":{"start":{"line":358,"column":16},"end":{"line":358,"column":70}},"94":{"start":{"line":360,"column":4},"end":{"line":362,"column":5}},"95":{"start":{"line":361,"column":8},"end":{"line":361,"column":43}},"96":{"start":{"line":363,"column":4},"end":{"line":372,"column":7}},"97":{"start":{"line":364,"column":8},"end":{"line":371,"column":9}},"98":{"start":{"line":365,"column":27},"end":{"line":365,"column":56}},"99":{"start":{"line":365,"column":57},"end":{"line":365,"column":63}},"100":{"start":{"line":367,"column":31},"end":{"line":367,"column":71}},"101":{"start":{"line":368,"column":16},"end":{"line":370,"column":17}},"102":{"start":{"line":369,"column":20},"end":{"line":369,"column":83}},"103":{"start":{"line":373,"column":4},"end":{"line":373,"column":58}},"104":{"start":{"line":387,"column":17},"end":{"line":387,"column":94}},"105":{"start":{"line":387,"column":31},"end":{"line":387,"column":94}},"106":{"start":{"line":387,"column":88},"end":{"line":387,"column":91}},"107":{"start":{"line":389,"column":18},"end":{"line":392,"column":5}},"108":{"start":{"line":394,"column":4},"end":{"line":407,"column":51}},"109":{"start":{"line":395,"column":8},"end":{"line":406,"column":9}},"110":{"start":{"line":396,"column":12},"end":{"line":396,"column":39}},"111":{"start":{"line":398,"column":12},"end":{"line":404,"column":13}},"112":{"start":{"line":399,"column":16},"end":{"line":403,"column":27}},"113":{"start":{"line":400,"column":20},"end":{"line":400,"column":51}},"114":{"start":{"line":401,"column":20},"end":{"line":401,"column":26}},"115":{"start":{"line":405,"column":12},"end":{"line":405,"column":64}},"116":{"start":{"line":407,"column":17},"end":{"line":407,"column":50}},"117":{"start":{"line":408,"column":4},"end":{"line":421,"column":5}},"118":{"start":{"line":409,"column":28},"end":{"line":409,"column":48}},"119":{"start":{"line":410,"column":26},"end":{"line":410,"column":28}},"120":{"start":{"line":411,"column":12},"end":{"line":411,"column":57}},"121":{"start":{"line":412,"column":12},"end":{"line":412,"column":43}},"122":{"start":{"line":413,"column":12},"end":{"line":417,"column":13}},"123":{"start":{"line":414,"column":16},"end":{"line":414,"column":27}},"124":{"start":{"line":416,"column":16},"end":{"line":416,"column":114}},"125":{"start":{"line":419,"column":8},"end":{"line":419,"column":47}},"126":{"start":{"line":420,"column":8},"end":{"line":420,"column":25}}},"fnMap":{"0":{"name":"example","decl":{"start":{"line":179,"column":16},"end":{"line":179,"column":23}},"loc":{"start":{"line":179,"column":36},"end":{"line":207,"column":1}}},"1":{"name":"(anonymous_7)","decl":{"start":{"line":195,"column":23},"end":{"line":195,"column":24}},"loc":{"start":{"line":195,"column":39},"end":{"line":195,"column":103}}},"2":{"name":"(anonymous_8)","decl":{"start":{"line":204,"column":24},"end":{"line":204,"column":25}},"loc":{"start":{"line":204,"column":53},"end":{"line":204,"column":92}}},"3":{"name":"createExecuteScript","decl":{"start":{"line":209,"column":15},"end":{"line":209,"column":34}},"loc":{"start":{"line":209,"column":70},"end":{"line":231,"column":1}}},"4":{"name":"(anonymous_11)","decl":{"start":{"line":212,"column":24},"end":{"line":212,"column":25}},"loc":{"start":{"line":212,"column":37},"end":{"line":223,"column":9}}},"5":{"name":"(anonymous_12)","decl":{"start":{"line":214,"column":51},"end":{"line":214,"column":52}},"loc":{"start":{"line":214,"column":56},"end":{"line":214,"column":61}}},"6":{"name":"(anonymous_13)","decl":{"start":{"line":214,"column":70},"end":{"line":214,"column":71}},"loc":{"start":{"line":214,"column":75},"end":{"line":214,"column":96}}},"7":{"name":"(anonymous_14)","decl":{"start":{"line":218,"column":42},"end":{"line":218,"column":45}},"loc":{"start":{"line":218,"column":50},"end":{"line":218,"column":63}}},"8":{"name":"initDesc","decl":{"start":{"line":236,"column":9},"end":{"line":236,"column":17}},"loc":{"start":{"line":236,"column":39},"end":{"line":258,"column":1}}},"9":{"name":"(anonymous_16)","decl":{"start":{"line":244,"column":21},"end":{"line":244,"column":29}},"loc":{"start":{"line":244,"column":32},"end":{"line":251,"column":13}}},"10":{"name":"(anonymous_17)","decl":{"start":{"line":244,"column":32},"end":{"line":null,"column":-1}},"loc":{"start":{"line":244,"column":32},"end":{"line":251,"column":13}}},"11":{"name":"getNewID","decl":{"start":{"line":261,"column":9},"end":{"line":261,"column":17}},"loc":{"start":{"line":261,"column":17},"end":{"line":263,"column":1}}},"12":{"name":"addExampleStructure","decl":{"start":{"line":270,"column":9},"end":{"line":270,"column":28}},"loc":{"start":{"line":270,"column":50},"end":{"line":297,"column":1}}},"13":{"name":"(anonymous_20)","decl":{"start":{"line":274,"column":23},"end":{"line":274,"column":24}},"loc":{"start":{"line":274,"column":42},"end":{"line":276,"column":5}}},"14":{"name":"(anonymous_21)","decl":{"start":{"line":279,"column":29},"end":{"line":279,"column":31}},"loc":{"start":{"line":279,"column":35},"end":{"line":293,"column":15}}},"15":{"name":"executeScript","decl":{"start":{"line":303,"column":9},"end":{"line":303,"column":22}},"loc":{"start":{"line":303,"column":44},"end":{"line":317,"column":1}}},"16":{"name"
[...]
,"column":8},"end":{"line":124,"column":9}},"50":{"start":{"line":117,"column":12},"end":{"line":123,"column":16}},"51":{"start":{"line":117,"column":56},"end":{"line":123,"column":14}},"52":{"start":{"line":125,"column":8},"end":{"line":144,"column":9}},"53":{"start":{"line":126,"column":28},"end":{"line":126,"column":34}},"54":{"start":{"line":140,"column":16},"end":{"line":140,"column":57}},"55":{"start":{"line":141,"column":16},"end":{"line":141,"column":54}},"56":{"start":{"line":142,"column":16},"end":{"line":142,"column":22}},"57":{"start":{"line":143,"column":21},"end":{"line":143,"column":75}},"58":{"start":{"line":146,"column":4},"end":{"line":146,"column":44}},"59":{"start":{"line":108,"column":0},"end":{"line":147,"column":1}},"60":{"start":{"line":153,"column":4},"end":{"line":158,"column":5}},"61":{"start":{"line":154,"column":18},"end":{"line":154,"column":82}},"62":{"start":{"line":155,"column":8},"end":{"line":155,"column":46}},"63":{"start":{"line":157,"column":8},"end":{"line":157,"column":15}},"64":{"start":{"line":152,"column":0},"end":{"line":159,"column":1}},"65":{"start":{"line":163,"column":8},"end":{"line":202,"column":10}},"66":{"start":{"line":163,"column":19},"end":{"line":163,"column":29}},"67":{"start":{"line":164,"column":15},"end":{"line":202,"column":9}},"68":{"start":{"line":165,"column":36},"end":{"line":165,"column":46}},"69":{"start":{"line":166,"column":36},"end":{"line":166,"column":112}},"70":{"start":{"line":168,"column":36},"end":{"line":172,"column":39}},"71":{"start":{"line":170,"column":80},"end":{"line":170,"column":110}},"72":{"start":{"line":174,"column":36},"end":{"line":174,"column":137}},"73":{"start":{"line":175,"column":36},"end":{"line":175,"column":90}},"74":{"start":{"line":176,"column":36},"end":{"line":176,"column":145}},"75":{"start":{"line":176,"column":110},"end":{"line":176,"column":141}},"76":{"start":{"line":177,"column":49},"end":{"line":177,"column":56}},"77":{"start":{"line":178,"column":36},"end":{"line":183,"column":37}},"78":{"start":{"line":179,"column":56},"end":{"line":179,"column":79}},"79":{"start":{"line":180,"column":40},"end":{"line":182,"column":93}},"80":{"start":{"line":180,"column":69},"end":{"line":180,"column":146}},"81":{"start":{"line":181,"column":45},"end":{"line":182,"column":93}},"82":{"start":{"line":181,"column":69},"end":{"line":181,"column":128}},"83":{"start":{"line":182,"column":69},"end":{"line":182,"column":91}},"84":{"start":{"line":184,"column":36},"end":{"line":184,"column":84}},"85":{"start":{"line":186,"column":36},"end":{"line":197,"column":37}},"86":{"start":{"line":187,"column":40},"end":{"line":194,"column":47}},"87":{"start":{"line":191,"column":52},"end":{"line":191,"column":101}},"88":{"start":{"line":196,"column":40},"end":{"line":196,"column":59}},"89":{"start":{"line":198,"column":36},"end":{"line":198,"column":85}},"90":{"start":{"line":199,"column":21},"end":{"line":199,"column":56}},"91":{"start":{"line":200,"column":21},"end":{"line":200,"column":49}},"92":{"start":{"line":201,"column":21},"end":{"line":201,"column":35}},"93":{"start":{"line":205,"column":4},"end":{"line":211,"column":52}},"94":{"start":{"line":206,"column":7},"end":{"line":210,"column":11}},"95":{"start":{"line":211,"column":17},"end":{"line":211,"column":30}},"96":{"start":{"line":211,"column":31},"end":{"line":211,"column":50}},"97":{"start":{"line":161,"column":0},"end":{"line":212,"column":1}},"98":{"start":{"line":215,"column":17},"end":{"line":215,"column":42}},"99":{"start":{"line":216,"column":4},"end":{"line":216,"column":55}},"100":{"start":{"line":217,"column":4},"end":{"line":217,"column":45}},"101":{"start":{"line":214,"column":0},"end":{"line":218,"column":1}}},"fnMap":{"0":{"name":"flags","decl":{"start":{"line":10,"column":16},"end":{"line":10,"column":21}},"loc":{"start":{"line":10,"column":49},"end":{"line":36,"column":1}}},"1":{"name":"(anonymous_1)","decl":{"start":{"line":27,"column":35},"end":{"line":27,"column":36}},"loc":{"start":{"line":27,"column":48},"end":{"line":34,"column":9}}},"2":{"name":"kindString","decl":{"start":{"line":38,"column":16},"end":{"line":38,"column":26}},"loc":{"start":{"line":38,"column":34},"end":{"line":40,"column":1}}},"3":{"name":"itemName","decl":{"start":{"line":42,"column":16},"end":{"line":42,"column":24}},"loc":{"start":{"line":42,"column":41},"end":{"line":44,"column":1}}},"4":{"name":"itemTooltip","decl":{"start":{"line":47,"column":16},"end":{"line":47,"column":27}},"loc":{"start":{"line":47,"column":35},"end":{"line":49,"column":1}}},"5":{"name":"extensionOf","decl":{"start":{"line":51,"column":16},"end":{"line":51,"column":27}},"loc":{"start":{"line":51,"column":35},"end":{"line":61,"column":1}}},"6":{"name":"(anonymous_6)","decl":{"start":{"line":54,"column":40},"end":{"line":54,"column":41}},"loc":{"start":{"line":55,"column":12},"end":{"line":58,"column":14}}},"7":{"name":"inheritedFrom","decl":{"start":{"line":63,"column":16},"end":{"line":63,"column":29}},"loc":{"start":{"line":63,"column":37},"end":{"line":74,"column":1}}},"8":{"name":"sourceLink","decl":{"start":{"line":76,"column":16},"end":{"line":76,"column":26}},"loc":{"start":{"line":76,"column":34},"end":{"line":90,"column":1}}},"9":{"name":"libLink","decl":{"start":{"line":101,"column":16},"end":{"line":101,"column":23}},"loc":{"start":{"line":101,"column":70},"end":{"line":103,"column":1}}},"10":{"name":"signature","decl":{"start":{"line":108,"column":16},"end":{"line":108,"column":25}},"loc":{"start":{"line":108,"column":40},"end":{"line":147,"column":1}}},"11":{"name":"(anonymous_11)","decl":{"start":{"line":109,"column":18},"end":{"line":109,"column":19}},"loc":{"start":{"line":109,"column":32},"end":{"line":109,"column":47}}},"12":{"name":"optional","decl":{"start":{"line":110,"column":13},"end":{"line":110,"column":21}},"loc":{"start":{"line":110,"column":32},"end":{"line":112,"column":5}}},"13":{"name":"(anonymous_13)","decl":{"start":{"line":117,"column":35},"end":{"line":117,"column":36}},"loc":{"start":{"line":117,"column":56},"end":{"line":123,"column":14}}},"14":{"name":"defaultVal","decl":{"start":{"line":152,"column":16},"end":{"line":152,"column":26}},"loc":{"start":{"line":152,"column":44},"end":{"line":159,"column":1}}},"15":{"name":"type","decl":{"start":{"line":161,"column":16},"end":{"line":161,"column":20}},"loc":{"start":{"line":161,"column":38},"end":{"line":212,"column":1}}},"16":{"name":"_type","decl":{"start":{"line":162,"column":13},"end":{"line":162,"column":18}},"loc":{"start":{"line":162,"column":25},"end":{"line":203,"column":5}}},"17":{"name":"(anonymous_17)","decl":{"start":{"line":170,"column":59},"end":{"line":170,"column":60}},"loc":{"start":{"line":170,"column":80},"end":{"line":170,"column":110}}},"18":{"name":"(anonymous_18)","decl":{"start":{"line":176,"column":89},"end":{"line":176,"column":90}},"loc":{"start":{"line":176,"column":110},"end":{"line":176,"column":141}}},"19":{"name":"(anonymous_19)","decl":{"start":{"line":190,"column":79},"end":{"line":190,"column":80}},"loc":{"start":{"line":191,"column":52},"end":{"line":191,"column":101}}},"20":{"name":"makeID","decl":{"start":{"line":214,"column":16},"end":{"line":214,"column":22}},"loc":{"start":{"line":214,"column":46},"end":{"line":218,"column":1}}}},"branchMap":{"0":{"loc":{"start":{"line":10,"column":47},"end":{"line":10,"column":49}},"type":"default-arg","locations":[{"start":{"line":10,"column":47},"end":{"line":10,"column":49}}]},"1":{"loc":{"start":{"line":26,"column":47},"end":{"line":26,"column":49}},"type":"cond-expr","locations":[{"start":{"line":26,"column":47},"end":{"line":26,"column":49}},{"start":{"line":27,"column":8},"end":{"line":34,"column":10}}]},"2":{"loc":{"start":{"line":30,"column":12},"end":{"line":31,"column":55}},"type":"if","locations":[{"start":{"line":30,"column":12},"end":{"line":31,"column":55}},{"start":{"line":30,"column":12},"end":{"line":31,"column":55}}]},"3":{"loc":{"start":{"line":32,"column":12},"end":{"line":32,"column":99}},"type":"if","locations":[{"start":{"line":32,"column":12},"end":{"line":32,"column":99}},{"start":{"line":32,"column":12},"end":{"line":32,"column":99}}]},"4":{"loc":{"start":{"line":32,"column":16},"end":{"line":32,"column":33}},"type":"binary-expr","locations":[{"start":{"line":32,"column":16},"end":{"line":32,"column":33}},{"start":{"line":32,"column":37},"end":{"line":32,"column":82}}]},"5":{"loc":{"start":{"line":33,"column":41},"end":{"line":33,"column":49}},"type":"cond-expr","locations":[{"start":{"line":33,"column":41},"end":{"line":33,"column":49}},{"start":{"line":33,"column":51},"end":{"line":33,"column":74}}]},"6":{"loc":{"start":{"line":33,"column":60},"end":{"line":33,"column":69}},"type":"cond-expr","locations":[{"start":{"line":33,"column":60},"end":{"line":33,"column":69}},{"start":{"line":33,"column":70},"end":{"line":33,"column":74}}]},"7":{"loc":{"start":{"line":33,"column":89},"end":{"line":33,"column":98}},"type":"cond-expr","locations":[{"start":{"line":33,"column":89},"end":{"line":33,"column":98}},{"start":{"line":33,"column":101},"end":{"line":33,"column":105}}]},"8":{"loc":{"start":{"line":43,"column":49},"end":{"line":43,"column":57}},"type":"cond-expr","locations":[{"start":{"line":43,"column":49},"end":{"line":43,"column":57}},{"start":{"line":43,"column":60},"end":{"line":43,"column":105}}]},"9":{"loc":{"start":{"line":52,"column":60},"end":{"line":52,"column":69}},"type":"cond-expr","locations":[{"start":{"line":52,"column":60},"end":{"line":52,"column":69}},{"start":{"line":52,"column":72},"end":{"line":60,"column":5}}]},"10":{"loc":{"start":{"line":57,"column":52},"end":{"line":57,"column":56}},"type":"cond-expr","locations":[{"start":{"line":57,"column":52},"end":{"line":57,"column":56}},{"start":{"line":57,"column":58},"end":{"line":57,"column":60}}]},"11":{"loc":{"start":{"line":64,"column":4},"end":{"line":73,"column":5}},"type":"if","locations":[{"start":{"line":64,"column":4},"end":{"line":73,"column":5}},{"start":{"line":64,"column":4},"end":{"line":73,"column":5}}]},"12":{"loc":{"start":{"line":77,"column":32},"end":{"line":77,"column":46}},"type":"cond-expr","locations":[{"start":{"line":77,"column":32},"end":{"line":77,"column":46}},{"start":{"line":77,"column":49},"end":{"line":77,"column":58}}]},"13":{"loc":{"start":{"line":78,"column":4},"end":{"line":89,"column":5}},"type":"if","locations":[{"start":{"line":78,"column":4},"end":{"line":89,"column":5}},{"start":{"line":78,"column":4},"end":{"line":89,"column":5}}]},"14":{"loc":{"start":{"line":79,"column":20},"end":{"line":79,"column":35}},"type":"binary-expr","locations":[{"start":{"line":79,"column":20},"end":{"line":79,"column":35}},{"start":{"line":79,"column":39},"end":{"line":79,"column":41}}]},"15":{"loc":{"start":{"line":81,"column":8},"end":{"line":83,"column":9}},"type":"if","locations":[{"start":{"line":81,"column":8},"end":{"line":83,"column":9}},{"start":{"line":81,"column":8},"end":{"line":83,"column":9}}]},"16":{"loc":{"start":{"line":109,"column":39},"end":{"line":109,"column":43}},"type":"cond-expr","locations":[{"start":{"line":109,"column":39},"end":{"line":109,"column":43}},{"start":{"line":109,"column":45},"end":{"line":109,"column":47}}]},"17":{"loc":{"start":{"line":111,"column":44},"end":{"line":111,"column":63}},"type":"cond-expr","locations":[{"start":{"line":111,"column":44},"end":{"line":111,"column":63}},{"start":{"line":111,"column":66},"end":{"line":111,"column":68}}]},"18":{"loc":{"start":{"line":111,"column":16},"end":{"line":111,"column":21}},"type":"binary-expr","locations":[{"start":{"line":111,"column":16},"end":{"line":111,"column":21}},{"start":{"line":111,"column":25},"end":{"line":111,"column":41}}]},"19":{"loc":{"start":{"line":115,"column":4},"end":{"line":145,"column":5}},"type":"if","locations":[{"start":{"line":115,"column":4},"end":{"line":145,"column":5}},{"start":{"line":115,"column":4},"end":{"line":145,"column":5}}]},"20":{"loc":{"start":{"line":116,"column":8},"end":{"line":124,"column":9}},"type":"if","locations":[{"start":{"line":116,"column":8},"end":{"line":124,"column":9}},{"start":{"line":116,"column":8},"end":{"line":124,"column":9}}]},"21":{"loc":{"start":{"line":126,"column":12},"end":{"line":126,"column":34}},"type":"switch","locations":[{"start":{"line":126,"column":12},"end":{"line":126,"column":34}},{"start":{"line":127,"column":12},"end":{"line":127,"column":26}},{"start":{"line":128,"column":12},"end":{"line":128,"column":28}},{"start":{"line":129,"column":12},"end":{"line":129,"column":31}},{"start":{"line":130,"column":12},"end":{"line":130,"column":35}},{"start":{"line":131,"column":12},"end":{"line":131,"column":25}},{"start":{"line":132,"column":12},"end":{"line":132,"column":28}},{"start":{"line":133,"column":12},"end":{"line":133,"column":30}},{"start":{"line":134,"column":12},"end":{"line":134,"column":29}},{"start":{"line":135,"column":12},"end":{"line":135,"column":29}},{"start":{"line":136,"column":12},"end":{"line":136,"column":28}},{"start":{"line":137,"column":12},"end":{"line":137,"column":31}},{"start":{"line":138,"column":12},"end":{"line":138,"column":38}},{"start":{"line":139,"column":12},"end":{"line":142,"column":22}},{"start":{"line":143,"column":12},"end":{"line":143,"column":75}}]},"22":{"loc":{"start":{"line":153,"column":4},"end":{"line":158,"column":5}},"type":"if","locations":[{"start":{"line":153,"column":4},"end":{"line":158,"column":5}},{"start":{"line":153,"column":4},"end":{"line":158,"column":5}}]},"23":{"loc":{"start":{"line":153,"column":8},"end":{"line":153,"column":9}},"type":"binary-expr","locations":[{"start":{"line":153,"column":8},"end":{"line":153,"column":9}},{"start":{"line":153,"column":13},"end":{"line":153,"column":27}}]},"24":{"loc":{"start":{"line":163,"column":8},"end":{"line":202,"column":10}},"type":"if","locations":[{"start":{"line":163,"column":8},"end":{"line":202,"column":10}},{"start":{"line":163,"column":8},"end":{"line":202,"column":10}}]},"25":{"loc":{"start":{"line":165,"column":12},"end":{"line":165,"column":46}},"type":"switch","locations":[{"start":{"line":165,"column":12},"end":{"line":165,"column":46}},{"start":{"line":166,"column":12},"end":{"line":166,"column":112}},{"start":{"line":168,"column":12},"end":{"line":172,"column":39}},{"start":{"line":173,"column":12},"end":{"line":173,"column":29}},{"start":{"line":174,"column":12},"end":{"line":174,"column":137}},{"start":{"line":175,"column":12},"end":{"line":175,"column":90}},{"start":{"line":176,"column":12},"end":{"line":176,"column":145}},{"start":{"line":177,"column":12},"end":{"line":184,"column":84}},{"start":{"line":185,"column":12},"end":{"line":198,"column":85}},{"start":{"line":199,"column":12},"end":{"line":201,"column":35}}]},"26":{"loc":{"start":{"line":170,"column":85},"end":{"line":170,"column":89}},"type":"cond-expr","locations":[{"start":{"line":170,"column":85},"end":{"line":170,"column":89}},{"start":{"line":170,"column":90},"end":{"line":170,"column":99}}]},"27":{"loc":{"start":{"line":174,"column":83},"end":{"line":174,"column":125}},"type":"cond-expr","locations":[{"start":{"line":174,"column":83},"end":{"line":174,"column":125}},{"start":{"line":174,"column":128},"end":{"line":174,"column":135}}]},"28":{"loc":{"start":{"line":176,"column":115},"end":{"line":176,"column":120}},"type":"cond-expr","locations":[{"start":{"line":176,"column":115},"end":{"line":176,"column":120}},{"start":{"line":176,"column":121},"end":{"line":176,"column":130}}]},"29":{"loc":{"start":{"line":178,"column":36},"end":{"line":183,"column":37}},"type":"if","locations":[{"start":{"line":178,"column":36},"end":{"line":183,"column":37}},{"start":{"line":178,"column":36},"end":{"line":183,"column":37}}]},"30":{"loc":{"start":{"line":180,"column":40},"end":{"line":182,"column":93}},"type":"if","locations":[{"start":{"line":180,"column":40},"end":{"line":182,"column":93}},{"start":{"line":180,"column":40},"end":{"line":182,"column":93}}]},"31":{"loc":{"start":{"line":181,"column":45},"end":{"line":182,"column":93}},"type":"if","locations":[{"start":{"line":181,"column":45},"end":{"line":182,"column":93}},{"start":{"line":181,"column":45},"end":{"line":182,"column":93}}]},"32":{"loc":{"start":{"line":186,"column":36},"end":{"line":197,"column":37}},"type":"if","locations":[{"start":{"line":186,"column":36},"end":{"line":197,"column":37}},{"start":{"line":186,"column":36},"end":{"line":197,"column":37}}]},"33":{"loc":{"start":{"line":187,"column":75},"end":{"line":187,"column":100}},"type":"cond-expr","locations":[{"start":{"line":187,"column":75},"end":{"line":187,"column":100}},{"start":{"line":188,"column":44},"end":{"line":194,"column":46}}]},"34":{"loc":{"start":{"line":191,"column":57},"end":{"line":191,"column":61}},"type":"cond-expr","locations":[{"start":{"line":191,"column":57},"end":{"line":191,"column":61}},{"start":{"line":191,"column":62},"end":{"line":191,"column":71}}]},"35":{"loc":{"start":{"line":206,"column":33},"end":{"line":206,"column":35}},"type":"cond-expr","locations":[{"start":{"line":206,"column":33},"end":{"line":206,"column":35}},{"start":{"line":206,"column":37},"end":{"line":210,"column":9}}]},"36":{"loc":{"start":{"line":215,"column":26},"end":{"line":215,"column":37}},"type":"cond-expr","locations":[{"start":{"line":215,"column":26},"end":{"line":215,"column":37}},{"start":{"line":215,"column":40},"end":{"line":215,"column":42}}]},"37":{"loc":{"start":{"line":216,"column":24},"end":{"line":216,"column":32}},"type":"binary-expr","locations":[{"start":{"line":216,"column":24},"end":{"line":216,"column":32}},{"start":{"line":216,"column":36},"end":{"line":216,"column":38}}]},"38":{"loc":{"start":{"line":217,"column":26},"end":{"line":217,"column":32}},"type":"cond-expr","locations":[{"start":{"line":217,"column":26},"end":{"line":217,"column":32}},{"start":{"line":217,"column":35},"end":{"line":217,"column":44}}]}},"s":{"0":3,"1":3,"2":3,"3":3,"4":3,"5":3,"6":20,"7":20,"8":20,"9":39,"10":39,"11":39,"12":3,"13":36,"14":39,"15":3,"16":39,"17":3,"18":16,"19":3,"20":16,"21":3,"22":1,"23":3,"24":17,"25":1,"26":3,"27":17,"28":1,"29":1,"30":1,"31":16,"32":3,"33":18,"34":18,"35":14,"36":14,"37":14,"38":1,"39":14,"40":4,"41":3,"42":150,"43":3,"44":16,"45":16,"46":16,"47":16,"48":16,"49":16,"50":6,"51":16,"52":16,"53":0,"54":16,"55":16,"56":16,"57":0,"58":16,"59":3,"60":36,"61":4,"62":4,"63":32,"64":3,"65":38,"66":0,"67":38,"68":2,"69":1,"70":1,"71":1,"72":27,"73":1,"74":1,"75":0,"76":3,"77":3,"78":1,"79":1,"80":0,"81":1,"82":1,"83":0,"84":3,"85":1,"86":1,"87":0,"88":0,"89":1,"90":1,"91":1,"92":1,"93":40,"94":40,"95":0,"96":0,"97":3,"98":16,"99":16,"100":16,"101":3},"f":{"0":20,"1":39,"2":16,"3":16,"4":1,"5":17,"6":1,"7":17,"8":18,"9":150,"10":16,"11":16,"12":16,"13":16,"14":36,"15":40,"16":38,"17":1,"18":0,"19":0,"20":16},"b":{"0":[19],"1":[1,19],"2":[3,36],"3":[3,36],"4":[39,9],"5":[4,35],"6":[3,32],"7":[4,35],"8":[0,16],"9":[16,1],"10":[0,1],"11":[1,16],"12":[14,4],"13":[14,4],"14":[14,1],"15":[1,13],"16":[10,6],"17":[0,16],"18":[16,16],"19":[16,0],"20":[6,10],"21":[0,2,6,6,8,10,12,12,12,16,16,16,16,16,0],"22":[4,32],"23":[36,36],"24":[0,38],"25":[2,1,1,26,27,1,1,3,1,1],"26":[0,1],"27":[1,26],"28":[0,0],"29":[1,2],"30":[0,1],"31":[1,0],"32":[1,0],"33":[0,1],"34":[0,0],"35":[4,36],"36":[16,0],"37":[16,0],"38":[16,0]}}
,"/Users/sth1pal/Documents/Development/JavaScript/nodejs/ts6/dev/hsApps/hsDocs/src/view/Tooltip.ts": {"path":"/Users/sth1pal/Documents/Development/JavaScript/nodejs/ts6/dev/hsApps/hsDocs/src/view/Tooltip.ts","statementMap":{"0":{"start":{"line":1,"column":0},"end":{"line":1,"column":34}},"1":{"start":{"line":5,"column":4},"end":{"line":5,"column":83}},"2":{"start":{"line":3,"column":0},"end":{"line":6,"column":1}}},"fnMap":{"0":{"name":"tooltip","decl":{"start":{"line":3,"column":16},"end":{"line":3,"column":23}},"loc":{"start":{"line":3,"column":64},"end":{"line":6,"column":1}}}},"branchMap":{},"s":{"0":3,"1":1,"2":3},"f":{"0":1},"b":{}}
}
