{"/Users/sth1pal/Documents/Development/JavaScript/nodejs/ts6/dev/hsApps/hsDocs/src/DocSets.ts": {"path":"/Users/sth1pal/Documents/Development/JavaScript/nodejs/ts6/dev/hsApps/hsDocs/src/DocSets.ts","statementMap":{"0":{"start":{"line":10,"column":0},"end":{"line":10,"column":40}},"1":{"start":{"line":11,"column":0},"end":{"line":11,"column":38}},"2":{"start":{"line":11,"column":51},"end":{"line":11,"column":67}},"3":{"start":{"line":13,"column":22},"end":{"line":13,"column":31}},"4":{"start":{"line":19,"column":20},"end":{"line":19,"column":39}},"5":{"start":{"line":22,"column":28},"end":{"line":22,"column":30}},"6":{"start":{"line":24,"column":4},"end":{"line":27,"column":null}},"7":{"start":{"line":25,"column":8},"end":{"line":25,"column":32}},"8":{"start":{"line":26,"column":8},"end":{"line":26,"column":40}},"9":{"start":{"line":28,"column":4},"end":{"line":28,"column":18}},"10":{"start":{"line":46,"column":20},"end":{"line":46,"column":32}},"11":{"start":{"line":47,"column":18},"end":{"line":47,"column":50}},"12":{"start":{"line":48,"column":8},"end":{"line":48,"column":35}},"13":{"start":{"line":49,"column":8},"end":{"line":49,"column":38}},"14":{"start":{"line":50,"column":8},"end":{"line":50,"column":63}},"15":{"start":{"line":61,"column":12},"end":{"line":61,"column":null}},"16":{"start":{"line":61,"column":24},"end":{"line":61,"column":37}},"17":{"start":{"line":62,"column":12},"end":{"line":70,"column":null}},"18":{"start":{"line":63,"column":31},"end":{"line":63,"column":75}},"19":{"start":{"line":64,"column":16},"end":{"line":64,"column":46}},"20":{"start":{"line":65,"column":16},"end":{"line":65,"column":49}},"21":{"start":{"line":66,"column":16},"end":{"line":66,"column":52}},"22":{"start":{"line":67,"column":16},"end":{"line":67,"column":28}},"23":{"start":{"line":69,"column":16},"end":{"line":69,"column":29}},"24":{"start":{"line":73,"column":25},"end":{"line":73,"column":30}},"25":{"start":{"line":74,"column":12},"end":{"line":91,"column":15}},"26":{"start":{"line":76,"column":56},"end":{"line":90,"column":null}},"27":{"start":{"line":77,"column":36},"end":{"line":77,"column":89}},"28":{"start":{"line":79,"column":34},"end":{"line":79,"column":74}},"29":{"start":{"line":79,"column":54},"end":{"line":79,"column":70}},"30":{"start":{"line":80,"column":34},"end":{"line":80,"column":77}},"31":{"start":{"line":80,"column":54},"end":{"line":80,"column":76}},"32":{"start":{"line":82,"column":20},"end":{"line":89,"column":null}},"33":{"start":{"line":83,"column":24},"end":{"line":83,"column":59}},"34":{"start":{"line":84,"column":27},"end":{"line":89,"column":null}},"35":{"start":{"line":85,"column":24},"end":{"line":85,"column":61}},"36":{"start":{"line":86,"column":24},"end":{"line":86,"column":44}},"37":{"start":{"line":87,"column":24},"end":{"line":87,"column":51}},"38":{"start":{"line":88,"column":24},"end":{"line":88,"column":38}},"39":{"start":{"line":92,"column":12},"end":{"line":92,"column":26}},"40":{"start":{"line":94,"column":8},"end":{"line":94,"column":20}},"41":{"start":{"line":95,"column":16},"end":{"line":95,"column":37}},"42":{"start":{"line":96,"column":20},"end":{"line":96,"column":41}},"43":{"start":{"line":98,"column":20},"end":{"line":98,"column":25}},"44":{"start":{"line":99,"column":8},"end":{"line":99,"column":null}},"45":{"start":{"line":99,"column":22},"end":{"line":99,"column":55}},"46":{"start":{"line":100,"column":8},"end":{"line":100,"column":null}},"47":{"start":{"line":100,"column":22},"end":{"line":100,"column":53}},"48":{"start":{"line":101,"column":8},"end":{"line":101,"column":null}},"49":{"start":{"line":101,"column":22},"end":{"line":101,"column":56}},"50":{"start":{"line":102,"column":8},"end":{"line":102,"column":104}},"51":{"start":{"line":103,"column":8},"end":{"line":104,"column":26}},"52":{"start":{"line":103,"column":68},"end":{"line":103,"column":94}},"53":{"start":{"line":103,"column":69},"end":{"line":103,"column":94}},"54":{"start":{"line":116,"column":8},"end":{"line":118,"column":30}},"55":{"start":{"line":37,"column":19},"end":{"line":37,"column":116}},"56":{"start":{"line":35,"column":0},"end":{"line":35,"column":13}},"57":{"start":{"line":129,"column":4},"end":{"line":129,"column":37}},"58":{"start":{"line":130,"column":14},"end":{"line":130,"column":63}},"59":{"start":{"line":131,"column":4},"end":{"line":131,"column":25}},"60":{"start":{"line":143,"column":8},"end":{"line":143,"column":74}},"61":{"start":{"line":145,"column":24},"end":{"line":145,"column":56}},"62":{"start":{"line":146,"column":8},"end":{"line":146,"column":30}},"63":{"start":{"line":147,"column":8},"end":{"line":147,"column":76}},"64":{"start":{"line":151,"column":8},"end":{"line":157,"column":null}},"65":{"start":{"line":152,"column":12},"end":{"line":156,"column":15}},"66":{"start":{"line":153,"column":16},"end":{"line":155,"column":null}},"67":{"start":{"line":154,"column":20},"end":{"line":154,"column":58}},"68":{"start":{"line":159,"column":4},"end":{"line":159,"column":22}},"69":{"start":{"line":160,"column":4},"end":{"line":180,"column":null}},"70":{"start":{"line":161,"column":24},"end":{"line":161,"column":43}},"71":{"start":{"line":163,"column":8},"end":{"line":163,"column":30}},"72":{"start":{"line":165,"column":8},"end":{"line":165,"column":39}},"73":{"start":{"line":166,"column":8},"end":{"line":166,"column":null}},"74":{"start":{"line":166,"column":32},"end":{"line":166,"column":57}},"75":{"start":{"line":168,"column":8},"end":{"line":170,"column":null}},"76":{"start":{"line":169,"column":12},"end":{"line":169,"column":84}},"77":{"start":{"line":169,"column":44},"end":{"line":169,"column":82}},"78":{"start":{"line":171,"column":8},"end":{"line":173,"column":null}},"79":{"start":{"line":172,"column":12},"end":{"line":172,"column":86}},"80":{"start":{"line":172,"column":46},"end":{"line":172,"column":84}},"81":{"start":{"line":174,"column":8},"end":{"line":176,"column":null}},"82":{"start":{"line":175,"column":12},"end":{"line":175,"column":86}},"83":{"start":{"line":175,"column":46},"end":{"line":175,"column":84}},"84":{"start":{"line":177,"column":8},"end":{"line":179,"column":null}},"85":{"start":{"line":178,"column":12},"end":{"line":178,"column":101}},"86":{"start":{"line":178,"column":61},"end":{"line":178,"column":99}}},"fnMap":{"0":{"name":"matchAll","decl":{"start":{"line":21,"column":9},"end":{"line":21,"column":17}},"loc":{"start":{"line":21,"column":39},"end":{"line":29,"column":1}}},"1":{"name":"(anonymous_7)","decl":{"start":{"line":45,"column":11},"end":{"line":45,"column":17}},"loc":{"start":{"line":45,"column":46},"end":{"line":51,"column":5}}},"2":{"name":"(anonymous_8)","decl":{"start":{"line":59,"column":11},"end":{"line":59,"column":17}},"loc":{"start":{"line":59,"column":45},"end":{"line":105,"column":null}}},"3":{"name":"getIndexFile","decl":{"start":{"line":60,"column":23},"end":{"line":60,"column":35}},"loc":{"start":{"line":60,"column":46},"end":{"line":71,"column":null}}},"4":{"name":"getDirJSONs","decl":{"start":{"line":72,"column":23},"end":{"line":72,"column":34}},"loc":{"start":{"line":72,"column":45},"end":{"line":93,"column":null}}},"5":{"name":"(anonymous_14)","decl":{"start":{"line":76,"column":25},"end":{"line":76,"column":32}},"loc":{"start":{"line":76,"column":56},"end":{"line":90,"column":null}}},"6":{"name":"(anonymous_15)","decl":{"start":{"line":76,"column":56},"end":{"line":76,"column":null}},"loc":{"start":{"line":76,"column":56},"end":{"line":90,"column":17}}},"7":{"name":"(anonymous_16)","decl":{"start":{"line":79,"column":49},"end":{"line":79,"column":50}},"loc":{"start":{"line":79,"column":54},"end":{"line":79,"column":70}}},"8":{"name":"(anonymous_17)","decl":{"start":{"line":80,"column":49},"end":{"line":80,"column":50}},"loc":{"start":{"line":80,"column":54},"end":{"line":80,"column":76}}},"9":{"name":"(anonymous_18)","decl":{"start":{"line":103,"column":49},"end":{"line":103,"column":56}},"loc":{"start":{"line":103,"column":68},"end":{"line":103,"column":94}}},"10":{"name":"(anonymous_19)","decl":{"start":{"line":103,"column":68},"end":{"line":103,"column":69}},"loc":{"start":{"line":103,"column":68},"end":{"line":103,"column":94}}},"11":{"name":"(anonymous_20)","decl":{"start":{"line":115,"column":11},"end":{"line":115,"column":17}},"loc":{"start":{"line":115,"column":53},"end":{"line":119,"column":5}}},"12":{"name":"loadDocSet","decl":{"start":{"line":128,"column":15},"end":{"line":128,"column":25}},"loc":{"start":{"line":128,"column":49},"end":{"line":132,"column":null}}},"13":{"name":"recursiveIndex","decl":{"start":{"line":141,"column":9},"end":{"line":141,"column":23}},"loc":{"start":{"line":141,"column":67},"end":{"line":181,"column":1}}},"14":{"name":"getNewPath","decl":{"start":{"line":142,"column":13},"end":{"line":142,"column":23}},"loc":{"start":{"line":142,"column":35},"end":{"line":148,"column":5}}},"15":{"name":"markIfModule","decl":{"start":{"line":150,"column":13},"end":{"line":150,"column":25}},"loc":{"start":{"line":150,"column":37},"end":{"line":158,"column":5}}},"16":{"name":"(anonymous_26)","decl":{"start":{"line":152,"column":41},"end":{"line":152,"column":42}},"loc":{"start":{"line":152,"column":53},"end":{"line":156,"column":13}}},"17":{"name":"(anonymous_27)","decl":{"start":{"line":169,"column":33},"end":{"line":169,"column":34}},"loc":{"start":{"line":169,"column":44},"end":{"line":169,"column":82}}},"18":{"name":"(anonymous_28)","decl":{"start":{"line":172,"column":35},"end":{"line":172,"column":36}},"loc":{"start":{"line":172,"column":46},"end":{"line":172,"column":84}}},"19":{"name":"(anonymous_29)","decl":{"start":{"line":175,"column":35},"end":{"line":175,"column":36}},"loc":{"start":{"line":175,"column":46},"end":{"line":175,"column":84}}},"20":{"name":"(anonymous_30)","decl":{"start":{"line":178,"column":50},"end":{"line":178,"column":51}},"loc":{"start":{"line":178,"column":61},"end":{"line":178,"column":99}}}},"branchMap":{"0":{"loc":{"start":{"line":61,"column":12},"end":{"line":61,"column":null}},"type":"if","locations":[{"start":{"line":61,"column":12},"end":{"line":61,"column":null}},{"start":{"line":61,"column":12},"end":{"line":61,"column":null}}]},"1":{"loc":{"start":{"line":82,"column":20},"end":{"line":89,"column":null}},"type":"if","locations":[{"start":{"line":82,"column":20},"end":{"line":89,"column":null}},{"start":{"line":82,"column":20},"end":{"line":89,"column":null}}]},"2":{"loc":{"start":{"line":84,"column":27},"end":{"line":89,"column":null}},"type":"if","locations":[{"start":{"line":84,"column":27},"end":{"line":89,"column":null}},{"start":{"line":84,"column":27},"end":{"line":89,"column":null}}]},"3":{"loc":{"start":{"line":99,"column":8},"end":{"line":99,"column":null}},"type":"if","locations":[{"start":{"line":99,"column":8},"end":{"line":99,"column":null}},{"start":{"line":99,"column":8},"end":{"line":99,"column":null}}]},"4":{"loc":{"start":{"line":100,"column":8},"end":{"line":100,"column":null}},"type":"if","locations":[{"start":{"line":100,"column":8},"end":{"line":100,"column":null}},{"start":{"line":100,"column":8},"end":{"line":100,"column":null}}]},"5":{"loc":{"start":{"line":101,"column":8},"end":{"line":101,"column":null}},"type":"if","locations":[{"start":{"line":101,"column":8},"end":{"line":101,"column":null}},{"start":{"line":101,"column":8},"end":{"line":101,"column":null}}]},"6":{"loc":{"start":{"line":115,"column":52},"end":{"line":115,"column":53}},"type":"default-arg","locations":[{"start":{"line":115,"column":52},"end":{"line":115,"column":53}}]},"7":{"loc":{"start":{"line":117,"column":12},"end":{"line":117,"column":43}},"type":"cond-expr","locations":[{"start":{"line":117,"column":12},"end":{"line":117,"column":43}},{"start":{"line":118,"column":12},"end":{"line":118,"column":29}}]},"8":{"loc":{"start":{"line":116,"column":16},"end":{"line":116,"column":19}},"type":"binary-expr","locations":[{"start":{"line":116,"column":16},"end":{"line":116,"column":19}},{"start":{"line":116,"column":23},"end":{"line":116,"column":47}}]},"9":{"loc":{"start":{"line":141,"column":65},"end":{"line":141,"column":67}},"type":"default-arg","locations":[{"start":{"line":141,"column":65},"end":{"line":141,"column":67}}]},"10":{"loc":{"start":{"line":147,"column":47},"end":{"line":147,"column":53}},"type":"cond-expr","locations":[{"start":{"line":147,"column":47},"end":{"line":147,"column":53}},{"start":{"line":147,"column":56},"end":{"line":147,"column":75}}]},"11":{"loc":{"start":{"line":151,"column":8},"end":{"line":157,"column":null}},"type":"if","locations":[{"start":{"line":151,"column":8},"end":{"line":157,"column":null}},{"start":{"line":151,"column":8},"end":{"line":157,"column":null}}]},"12":{"loc":{"start":{"line":151,"column":12},"end":{"line":151,"column":27}},"type":"binary-expr","locations":[{"start":{"line":151,"column":12},"end":{"line":151,"column":27}},{"start":{"line":151,"column":31},"end":{"line":151,"column":51}}]},"13":{"loc":{"start":{"line":153,"column":16},"end":{"line":155,"column":null}},"type":"if","locations":[{"start":{"line":153,"column":16},"end":{"line":155,"column":null}},{"start":{"line":153,"column":16},"end":{"line":155,"column":null}}]},"14":{"loc":{"start":{"line":160,"column":4},"end":{"line":180,"column":null}},"type":"if","locations":[{"start":{"line":160,"column":4},"end":{"line":180,"column":null}},{"start":{"line":160,"column":4},"end":{"line":180,"column":null}}]},"15":{"loc":{"start":{"line":160,"column":8},"end":{"line":160,"column":35}},"type":"binary-expr","locations":[{"start":{"line":160,"column":8},"end":{"line":160,"column":35}},{"start":{"line":160,"column":39},"end":{"line":160,"column":51}}]},"16":{"loc":{"start":{"line":166,"column":8},"end":{"line":166,"column":null}},"type":"if","locations":[{"start":{"line":166,"column":8},"end":{"line":166,"column":null}},{"start":{"line":166,"column":8},"end":{"line":166,"column":null}}]},"17":{"loc":{"start":{"line":168,"column":8},"end":{"line":170,"column":null}},"type":"if","locations":[{"start":{"line":168,"column":8},"end":{"line":170,"column":null}},{"start":{"line":168,"column":8},"end":{"line":170,"column":null}}]},"18":{"loc":{"start":{"line":171,"column":8},"end":{"line":173,"column":null}},"type":"if","locations":[{"start":{"line":171,"column":8},"end":{"line":173,"column":null}},{"start":{"line":171,"column":8},"end":{"line":173,"column":null}}]},"19":{"loc":{"start":{"line":174,"column":8},"end":{"line":176,"column":null}},"type":"if","locations":[{"start":{"line":174,"column":8},"end":{"line":176,"column":null}},{"start":{"line":174,"column":8},"end":{"line":176,"column":null}}]},"20":{"loc":{"start":{"line":177,"column":8},"end":{"line":179,"column":null}},"type":"if","locations":[{"start":{"line":177,"column":8},"end":{"line":179,"column":null}},{"start":{"line":177,"column":8},"end":{"line":179,"column":null}}]},"21":{"loc":{"start":{"line":177,"column":12},"end":{"line":177,"column":24}},"type":"binary-expr","locations":[{"start":{"line":177,"column":12},"end":{"line":177,"column":24}},{"start":{"line":177,"column":28},"end":{"line":177,"column":52}},{"start":{"line":177,"column":56},"end":{"line":177,"column":89}}]}},"s":{"0":5,"1":5,"2":5,"3":5,"4":5,"5":0,"6":0,"7":0,"8":0,"9":0,"10":15,"11":15,"12":15,"13":15,"14":15,"15":13,"16":0,"17":13,"18":13,"19":13,"20":13,"21":13,"22":13,"23":0,"24":0,"25":0,"26":0,"27":0,"28":0,"29":0,"30":0,"31":0,"32":0,"33":0,"34":0,"35":0,"36":0,"37":0,"38":0,"39":0,"40":13,"41":13,"42":13,"43":13,"44":13,"45":13,"46":13,"47":0,"48":13,"49":0,"50":13,"51":13,"52":15,"53":15,"54":214,"55":5,"56":5,"57":15,"58":15,"59":15,"60":3110,"61":3110,"62":3110,"63":3110,"64":3110,"65":11,"66":11,"67":11,"68":3110,"69":3110,"70":3110,"71":3110,"72":3110,"73":3110,"74":3110,"75":3110,"76":235,"77":1302,"78":3110,"79":660,"80":660,"81":3110,"82":638,"83":1067,"84":3110,"85":44,"86":66},"f":{"0":0,"1":15,"2":13,"3":13,"4":0,"5":0,"6":0,"7":0,"8":0,"9":15,"10":15,"11":214,"12":15,"13":3110,"14":3110,"15":3110,"16":11,"17":1302,"18":660,"19":1067,"20":66},"b":{"0":[0,13],"1":[0,0],"2":[0,0],"3":[13,0],"4":[0,13],"5":[0,13],"6":[7],"7":[208,6],"8":[214,209],"9":[15],"10":[15,3095],"11":[11,3099],"12":[3110,928],"13":[11,0],"14":[3110,0],"15":[3110,3110],"16":[3110,0],"17":[235,2875],"18":[660,2450],"19":[638,2472],"20":[44,3066],"21":[3110,2244,55]}}
,"/Users/sth1pal/Documents/Development/JavaScript/nodejs/ts6/dev/hsApps/hsDocs/src/markdown.ts": {"path":"/Users/sth1pal/Documents/Development/JavaScript/nodejs/ts6/dev/hsApps/hsDocs/src/markdown.ts","statementMap":{"0":{"start":{"line":1,"column":18},"end":{"line":1,"column":37}},"1":{"start":{"line":2,"column":0},"end":{"line":2,"column":30}},"2":{"start":{"line":12,"column":22},"end":{"line":18,"column":6}},"3":{"start":{"line":19,"column":17},"end":{"line":19,"column":55}},"4":{"start":{"line":20,"column":4},"end":{"line":23,"column":null}},"5":{"start":{"line":21,"column":18},"end":{"line":21,"column":40}},"6":{"start":{"line":22,"column":8},"end":{"line":22,"column":null}},"7":{"start":{"line":22,"column":19},"end":{"line":22,"column":51}},"8":{"start":{"line":24,"column":4},"end":{"line":24,"column":51}},"9":{"start":{"line":25,"column":4},"end":{"line":25,"column":18}},"10":{"start":{"line":11,"column":0},"end":{"line":11,"column":16}},"11":{"start":{"line":54,"column":8},"end":{"line":58,"column":11}},"12":{"start":{"line":55,"column":12},"end":{"line":55,"column":26}},"13":{"start":{"line":56,"column":12},"end":{"line":56,"column":26}},"14":{"start":{"line":57,"column":12},"end":{"line":57,"column":22}},"15":{"start":{"line":59,"column":8},"end":{"line":59,"column":26}},"16":{"start":{"line":64,"column":8},"end":{"line":69,"column":null}},"17":{"start":{"line":65,"column":12},"end":{"line":65,"column":41}},"18":{"start":{"line":67,"column":12},"end":{"line":67,"column":25}},"19":{"start":{"line":68,"column":12},"end":{"line":68,"column":23}},"20":{"start":{"line":70,"column":8},"end":{"line":72,"column":null}},"21":{"start":{"line":71,"column":12},"end":{"line":71,"column":41}},"22":{"start":{"line":73,"column":8},"end":{"line":73,"column":32}},"23":{"start":{"line":76,"column":19},"end":{"line":76,"column":49}},"24":{"start":{"line":79,"column":4},"end":{"line":86,"column":7}},"25":{"start":{"line":80,"column":21},"end":{"line":80,"column":28}},"26":{"start":{"line":81,"column":21},"end":{"line":81,"column":28}},"27":{"start":{"line":82,"column":28},"end":{"line":82,"column":43}},"28":{"start":{"line":83,"column":8},"end":{"line":85,"column":72}},"29":{"start":{"line":87,"column":4},"end":{"line":87,"column":19}}},"fnMap":{"0":{"name":"markDown","decl":{"start":{"line":11,"column":16},"end":{"line":11,"column":24}},"loc":{"start":{"line":11,"column":94},"end":{"line":26,"column":1}}},"1":{"name":"substituteLinks","decl":{"start":{"line":47,"column":9},"end":{"line":47,"column":24}},"loc":{"start":{"line":47,"column":60},"end":{"line":89,"column":1}}},"2":{"name":"deconstructRoute","decl":{"start":{"line":52,"column":13},"end":{"line":52,"column":29}},"loc":{"start":{"line":52,"column":42},"end":{"line":60,"column":5}}},"3":{"name":"(anonymous_3)","decl":{"start":{"line":54,"column":52},"end":{"line":54,"column":53}},"loc":{"start":{"line":54,"column":71},"end":{"line":58,"column":9}}},"4":{"name":"getLibMod","decl":{"start":{"line":62,"column":13},"end":{"line":62,"column":22}},"loc":{"start":{"line":62,"column":34},"end":{"line":74,"column":5}}},"5":{"name":"(anonymous_5)","decl":{"start":{"line":79,"column":63},"end":{"line":79,"column":64}},"loc":{"start":{"line":79,"column":82},"end":{"line":86,"column":5}}}},"branchMap":{"0":{"loc":{"start":{"line":11,"column":52},"end":{"line":11,"column":57}},"type":"default-arg","locations":[{"start":{"line":11,"column":52},"end":{"line":11,"column":57}}]},"1":{"loc":{"start":{"line":11,"column":81},"end":{"line":11,"column":94}},"type":"default-arg","locations":[{"start":{"line":11,"column":81},"end":{"line":11,"column":94}}]},"2":{"loc":{"start":{"line":19,"column":26},"end":{"line":19,"column":28}},"type":"cond-expr","locations":[{"start":{"line":19,"column":26},"end":{"line":19,"column":28}},{"start":{"line":19,"column":31},"end":{"line":19,"column":55}}]},"3":{"loc":{"start":{"line":20,"column":4},"end":{"line":23,"column":null}},"type":"if","locations":[{"start":{"line":20,"column":4},"end":{"line":23,"column":null}},{"start":{"line":20,"column":4},"end":{"line":23,"column":null}}]},"4":{"loc":{"start":{"line":22,"column":8},"end":{"line":22,"column":null}},"type":"if","locations":[{"start":{"line":22,"column":8},"end":{"line":22,"column":null}},{"start":{"line":22,"column":8},"end":{"line":22,"column":null}}]},"5":{"loc":{"start":{"line":64,"column":8},"end":{"line":69,"column":null}},"type":"if","locations":[{"start":{"line":64,"column":8},"end":{"line":69,"column":null}},{"start":{"line":64,"column":8},"end":{"line":69,"column":null}}]},"6":{"loc":{"start":{"line":70,"column":8},"end":{"line":72,"column":null}},"type":"if","locations":[{"start":{"line":70,"column":8},"end":{"line":72,"column":null}},{"start":{"line":70,"column":8},"end":{"line":72,"column":null}}]},"7":{"loc":{"start":{"line":84,"column":16},"end":{"line":84,"column":56}},"type":"cond-expr","locations":[{"start":{"line":84,"column":16},"end":{"line":84,"column":56}},{"start":{"line":85,"column":16},"end":{"line":85,"column":71}}]},"8":{"loc":{"start":{"line":83,"column":16},"end":{"line":83,"column":29}},"type":"binary-expr","locations":[{"start":{"line":83,"column":16},"end":{"line":83,"column":29}},{"start":{"line":83,"column":33},"end":{"line":83,"column":47}},{"start":{"line":83,"column":51},"end":{"line":83,"column":72}}]}},"s":{"0":3,"1":3,"2":28,"3":28,"4":28,"5":18,"6":18,"7":18,"8":28,"9":28,"10":3,"11":28,"12":22,"13":22,"14":22,"15":28,"16":15,"17":9,"18":6,"19":6,"20":15,"21":1,"22":15,"23":28,"24":28,"25":15,"26":15,"27":15,"28":15,"29":28},"f":{"0":28,"1":28,"2":28,"3":22,"4":15,"5":15},"b":{"0":[1],"1":[1],"2":[0,28],"3":[18,10],"4":[18,0],"5":[9,6],"6":[1,14],"7":[4,11],"8":[15,13,13]}}
,"/Users/sth1pal/Documents/Development/JavaScript/nodejs/ts6/dev/hsApps/hsDocs/src/view/DocsMenu.ts": {"path":"/Users/sth1pal/Documents/Development/JavaScript/nodejs/ts6/dev/hsApps/hsDocs/src/view/DocsMenu.ts","statementMap":{"0":{"start":{"line":1,"column":0},"end":{"line":1,"column":48}},"1":{"start":{"line":2,"column":0},"end":{"line":2,"column":50}},"2":{"start":{"line":3,"column":0},"end":{"line":3,"column":48}},"3":{"start":{"line":4,"column":0},"end":{"line":4,"column":46}},"4":{"start":{"line":4,"column":59},"end":{"line":4,"column":75}},"5":{"start":{"line":21,"column":4},"end":{"line":21,"column":16}},"6":{"start":{"line":24,"column":8},"end":{"line":29,"column":null}},"7":{"start":{"line":25,"column":12},"end":{"line":25,"column":39}},"8":{"start":{"line":26,"column":12},"end":{"line":28,"column":30}},"9":{"start":{"line":27,"column":24},"end":{"line":27,"column":32}},"10":{"start":{"line":30,"column":22},"end":{"line":30,"column":35}},"11":{"start":{"line":31,"column":8},"end":{"line":36,"column":10}},"12":{"start":{"line":32,"column":43},"end":{"line":32,"column":44}},"13":{"start":{"line":35,"column":38},"end":{"line":35,"column":76}},"14":{"start":{"line":40,"column":34},"end":{"line":40,"column":58}},"15":{"start":{"line":41,"column":8},"end":{"line":41,"column":37}},"16":{"start":{"line":20,"column":0},"end":{"line":20,"column":13}}},"fnMap":{"0":{"name":"(anonymous_0)","decl":{"start":{"line":20,"column":0},"end":{"line":20,"column":13}},"loc":{"start":{"line":20,"column":0},"end":{"line":43,"column":1}}},"1":{"name":"(anonymous_1)","decl":{"start":{"line":23,"column":12},"end":{"line":23,"column":19}},"loc":{"start":{"line":23,"column":29},"end":{"line":37,"column":5}}},"2":{"name":"(anonymous_2)","decl":{"start":{"line":27,"column":18},"end":{"line":27,"column":21}},"loc":{"start":{"line":27,"column":24},"end":{"line":27,"column":32}}},"3":{"name":"(anonymous_3)","decl":{"start":{"line":32,"column":29},"end":{"line":32,"column":30}},"loc":{"start":{"line":32,"column":43},"end":{"line":32,"column":44}}},"4":{"name":"(anonymous_4)","decl":{"start":{"line":35,"column":21},"end":{"line":35,"column":22}},"loc":{"start":{"line":35,"column":38},"end":{"line":35,"column":76}}},"5":{"name":"(anonymous_5)","decl":{"start":{"line":39,"column":4},"end":{"line":39,"column":17}},"loc":{"start":{"line":39,"column":28},"end":{"line":42,"column":5}}}},"branchMap":{"0":{"loc":{"start":{"line":24,"column":8},"end":{"line":29,"column":null}},"type":"if","locations":[{"start":{"line":24,"column":8},"end":{"line":29,"column":null}},{"start":{"line":24,"column":8},"end":{"line":29,"column":null}}]},"1":{"loc":{"start":{"line":34,"column":25},"end":{"line":34,"column":45}},"type":"binary-expr","locations":[{"start":{"line":34,"column":25},"end":{"line":34,"column":45}},{"start":{"line":34,"column":49},"end":{"line":34,"column":57}}]}},"s":{"0":1,"1":1,"2":1,"3":1,"4":1,"5":1,"6":2,"7":1,"8":1,"9":1,"10":2,"11":2,"12":4,"13":0,"14":2,"15":2,"16":1},"f":{"0":1,"1":2,"2":1,"3":4,"4":0,"5":2},"b":{"0":[1,1],"1":[2,2]}}
,"/Users/sth1pal/Documents/Development/JavaScript/nodejs/ts6/dev/hsApps/hsDocs/src/view/LeftNav.ts": {"path":"/Users/sth1pal/Documents/Development/JavaScript/nodejs/ts6/dev/hsApps/hsDocs/src/view/LeftNav.ts","statementMap":{"0":{"start":{"line":6,"column":0},"end":{"line":6,"column":40}},"1":{"start":{"line":7,"column":0},"end":{"line":7,"column":40}},"2":{"start":{"line":8,"column":0},"end":{"line":8,"column":40}},"3":{"start":{"line":9,"column":0},"end":{"line":9,"column":42}},"4":{"start":{"line":10,"column":0},"end":{"line":10,"column":39}},"5":{"start":{"line":18,"column":18},"end":{"line":18,"column":38}},"6":{"start":{"line":19,"column":20},"end":{"line":19,"column":42}},"7":{"start":{"line":20,"column":23},"end":{"line":20,"column":68}},"8":{"start":{"line":21,"column":8},"end":{"line":21,"column":74}},"9":{"start":{"line":16,"column":0},"end":{"line":16,"column":13}},"10":{"start":{"line":29,"column":30},"end":{"line":29,"column":32}},"11":{"start":{"line":30,"column":8},"end":{"line":30,"column":28}},"12":{"start":{"line":31,"column":8},"end":{"line":63,"column":null}},"13":{"start":{"line":32,"column":12},"end":{"line":62,"column":15}},"14":{"start":{"line":34,"column":16},"end":{"line":61,"column":null}},"15":{"start":{"line":35,"column":33},"end":{"line":35,"column":70}},"16":{"start":{"line":36,"column":33},"end":{"line":36,"column":52}},"17":{"start":{"line":37,"column":20},"end":{"line":44,"column":null}},"18":{"start":{"line":38,"column":24},"end":{"line":43,"column":27}},"19":{"start":{"line":46,"column":35},"end":{"line":46,"column":37}},"20":{"start":{"line":47,"column":20},"end":{"line":47,"column":74}},"21":{"start":{"line":47,"column":53},"end":{"line":47,"column":72}},"22":{"start":{"line":49,"column":20},"end":{"line":60,"column":null}},"23":{"start":{"line":49,"column":36},"end":{"line":60,"column":23}},"24":{"start":{"line":50,"column":36},"end":{"line":50,"column":51}},"25":{"start":{"line":51,"column":24},"end":{"line":58,"column":null}},"26":{"start":{"line":52,"column":28},"end":{"line":56,"column":30}},"27":{"start":{"line":57,"column":24},"end":{"line":57,"column":50}},"28":{"start":{"line":59,"column":24},"end":{"line":59,"column":75}},"29":{"start":{"line":69,"column":23},"end":{"line":69,"column":28}},"30":{"start":{"line":70,"column":8},"end":{"line":70,"column":null}},"31":{"start":{"line":70,"column":70},"end":{"line":70,"column":84}},"32":{"start":{"line":72,"column":8},"end":{"line":75,"column":12}},"33":{"start":{"line":74,"column":63},"end":{"line":74,"column":85}},"34":{"start":{"line":78,"column":4},"end":{"line":84,"column":null}},"35":{"start":{"line":79,"column":8},"end":{"line":79,"column":31}},"36":{"start":{"line":81,"column":24},"end":{"line":81,"column":58}},"37":{"start":{"line":82,"column":8},"end":{"line":82,"column":61}},"38":{"start":{"line":83,"column":8},"end":{"line":83,"column":52}},"39":{"start":{"line":90,"column":22},"end":{"line":93,"column":2}},"40":{"start":{"line":105,"column":8},"end":{"line":105,"column":39}},"41":{"start":{"line":111,"column":25},"end":{"line":111,"column":98}},"42":{"start":{"line":112,"column":26},"end":{"line":112,"column":59}},"43":{"start":{"line":113,"column":26},"end":{"line":113,"column":57}},"44":{"start":{"line":114,"column":20},"end":{"line":114,"column":94}},"45":{"start":{"line":115,"column":8},"end":{"line":119,"column":15}},"46":{"start":{"line":122,"column":30},"end":{"line":122,"column":48}},"47":{"start":{"line":124,"column":14},"end":{"line":124,"column":16}},"48":{"start":{"line":125,"column":4},"end":{"line":134,"column":null}},"49":{"start":{"line":126,"column":8},"end":{"line":130,"column":27}},"50":{"start":{"line":131,"column":8},"end":{"line":133,"column":null}},"51":{"start":{"line":132,"column":12},"end":{"line":132,"column":63}},"52":{"start":{"line":135,"column":4},"end":{"line":135,"column":65}},"53":{"start":{"line":142,"column":4},"end":{"line":147,"column":null}},"54":{"start":{"line":143,"column":8},"end":{"line":146,"column":null}},"55":{"start":{"line":143,"column":56},"end":{"line":143,"column":79}},"56":{"start":{"line":144,"column":13},"end":{"line":146,"column":null}},"57":{"start":{"line":144,"column":39},"end":{"line":144,"column":49}},"58":{"start":{"line":145,"column":13},"end":{"line":146,"column":null}},"59":{"start":{"line":145,"column":39},"end":{"line":145,"column":48}},"60":{"start":{"line":146,"column":15},"end":{"line":146,"column":38}},"61":{"start":{"line":147,"column":13},"end":{"line":147,"column":36}}},"fnMap":{"0":{"name":"(anonymous_0)","decl":{"start":{"line":17,"column":4},"end":{"line":17,"column":17}},"loc":{"start":{"line":17,"column":29},"end":{"line":22,"column":5}}},"1":{"name":"navList","decl":{"start":{"line":26,"column":9},"end":{"line":26,"column":16}},"loc":{"start":{"line":26,"column":41},"end":{"line":85,"column":1}}},"2":{"name":"collectModules","decl":{"start":{"line":28,"column":13},"end":{"line":28,"column":27}},"loc":{"start":{"line":28,"column":38},"end":{"line":64,"column":5}}},"3":{"name":"(anonymous_3)","decl":{"start":{"line":32,"column":36},"end":{"line":32,"column":37}},"loc":{"start":{"line":32,"column":46},"end":{"line":62,"column":13}}},"4":{"name":"(anonymous_4)","decl":{"start":{"line":47,"column":42},"end":{"line":47,"column":43}},"loc":{"start":{"line":47,"column":53},"end":{"line":47,"column":72}}},"5":{"name":"(anonymous_5)","decl":{"start":{"line":49,"column":53},"end":{"line":49,"column":54}},"loc":{"start":{"line":49,"column":63},"end":{"line":60,"column":21}}},"6":{"name":"externalModule","decl":{"start":{"line":68,"column":13},"end":{"line":68,"column":27}},"loc":{"start":{"line":68,"column":35},"end":{"line":76,"column":5}}},"7":{"name":"(anonymous_7)","decl":{"start":{"line":74,"column":52},"end":{"line":74,"column":53}},"loc":{"start":{"line":74,"column":63},"end":{"line":74,"column":85}}},"8":{"name":"entries","decl":{"start":{"line":103,"column":9},"end":{"line":103,"column":16}},"loc":{"start":{"line":103,"column":49},"end":{"line":136,"column":1}}},"9":{"name":"moduleGet","decl":{"start":{"line":104,"column":13},"end":{"line":104,"column":22}},"loc":{"start":{"line":104,"column":28},"end":{"line":106,"column":5}}},"10":{"name":"entry","decl":{"start":{"line":110,"column":13},"end":{"line":110,"column":18}},"loc":{"start":{"line":110,"column":26},"end":{"line":120,"column":5}}},"11":{"name":"empty","decl":{"start":{"line":122,"column":13},"end":{"line":122,"column":18}},"loc":{"start":{"line":122,"column":26},"end":{"line":122,"column":50}}},"12":{"name":"exportAscending","decl":{"start":{"line":141,"column":9},"end":{"line":141,"column":24}},"loc":{"start":{"line":141,"column":37},"end":{"line":148,"column":1}}}},"branchMap":{"0":{"loc":{"start":{"line":20,"column":23},"end":{"line":20,"column":42}},"type":"binary-expr","locations":[{"start":{"line":20,"column":23},"end":{"line":20,"column":42}},{"start":{"line":20,"column":46},"end":{"line":20,"column":68}}]},"1":{"loc":{"start":{"line":31,"column":8},"end":{"line":63,"column":null}},"type":"if","locations":[{"start":{"line":31,"column":8},"end":{"line":63,"column":null}},{"start":{"line":31,"column":8},"end":{"line":63,"column":null}}]},"2":{"loc":{"start":{"line":34,"column":16},"end":{"line":61,"column":null}},"type":"if","locations":[{"start":{"line":34,"column":16},"end":{"line":61,"column":null}},{"start":{"line":34,"column":16},"end":{"line":61,"column":null}}]},"3":{"loc":{"start":{"line":34,"column":20},"end":{"line":34,"column":52}},"type":"binary-expr","locations":[{"start":{"line":34,"column":20},"end":{"line":34,"column":52}},{"start":{"line":34,"column":56},"end":{"line":34,"column":78}}]},"4":{"loc":{"start":{"line":34,"column":22},"end":{"line":34,"column":29}},"type":"binary-expr","locations":[{"start":{"line":34,"column":22},"end":{"line":34,"column":29}},{"start":{"line":34,"column":33},"end":{"line":34,"column":51}}]},"5":{"loc":{"start":{"line":35,"column":48},"end":{"line":35,"column":61}},"type":"cond-expr","locations":[{"start":{"line":35,"column":48},"end":{"line":35,"column":61}},{"start":{"line":35,"column":64},"end":{"line":35,"column":70}}]},"6":{"loc":{"start":{"line":37,"column":20},"end":{"line":44,"column":null}},"type":"if","locations":[{"start":{"line":37,"column":20},"end":{"line":44,"column":null}},{"start":{"line":37,"column":20},"end":{"line":44,"column":null}}]},"7":{"loc":{"start":{"line":49,"column":20},"end":{"line":60,"column":null}},"type":"if","locations":[{"start":{"line":49,"column":20},"end":{"line":60,"column":null}},{"start":{"line":49,"column":20},"end":{"line":60,"column":null}}]},"8":{"loc":{"start":{"line":51,"column":24},"end":{"line":58,"column":null}},"type":"if","locations":[{"start":{"line":51,"column":24},"end":{"line":58,"column":null}},{"start":{"line":51,"column":24},"end":{"line":58,"column":null}}]},"9":{"loc":{"start":{"line":70,"column":8},"end":{"line":70,"column":null}},"type":"if","locations":[{"start":{"line":70,"column":8},"end":{"line":70,"column":null}},{"start":{"line":70,"column":8},"end":{"line":70,"column":null}}]},"10":{"loc":{"start":{"line":70,"column":12},"end":{"line":70,"column":29}},"type":"binary-expr","locations":[{"start":{"line":70,"column":12},"end":{"line":70,"column":29}},{"start":{"line":70,"column":33},"end":{"line":70,"column":66}}]},"11":{"loc":{"start":{"line":73,"column":26},"end":{"line":73,"column":49}},"type":"cond-expr","locations":[{"start":{"line":73,"column":26},"end":{"line":73,"column":49}},{"start":{"line":73,"column":50},"end":{"line":73,"column":52}}]},"12":{"loc":{"start":{"line":74,"column":25},"end":{"line":74,"column":34}},"type":"cond-expr","locations":[{"start":{"line":74,"column":25},"end":{"line":74,"column":34}},{"start":{"line":74,"column":37},"end":{"line":74,"column":86}}]},"13":{"loc":{"start":{"line":78,"column":4},"end":{"line":84,"column":null}},"type":"if","locations":[{"start":{"line":78,"column":4},"end":{"line":84,"column":null}},{"start":{"line":78,"column":4},"end":{"line":84,"column":null}}]},"14":{"loc":{"start":{"line":111,"column":70},"end":{"line":111,"column":93}},"type":"cond-expr","locations":[{"start":{"line":111,"column":70},"end":{"line":111,"column":93}},{"start":{"line":111,"column":96},"end":{"line":111,"column":98}}]},"15":{"loc":{"start":{"line":111,"column":26},"end":{"line":111,"column":43}},"type":"binary-expr","locations":[{"start":{"line":111,"column":26},"end":{"line":111,"column":43}},{"start":{"line":111,"column":47},"end":{"line":111,"column":67}}]},"16":{"loc":{"start":{"line":112,"column":26},"end":{"line":112,"column":35}},"type":"binary-expr","locations":[{"start":{"line":112,"column":26},"end":{"line":112,"column":35}},{"start":{"line":112,"column":39},"end":{"line":112,"column":59}}]},"17":{"loc":{"start":{"line":113,"column":26},"end":{"line":113,"column":35}},"type":"binary-expr","locations":[{"start":{"line":113,"column":26},"end":{"line":113,"column":35}},{"start":{"line":113,"column":39},"end":{"line":113,"column":57}}]},"18":{"loc":{"start":{"line":114,"column":64},"end":{"line":114,"column":87}},"type":"cond-expr","locations":[{"start":{"line":114,"column":64},"end":{"line":114,"column":87}},{"start":{"line":114,"column":90},"end":{"line":114,"column":92}}]},"19":{"loc":{"start":{"line":115,"column":57},"end":{"line":115,"column":59}},"type":"cond-expr","locations":[{"start":{"line":115,"column":57},"end":{"line":115,"column":59}},{"start":{"line":116,"column":12},"end":{"line":119,"column":14}}]},"20":{"loc":{"start":{"line":115,"column":16},"end":{"line":115,"column":25}},"type":"binary-expr","locations":[{"start":{"line":115,"column":16},"end":{"line":115,"column":25}},{"start":{"line":115,"column":29},"end":{"line":115,"column":54}}]},"21":{"loc":{"start":{"line":117,"column":24},"end":{"line":117,"column":32}},"type":"cond-expr","locations":[{"start":{"line":117,"column":24},"end":{"line":117,"column":32}},{"start":{"line":117,"column":34},"end":{"line":117,"column":36}}]},"22":{"loc":{"start":{"line":125,"column":4},"end":{"line":134,"column":null}},"type":"if","locations":[{"start":{"line":125,"column":4},"end":{"line":134,"column":null}},{"start":{"line":125,"column":4},"end":{"line":134,"column":null}}]},"23":{"loc":{"start":{"line":125,"column":8},"end":{"line":125,"column":13}},"type":"binary-expr","locations":[{"start":{"line":125,"column":8},"end":{"line":125,"column":13}},{"start":{"line":125,"column":17},"end":{"line":125,"column":31}}]},"24":{"loc":{"start":{"line":131,"column":8},"end":{"line":133,"column":null}},"type":"if","locations":[{"start":{"line":131,"column":8},"end":{"line":133,"column":null}},{"start":{"line":131,"column":8},"end":{"line":133,"column":null}}]},"25":{"loc":{"start":{"line":135,"column":29},"end":{"line":135,"column":59}},"type":"cond-expr","locations":[{"start":{"line":135,"column":29},"end":{"line":135,"column":59}},{"start":{"line":135,"column":62},"end":{"line":135,"column":64}}]},"26":{"loc":{"start":{"line":142,"column":4},"end":{"line":147,"column":null}},"type":"if","locations":[{"start":{"line":142,"column":4},"end":{"line":147,"column":null}},{"start":{"line":142,"column":4},"end":{"line":147,"column":null}}]},"27":{"loc":{"start":{"line":142,"column":8},"end":{"line":142,"column":15}},"type":"binary-expr","locations":[{"start":{"line":142,"column":8},"end":{"line":142,"column":15}},{"start":{"line":142,"column":19},"end":{"line":142,"column":26}}]},"28":{"loc":{"start":{"line":143,"column":8},"end":{"line":146,"column":null}},"type":"if","locations":[{"start":{"line":143,"column":8},"end":{"line":146,"column":null}},{"start":{"line":143,"column":8},"end":{"line":146,"column":null}}]},"29":{"loc":{"start":{"line":143,"column":12},"end":{"line":143,"column":30}},"type":"binary-expr","locations":[{"start":{"line":143,"column":12},"end":{"line":143,"column":30}},{"start":{"line":143,"column":34},"end":{"line":143,"column":52}}]},"30":{"loc":{"start":{"line":144,"column":13},"end":{"line":146,"column":null}},"type":"if","locations":[{"start":{"line":144,"column":13},"end":{"line":146,"column":null}},{"start":{"line":144,"column":13},"end":{"line":146,"column":null}}]},"31":{"loc":{"start":{"line":145,"column":13},"end":{"line":146,"column":null}},"type":"if","locations":[{"start":{"line":145,"column":13},"end":{"line":146,"column":null}},{"start":{"line":145,"column":13},"end":{"line":146,"column":null}}]}},"s":{"0":1,"1":1,"2":1,"3":1,"4":1,"5":2,"6":2,"7":2,"8":2,"9":1,"10":2,"11":2,"12":2,"13":2,"14":24,"15":20,"16":20,"17":20,"18":20,"19":20,"20":20,"21":0,"22":20,"23":20,"24":44,"25":44,"26":44,"27":44,"28":44,"29":20,"30":20,"31":0,"32":20,"33":44,"34":2,"35":2,"36":2,"37":2,"38":2,"39":1,"40":128,"41":128,"42":128,"43":128,"44":128,"45":128,"46":128,"47":44,"48":44,"49":44,"50":44,"51":34,"52":44,"53":112,"54":112,"55":48,"56":64,"57":4,"58":60,"59":6,"60":54,"61":0},"f":{"0":2,"1":2,"2":2,"3":24,"4":0,"5":44,"6":20,"7":44,"8":44,"9":128,"10":128,"11":128,"12":112},"b":{"0":[2,0],"1":[2,0],"2":[20,4],"3":[24,24],"4":[24,24],"5":[0,20],"6":[20,0],"7":[20,0],"8":[44,0],"9":[0,20],"10":[20,20],"11":[0,20],"12":[0,20],"13":[2,0],"14":[0,128],"15":[128,128],"16":[128,128],"17":[128,128],"18":[44,84],"19":[18,110],"20":[128,84],"21":[0,110],"22":[44,0],"23":[44,44],"24":[34,10],"25":[34,10],"26":[112,0],"27":[112,112],"28":[48,64],"29":[112,52],"30":[4,60],"31":[6,54]}}
,"/Users/sth1pal/Documents/Development/JavaScript/nodejs/ts6/dev/hsApps/hsDocs/src/view/MainComment.ts": {"path":"/Users/sth1pal/Documents/Development/JavaScript/nodejs/ts6/dev/hsApps/hsDocs/src/view/MainComment.ts","statementMap":{"0":{"start":{"line":6,"column":0},"end":{"line":6,"column":36}},"1":{"start":{"line":7,"column":0},"end":{"line":7,"column":39}},"2":{"start":{"line":8,"column":0},"end":{"line":8,"column":41}},"3":{"start":{"line":18,"column":24},"end":{"line":18,"column":26}},"4":{"start":{"line":19,"column":4},"end":{"line":23,"column":null}},"5":{"start":{"line":20,"column":8},"end":{"line":20,"column":71}},"6":{"start":{"line":21,"column":8},"end":{"line":21,"column":50}},"7":{"start":{"line":22,"column":8},"end":{"line":22,"column":52}},"8":{"start":{"line":24,"column":4},"end":{"line":24,"column":42}},"9":{"start":{"line":17,"column":0},"end":{"line":17,"column":16}},"10":{"start":{"line":36,"column":24},"end":{"line":36,"column":26}},"11":{"start":{"line":37,"column":4},"end":{"line":47,"column":null}},"12":{"start":{"line":38,"column":8},"end":{"line":38,"column":71}},"13":{"start":{"line":39,"column":8},"end":{"line":44,"column":null}},"14":{"start":{"line":40,"column":12},"end":{"line":40,"column":56}},"15":{"start":{"line":41,"column":12},"end":{"line":43,"column":null}},"16":{"start":{"line":42,"column":16},"end":{"line":42,"column":76}},"17":{"start":{"line":45,"column":8},"end":{"line":45,"column":50}},"18":{"start":{"line":46,"column":8},"end":{"line":46,"column":52}},"19":{"start":{"line":48,"column":4},"end":{"line":48,"column":42}},"20":{"start":{"line":35,"column":0},"end":{"line":35,"column":16}},"21":{"start":{"line":61,"column":16},"end":{"line":61,"column":39}},"22":{"start":{"line":62,"column":4},"end":{"line":62,"column":null}},"23":{"start":{"line":62,"column":24},"end":{"line":62,"column":59}},"24":{"start":{"line":63,"column":4},"end":{"line":71,"column":null}},"25":{"start":{"line":64,"column":8},"end":{"line":70,"column":11}},"26":{"start":{"line":65,"column":12},"end":{"line":69,"column":null}},"27":{"start":{"line":67,"column":36},"end":{"line":67,"column":66}},"28":{"start":{"line":67,"column":67},"end":{"line":67,"column":73}},"29":{"start":{"line":68,"column":30},"end":{"line":68,"column":80}},"30":{"start":{"line":68,"column":81},"end":{"line":68,"column":87}},"31":{"start":{"line":73,"column":4},"end":{"line":73,"column":91}},"32":{"start":{"line":74,"column":4},"end":{"line":74,"column":65}},"33":{"start":{"line":81,"column":15},"end":{"line":81,"column":30}},"34":{"start":{"line":82,"column":4},"end":{"line":85,"column":7}},"35":{"start":{"line":89,"column":4},"end":{"line":102,"column":8}},"36":{"start":{"line":90,"column":12},"end":{"line":101,"column":null}},"37":{"start":{"line":96,"column":24},"end":{"line":96,"column":34}},"38":{"start":{"line":97,"column":25},"end":{"line":100,"column":19}},"39":{"start":{"line":106,"column":4},"end":{"line":114,"column":8}},"40":{"start":{"line":107,"column":8},"end":{"line":113,"column":null}},"41":{"start":{"line":108,"column":32},"end":{"line":108,"column":42}},"42":{"start":{"line":109,"column":21},"end":{"line":112,"column":15}},"43":{"start":{"line":118,"column":4},"end":{"line":125,"column":7}},"44":{"start":{"line":119,"column":8},"end":{"line":124,"column":10}},"45":{"start":{"line":140,"column":17},"end":{"line":140,"column":24}},"46":{"start":{"line":143,"column":21},"end":{"line":143,"column":22}},"47":{"start":{"line":144,"column":23},"end":{"line":157,"column":19}},"48":{"start":{"line":150,"column":32},"end":{"line":150,"column":38}},"49":{"start":{"line":151,"column":24},"end":{"line":151,"column":32}},"50":{"start":{"line":152,"column":16},"end":{"line":152,"column":95}},"51":{"start":{"line":153,"column":16},"end":{"line":153,"column":95}},"52":{"start":{"line":154,"column":16},"end":{"line":154,"column":114}},"53":{"start":{"line":158,"column":8},"end":{"line":158,"column":56}},"54":{"start":{"line":161,"column":4},"end":{"line":161,"column":74}},"55":{"start":{"line":162,"column":4},"end":{"line":162,"column":59}}},"fnMap":{"0":{"name":"commentLong","decl":{"start":{"line":17,"column":16},"end":{"line":17,"column":27}},"loc":{"start":{"line":17,"column":35},"end":{"line":25,"column":1}}},"1":{"name":"comment","decl":{"start":{"line":35,"column":16},"end":{"line":35,"column":23}},"loc":{"start":{"line":35,"column":44},"end":{"line":49,"column":1}}},"2":{"name":"textOrShortTextOrDescription","decl":{"start":{"line":60,"column":9},"end":{"line":60,"column":37}},"loc":{"start":{"line":60,"column":64},"end":{"line":75,"column":1}}},"3":{"name":"(anonymous_3)","decl":{"start":{"line":64,"column":25},"end":{"line":64,"column":26}},"loc":{"start":{"line":64,"column":37},"end":{"line":70,"column":9}}},"4":{"name":"returns","decl":{"start":{"line":80,"column":9},"end":{"line":80,"column":16}},"loc":{"start":{"line":80,"column":43},"end":{"line":86,"column":1}}},"5":{"name":"commentRemainder","decl":{"start":{"line":88,"column":9},"end":{"line":88,"column":25}},"loc":{"start":{"line":88,"column":37},"end":{"line":103,"column":1}}},"6":{"name":"(anonymous_6)","decl":{"start":{"line":89,"column":42},"end":{"line":89,"column":43}},"loc":{"start":{"line":89,"column":54},"end":{"line":102,"column":5}}},"7":{"name":"otherCommentTags","decl":{"start":{"line":105,"column":9},"end":{"line":105,"column":25}},"loc":{"start":{"line":105,"column":37},"end":{"line":115,"column":1}}},"8":{"name":"(anonymous_8)","decl":{"start":{"line":106,"column":54},"end":{"line":106,"column":55}},"loc":{"start":{"line":106,"column":66},"end":{"line":114,"column":5}}},"9":{"name":"mainCommentParams","decl":{"start":{"line":117,"column":9},"end":{"line":117,"column":26}},"loc":{"start":{"line":117,"column":37},"end":{"line":126,"column":1}}},"10":{"name":"(anonymous_10)","decl":{"start":{"line":118,"column":52},"end":{"line":118,"column":53}},"loc":{"start":{"line":119,"column":8},"end":{"line":124,"column":10}}},"11":{"name":"prettifyCode","decl":{"start":{"line":138,"column":9},"end":{"line":138,"column":21}},"loc":{"start":{"line":138,"column":51},"end":{"line":163,"column":1}}},"12":{"name":"braceIndenting","decl":{"start":{"line":142,"column":13},"end":{"line":142,"column":27}},"loc":{"start":{"line":142,"column":39},"end":{"line":159,"column":5}}},"13":{"name":"(anonymous_13)","decl":{"start":{"line":149,"column":17},"end":{"line":149,"column":18}},"loc":{"start":{"line":149,"column":30},"end":{"line":155,"column":13}}}},"branchMap":{"0":{"loc":{"start":{"line":19,"column":4},"end":{"line":23,"column":null}},"type":"if","locations":[{"start":{"line":19,"column":4},"end":{"line":23,"column":null}},{"start":{"line":19,"column":4},"end":{"line":23,"column":null}}]},"1":{"loc":{"start":{"line":35,"column":39},"end":{"line":35,"column":44}},"type":"default-arg","locations":[{"start":{"line":35,"column":39},"end":{"line":35,"column":44}}]},"2":{"loc":{"start":{"line":37,"column":4},"end":{"line":47,"column":null}},"type":"if","locations":[{"start":{"line":37,"column":4},"end":{"line":47,"column":null}},{"start":{"line":37,"column":4},"end":{"line":47,"column":null}}]},"3":{"loc":{"start":{"line":39,"column":8},"end":{"line":44,"column":null}},"type":"if","locations":[{"start":{"line":39,"column":8},"end":{"line":44,"column":null}},{"start":{"line":39,"column":8},"end":{"line":44,"column":null}}]},"4":{"loc":{"start":{"line":41,"column":12},"end":{"line":43,"column":null}},"type":"if","locations":[{"start":{"line":41,"column":12},"end":{"line":43,"column":null}},{"start":{"line":41,"column":12},"end":{"line":43,"column":null}}]},"5":{"loc":{"start":{"line":61,"column":16},"end":{"line":61,"column":33}},"type":"binary-expr","locations":[{"start":{"line":61,"column":16},"end":{"line":61,"column":33}},{"start":{"line":61,"column":37},"end":{"line":61,"column":39}}]},"6":{"loc":{"start":{"line":62,"column":4},"end":{"line":62,"column":null}},"type":"if","locations":[{"start":{"line":62,"column":4},"end":{"line":62,"column":null}},{"start":{"line":62,"column":4},"end":{"line":62,"column":null}}]},"7":{"loc":{"start":{"line":62,"column":39},"end":{"line":62,"column":51}},"type":"binary-expr","locations":[{"start":{"line":62,"column":39},"end":{"line":62,"column":51}},{"start":{"line":62,"column":55},"end":{"line":62,"column":57}}]},"8":{"loc":{"start":{"line":63,"column":4},"end":{"line":71,"column":null}},"type":"if","locations":[{"start":{"line":63,"column":4},"end":{"line":71,"column":null}},{"start":{"line":63,"column":4},"end":{"line":71,"column":null}}]},"9":{"loc":{"start":{"line":66,"column":16},"end":{"line":66,"column":33}},"type":"switch","locations":[{"start":{"line":66,"column":16},"end":{"line":66,"column":33}},{"start":{"line":67,"column":16},"end":{"line":67,"column":73}},{"start":{"line":68,"column":16},"end":{"line":68,"column":87}}]},"10":{"loc":{"start":{"line":73,"column":77},"end":{"line":73,"column":79}},"type":"cond-expr","locations":[{"start":{"line":73,"column":77},"end":{"line":73,"column":79}},{"start":{"line":73,"column":82},"end":{"line":73,"column":89}}]},"11":{"loc":{"start":{"line":82,"column":47},"end":{"line":82,"column":49}},"type":"cond-expr","locations":[{"start":{"line":82,"column":47},"end":{"line":82,"column":49}},{"start":{"line":82,"column":51},"end":{"line":85,"column":6}}]},"12":{"loc":{"start":{"line":91,"column":16},"end":{"line":91,"column":28}},"type":"switch","locations":[{"start":{"line":91,"column":16},"end":{"line":91,"column":28}},{"start":{"line":92,"column":16},"end":{"line":92,"column":33}},{"start":{"line":93,"column":16},"end":{"line":93,"column":28}},{"start":{"line":94,"column":16},"end":{"line":94,"column":35}},{"start":{"line":95,"column":16},"end":{"line":96,"column":34}},{"start":{"line":97,"column":16},"end":{"line":100,"column":19}}]},"13":{"loc":{"start":{"line":106,"column":32},"end":{"line":106,"column":34}},"type":"cond-expr","locations":[{"start":{"line":106,"column":32},"end":{"line":106,"column":34}},{"start":{"line":106,"column":37},"end":{"line":114,"column":6}}]},"14":{"loc":{"start":{"line":108,"column":12},"end":{"line":108,"column":42}},"type":"switch","locations":[{"start":{"line":108,"column":12},"end":{"line":108,"column":42}},{"start":{"line":109,"column":12},"end":{"line":112,"column":15}}]},"15":{"loc":{"start":{"line":121,"column":57},"end":{"line":121,"column":59}},"type":"cond-expr","locations":[{"start":{"line":121,"column":57},"end":{"line":121,"column":59}},{"start":{"line":122,"column":16},"end":{"line":122,"column":107}}]},"16":{"loc":{"start":{"line":122,"column":49},"end":{"line":122,"column":82}},"type":"cond-expr","locations":[{"start":{"line":122,"column":49},"end":{"line":122,"column":82}},{"start":{"line":122,"column":85},"end":{"line":122,"column":87}}]},"17":{"loc":{"start":{"line":154,"column":91},"end":{"line":154,"column":97}},"type":"cond-expr","locations":[{"start":{"line":154,"column":91},"end":{"line":154,"column":97}},{"start":{"line":154,"column":98},"end":{"line":154,"column":107}}]}},"s":{"0":2,"1":2,"2":2,"3":7,"4":7,"5":7,"6":7,"7":7,"8":7,"9":2,"10":15,"11":15,"12":15,"13":15,"14":1,"15":1,"16":1,"17":15,"18":15,"19":15,"20":2,"21":22,"22":22,"23":10,"24":22,"25":6,"26":10,"27":1,"28":1,"29":0,"30":0,"31":22,"32":22,"33":22,"34":22,"35":22,"36":34,"37":33,"38":1,"39":1,"40":2,"41":0,"42":2,"43":1,"44":1,"45":22,"46":5,"47":5,"48":49,"49":49,"50":49,"51":49,"52":49,"53":5,"54":22,"55":22},"f":{"0":7,"1":15,"2":22,"3":10,"4":22,"5":22,"6":34,"7":1,"8":2,"9":1,"10":1,"11":22,"12":5,"13":49},"b":{"0":[7,0],"1":[1],"2":[15,0],"3":[1,14],"4":[1,0],"5":[22,5],"6":[10,12],"7":[10,0],"8":[6,16],"9":[0,1,0],"10":[14,8],"11":[22,0],"12":[6,23,33,33,33,1],"13":[0,1],"14":[0,2],"15":[1,0],"16":[0,0],"17":[11,38]}}
,"/Users/sth1pal/Documents/Development/JavaScript/nodejs/ts6/dev/hsApps/hsDocs/src/view/MainDetail.ts": {"path":"/Users/sth1pal/Documents/Development/JavaScript/nodejs/ts6/dev/hsApps/hsDocs/src/view/MainDetail.ts","statementMap":{"0":{"start":{"line":1,"column":0},"end":{"line":1,"column":48}},"1":{"start":{"line":2,"column":0},"end":{"line":2,"column":48}},"2":{"start":{"line":3,"column":0},"end":{"line":3,"column":50}},"3":{"start":{"line":4,"column":0},"end":{"line":4,"column":53}},"4":{"start":{"line":5,"column":0},"end":{"line":5,"column":null}},"5":{"start":{"line":20,"column":21},"end":{"line":20,"column":41}},"6":{"start":{"line":21,"column":22},"end":{"line":21,"column":44}},"7":{"start":{"line":22,"column":8},"end":{"line":22,"column":37}},"8":{"start":{"line":24,"column":21},"end":{"line":24,"column":86}},"9":{"start":{"line":25,"column":8},"end":{"line":25,"column":46}},"10":{"start":{"line":18,"column":0},"end":{"line":18,"column":13}},"11":{"start":{"line":36,"column":4},"end":{"line":41,"column":null}},"12":{"start":{"line":37,"column":8},"end":{"line":37,"column":50}},"13":{"start":{"line":38,"column":8},"end":{"line":40,"column":null}},"14":{"start":{"line":39,"column":12},"end":{"line":39,"column":36}},"15":{"start":{"line":42,"column":4},"end":{"line":42,"column":21}},"16":{"start":{"line":50,"column":16},"end":{"line":50,"column":55}},"17":{"start":{"line":51,"column":4},"end":{"line":55,"column":7}},"18":{"start":{"line":63,"column":16},"end":{"line":63,"column":55}},"19":{"start":{"line":64,"column":4},"end":{"line":66,"column":7}},"20":{"start":{"line":76,"column":4},"end":{"line":76,"column":85}},"21":{"start":{"line":80,"column":4},"end":{"line":96,"column":null}},"22":{"start":{"line":81,"column":8},"end":{"line":86,"column":11}},"23":{"start":{"line":82,"column":41},"end":{"line":82,"column":71}},"24":{"start":{"line":83,"column":41},"end":{"line":83,"column":72}},"25":{"start":{"line":84,"column":41},"end":{"line":84,"column":72}},"26":{"start":{"line":85,"column":41},"end":{"line":85,"column":73}},"27":{"start":{"line":87,"column":11},"end":{"line":96,"column":null}},"28":{"start":{"line":88,"column":8},"end":{"line":88,"column":73}},"29":{"start":{"line":89,"column":11},"end":{"line":96,"column":null}},"30":{"start":{"line":90,"column":8},"end":{"line":90,"column":102}},"31":{"start":{"line":90,"column":67},"end":{"line":90,"column":99}},"32":{"start":{"line":91,"column":11},"end":{"line":96,"column":null}},"33":{"start":{"line":92,"column":8},"end":{"line":92,"column":43}},"34":{"start":{"line":93,"column":8},"end":{"line":93,"column":50}},"35":{"start":{"line":95,"column":8},"end":{"line":95,"column":37}},"36":{"start":{"line":100,"column":18},"end":{"line":100,"column":102}},"37":{"start":{"line":100,"column":35},"end":{"line":100,"column":101}},"38":{"start":{"line":101,"column":4},"end":{"line":101,"column":92}},"39":{"start":{"line":102,"column":4},"end":{"line":102,"column":41}},"40":{"start":{"line":106,"column":31},"end":{"line":106,"column":64}},"41":{"start":{"line":106,"column":45},"end":{"line":106,"column":64}},"42":{"start":{"line":107,"column":31},"end":{"line":107,"column":65}},"43":{"start":{"line":107,"column":44},"end":{"line":107,"column":65}},"44":{"start":{"line":108,"column":31},"end":{"line":108,"column":65}},"45":{"start":{"line":108,"column":45},"end":{"line":108,"column":65}},"46":{"start":{"line":109,"column":21},"end":{"line":122,"column":6}},"47":{"start":{"line":123,"column":15},"end":{"line":123,"column":65}},"48":{"start":{"line":124,"column":21},"end":{"line":124,"column":114}},"49":{"start":{"line":124,"column":36},"end":{"line":124,"column":114}},"50":{"start":{"line":126,"column":20},"end":{"line":131,"column":79}},"51":{"start":{"line":129,"column":29},"end":{"line":129,"column":76}},"52":{"start":{"line":130,"column":29},"end":{"line":130,"column":78}},"53":{"start":{"line":131,"column":26},"end":{"line":131,"column":78}},"54":{"start":{"line":132,"column":22},"end":{"line":137,"column":103}},"55":{"start":{"line":135,"column":29},"end":{"line":135,"column":76}},"56":{"start":{"line":136,"column":29},"end":{"line":136,"column":76}},"57":{"start":{"line":137,"column":26},"end":{"line":137,"column":102}},"58":{"start":{"line":139,"column":20},"end":{"line":139,"column":57}},"59":{"start":{"line":140,"column":20},"end":{"line":140,"column":37}},"60":{"start":{"line":141,"column":4},"end":{"line":143,"column":null}},"61":{"start":{"line":142,"column":8},"end":{"line":142,"column":134}},"62":{"start":{"line":144,"column":4},"end":{"line":146,"column":null}},"63":{"start":{"line":145,"column":8},"end":{"line":145,"column":135}},"64":{"start":{"line":147,"column":4},"end":{"line":147,"column":119}},"65":{"start":{"line":156,"column":4},"end":{"line":170,"column":null}},"66":{"start":{"line":156,"column":10},"end":{"line":168,"column":11}},"67":{"start":{"line":170,"column":15},"end":{"line":170,"column":30}},"68":{"start":{"line":170,"column":31},"end":{"line":170,"column":48}},"69":{"start":{"line":174,"column":4},"end":{"line":176,"column":54}},"70":{"start":{"line":175,"column":38},"end":{"line":175,"column":110}}},"fnMap":{"0":{"name":"(anonymous_0)","decl":{"start":{"line":19,"column":4},"end":{"line":19,"column":17}},"loc":{"start":{"line":19,"column":28},"end":{"line":26,"column":5}}},"1":{"name":"getOverview","decl":{"start":{"line":35,"column":9},"end":{"line":35,"column":20}},"loc":{"start":{"line":35,"column":43},"end":{"line":43,"column":1}}},"2":{"name":"itemDoc","decl":{"start":{"line":49,"column":9},"end":{"line":49,"column":16}},"loc":{"start":{"line":49,"column":24},"end":{"line":56,"column":1}}},"3":{"name":"overviewDoc","decl":{"start":{"line":62,"column":9},"end":{"line":62,"column":20}},"loc":{"start":{"line":62,"column":28},"end":{"line":67,"column":1}}},"4":{"name":"title","decl":{"start":{"line":75,"column":9},"end":{"line":75,"column":14}},"loc":{"start":{"line":75,"column":31},"end":{"line":77,"column":1}}},"5":{"name":"members","decl":{"start":{"line":79,"column":9},"end":{"line":79,"column":16}},"loc":{"start":{"line":79,"column":33},"end":{"line":97,"column":1}}},"6":{"name":"(anonymous_6)","decl":{"start":{"line":82,"column":30},"end":{"line":82,"column":31}},"loc":{"start":{"line":82,"column":41},"end":{"line":82,"column":71}}},"7":{"name":"(anonymous_7)","decl":{"start":{"line":83,"column":30},"end":{"line":83,"column":31}},"loc":{"start":{"line":83,"column":41},"end":{"line":83,"column":72}}},"8":{"name":"(anonymous_8)","decl":{"start":{"line":84,"column":30},"end":{"line":84,"column":31}},"loc":{"start":{"line":84,"column":41},"end":{"line":84,"column":72}}},"9":{"name":"(anonymous_9)","decl":{"start":{"line":85,"column":30},"end":{"line":85,"column":31}},"loc":{"start":{"line":85,"column":41},"end":{"line":85,"column":73}}},"10":{"name":"(anonymous_10)","decl":{"start":{"line":90,"column":56},"end":{"line":90,"column":57}},"loc":{"start":{"line":90,"column":67},"end":{"line":90,"column":99}}},"11":{"name":"parameter","decl":{"start":{"line":99,"column":9},"end":{"line":99,"column":18}},"loc":{"start":{"line":99,"column":38},"end":{"line":103,"column":1}}},"12":{"name":"(anonymous_12)","decl":{"start":{"line":100,"column":24},"end":{"line":100,"column":25}},"loc":{"start":{"line":100,"column":35},"end":{"line":100,"column":101}}},"13":{"name":"member","decl":{"start":{"line":105,"column":9},"end":{"line":105,"column":15}},"loc":{"start":{"line":105,"column":68},"end":{"line":148,"column":1}}},"14":{"name":"(anonymous_14)","decl":{"start":{"line":106,"column":31},"end":{"line":106,"column":32}},"loc":{"start":{"line":106,"column":45},"end":{"line":106,"column":64}}},"15":{"name":"(anonymous_15)","decl":{"start":{"line":107,"column":31},"end":{"line":107,"column":32}},"loc":{"start":{"line":107,"column":44},"end":{"line":107,"column":65}}},"16":{"name":"(anonymous_16)","decl":{"start":{"line":108,"column":31},"end":{"line":108,"column":32}},"loc":{"start":{"line":108,"column":45},"end":{"line":108,"column":65}}},"17":{"name":"(anonymous_17)","decl":{"start":{"line":124,"column":21},"end":{"line":124,"column":22}},"loc":{"start":{"line":124,"column":36},"end":{"line":124,"column":114}}},"18":{"name":"(anonymous_18)","decl":{"start":{"line":129,"column":16},"end":{"line":129,"column":17}},"loc":{"start":{"line":129,"column":29},"end":{"line":129,"column":76}}},"19":{"name":"(anonymous_19)","decl":{"start":{"line":130,"column":16},"end":{"line":130,"column":17}},"loc":{"start":{"line":130,"column":29},"end":{"line":130,"column":78}}},"20":{"name":"(anonymous_20)","decl":{"start":{"line":131,"column":13},"end":{"line":131,"column":14}},"loc":{"start":{"line":131,"column":26},"end":{"line":131,"column":78}}},"21":{"name":"(anonymous_21)","decl":{"start":{"line":135,"column":16},"end":{"line":135,"column":17}},"loc":{"start":{"line":135,"column":29},"end":{"line":135,"column":76}}},"22":{"name":"(anonymous_22)","decl":{"start":{"line":136,"column":16},"end":{"line":136,"column":17}},"loc":{"start":{"line":136,"column":29},"end":{"line":136,"column":76}}},"23":{"name":"(anonymous_23)","decl":{"start":{"line":137,"column":13},"end":{"line":137,"column":14}},"loc":{"start":{"line":137,"column":26},"end":{"line":137,"column":102}}},"24":{"name":"itemDescriptor","decl":{"start":{"line":155,"column":9},"end":{"line":155,"column":23}},"loc":{"start":{"line":155,"column":40},"end":{"line":171,"column":1}}},"25":{"name":"itemChild","decl":{"start":{"line":173,"column":9},"end":{"line":173,"column":18}},"loc":{"start":{"line":173,"column":35},"end":{"line":177,"column":1}}},"26":{"name":"(anonymous_26)","decl":{"start":{"line":175,"column":27},"end":{"line":175,"column":28}},"loc":{"start":{"line":175,"column":38},"end":{"line":175,"column":110}}}},"branchMap":{"0":{"loc":{"start":{"line":24,"column":21},"end":{"line":24,"column":44}},"type":"binary-expr","locations":[{"start":{"line":24,"column":21},"end":{"line":24,"column":44}},{"start":{"line":24,"column":48},"end":{"line":24,"column":86}}]},"1":{"loc":{"start":{"line":24,"column":56},"end":{"line":24,"column":79}},"type":"binary-expr","locations":[{"start":{"line":24,"column":56},"end":{"line":24,"column":79}},{"start":{"line":24,"column":83},"end":{"line":24,"column":85}}]},"2":{"loc":{"start":{"line":36,"column":4},"end":{"line":41,"column":null}},"type":"if","locations":[{"start":{"line":36,"column":4},"end":{"line":41,"column":null}},{"start":{"line":36,"column":4},"end":{"line":41,"column":null}}]},"3":{"loc":{"start":{"line":36,"column":8},"end":{"line":36,"column":19}},"type":"binary-expr","locations":[{"start":{"line":36,"column":8},"end":{"line":36,"column":19}},{"start":{"line":36,"column":23},"end":{"line":36,"column":33}}]},"4":{"loc":{"start":{"line":38,"column":8},"end":{"line":40,"column":null}},"type":"if","locations":[{"start":{"line":38,"column":8},"end":{"line":40,"column":null}},{"start":{"line":38,"column":8},"end":{"line":40,"column":null}}]},"5":{"loc":{"start":{"line":50,"column":32},"end":{"line":50,"column":49}},"type":"cond-expr","locations":[{"start":{"line":50,"column":32},"end":{"line":50,"column":49}},{"start":{"line":50,"column":52},"end":{"line":50,"column":55}}]},"6":{"loc":{"start":{"line":63,"column":32},"end":{"line":63,"column":49}},"type":"cond-expr","locations":[{"start":{"line":63,"column":32},"end":{"line":63,"column":49}},{"start":{"line":63,"column":52},"end":{"line":63,"column":55}}]},"7":{"loc":{"start":{"line":80,"column":4},"end":{"line":96,"column":null}},"type":"if","locations":[{"start":{"line":80,"column":4},"end":{"line":96,"column":null}},{"start":{"line":80,"column":4},"end":{"line":96,"column":null}}]},"8":{"loc":{"start":{"line":87,"column":11},"end":{"line":96,"column":null}},"type":"if","locations":[{"start":{"line":87,"column":11},"end":{"line":96,"column":null}},{"start":{"line":87,"column":11},"end":{"line":96,"column":null}}]},"9":{"loc":{"start":{"line":89,"column":11},"end":{"line":96,"column":null}},"type":"if","locations":[{"start":{"line":89,"column":11},"end":{"line":96,"column":null}},{"start":{"line":89,"column":11},"end":{"line":96,"column":null}}]},"10":{"loc":{"start":{"line":91,"column":11},"end":{"line":96,"column":null}},"type":"if","locations":[{"start":{"line":91,"column":11},"end":{"line":96,"column":null}},{"start":{"line":91,"column":11},"end":{"line":96,"column":null}}]},"11":{"loc":{"start":{"line":91,"column":15},"end":{"line":91,"column":23}},"type":"binary-expr","locations":[{"start":{"line":91,"column":15},"end":{"line":91,"column":23}},{"start":{"line":91,"column":27},"end":{"line":91,"column":47}}]},"12":{"loc":{"start":{"line":123,"column":15},"end":{"line":123,"column":36}},"type":"binary-expr","locations":[{"start":{"line":123,"column":15},"end":{"line":123,"column":36}},{"start":{"line":123,"column":40},"end":{"line":123,"column":65}}]},"13":{"loc":{"start":{"line":124,"column":36},"end":{"line":124,"column":50}},"type":"binary-expr","locations":[{"start":{"line":124,"column":36},"end":{"line":124,"column":50}},{"start":{"line":124,"column":55},"end":{"line":124,"column":71}},{"start":{"line":124,"column":75},"end":{"line":124,"column":91}},{"start":{"line":124,"column":95},"end":{"line":124,"column":113}}]},"14":{"loc":{"start":{"line":129,"column":36},"end":{"line":129,"column":54}},"type":"cond-expr","locations":[{"start":{"line":129,"column":36},"end":{"line":129,"column":54}},{"start":{"line":129,"column":57},"end":{"line":129,"column":76}}]},"15":{"loc":{"start":{"line":130,"column":36},"end":{"line":130,"column":55}},"type":"cond-expr","locations":[{"start":{"line":130,"column":36},"end":{"line":130,"column":55}},{"start":{"line":130,"column":58},"end":{"line":130,"column":78}}]},"16":{"loc":{"start":{"line":135,"column":36},"end":{"line":135,"column":54}},"type":"cond-expr","locations":[{"start":{"line":135,"column":36},"end":{"line":135,"column":54}},{"start":{"line":135,"column":57},"end":{"line":135,"column":76}}]},"17":{"loc":{"start":{"line":136,"column":36},"end":{"line":136,"column":54}},"type":"cond-expr","locations":[{"start":{"line":136,"column":36},"end":{"line":136,"column":54}},{"start":{"line":136,"column":57},"end":{"line":136,"column":76}}]},"18":{"loc":{"start":{"line":139,"column":26},"end":{"line":139,"column":34}},"type":"cond-expr","locations":[{"start":{"line":139,"column":26},"end":{"line":139,"column":34}},{"start":{"line":139,"column":35},"end":{"line":139,"column":57}}]},"19":{"loc":{"start":{"line":140,"column":26},"end":{"line":140,"column":34}},"type":"cond-expr","locations":[{"start":{"line":140,"column":26},"end":{"line":140,"column":34}},{"start":{"line":140,"column":35},"end":{"line":140,"column":37}}]},"20":{"loc":{"start":{"line":141,"column":4},"end":{"line":143,"column":null}},"type":"if","locations":[{"start":{"line":141,"column":4},"end":{"line":143,"column":null}},{"start":{"line":141,"column":4},"end":{"line":143,"column":null}}]},"21":{"loc":{"start":{"line":144,"column":4},"end":{"line":146,"column":null}},"type":"if","locations":[{"start":{"line":144,"column":4},"end":{"line":146,"column":null}},{"start":{"line":144,"column":4},"end":{"line":146,"column":null}}]},"22":{"loc":{"start":{"line":147,"column":38},"end":{"line":147,"column":55}},"type":"cond-expr","locations":[{"start":{"line":147,"column":38},"end":{"line":147,"column":55}},{"start":{"line":147,"column":56},"end":{"line":147,"column":58}}]},"23":{"loc":{"start":{"line":147,"column":68},"end":{"line":147,"column":85}},"type":"cond-expr","locations":[{"start":{"line":147,"column":68},"end":{"line":147,"column":85}},{"start":{"line":147,"column":86},"end":{"line":147,"column":88}}]},"24":{"loc":{"start":{"line":173,"column":32},"end":{"line":173,"column":35}},"type":"default-arg","locations":[{"start":{"line":173,"column":32},"end":{"line":173,"column":35}}]},"25":{"loc":{"start":{"line":175,"column":8},"end":{"line":175,"column":111}},"type":"cond-expr","locations":[{"start":{"line":175,"column":8},"end":{"line":175,"column":111}},{"start":{"line":176,"column":8},"end":{"line":176,"column":53}}]}},"s":{"0":1,"1":1,"2":1,"3":1,"4":1,"5":6,"6":6,"7":6,"8":6,"9":6,"10":1,"11":6,"12":2,"13":2,"14":2,"15":4,"16":4,"17":4,"18":2,"19":2,"20":4,"21":4,"22":2,"23":6,"24":6,"25":6,"26":6,"27":2,"28":0,"29":2,"30":2,"31":2,"32":0,"33":0,"34":0,"35":0,"36":2,"37":4,"38":2,"39":2,"40":24,"41":64,"42":24,"43":32,"44":24,"45":32,"46":24,"47":24,"48":24,"49":16,"50":24,"51":32,"52":16,"53":8,"54":24,"55":0,"56":0,"57":0,"58":24,"59":24,"60":24,"61":0,"62":24,"63":6,"64":24,"65":16,"66":16,"67":0,"68":0,"69":12,"70":4},"f":{"0":6,"1":6,"2":4,"3":2,"4":4,"5":4,"6":6,"7":6,"8":6,"9":6,"10":2,"11":2,"12":4,"13":24,"14":64,"15":32,"16":32,"17":16,"18":32,"19":16,"20":8,"21":0,"22":0,"23":0,"24":16,"25":12,"26":4},"b":{"0":[6,4],"1":[4,0],"2":[2,4],"3":[6,4],"4":[2,0],"5":[2,2],"6":[0,2],"7":[2,2],"8":[0,2],"9":[2,0],"10":[0,0],"11":[0,0],"12":[24,0],"13":[16,16,4,4],"14":[16,16],"15":[8,8],"16":[0,0],"17":[0,0],"18":[12,12],"19":[12,12],"20":[0,24],"21":[6,18],"22":[12,12],"23":[12,12],"24":[12],"25":[4,8]}}
,"/Users/sth1pal/Documents/Development/JavaScript/nodejs/ts6/dev/hsApps/hsDocs/src/view/MainExample.ts": {"path":"/Users/sth1pal/Documents/Development/JavaScript/nodejs/ts6/dev/hsApps/hsDocs/src/view/MainExample.ts","statementMap":{"0":{"start":{"line":123,"column":0},"end":{"line":123,"column":48}},"1":{"start":{"line":124,"column":0},"end":{"line":124,"column":48}},"2":{"start":{"line":125,"column":0},"end":{"line":125,"column":48}},"3":{"start":{"line":126,"column":0},"end":{"line":126,"column":48}},"4":{"start":{"line":127,"column":0},"end":{"line":127,"column":48}},"5":{"start":{"line":128,"column":0},"end":{"line":128,"column":46}},"6":{"start":{"line":129,"column":0},"end":{"line":129,"column":46}},"7":{"start":{"line":130,"column":0},"end":{"line":130,"column":46}},"8":{"start":{"line":130,"column":60},"end":{"line":130,"column":79}},"9":{"start":{"line":131,"column":0},"end":{"line":131,"column":46}},"10":{"start":{"line":133,"column":16},"end":{"line":138,"column":2}},"11":{"start":{"line":163,"column":49},"end":{"line":163,"column":51}},"12":{"start":{"line":180,"column":21},"end":{"line":180,"column":41}},"13":{"start":{"line":181,"column":14},"end":{"line":181,"column":36}},"14":{"start":{"line":182,"column":4},"end":{"line":186,"column":null}},"15":{"start":{"line":183,"column":8},"end":{"line":183,"column":53}},"16":{"start":{"line":184,"column":8},"end":{"line":184,"column":34}},"17":{"start":{"line":185,"column":8},"end":{"line":185,"column":40}},"18":{"start":{"line":187,"column":4},"end":{"line":192,"column":null}},"19":{"start":{"line":188,"column":8},"end":{"line":188,"column":33}},"20":{"start":{"line":189,"column":8},"end":{"line":191,"column":33}},"21":{"start":{"line":194,"column":24},"end":{"line":194,"column":76}},"22":{"start":{"line":195,"column":23},"end":{"line":195,"column":103}},"23":{"start":{"line":195,"column":39},"end":{"line":195,"column":103}},"24":{"start":{"line":202,"column":18},"end":{"line":204,"column":null}},"25":{"start":{"line":204,"column":53},"end":{"line":204,"column":92}},"26":{"start":{"line":206,"column":4},"end":{"line":206,"column":130}},"27":{"start":{"line":179,"column":0},"end":{"line":179,"column":16}},"28":{"start":{"line":210,"column":4},"end":{"line":230,"column":null}},"29":{"start":{"line":211,"column":21},"end":{"line":211,"column":59}},"30":{"start":{"line":212,"column":8},"end":{"line":223,"column":10}},"31":{"start":{"line":213,"column":29},"end":{"line":213,"column":49}},"32":{"start":{"line":214,"column":32},"end":{"line":214,"column":97}},"33":{"start":{"line":214,"column":56},"end":{"line":214,"column":61}},"34":{"start":{"line":214,"column":75},"end":{"line":214,"column":96}},"35":{"start":{"line":215,"column":12},"end":{"line":222,"column":null}},"36":{"start":{"line":216,"column":16},"end":{"line":216,"column":85}},"37":{"start":{"line":218,"column":29},"end":{"line":218,"column":64}},"38":{"start":{"line":218,"column":50},"end":{"line":218,"column":63}},"39":{"start":{"line":219,"column":33},"end":{"line":219,"column":72}},"40":{"start":{"line":220,"column":16},"end":{"line":220,"column":51}},"41":{"start":{"line":221,"column":16},"end":{"line":221,"column":40}},"42":{"start":{"line":224,"column":8},"end":{"line":224,"column":44}},"43":{"start":{"line":225,"column":8},"end":{"line":225,"column":27}},"44":{"start":{"line":226,"column":8},"end":{"line":226,"column":20}},"45":{"start":{"line":228,"column":8},"end":{"line":228,"column":55}},"46":{"start":{"line":229,"column":8},"end":{"line":229,"column":21}},"47":{"start":{"line":237,"column":4},"end":{"line":257,"column":6}},"48":{"start":{"line":244,"column":32},"end":{"line":251,"column":null}},"49":{"start":{"line":245,"column":16},"end":{"line":250,"column":null}},"50":{"start":{"line":246,"column":20},"end":{"line":246,"column":45}},"51":{"start":{"line":247,"column":20},"end":{"line":247,"column":37}},"52":{"start":{"line":248,"column":20},"end":{"line":248,"column":45}},"53":{"start":{"line":250,"column":27},"end":{"line":250,"column":43}},"54":{"start":{"line":262,"column":4},"end":{"line":262,"column":50}},"55":{"start":{"line":271,"column":15},"end":{"line":271,"column":40}},"56":{"start":{"line":272,"column":17},"end":{"line":272,"column":55}},"57":{"start":{"line":274,"column":4},"end":{"line":276,"column":6}},"58":{"start":{"line":275,"column":8},"end":{"line":275,"column":43}},"59":{"start":{"line":278,"column":4},"end":{"line":295,"column":null}},"60":{"start":{"line":279,"column":8},"end":{"line":294,"column":11}},"61":{"start":{"line":279,"column":35},"end":{"line":293,"column":15}},"62":{"start":{"line":296,"column":4},"end":{"line":296,"column":15}},"63":{"start":{"line":304,"column":17},"end":{"line":304,"column":52}},"64":{"start":{"line":305,"column":4},"end":{"line":314,"column":null}},"65":{"start":{"line":307,"column":8},"end":{"line":307,"column":null}},"66":{"start":{"line":307,"column":41},"end":{"line":307,"column":76}},"67":{"start":{"line":308,"column":8},"end":{"line":311,"column":null}},"68":{"start":{"line":308,"column":14},"end":{"line":308,"column":34}},"69":{"start":{"line":310,"column":12},"end":{"line":310,"column":82}},"70":{"start":{"line":315,"column":4},"end":{"line":315,"column":15}},"71":{"start":{"line":316,"column":4},"end":{"line":316,"column":15}},"72":{"start":{"line":320,"column":4},"end":{"line":320,"column":63}},"73":{"start":{"line":330,"column":17},"end":{"line":330,"column":19}},"74":{"start":{"line":333,"column":16},"end":{"line":333,"column":54}},"75":{"start":{"line":334,"column":4},"end":{"line":344,"column":null}},"76":{"start":{"line":335,"column":8},"end":{"line":335,"column":34}},"77":{"start":{"line":336,"column":8},"end":{"line":342,"column":null}},"78":{"start":{"line":337,"column":12},"end":{"line":341,"column":16}},"79":{"start":{"line":337,"column":59},"end":{"line":341,"column":14}},"80":{"start":{"line":338,"column":16},"end":{"line":338,"column":62}},"81":{"start":{"line":339,"column":32},"end":{"line":339,"column":63}},"82":{"start":{"line":340,"column":16},"end":{"line":340,"column":null}},"83":{"start":{"line":340,"column":31},"end":{"line":340,"column":63}},"84":{"start":{"line":343,"column":8},"end":{"line":343,"column":65}},"85":{"start":{"line":345,"column":4},"end":{"line":351,"column":7}},"86":{"start":{"line":346,"column":21},"end":{"line":346,"column":35}},"87":{"start":{"line":347,"column":24},"end":{"line":347,"column":38}},"88":{"start":{"line":348,"column":8},"end":{"line":348,"column":37}},"89":{"start":{"line":349,"column":8},"end":{"line":349,"column":37}},"90":{"start":{"line":350,"column":8},"end":{"line":350,"column":22}},"91":{"start":{"line":352,"column":4},"end":{"line":352,"column":27}},"92":{"start":{"line":356,"column":20},"end":{"line":356,"column":22}},"93":{"start":{"line":358,"column":16},"end":{"line":358,"column":70}},"94":{"start":{"line":360,"column":4},"end":{"line":362,"column":null}},"95":{"start":{"line":361,"column":8},"end":{"line":361,"column":43}},"96":{"start":{"line":363,"column":4},"end":{"line":372,"column":7}},"97":{"start":{"line":364,"column":8},"end":{"line":371,"column":null}},"98":{"start":{"line":365,"column":27},"end":{"line":365,"column":56}},"99":{"start":{"line":365,"column":57},"end":{"line":365,"column":63}},"100":{"start":{"line":367,"column":31},"end":{"line":367,"column":71}},"101":{"start":{"line":368,"column":16},"end":{"line":370,"column":null}},"102":{"start":{"line":369,"column":20},"end":{"line":369,"column":83}},"103":{"start":{"line":373,"column":4},"end":{"line":373,"column":58}},"104":{"start":{"line":387,"column":17},"end":{"line":387,"column":94}},"105":{"start":{"line":387,"column":31},"end":{"line":387,"column":94}},"106":{"start":{"line":387,"column":88},"end":{"line":387,"column":91}},"107":{"start":{"line":389,"column":18},"end":{"line":392,"column":6}},"108":{"start":{"line":394,"column":4},"end":{"line":407,"column":null}},"109":{"start":{"line":395,"column":8},"end":{"line":406,"column":null}},"110":{"start":{"line":396,"column":12},"end":{"line":396,"column":39}},"111":{"start":{"line":398,"column":12},"end":{"line":404,"column":null}},"112":{"start":{"line":398,"column":23},"end":{"line":398,"column":24}},"113":{"start":{"line":399,"column":16},"end":{"line":403,"column":27}},"114":{"start":{"line":400,"column":20},"end":{"line":400,"column":51}},"115":{"start":{"line":401,"column":20},"end":{"line":401,"column":26}},"116":{"start":{"line":405,"column":12},"end":{"line":405,"column":64}},"117":{"start":{"line":407,"column":17},"end":{"line":407,"column":50}},"118":{"start":{"line":408,"column":4},"end":{"line":421,"column":null}},"119":{"start":{"line":409,"column":28},"end":{"line":409,"column":48}},"120":{"start":{"line":410,"column":26},"end":{"line":410,"column":28}},"121":{"start":{"line":411,"column":12},"end":{"line":411,"column":57}},"122":{"start":{"line":412,"column":12},"end":{"line":412,"column":43}},"123":{"start":{"line":413,"column":12},"end":{"line":417,"column":null}},"124":{"start":{"line":414,"column":16},"end":{"line":414,"column":27}},"125":{"start":{"line":416,"column":16},"end":{"line":416,"column":114}},"126":{"start":{"line":419,"column":8},"end":{"line":419,"column":47}},"127":{"start":{"line":420,"column":8},"end":{"line":420,"column":25}}},"fnMap":{"0":{"name":"example","decl":{"start":{"line":179,"column":16},"end":{"line":179,"column":23}},"loc":{"start":{"line":179,"column":36},"end":{"line":207,"column":1}}},"1":{"name":"(anonymous_7)","decl":{"start":{"line":195,"column":23},"end":{"line":195,"column":24}},"loc":{"start":{"line":195,"column":39},"end":{"line":195,"column":103}}},"2":{"name":"(anonymous_8)","decl":{"start":{"line":204,"column":24},"end":{"line":204,"column":25}},"loc":{"start":{"line":204,"column":53},"end":{"line":204,"column":92}}},"3":{"name":"createExecuteScript","decl":{"start":{"line":209,"column":15},"end":{"line":209,"column":34}},"loc":{"start":{"line":209,"column":70},"end":{"line":231,"column":null}}},"4":{"name":"(anonymous_11)","decl":{"start":{"line":212,"column":24},"end":{"line":212,"column":25}},"loc":{"start":{"line":212,"column":37},"end":{"line":223,"column":9}}},"5":{"name":"(anonymous_12)","decl":{"start":{"line":214,"column":51},"end":{"line":214,"column":52}},"loc":{"start":{"line":214,"column":56},"end":{"line":214,"column":61}}},"6":{"name":"(anonymous_13)","decl":{"start":{"line":214,"column":70},"e
[...]
t":{"line":196,"column":0},"end":{"line":196,"column":16}},"110":{"start":{"line":250,"column":17},"end":{"line":250,"column":42}},"111":{"start":{"line":251,"column":4},"end":{"line":251,"column":55}},"112":{"start":{"line":252,"column":4},"end":{"line":252,"column":45}},"113":{"start":{"line":249,"column":0},"end":{"line":249,"column":16}}},"fnMap":{"0":{"name":"flags","decl":{"start":{"line":10,"column":16},"end":{"line":10,"column":21}},"loc":{"start":{"line":10,"column":49},"end":{"line":36,"column":1}}},"1":{"name":"(anonymous_1)","decl":{"start":{"line":27,"column":35},"end":{"line":27,"column":36}},"loc":{"start":{"line":27,"column":48},"end":{"line":34,"column":9}}},"2":{"name":"kindString","decl":{"start":{"line":38,"column":16},"end":{"line":38,"column":26}},"loc":{"start":{"line":38,"column":34},"end":{"line":40,"column":1}}},"3":{"name":"itemName","decl":{"start":{"line":42,"column":16},"end":{"line":42,"column":24}},"loc":{"start":{"line":42,"column":41},"end":{"line":44,"column":1}}},"4":{"name":"itemTooltip","decl":{"start":{"line":47,"column":16},"end":{"line":47,"column":27}},"loc":{"start":{"line":47,"column":35},"end":{"line":49,"column":1}}},"5":{"name":"extensionOf","decl":{"start":{"line":51,"column":16},"end":{"line":51,"column":27}},"loc":{"start":{"line":51,"column":35},"end":{"line":61,"column":1}}},"6":{"name":"(anonymous_6)","decl":{"start":{"line":54,"column":40},"end":{"line":54,"column":41}},"loc":{"start":{"line":55,"column":12},"end":{"line":58,"column":14}}},"7":{"name":"implementationOf","decl":{"start":{"line":63,"column":16},"end":{"line":63,"column":32}},"loc":{"start":{"line":63,"column":40},"end":{"line":73,"column":1}}},"8":{"name":"(anonymous_8)","decl":{"start":{"line":66,"column":43},"end":{"line":66,"column":44}},"loc":{"start":{"line":67,"column":12},"end":{"line":70,"column":14}}},"9":{"name":"extendedBy","decl":{"start":{"line":75,"column":16},"end":{"line":75,"column":26}},"loc":{"start":{"line":75,"column":34},"end":{"line":85,"column":1}}},"10":{"name":"(anonymous_10)","decl":{"start":{"line":78,"column":37},"end":{"line":78,"column":38}},"loc":{"start":{"line":79,"column":12},"end":{"line":82,"column":14}}},"11":{"name":"implementedBy","decl":{"start":{"line":87,"column":16},"end":{"line":87,"column":29}},"loc":{"start":{"line":87,"column":37},"end":{"line":97,"column":1}}},"12":{"name":"(anonymous_12)","decl":{"start":{"line":90,"column":40},"end":{"line":90,"column":41}},"loc":{"start":{"line":91,"column":12},"end":{"line":94,"column":14}}},"13":{"name":"inheritedFrom","decl":{"start":{"line":99,"column":16},"end":{"line":99,"column":29}},"loc":{"start":{"line":99,"column":37},"end":{"line":110,"column":1}}},"14":{"name":"sourceLink","decl":{"start":{"line":112,"column":16},"end":{"line":112,"column":26}},"loc":{"start":{"line":112,"column":34},"end":{"line":126,"column":1}}},"15":{"name":"libLink","decl":{"start":{"line":137,"column":16},"end":{"line":137,"column":23}},"loc":{"start":{"line":137,"column":70},"end":{"line":139,"column":1}}},"16":{"name":"signature","decl":{"start":{"line":144,"column":16},"end":{"line":144,"column":25}},"loc":{"start":{"line":144,"column":40},"end":{"line":182,"column":1}}},"17":{"name":"(anonymous_17)","decl":{"start":{"line":145,"column":18},"end":{"line":145,"column":19}},"loc":{"start":{"line":145,"column":32},"end":{"line":145,"column":47}}},"18":{"name":"(anonymous_18)","decl":{"start":{"line":146,"column":21},"end":{"line":146,"column":22}},"loc":{"start":{"line":146,"column":36},"end":{"line":146,"column":89}}},"19":{"name":"(anonymous_19)","decl":{"start":{"line":152,"column":35},"end":{"line":152,"column":36}},"loc":{"start":{"line":152,"column":56},"end":{"line":158,"column":14}}},"20":{"name":"defaultVal","decl":{"start":{"line":187,"column":16},"end":{"line":187,"column":26}},"loc":{"start":{"line":187,"column":44},"end":{"line":194,"column":1}}},"21":{"name":"type","decl":{"start":{"line":196,"column":16},"end":{"line":196,"column":20}},"loc":{"start":{"line":196,"column":38},"end":{"line":247,"column":1}}},"22":{"name":"_type","decl":{"start":{"line":197,"column":13},"end":{"line":197,"column":18}},"loc":{"start":{"line":197,"column":25},"end":{"line":238,"column":5}}},"23":{"name":"(anonymous_23)","decl":{"start":{"line":205,"column":59},"end":{"line":205,"column":60}},"loc":{"start":{"line":205,"column":80},"end":{"line":205,"column":110}}},"24":{"name":"(anonymous_24)","decl":{"start":{"line":211,"column":89},"end":{"line":211,"column":90}},"loc":{"start":{"line":211,"column":110},"end":{"line":211,"column":141}}},"25":{"name":"(anonymous_25)","decl":{"start":{"line":225,"column":79},"end":{"line":225,"column":80}},"loc":{"start":{"line":226,"column":52},"end":{"line":226,"column":101}}},"26":{"name":"makeID","decl":{"start":{"line":249,"column":16},"end":{"line":249,"column":22}},"loc":{"start":{"line":249,"column":46},"end":{"line":253,"column":1}}}},"branchMap":{"0":{"loc":{"start":{"line":10,"column":47},"end":{"line":10,"column":49}},"type":"default-arg","locations":[{"start":{"line":10,"column":47},"end":{"line":10,"column":49}}]},"1":{"loc":{"start":{"line":26,"column":47},"end":{"line":26,"column":49}},"type":"cond-expr","locations":[{"start":{"line":26,"column":47},"end":{"line":26,"column":49}},{"start":{"line":27,"column":8},"end":{"line":34,"column":10}}]},"2":{"loc":{"start":{"line":30,"column":12},"end":{"line":31,"column":null}},"type":"if","locations":[{"start":{"line":30,"column":12},"end":{"line":31,"column":null}},{"start":{"line":30,"column":12},"end":{"line":31,"column":null}}]},"3":{"loc":{"start":{"line":32,"column":12},"end":{"line":32,"column":null}},"type":"if","locations":[{"start":{"line":32,"column":12},"end":{"line":32,"column":null}},{"start":{"line":32,"column":12},"end":{"line":32,"column":null}}]},"4":{"loc":{"start":{"line":32,"column":16},"end":{"line":32,"column":33}},"type":"binary-expr","locations":[{"start":{"line":32,"column":16},"end":{"line":32,"column":33}},{"start":{"line":32,"column":37},"end":{"line":32,"column":82}}]},"5":{"loc":{"start":{"line":33,"column":41},"end":{"line":33,"column":49}},"type":"cond-expr","locations":[{"start":{"line":33,"column":41},"end":{"line":33,"column":49}},{"start":{"line":33,"column":51},"end":{"line":33,"column":74}}]},"6":{"loc":{"start":{"line":33,"column":60},"end":{"line":33,"column":69}},"type":"cond-expr","locations":[{"start":{"line":33,"column":60},"end":{"line":33,"column":69}},{"start":{"line":33,"column":70},"end":{"line":33,"column":74}}]},"7":{"loc":{"start":{"line":33,"column":89},"end":{"line":33,"column":98}},"type":"cond-expr","locations":[{"start":{"line":33,"column":89},"end":{"line":33,"column":98}},{"start":{"line":33,"column":101},"end":{"line":33,"column":105}}]},"8":{"loc":{"start":{"line":43,"column":49},"end":{"line":43,"column":57}},"type":"cond-expr","locations":[{"start":{"line":43,"column":49},"end":{"line":43,"column":57}},{"start":{"line":43,"column":60},"end":{"line":43,"column":105}}]},"9":{"loc":{"start":{"line":52,"column":60},"end":{"line":52,"column":69}},"type":"cond-expr","locations":[{"start":{"line":52,"column":60},"end":{"line":52,"column":69}},{"start":{"line":52,"column":72},"end":{"line":60,"column":6}}]},"10":{"loc":{"start":{"line":57,"column":48},"end":{"line":57,"column":52}},"type":"cond-expr","locations":[{"start":{"line":57,"column":48},"end":{"line":57,"column":52}},{"start":{"line":57,"column":54},"end":{"line":57,"column":56}}]},"11":{"loc":{"start":{"line":64,"column":34},"end":{"line":64,"column":43}},"type":"cond-expr","locations":[{"start":{"line":64,"column":34},"end":{"line":64,"column":43}},{"start":{"line":64,"column":46},"end":{"line":72,"column":6}}]},"12":{"loc":{"start":{"line":69,"column":51},"end":{"line":69,"column":55}},"type":"cond-expr","locations":[{"start":{"line":69,"column":51},"end":{"line":69,"column":55}},{"start":{"line":69,"column":57},"end":{"line":69,"column":59}}]},"13":{"loc":{"start":{"line":76,"column":28},"end":{"line":76,"column":37}},"type":"cond-expr","locations":[{"start":{"line":76,"column":28},"end":{"line":76,"column":37}},{"start":{"line":76,"column":40},"end":{"line":84,"column":6}}]},"14":{"loc":{"start":{"line":81,"column":45},"end":{"line":81,"column":49}},"type":"cond-expr","locations":[{"start":{"line":81,"column":45},"end":{"line":81,"column":49}},{"start":{"line":81,"column":51},"end":{"line":81,"column":53}}]},"15":{"loc":{"start":{"line":88,"column":31},"end":{"line":88,"column":40}},"type":"cond-expr","locations":[{"start":{"line":88,"column":31},"end":{"line":88,"column":40}},{"start":{"line":88,"column":43},"end":{"line":96,"column":6}}]},"16":{"loc":{"start":{"line":93,"column":48},"end":{"line":93,"column":52}},"type":"cond-expr","locations":[{"start":{"line":93,"column":48},"end":{"line":93,"column":52}},{"start":{"line":93,"column":54},"end":{"line":93,"column":56}}]},"17":{"loc":{"start":{"line":100,"column":4},"end":{"line":109,"column":null}},"type":"if","locations":[{"start":{"line":100,"column":4},"end":{"line":109,"column":null}},{"start":{"line":100,"column":4},"end":{"line":109,"column":null}}]},"18":{"loc":{"start":{"line":113,"column":32},"end":{"line":113,"column":46}},"type":"cond-expr","locations":[{"start":{"line":113,"column":32},"end":{"line":113,"column":46}},{"start":{"line":113,"column":49},"end":{"line":113,"column":58}}]},"19":{"loc":{"start":{"line":114,"column":4},"end":{"line":125,"column":null}},"type":"if","locations":[{"start":{"line":114,"column":4},"end":{"line":125,"column":null}},{"start":{"line":114,"column":4},"end":{"line":125,"column":null}}]},"20":{"loc":{"start":{"line":115,"column":20},"end":{"line":115,"column":35}},"type":"binary-expr","locations":[{"start":{"line":115,"column":20},"end":{"line":115,"column":35}},{"start":{"line":115,"column":39},"end":{"line":115,"column":41}}]},"21":{"loc":{"start":{"line":117,"column":8},"end":{"line":119,"column":null}},"type":"if","locations":[{"start":{"line":117,"column":8},"end":{"line":119,"column":null}},{"start":{"line":117,"column":8},"end":{"line":119,"column":null}}]},"22":{"loc":{"start":{"line":145,"column":39},"end":{"line":145,"column":43}},"type":"cond-expr","locations":[{"start":{"line":145,"column":39},"end":{"line":145,"column":43}},{"start":{"line":145,"column":45},"end":{"line":145,"column":47}}]},"23":{"loc":{"start":{"line":146,"column":65},"end":{"line":146,"column":84}},"type":"cond-expr","locations":[{"start":{"line":146,"column":65},"end":{"line":146,"column":84}},{"start":{"line":146,"column":87},"end":{"line":146,"column":89}}]},"24":{"loc":{"start":{"line":146,"column":37},"end":{"line":146,"column":42}},"type":"binary-expr","locations":[{"start":{"line":146,"column":37},"end":{"line":146,"column":42}},{"start":{"line":146,"column":46},"end":{"line":146,"column":62}}]},"25":{"loc":{"start":{"line":147,"column":0},"end":{"line":147,"column":null}},"type":"if","locations":[{"start":{"line":147,"column":0},"end":{"line":147,"column":null}},{"start":{"line":147,"column":0},"end":{"line":147,"column":null}}]},"26":{"loc":{"start":{"line":147,"column":4},"end":{"line":147,"column":10}},"type":"binary-expr","locations":[{"start":{"line":147,"column":4},"end":{"line":147,"column":10}},{"start":{"line":147,"column":14},"end":{"line":147,"column":32}},{"start":{"line":147,"column":36},"end":{"line":147,"column":69}}]},"27":{"loc":{"start":{"line":150,"column":4},"end":{"line":180,"column":null}},"type":"if","locations":[{"start":{"line":150,"column":4},"end":{"line":180,"column":null}},{"start":{"line":150,"column":4},"end":{"line":180,"column":null}}]},"28":{"loc":{"start":{"line":151,"column":8},"end":{"line":159,"column":null}},"type":"if","locations":[{"start":{"line":151,"column":8},"end":{"line":159,"column":null}},{"start":{"line":151,"column":8},"end":{"line":159,"column":null}}]},"29":{"loc":{"start":{"line":161,"column":12},"end":{"line":161,"column":34}},"type":"switch","locations":[{"start":{"line":161,"column":12},"end":{"line":161,"column":34}},{"start":{"line":162,"column":12},"end":{"line":162,"column":26}},{"start":{"line":163,"column":12},"end":{"line":163,"column":28}},{"start":{"line":164,"column":12},"end":{"line":164,"column":31}},{"start":{"line":165,"column":12},"end":{"line":165,"column":35}},{"start":{"line":166,"column":12},"end":{"line":166,"column":25}},{"start":{"line":167,"column":12},"end":{"line":167,"column":28}},{"start":{"line":168,"column":12},"end":{"line":168,"column":30}},{"start":{"line":169,"column":12},"end":{"line":169,"column":29}},{"start":{"line":170,"column":12},"end":{"line":170,"column":29}},{"start":{"line":171,"column":12},"end":{"line":171,"column":28}},{"start":{"line":172,"column":12},"end":{"line":172,"column":31}},{"start":{"line":173,"column":12},"end":{"line":173,"column":38}},{"start":{"line":174,"column":12},"end":{"line":177,"column":22}},{"start":{"line":178,"column":12},"end":{"line":178,"column":75}}]},"30":{"loc":{"start":{"line":188,"column":4},"end":{"line":193,"column":null}},"type":"if","locations":[{"start":{"line":188,"column":4},"end":{"line":193,"column":null}},{"start":{"line":188,"column":4},"end":{"line":193,"column":null}}]},"31":{"loc":{"start":{"line":188,"column":8},"end":{"line":188,"column":9}},"type":"binary-expr","locations":[{"start":{"line":188,"column":8},"end":{"line":188,"column":9}},{"start":{"line":188,"column":13},"end":{"line":188,"column":27}}]},"32":{"loc":{"start":{"line":198,"column":8},"end":{"line":237,"column":null}},"type":"if","locations":[{"start":{"line":198,"column":8},"end":{"line":237,"column":null}},{"start":{"line":198,"column":8},"end":{"line":237,"column":null}}]},"33":{"loc":{"start":{"line":200,"column":12},"end":{"line":200,"column":46}},"type":"switch","locations":[{"start":{"line":200,"column":12},"end":{"line":200,"column":46}},{"start":{"line":201,"column":12},"end":{"line":201,"column":112}},{"start":{"line":203,"column":12},"end":{"line":207,"column":39}},{"start":{"line":208,"column":12},"end":{"line":208,"column":29}},{"start":{"line":209,"column":12},"end":{"line":209,"column":137}},{"start":{"line":210,"column":12},"end":{"line":210,"column":90}},{"start":{"line":211,"column":12},"end":{"line":211,"column":145}},{"start":{"line":212,"column":12},"end":{"line":219,"column":84}},{"start":{"line":220,"column":12},"end":{"line":233,"column":85}},{"start":{"line":234,"column":12},"end":{"line":236,"column":35}}]},"34":{"loc":{"start":{"line":205,"column":85},"end":{"line":205,"column":89}},"type":"cond-expr","locations":[{"start":{"line":205,"column":85},"end":{"line":205,"column":89}},{"start":{"line":205,"column":90},"end":{"line":205,"column":99}}]},"35":{"loc":{"start":{"line":209,"column":83},"end":{"line":209,"column":125}},"type":"cond-expr","locations":[{"start":{"line":209,"column":83},"end":{"line":209,"column":125}},{"start":{"line":209,"column":128},"end":{"line":209,"column":135}}]},"36":{"loc":{"start":{"line":211,"column":115},"end":{"line":211,"column":120}},"type":"cond-expr","locations":[{"start":{"line":211,"column":115},"end":{"line":211,"column":120}},{"start":{"line":211,"column":121},"end":{"line":211,"column":130}}]},"37":{"loc":{"start":{"line":213,"column":36},"end":{"line":218,"column":null}},"type":"if","locations":[{"start":{"line":213,"column":36},"end":{"line":218,"column":null}},{"start":{"line":213,"column":36},"end":{"line":218,"column":null}}]},"38":{"loc":{"start":{"line":215,"column":40},"end":{"line":217,"column":null}},"type":"if","locations":[{"start":{"line":215,"column":40},"end":{"line":217,"column":null}},{"start":{"line":215,"column":40},"end":{"line":217,"column":null}}]},"39":{"loc":{"start":{"line":216,"column":45},"end":{"line":217,"column":null}},"type":"if","locations":[{"start":{"line":216,"column":45},"end":{"line":217,"column":null}},{"start":{"line":216,"column":45},"end":{"line":217,"column":null}}]},"40":{"loc":{"start":{"line":221,"column":36},"end":{"line":232,"column":null}},"type":"if","locations":[{"start":{"line":221,"column":36},"end":{"line":232,"column":null}},{"start":{"line":221,"column":36},"end":{"line":232,"column":null}}]},"41":{"loc":{"start":{"line":222,"column":75},"end":{"line":222,"column":100}},"type":"cond-expr","locations":[{"start":{"line":222,"column":75},"end":{"line":222,"column":100}},{"start":{"line":223,"column":44},"end":{"line":229,"column":46}}]},"42":{"loc":{"start":{"line":226,"column":57},"end":{"line":226,"column":61}},"type":"cond-expr","locations":[{"start":{"line":226,"column":57},"end":{"line":226,"column":61}},{"start":{"line":226,"column":62},"end":{"line":226,"column":71}}]},"43":{"loc":{"start":{"line":241,"column":33},"end":{"line":241,"column":35}},"type":"cond-expr","locations":[{"start":{"line":241,"column":33},"end":{"line":241,"column":35}},{"start":{"line":241,"column":37},"end":{"line":245,"column":10}}]},"44":{"loc":{"start":{"line":250,"column":26},"end":{"line":250,"column":37}},"type":"cond-expr","locations":[{"start":{"line":250,"column":26},"end":{"line":250,"column":37}},{"start":{"line":250,"column":40},"end":{"line":250,"column":42}}]},"45":{"loc":{"start":{"line":251,"column":24},"end":{"line":251,"column":32}},"type":"binary-expr","locations":[{"start":{"line":251,"column":24},"end":{"line":251,"column":32}},{"start":{"line":251,"column":36},"end":{"line":251,"column":38}}]},"46":{"loc":{"start":{"line":252,"column":26},"end":{"line":252,"column":32}},"type":"cond-expr","locations":[{"start":{"line":252,"column":26},"end":{"line":252,"column":32}},{"start":{"line":252,"column":35},"end":{"line":252,"column":44}}]}},"s":{"0":3,"1":3,"2":3,"3":3,"4":3,"5":3,"6":20,"7":20,"8":20,"9":39,"10":39,"11":39,"12":3,"13":36,"14":39,"15":3,"16":39,"17":3,"18":16,"19":3,"20":16,"21":3,"22":1,"23":3,"24":17,"25":1,"26":3,"27":16,"28":0,"29":3,"30":16,"31":0,"32":3,"33":16,"34":0,"35":3,"36":17,"37":1,"38":1,"39":1,"40":16,"41":3,"42":18,"43":18,"44":14,"45":14,"46":14,"47":1,"48":14,"49":4,"50":3,"51":150,"52":3,"53":16,"54":16,"55":16,"56":16,"57":16,"58":0,"59":16,"60":16,"61":16,"62":6,"63":16,"64":16,"65":0,"66":16,"67":16,"68":16,"69":0,"70":16,"71":3,"72":36,"73":4,"74":4,"75":32,"76":3,"77":38,"78":0,"79":38,"80":2,"81":1,"82":1,"83":1,"84":27,"85":1,"86":1,"87":0,"88":3,"89":3,"90":1,"91":1,"92":0,"93":1,"94":1,"95":0,"96":3,"97":1,"98":1,"99":0,"100":0,"101":1,"102":1,"103":1,"104":1,"105":40,"106":40,"107":0,"108":0,"109":3,"110":16,"111":16,"112":16,"113":3},"f":{"0":20,"1":39,"2":16,"3":16,"4":1,"5":17,"6":1,"7":16,"8":0,"9":16,"10":0,"11":16,"12":0,"13":17,"14":18,"15":150,"16":16,"17":16,"18":16,"19":16,"20":36,"21":40,"22":38,"23":1,"24":0,"25":0,"26":16},"b":{"0":[19],"1":[1,19],"2":[3,36],"3":[3,36],"4":[39,9],"5":[4,35],"6":[3,32],"7":[4,35],"8":[0,16],"9":[16,1],"10":[0,1],"11":[16,0],"12":[0,0],"13":[16,0],"14":[0,0],"15":[16,0],"16":[0,0],"17":[1,16],"18":[14,4],"19":[14,4],"20":[14,1],"21":[1,13],"22":[10,6],"23":[0,16],"24":[16,16],"25":[0,16],"26":[16,12,0],"27":[16,0],"28":[6,10],"29":[0,2,6,6,8,10,12,12,12,16,16,16,16,16,0],"30":[4,32],"31":[36,36],"32":[0,38],"33":[2,1,1,26,27,1,1,3,1,1],"34":[0,1],"35":[1,26],"36":[0,0],"37":[1,2],"38":[0,1],"39":[1,0],"40":[1,0],"41":[0,1],"42":[0,0],"43":[4,36],"44":[16,0],"45":[16,0],"46":[16,0]}}
,"/Users/sth1pal/Documents/Development/JavaScript/nodejs/ts6/dev/hsApps/hsDocs/src/view/Tooltip.ts": {"path":"/Users/sth1pal/Documents/Development/JavaScript/nodejs/ts6/dev/hsApps/hsDocs/src/view/Tooltip.ts","statementMap":{"0":{"start":{"line":1,"column":0},"end":{"line":1,"column":35}},"1":{"start":{"line":5,"column":4},"end":{"line":5,"column":83}},"2":{"start":{"line":3,"column":0},"end":{"line":3,"column":16}}},"fnMap":{"0":{"name":"tooltip","decl":{"start":{"line":3,"column":16},"end":{"line":3,"column":23}},"loc":{"start":{"line":3,"column":64},"end":{"line":6,"column":1}}}},"branchMap":{},"s":{"0":3,"1":1,"2":3},"f":{"0":1},"b":{}}
}
