TN:
SF:/Users/sth1pal/Documents/Development/JavaScript/nodejs/ts6/dev/hsApps/hsDocs/src/DocSets.ts
FN:21,matchAll
FN:45,(anonymous_7)
FN:59,(anonymous_8)
FN:60,getIndexFile
FN:72,getDirJSONs
FN:76,(anonymous_14)
FN:76,(anonymous_15)
FN:79,(anonymous_16)
FN:80,(anonymous_17)
FN:103,(anonymous_18)
FN:103,(anonymous_19)
FN:115,(anonymous_20)
FN:128,loadDocSet
FN:141,recursiveIndex
FN:142,getNewPath
FN:150,markIfModule
FN:152,(anonymous_26)
FN:169,(anonymous_27)
FN:172,(anonymous_28)
FN:175,(anonymous_29)
FN:178,(anonymous_30)
FNF:21
FNH:15
FNDA:0,matchAll
FNDA:15,(anonymous_7)
FNDA:13,(anonymous_8)
FNDA:13,getIndexFile
FNDA:0,getDirJSONs
FNDA:0,(anonymous_14)
FNDA:0,(anonymous_15)
FNDA:0,(anonymous_16)
FNDA:0,(anonymous_17)
FNDA:15,(anonymous_18)
FNDA:15,(anonymous_19)
FNDA:214,(anonymous_20)
FNDA:15,loadDocSet
FNDA:3110,recursiveIndex
FNDA:3110,getNewPath
FNDA:3110,markIfModule
FNDA:11,(anonymous_26)
FNDA:1302,(anonymous_27)
FNDA:660,(anonymous_28)
FNDA:1067,(anonymous_29)
FNDA:66,(anonymous_30)
DA:10,5
DA:11,5
DA:13,5
DA:19,5
DA:22,0
DA:24,0
DA:25,0
DA:26,0
DA:28,0
DA:35,5
DA:37,5
DA:46,15
DA:47,15
DA:48,15
DA:49,15
DA:50,15
DA:61,13
DA:62,13
DA:63,13
DA:64,13
DA:65,13
DA:66,13
DA:67,13
DA:69,0
DA:73,0
DA:74,0
DA:76,0
DA:77,0
DA:79,0
DA:80,0
DA:82,0
DA:83,0
DA:84,0
DA:85,0
DA:86,0
DA:87,0
DA:88,0
DA:92,0
DA:94,13
DA:95,13
DA:96,13
DA:98,13
DA:99,13
DA:100,13
DA:101,13
DA:102,13
DA:103,15
DA:116,214
DA:129,15
DA:130,15
DA:131,15
DA:143,3110
DA:145,3110
DA:146,3110
DA:147,3110
DA:151,3110
DA:152,11
DA:153,11
DA:154,11
DA:159,3110
DA:160,3110
DA:161,3110
DA:163,3110
DA:165,3110
DA:166,3110
DA:168,3110
DA:169,1302
DA:171,3110
DA:172,660
DA:174,3110
DA:175,1067
DA:177,3110
DA:178,66
LF:73
LH:53
BRDA:61,0,0,0
BRDA:61,0,1,13
BRDA:82,1,0,0
BRDA:82,1,1,0
BRDA:84,2,0,0
BRDA:84,2,1,0
BRDA:99,3,0,13
BRDA:99,3,1,0
BRDA:100,4,0,0
BRDA:100,4,1,13
BRDA:101,5,0,0
BRDA:101,5,1,13
BRDA:115,6,0,7
BRDA:117,7,0,208
BRDA:117,7,1,6
BRDA:116,8,0,214
BRDA:116,8,1,209
BRDA:141,9,0,15
BRDA:147,10,0,15
BRDA:147,10,1,3095
BRDA:151,11,0,11
BRDA:151,11,1,3099
BRDA:151,12,0,3110
BRDA:151,12,1,928
BRDA:153,13,0,11
BRDA:153,13,1,0
BRDA:160,14,0,3110
BRDA:160,14,1,0
BRDA:160,15,0,3110
BRDA:160,15,1,3110
BRDA:166,16,0,3110
BRDA:166,16,1,0
BRDA:168,17,0,235
BRDA:168,17,1,2875
BRDA:171,18,0,660
BRDA:171,18,1,2450
BRDA:174,19,0,638
BRDA:174,19,1,2472
BRDA:177,20,0,44
BRDA:177,20,1,3066
BRDA:177,21,0,3110
BRDA:177,21,1,2244
BRDA:177,21,2,55
BRF:43
BRH:32
end_of_record
TN:
SF:/Users/sth1pal/Documents/Development/JavaScript/nodejs/ts6/dev/hsApps/hsDocs/src/markdown.ts
FN:11,markDown
FN:47,substituteLinks
FN:52,deconstructRoute
FN:54,(anonymous_3)
FN:62,getLibMod
FN:79,(anonymous_5)
FNF:6
FNH:6
FNDA:28,markDown
FNDA:28,substituteLinks
FNDA:28,deconstructRoute
FNDA:22,(anonymous_3)
FNDA:15,getLibMod
FNDA:15,(anonymous_5)
DA:1,3
DA:2,3
DA:11,3
DA:12,28
DA:19,28
DA:20,28
DA:21,18
DA:22,18
DA:24,28
DA:25,28
DA:54,28
DA:55,22
DA:56,22
DA:57,22
DA:59,28
DA:64,15
DA:65,9
DA:67,6
DA:68,6
DA:70,15
DA:71,1
DA:73,15
DA:76,28
DA:79,28
DA:80,15
DA:81,15
DA:82,15
DA:83,15
DA:87,28
LF:29
LH:29
BRDA:11,0,0,1
BRDA:11,1,0,1
BRDA:19,2,0,0
BRDA:19,2,1,28
BRDA:20,3,0,18
BRDA:20,3,1,10
BRDA:22,4,0,18
BRDA:22,4,1,0
BRDA:64,5,0,9
BRDA:64,5,1,6
BRDA:70,6,0,1
BRDA:70,6,1,14
BRDA:84,7,0,4
BRDA:84,7,1,11
BRDA:83,8,0,15
BRDA:83,8,1,13
BRDA:83,8,2,13
BRF:17
BRH:15
end_of_record
TN:
SF:/Users/sth1pal/Documents/Development/JavaScript/nodejs/ts6/dev/hsApps/hsDocs/src/view/DocsMenu.ts
FN:20,(anonymous_0)
FN:23,(anonymous_1)
FN:27,(anonymous_2)
FN:32,(anonymous_3)
FN:35,(anonymous_4)
FN:39,(anonymous_5)
FNF:6
FNH:5
FNDA:1,(anonymous_0)
FNDA:2,(anonymous_1)
FNDA:1,(anonymous_2)
FNDA:4,(anonymous_3)
FNDA:0,(anonymous_4)
FNDA:2,(anonymous_5)
DA:1,1
DA:2,1
DA:3,1
DA:4,1
DA:20,1
DA:21,1
DA:24,2
DA:25,1
DA:26,1
DA:27,1
DA:30,2
DA:31,2
DA:32,4
DA:35,0
DA:40,2
DA:41,2
LF:16
LH:15
BRDA:24,0,0,1
BRDA:24,0,1,1
BRDA:34,1,0,2
BRDA:34,1,1,2
BRF:4
BRH:4
end_of_record
TN:
SF:/Users/sth1pal/Documents/Development/JavaScript/nodejs/ts6/dev/hsApps/hsDocs/src/view/LeftNav.ts
FN:17,(anonymous_0)
FN:26,navList
FN:28,collectModules
FN:32,(anonymous_3)
FN:47,(anonymous_4)
FN:49,(anonymous_5)
FN:68,externalModule
FN:74,(anonymous_7)
FN:103,entries
FN:104,moduleGet
FN:110,entry
FN:122,empty
FN:141,exportAscending
FNF:13
FNH:12
FNDA:2,(anonymous_0)
FNDA:2,navList
FNDA:2,collectModules
FNDA:24,(anonymous_3)
FNDA:0,(anonymous_4)
FNDA:44,(anonymous_5)
FNDA:20,externalModule
FNDA:44,(anonymous_7)
FNDA:44,entries
FNDA:128,moduleGet
FNDA:128,entry
FNDA:128,empty
FNDA:112,exportAscending
DA:6,1
DA:7,1
DA:8,1
DA:9,1
DA:10,1
DA:16,1
DA:18,2
DA:19,2
DA:20,2
DA:21,2
DA:29,2
DA:30,2
DA:31,2
DA:32,2
DA:34,24
DA:35,20
DA:36,20
DA:37,20
DA:38,20
DA:46,20
DA:47,20
DA:49,20
DA:50,44
DA:51,44
DA:52,44
DA:57,44
DA:59,44
DA:69,20
DA:70,20
DA:72,20
DA:74,44
DA:78,2
DA:79,2
DA:81,2
DA:82,2
DA:83,2
DA:90,1
DA:105,128
DA:111,128
DA:112,128
DA:113,128
DA:114,128
DA:115,128
DA:122,128
DA:124,44
DA:125,44
DA:126,44
DA:131,44
DA:132,34
DA:135,44
DA:142,112
DA:143,112
DA:144,64
DA:145,60
DA:146,54
DA:147,0
LF:56
LH:55
BRDA:20,0,0,2
BRDA:20,0,1,0
BRDA:31,1,0,2
BRDA:31,1,1,0
BRDA:34,2,0,20
BRDA:34,2,1,4
BRDA:34,3,0,24
BRDA:34,3,1,24
BRDA:34,4,0,24
BRDA:34,4,1,24
BRDA:35,5,0,0
BRDA:35,5,1,20
BRDA:37,6,0,20
BRDA:37,6,1,0
BRDA:49,7,0,20
BRDA:49,7,1,0
BRDA:51,8,0,44
BRDA:51,8,1,0
BRDA:70,9,0,0
BRDA:70,9,1,20
BRDA:70,10,0,20
BRDA:70,10,1,20
BRDA:73,11,0,0
BRDA:73,11,1,20
BRDA:74,12,0,0
BRDA:74,12,1,20
BRDA:78,13,0,2
BRDA:78,13,1,0
BRDA:111,14,0,0
BRDA:111,14,1,128
BRDA:111,15,0,128
BRDA:111,15,1,128
BRDA:112,16,0,128
BRDA:112,16,1,128
BRDA:113,17,0,128
BRDA:113,17,1,128
BRDA:114,18,0,44
BRDA:114,18,1,84
BRDA:115,19,0,18
BRDA:115,19,1,110
BRDA:115,20,0,128
BRDA:115,20,1,84
BRDA:117,21,0,0
BRDA:117,21,1,110
BRDA:125,22,0,44
BRDA:125,22,1,0
BRDA:125,23,0,44
BRDA:125,23,1,44
BRDA:131,24,0,34
BRDA:131,24,1,10
BRDA:135,25,0,34
BRDA:135,25,1,10
BRDA:142,26,0,112
BRDA:142,26,1,0
BRDA:142,27,0,112
BRDA:142,27,1,112
BRDA:143,28,0,48
BRDA:143,28,1,64
BRDA:143,29,0,112
BRDA:143,29,1,52
BRDA:144,30,0,4
BRDA:144,30,1,60
BRDA:145,31,0,6
BRDA:145,31,1,54
BRF:64
BRH:50
end_of_record
TN:
SF:/Users/sth1pal/Documents/Development/JavaScript/nodejs/ts6/dev/hsApps/hsDocs/src/view/MainComment.ts
FN:17,commentLong
FN:35,comment
FN:60,textOrShortTextOrDescription
FN:64,(anonymous_3)
FN:80,returns
FN:88,commentRemainder
FN:89,(anonymous_6)
FN:105,otherCommentTags
FN:106,(anonymous_8)
FN:117,mainCommentParams
FN:118,(anonymous_10)
FN:138,prettifyCode
FN:142,braceIndenting
FN:149,(anonymous_13)
FNF:14
FNH:14
FNDA:7,commentLong
FNDA:15,comment
FNDA:22,textOrShortTextOrDescription
FNDA:10,(anonymous_3)
FNDA:22,returns
FNDA:22,commentRemainder
FNDA:34,(anonymous_6)
FNDA:1,otherCommentTags
FNDA:2,(anonymous_8)
FNDA:1,mainCommentParams
FNDA:1,(anonymous_10)
FNDA:22,prettifyCode
FNDA:5,braceIndenting
FNDA:49,(anonymous_13)
DA:6,2
DA:7,2
DA:8,2
DA:17,2
DA:18,7
DA:19,7
DA:20,7
DA:21,7
DA:22,7
DA:24,7
DA:35,2
DA:36,15
DA:37,15
DA:38,15
DA:39,15
DA:40,1
DA:41,1
DA:42,1
DA:45,15
DA:46,15
DA:48,15
DA:61,22
DA:62,22
DA:63,22
DA:64,6
DA:65,10
DA:67,1
DA:68,0
DA:73,22
DA:74,22
DA:81,22
DA:82,22
DA:89,22
DA:90,34
DA:96,33
DA:97,1
DA:106,1
DA:107,2
DA:108,0
DA:109,2
DA:118,1
DA:119,1
DA:140,22
DA:143,5
DA:144,5
DA:150,49
DA:151,49
DA:152,49
DA:153,49
DA:154,49
DA:158,5
DA:161,22
DA:162,22
LF:53
LH:51
BRDA:19,0,0,7
BRDA:19,0,1,0
BRDA:35,1,0,1
BRDA:37,2,0,15
BRDA:37,2,1,0
BRDA:39,3,0,1
BRDA:39,3,1,14
BRDA:41,4,0,1
BRDA:41,4,1,0
BRDA:61,5,0,22
BRDA:61,5,1,5
BRDA:62,6,0,10
BRDA:62,6,1,12
BRDA:62,7,0,10
BRDA:62,7,1,0
BRDA:63,8,0,6
BRDA:63,8,1,16
BRDA:66,9,0,0
BRDA:66,9,1,1
BRDA:66,9,2,0
BRDA:73,10,0,14
BRDA:73,10,1,8
BRDA:82,11,0,22
BRDA:82,11,1,0
BRDA:91,12,0,6
BRDA:91,12,1,23
BRDA:91,12,2,33
BRDA:91,12,3,33
BRDA:91,12,4,33
BRDA:91,12,5,1
BRDA:106,13,0,0
BRDA:106,13,1,1
BRDA:108,14,0,0
BRDA:108,14,1,2
BRDA:121,15,0,1
BRDA:121,15,1,0
BRDA:122,16,0,0
BRDA:122,16,1,0
BRDA:154,17,0,11
BRDA:154,17,1,38
BRF:40
BRH:28
end_of_record
TN:
SF:/Users/sth1pal/Documents/Development/JavaScript/nodejs/ts6/dev/hsApps/hsDocs/src/view/MainDetail.ts
FN:19,(anonymous_0)
FN:35,getOverview
FN:49,itemDoc
FN:62,overviewDoc
FN:75,title
FN:79,members
FN:82,(anonymous_6)
FN:83,(anonymous_7)
FN:84,(anonymous_8)
FN:85,(anonymous_9)
FN:90,(anonymous_10)
FN:99,parameter
FN:100,(anonymous_12)
FN:105,member
FN:106,(anonymous_14)
FN:107,(anonymous_15)
FN:108,(anonymous_16)
FN:124,(anonymous_17)
FN:129,(anonymous_18)
FN:130,(anonymous_19)
FN:131,(anonymous_20)
FN:135,(anonymous_21)
FN:136,(anonymous_22)
FN:137,(anonymous_23)
FN:155,itemDescriptor
FN:173,itemChild
FN:175,(anonymous_26)
FNF:27
FNH:24
FNDA:6,(anonymous_0)
FNDA:6,getOverview
FNDA:4,itemDoc
FNDA:2,overviewDoc
FNDA:4,title
FNDA:4,members
FNDA:6,(anonymous_6)
FNDA:6,(anonymous_7)
FNDA:6,(anonymous_8)
FNDA:6,(anonymous_9)
FNDA:2,(anonymous_10)
FNDA:2,parameter
FNDA:4,(anonymous_12)
FNDA:24,member
FNDA:64,(anonymous_14)
FNDA:32,(anonymous_15)
FNDA:32,(anonymous_16)
FNDA:16,(anonymous_17)
FNDA:32,(anonymous_18)
FNDA:16,(anonymous_19)
FNDA:8,(anonymous_20)
FNDA:0,(anonymous_21)
FNDA:0,(anonymous_22)
FNDA:0,(anonymous_23)
FNDA:16,itemDescriptor
FNDA:12,itemChild
FNDA:4,(anonymous_26)
DA:1,1
DA:2,1
DA:3,1
DA:4,1
DA:5,1
DA:18,1
DA:20,6
DA:21,6
DA:22,6
DA:24,6
DA:25,6
DA:36,6
DA:37,2
DA:38,2
DA:39,2
DA:42,4
DA:50,4
DA:51,4
DA:63,2
DA:64,2
DA:76,4
DA:80,4
DA:81,2
DA:82,6
DA:83,6
DA:84,6
DA:85,6
DA:87,2
DA:88,0
DA:89,2
DA:90,2
DA:91,0
DA:92,0
DA:93,0
DA:95,0
DA:100,4
DA:101,2
DA:102,2
DA:106,64
DA:107,32
DA:108,32
DA:109,24
DA:123,24
DA:124,24
DA:126,24
DA:129,32
DA:130,16
DA:131,8
DA:132,24
DA:135,0
DA:136,0
DA:137,0
DA:139,24
DA:140,24
DA:141,24
DA:142,0
DA:144,24
DA:145,6
DA:147,24
DA:156,16
DA:170,0
DA:174,12
DA:175,4
LF:63
LH:53
BRDA:24,0,0,6
BRDA:24,0,1,4
BRDA:24,1,0,4
BRDA:24,1,1,0
BRDA:36,2,0,2
BRDA:36,2,1,4
BRDA:36,3,0,6
BRDA:36,3,1,4
BRDA:38,4,0,2
BRDA:38,4,1,0
BRDA:50,5,0,2
BRDA:50,5,1,2
BRDA:63,6,0,0
BRDA:63,6,1,2
BRDA:80,7,0,2
BRDA:80,7,1,2
BRDA:87,8,0,0
BRDA:87,8,1,2
BRDA:89,9,0,2
BRDA:89,9,1,0
BRDA:91,10,0,0
BRDA:91,10,1,0
BRDA:91,11,0,0
BRDA:91,11,1,0
BRDA:123,12,0,24
BRDA:123,12,1,0
BRDA:124,13,0,16
BRDA:124,13,1,16
BRDA:124,13,2,4
BRDA:124,13,3,4
BRDA:129,14,0,16
BRDA:129,14,1,16
BRDA:130,15,0,8
BRDA:130,15,1,8
BRDA:135,16,0,0
BRDA:135,16,1,0
BRDA:136,17,0,0
BRDA:136,17,1,0
BRDA:139,18,0,12
BRDA:139,18,1,12
BRDA:140,19,0,12
BRDA:140,19,1,12
BRDA:141,20,0,0
BRDA:141,20,1,24
BRDA:144,21,0,6
BRDA:144,21,1,18
BRDA:147,22,0,12
BRDA:147,22,1,12
BRDA:147,23,0,12
BRDA:147,23,1,12
BRDA:173,24,0,12
BRDA:175,25,0,4
BRDA:175,25,1,8
BRF:53
BRH:38
end_of_record
TN:
SF:/Users/sth1pal/Documents/Development/JavaScript/nodejs/ts6/dev/hsApps/hsDocs/src/view/MainExample.ts
FN:179,example
FN:195,(anonymous_7)
FN:204,(anonymous_8)
FN:209,createExecuteScript
FN:212,(anonymous_11)
FN:214,(anonymous_12)
FN:214,(anonymous_13)
FN:218,(anonymous_14)
FN:236,initDesc
FN:244,(anonymous_16)
FN:244,(anonymous_17)
FN:261,getNewID
FN:270,addExampleStructure
FN:274,(anonymous_20)
FN:279,(anonymous_21)
FN:303,executeScript
FN:319,executeError
FN:329,getCommentDescriptor
FN:337,(anonymous_26)
FN:337,(anonymous_27)
FN:345,(anonymous_28)
FN:355,findTokens
FN:363,(anonymous_30)
FN:386,loadScript
FN:387,(anonymous_33)
FN:387,(anonymous_34)
FNF:26
FNH:6
FNDA:1,example
FNDA:0,(anonymous_7)
FNDA:0,(anonymous_8)
FNDA:1,createExecuteScript
FNDA:0,(anonymous_11)
FNDA:0,(anonymous_12)
FNDA:0,(anonymous_13)
FNDA:0,(anonymous_14)
FNDA:1,initDesc
FNDA:0,(anonymous_16)
FNDA:0,(anonymous_17)
FNDA:2,getNewID
FNDA:1,addExampleStructure
FNDA:0,(anonymous_20)
FNDA:0,(anonymous_21)
FNDA:0,executeScript
FNDA:0,executeError
FNDA:1,getCommentDescriptor
FNDA:0,(anonymous_26)
FNDA:0,(anonymous_27)
FNDA:0,(anonymous_28)
FNDA:0,findTokens
FNDA:0,(anonymous_30)
FNDA:0,loadScript
FNDA:0,(anonymous_33)
FNDA:0,(anonymous_34)
DA:123,3
DA:124,3
DA:125,3
DA:126,3
DA:127,3
DA:128,3
DA:129,3
DA:130,3
DA:131,3
DA:133,3
DA:163,3
DA:179,3
DA:180,1
DA:181,1
DA:182,1
DA:183,1
DA:184,1
DA:185,1
DA:187,1
DA:188,1
DA:189,1
DA:194,1
DA:195,1
DA:202,1
DA:204,0
DA:206,1
DA:210,1
DA:211,1
DA:212,1
DA:213,0
DA:214,0
DA:215,0
DA:216,0
DA:218,0
DA:219,0
DA:220,0
DA:221,0
DA:224,1
DA:225,1
DA:226,1
DA:228,0
DA:229,0
DA:237,1
DA:244,0
DA:245,0
DA:246,0
DA:247,0
DA:248,0
DA:250,0
DA:262,2
DA:271,1
DA:272,1
DA:274,1
DA:275,0
DA:278,1
DA:279,0
DA:296,1
DA:304,0
DA:305,0
DA:307,0
DA:308,0
DA:310,0
DA:315,0
DA:316,0
DA:320,0
DA:330,1
DA:333,1
DA:334,1
DA:335,0
DA:336,0
DA:337,0
DA:338,0
DA:339,0
DA:340,0
DA:343,0
DA:345,1
DA:346,0
DA:347,0
DA:348,0
DA:349,0
DA:350,0
DA:352,1
DA:356,0
DA:358,0
DA:360,0
DA:361,0
DA:363,0
DA:364,0
DA:365,0
DA:367,0
DA:368,0
DA:369,0
DA:373,0
DA:387,0
DA:389,0
DA:394,0
DA:395,0
DA:396,0
DA:398,0
DA:399,0
DA:400,0
DA:401,0
DA:405,0
DA:407,0
DA:408,0
DA:409,0
DA:410,0
DA:411,0
DA:412,0
DA:413,0
DA:414,0
DA:416,0
DA:419,0
DA:420,0
LF:114
LH:43
BRDA:182,0,0,1
BRDA:182,0,1,0
BRDA:187,1,0,1
BRDA:187,1,1,0
BRDA:194,2,0,1
BRDA:194,2,1,1
BRDA:194,3,0,1
BRDA:194,3,1,0
BRDA:195,4,0,0
BRDA:195,4,1,0
BRDA:202,5,0,1
BRDA:202,5,1,0
BRDA:215,6,0,0
BRDA:215,6,1,0
BRDA:271,7,0,1
BRDA:271,7,1,1
BRDA:278,8,0,0
BRDA:278,8,1,1
BRDA:278,9,0,1
BRDA:278,9,1,0
BRDA:305,10,0,0
BRDA:305,10,1,0
BRDA:305,11,0,0
BRDA:305,11,1,0
BRDA:334,12,0,0
BRDA:334,12,1,1
BRDA:334,13,0,1
BRDA:334,13,1,0
BRDA:336,14,0,0
BRDA:336,14,1,0
BRDA:340,15,0,0
BRDA:340,15,1,0
BRDA:365,16,0,0
BRDA:365,16,1,0
BRDA:395,17,0,0
BRDA:395,17,1,0
BRDA:405,18,0,0
BRDA:405,18,1,0
BRDA:413,19,0,0
BRDA:413,19,1,0
BRF:40
BRH:12
end_of_record
TN:
SF:/Users/sth1pal/Documents/Development/JavaScript/nodejs/ts6/dev/hsApps/hsDocs/src/view/Parts.ts
FN:10,flags
FN:27,(anonymous_1)
FN:38,kindString
FN:42,itemName
FN:47,itemTooltip
FN:51,extensionOf
FN:54,(anonymous_6)
FN:63,implementationOf
FN:66,(anonymous_8)
FN:75,extendedBy
FN:78,(anonymous_10)
FN:87,implementedBy
FN:90,(anonymous_12)
FN:99,inheritedFrom
FN:112,sourceLink
FN:137,libLink
FN:144,signature
FN:145,(anonymous_17)
FN:146,(anonymous_18)
FN:152,(anonymous_19)
FN:187,defaultVal
FN:196,type
FN:197,_type
FN:205,(anonymous_23)
FN:211,(anonymous_24)
FN:225,(anonymous_25)
FN:249,makeID
FNF:27
FNH:22
FNDA:20,flags
FNDA:39,(anonymous_1)
FNDA:16,kindString
FNDA:16,itemName
FNDA:1,itemTooltip
FNDA:17,extensionOf
FNDA:1,(anonymous_6)
FNDA:16,implementationOf
FNDA:0,(anonymous_8)
FNDA:16,extendedBy
FNDA:0,(anonymous_10)
FNDA:16,implementedBy
FNDA:0,(anonymous_12)
FNDA:17,inheritedFrom
FNDA:18,sourceLink
FNDA:150,libLink
FNDA:16,signature
FNDA:16,(anonymous_17)
FNDA:16,(anonymous_18)
FNDA:16,(anonymous_19)
FNDA:36,defaultVal
FNDA:40,type
FNDA:38,_type
FNDA:1,(anonymous_23)
FNDA:0,(anonymous_24)
FNDA:0,(anonymous_25)
FNDA:16,makeID
DA:1,3
DA:2,3
DA:3,3
DA:4,3
DA:6,3
DA:10,3
DA:11,20
DA:12,20
DA:26,20
DA:28,39
DA:29,39
DA:30,39
DA:31,36
DA:32,39
DA:33,39
DA:38,3
DA:39,16
DA:42,3
DA:43,16
DA:47,3
DA:48,1
DA:51,3
DA:52,17
DA:55,1
DA:63,3
DA:64,16
DA:67,0
DA:75,3
DA:76,16
DA:79,0
DA:87,3
DA:88,16
DA:91,0
DA:99,3
DA:100,17
DA:101,1
DA:102,1
DA:103,1
DA:108,16
DA:112,3
DA:113,18
DA:114,18
DA:115,14
DA:116,14
DA:117,14
DA:118,1
DA:120,14
DA:124,4
DA:137,3
DA:138,150
DA:144,3
DA:145,16
DA:146,16
DA:147,16
DA:149,16
DA:150,16
DA:151,16
DA:152,16
DA:160,16
DA:161,0
DA:175,16
DA:176,16
DA:177,16
DA:178,0
DA:181,16
DA:187,3
DA:188,36
DA:189,4
DA:190,4
DA:192,32
DA:196,3
DA:198,38
DA:199,38
DA:200,2
DA:201,1
DA:203,1
DA:205,1
DA:209,27
DA:210,1
DA:211,1
DA:212,3
DA:213,3
DA:214,1
DA:215,1
DA:216,1
DA:217,0
DA:219,3
DA:221,1
DA:222,1
DA:226,0
DA:231,0
DA:233,1
DA:234,1
DA:235,1
DA:236,1
DA:240,40
DA:241,40
DA:246,0
DA:249,3
DA:250,16
DA:251,16
DA:252,16
LF:102
LH:93
BRDA:10,0,0,19
BRDA:26,1,0,1
BRDA:26,1,1,19
BRDA:30,2,0,3
BRDA:30,2,1,36
BRDA:32,3,0,3
BRDA:32,3,1,36
BRDA:32,4,0,39
BRDA:32,4,1,9
BRDA:33,5,0,4
BRDA:33,5,1,35
BRDA:33,6,0,3
BRDA:33,6,1,32
BRDA:33,7,0,4
BRDA:33,7,1,35
BRDA:43,8,0,0
BRDA:43,8,1,16
BRDA:52,9,0,16
BRDA:52,9,1,1
BRDA:57,10,0,0
BRDA:57,10,1,1
BRDA:64,11,0,16
BRDA:64,11,1,0
BRDA:69,12,0,0
BRDA:69,12,1,0
BRDA:76,13,0,16
BRDA:76,13,1,0
BRDA:81,14,0,0
BRDA:81,14,1,0
BRDA:88,15,0,16
BRDA:88,15,1,0
BRDA:93,16,0,0
BRDA:93,16,1,0
BRDA:100,17,0,1
BRDA:100,17,1,16
BRDA:113,18,0,14
BRDA:113,18,1,4
BRDA:114,19,0,14
BRDA:114,19,1,4
BRDA:115,20,0,14
BRDA:115,20,1,1
BRDA:117,21,0,1
BRDA:117,21,1,13
BRDA:145,22,0,10
BRDA:145,22,1,6
BRDA:146,23,0,0
BRDA:146,23,1,16
BRDA:146,24,0,16
BRDA:146,24,1,16
BRDA:147,25,0,0
BRDA:147,25,1,16
BRDA:147,26,0,16
BRDA:147,26,1,12
BRDA:147,26,2,0
BRDA:150,27,0,16
BRDA:150,27,1,0
BRDA:151,28,0,6
BRDA:151,28,1,10
BRDA:161,29,0,0
BRDA:161,29,1,2
BRDA:161,29,2,6
BRDA:161,29,3,6
BRDA:161,29,4,8
BRDA:161,29,5,10
BRDA:161,29,6,12
BRDA:161,29,7,12
BRDA:161,29,8,12
BRDA:161,29,9,16
BRDA:161,29,10,16
BRDA:161,29,11,16
BRDA:161,29,12,16
BRDA:161,29,13,16
BRDA:161,29,14,0
BRDA:188,30,0,4
BRDA:188,30,1,32
BRDA:188,31,0,36
BRDA:188,31,1,36
BRDA:198,32,0,0
BRDA:198,32,1,38
BRDA:200,33,0,2
BRDA:200,33,1,1
BRDA:200,33,2,1
BRDA:200,33,3,26
BRDA:200,33,4,27
BRDA:200,33,5,1
BRDA:200,33,6,1
BRDA:200,33,7,3
BRDA:200,33,8,1
BRDA:200,33,9,1
BRDA:205,34,0,0
BRDA:205,34,1,1
BRDA:209,35,0,1
BRDA:209,35,1,26
BRDA:211,36,0,0
BRDA:211,36,1,0
BRDA:213,37,0,1
BRDA:213,37,1,2
BRDA:215,38,0,0
BRDA:215,38,1,1
BRDA:216,39,0,1
BRDA:216,39,1,0
BRDA:221,40,0,1
BRDA:221,40,1,0
BRDA:222,41,0,0
BRDA:222,41,1,1
BRDA:226,42,0,0
BRDA:226,42,1,0
BRDA:241,43,0,4
BRDA:241,43,1,36
BRDA:250,44,0,16
BRDA:250,44,1,0
BRDA:251,45,0,16
BRDA:251,45,1,0
BRDA:252,46,0,16
BRDA:252,46,1,0
BRF:115
BRH:85
end_of_record
TN:
SF:/Users/sth1pal/Documents/Development/JavaScript/nodejs/ts6/dev/hsApps/hsDocs/src/view/Tooltip.ts
FN:3,tooltip
FNF:1
FNH:1
FNDA:1,tooltip
DA:1,3
DA:3,3
DA:5,1
LF:3
LH:3
BRF:0
BRH:0
end_of_record
