TN:
SF:/Users/sth1pal/Documents/Development/JavaScript/nodejs/ts6/dev/hsApps/hsDocs/src/DocSets.ts
FN:34,matchAll
FN:58,(anonymous_8)
FN:72,(anonymous_9)
FN:73,getIndexFile
FN:85,getDirJSONs
FN:89,(anonymous_15)
FN:89,(anonymous_16)
FN:92,(anonymous_17)
FN:93,(anonymous_18)
FN:116,(anonymous_19)
FN:116,(anonymous_20)
FN:128,(anonymous_21)
FN:141,loadDocSet
FN:154,recursiveIndex
FN:155,getNewPath
FN:163,markIfModule
FN:165,(anonymous_27)
FN:182,(anonymous_28)
FN:185,(anonymous_29)
FN:188,(anonymous_30)
FN:191,(anonymous_31)
FNF:21
FNH:15
FNDA:0,matchAll
FNDA:15,(anonymous_8)
FNDA:13,(anonymous_9)
FNDA:13,getIndexFile
FNDA:0,getDirJSONs
FNDA:0,(anonymous_15)
FNDA:0,(anonymous_16)
FNDA:0,(anonymous_17)
FNDA:0,(anonymous_18)
FNDA:15,(anonymous_19)
FNDA:15,(anonymous_20)
FNDA:217,(anonymous_21)
FNDA:15,loadDocSet
FNDA:3110,recursiveIndex
FNDA:3110,getNewPath
FNDA:3110,markIfModule
FNDA:11,(anonymous_27)
FNDA:1302,(anonymous_28)
FNDA:660,(anonymous_29)
FNDA:1067,(anonymous_30)
FNDA:66,(anonymous_31)
DA:10,5
DA:11,5
DA:13,5
DA:19,5
DA:35,0
DA:37,0
DA:38,0
DA:39,0
DA:41,0
DA:48,5
DA:50,5
DA:59,15
DA:60,15
DA:61,15
DA:62,15
DA:63,15
DA:74,13
DA:75,13
DA:76,13
DA:77,13
DA:78,13
DA:79,13
DA:80,13
DA:82,0
DA:86,0
DA:87,0
DA:89,0
DA:90,0
DA:92,0
DA:93,0
DA:95,0
DA:96,0
DA:97,0
DA:98,0
DA:99,0
DA:100,0
DA:101,0
DA:105,0
DA:107,13
DA:108,13
DA:109,13
DA:111,13
DA:112,13
DA:113,13
DA:114,13
DA:115,13
DA:116,15
DA:129,217
DA:142,15
DA:143,15
DA:144,15
DA:156,3110
DA:158,3110
DA:159,3110
DA:160,3110
DA:164,3110
DA:165,11
DA:166,11
DA:167,11
DA:172,3110
DA:173,3110
DA:174,3110
DA:176,3110
DA:178,3110
DA:179,3110
DA:181,3110
DA:182,1302
DA:184,3110
DA:185,660
DA:187,3110
DA:188,1067
DA:190,3110
DA:191,66
LF:73
LH:53
BRDA:74,0,0,0
BRDA:74,0,1,13
BRDA:95,1,0,0
BRDA:95,1,1,0
BRDA:97,2,0,0
BRDA:97,2,1,0
BRDA:112,3,0,13
BRDA:112,3,1,0
BRDA:113,4,0,0
BRDA:113,4,1,13
BRDA:114,5,0,0
BRDA:114,5,1,13
BRDA:128,6,0,10
BRDA:130,7,0,210
BRDA:130,7,1,7
BRDA:129,8,0,217
BRDA:129,8,1,211
BRDA:154,9,0,15
BRDA:160,10,0,15
BRDA:160,10,1,3095
BRDA:164,11,0,11
BRDA:164,11,1,3099
BRDA:164,12,0,3110
BRDA:164,12,1,928
BRDA:166,13,0,11
BRDA:166,13,1,0
BRDA:173,14,0,3110
BRDA:173,14,1,0
BRDA:173,15,0,3110
BRDA:173,15,1,3110
BRDA:179,16,0,3110
BRDA:179,16,1,0
BRDA:181,17,0,235
BRDA:181,17,1,2875
BRDA:184,18,0,660
BRDA:184,18,1,2450
BRDA:187,19,0,638
BRDA:187,19,1,2472
BRDA:190,20,0,44
BRDA:190,20,1,3066
BRDA:190,21,0,3110
BRDA:190,21,1,2244
BRDA:190,21,2,55
BRF:43
BRH:32
end_of_record
TN:
SF:/Users/sth1pal/Documents/Development/JavaScript/nodejs/ts6/dev/hsApps/hsDocs/src/Types.ts
FN:143,(anonymous_0)
FN:145,(anonymous_1)
FN:151,testNode
FN:156,testFullNode
FN:158,(anonymous_4)
FN:177,(anonymous_5)
FN:178,(anonymous_6)
FN:179,(anonymous_7)
FN:180,(anonymous_8)
FN:181,(anonymous_9)
FN:182,(anonymous_10)
FN:183,(anonymous_11)
FN:184,(anonymous_12)
FN:185,(anonymous_13)
FN:186,(anonymous_14)
FN:187,(anonymous_15)
FN:196,testSignature
FN:197,(anonymous_17)
FN:208,(anonymous_18)
FN:213,(anonymous_19)
FN:220,testBaseNode
FN:221,(anonymous_21)
FN:237,testNameType
FN:238,(anonymous_23)
FN:249,testTypeNameID
FN:250,(anonymous_25)
FN:262,testFlags
FN:263,(anonymous_27)
FN:283,testComment
FN:284,(anonymous_29)
FN:289,(anonymous_30)
FN:297,testSources
FN:298,(anonymous_32)
FN:298,(anonymous_33)
FN:310,testType
FN:311,(anonymous_35)
FN:320,(anonymous_36)
FN:321,(anonymous_37)
FN:322,(anonymous_38)
FN:329,testReference
FN:330,(anonymous_40)
FN:335,(anonymous_41)
FN:342,testTag
FN:343,(anonymous_43)
FN:385,testString
FN:391,testBoolean
FN:397,testNumber
FNF:47
FNH:41
FNDA:31806,(anonymous_0)
FNDA:27023,(anonymous_1)
FNDA:6,testNode
FNDA:1685,testFullNode
FNDA:12457,(anonymous_4)
FNDA:8,(anonymous_5)
FNDA:8,(anonymous_6)
FNDA:54,(anonymous_7)
FNDA:57,(anonymous_8)
FNDA:1069,(anonymous_9)
FNDA:357,(anonymous_10)
FNDA:348,(anonymous_11)
FNDA:16,(anonymous_12)
FNDA:16,(anonymous_13)
FNDA:24,(anonymous_14)
FNDA:0,(anonymous_15)
FNDA:348,testSignature
FNDA:2687,(anonymous_17)
FNDA:500,(anonymous_18)
FNDA:0,(anonymous_19)
FNDA:0,testBaseNode
FNDA:0,(anonymous_21)
FNDA:0,testNameType
FNDA:0,(anonymous_23)
FNDA:627,testTypeNameID
FNDA:1853,(anonymous_25)
FNDA:2033,testFlags
FNDA:1064,(anonymous_27)
FNDA:462,testComment
FNDA:512,(anonymous_29)
FNDA:7,(anonymous_30)
FNDA:1115,testSources
FNDA:1114,(anonymous_32)
FNDA:3342,(anonymous_33)
FNDA:1727,testType
FNDA:4018,(anonymous_35)
FNDA:6,(anonymous_36)
FNDA:45,(anonymous_37)
FNDA:87,(anonymous_38)
FNDA:357,testReference
FNDA:1071,(anonymous_40)
FNDA:1067,(anonymous_41)
FNDA:7,testTag
FNDA:19,(anonymous_43)
FNDA:10725,testString
FNDA:1064,testBoolean
FNDA:8850,testNumber
DA:6,2
DA:7,2
DA:9,2
DA:143,31806
DA:145,2
DA:146,27023
DA:147,27023
DA:151,2
DA:152,6
DA:153,6
DA:156,2
DA:157,1685
DA:158,1685
DA:159,12457
DA:160,12457
DA:161,4
DA:162,0
DA:163,4
DA:164,1685
DA:165,1685
DA:166,1685
DA:167,1679
DA:168,1685
DA:169,55
DA:170,144
DA:171,330
DA:172,1115
DA:173,1108
DA:174,226
DA:175,24
DA:176,86
DA:177,8
DA:178,8
DA:179,54
DA:180,57
DA:181,1069
DA:182,357
DA:183,348
DA:184,16
DA:185,16
DA:186,24
DA:187,0
DA:188,0
DA:190,0
DA:192,1685
DA:193,1685
DA:197,348
DA:198,2687
DA:199,2687
DA:200,0
DA:201,0
DA:202,348
DA:203,348
DA:204,348
DA:205,348
DA:206,348
DA:207,132
DA:208,500
DA:209,348
DA:210,74
DA:211,69
DA:212,15
DA:213,0
DA:214,0
DA:216,0
DA:221,0
DA:222,0
DA:223,0
DA:224,0
DA:225,0
DA:226,0
DA:227,0
DA:228,0
DA:229,0
DA:231,0
DA:238,0
DA:239,0
DA:240,0
DA:241,0
DA:242,0
DA:243,0
DA:245,0
DA:250,627
DA:251,1853
DA:252,1853
DA:253,627
DA:254,627
DA:255,599
DA:256,0
DA:258,0
DA:263,2033
DA:264,1064
DA:265,1064
DA:266,678
DA:267,50
DA:268,28
DA:269,58
DA:270,45
DA:271,0
DA:272,77
DA:273,92
DA:274,16
DA:275,8
DA:276,12
DA:277,0
DA:279,0
DA:284,462
DA:285,512
DA:286,512
DA:287,329
DA:288,158
DA:289,7
DA:290,20
DA:291,0
DA:293,0
DA:298,1115
DA:299,3342
DA:300,3342
DA:301,1114
DA:302,1114
DA:303,1114
DA:304,0
DA:306,0
DA:311,1727
DA:312,4018
DA:313,4018
DA:314,1727
DA:315,1476
DA:316,533
DA:317,12
DA:318,54
DA:319,139
DA:320,6
DA:321,45
DA:322,87
DA:323,0
DA:325,0
DA:330,357
DA:331,1071
DA:332,1071
DA:333,357
DA:334,357
DA:335,1067
DA:336,0
DA:338,0
DA:343,7
DA:344,19
DA:345,19
DA:346,7
DA:347,7
DA:348,5
DA:349,0
DA:351,0
DA:386,10725
DA:387,10725
DA:388,10725
DA:392,1064
DA:393,1064
DA:394,1064
DA:398,8850
DA:399,8850
DA:400,8850
LF:162
LH:121
BRDA:146,0,0,27023
BRDA:146,0,1,10
BRDA:147,1,0,27023
BRDA:147,1,1,81
BRDA:151,2,0,6
BRDA:156,3,0,6
BRDA:157,4,0,6
BRDA:157,4,1,1679
BRDA:161,5,0,4
BRDA:161,5,1,0
BRDA:161,5,2,4
BRDA:161,5,3,1685
BRDA:161,5,4,1685
BRDA:161,5,5,1685
BRDA:161,5,6,1679
BRDA:161,5,7,1685
BRDA:161,5,8,55
BRDA:161,5,9,144
BRDA:161,5,10,330
BRDA:161,5,11,1115
BRDA:161,5,12,1108
BRDA:161,5,13,226
BRDA:161,5,14,24
BRDA:161,5,15,86
BRDA:161,5,16,8
BRDA:161,5,17,1
BRDA:161,5,18,22
BRDA:161,5,19,51
BRDA:161,5,20,228
BRDA:161,5,21,228
BRDA:161,5,22,348
BRDA:161,5,23,16
BRDA:161,5,24,16
BRDA:161,5,25,24
BRDA:161,5,26,0
BRDA:161,5,27,0
BRDA:188,6,0,0
BRDA:188,6,1,0
BRDA:200,7,0,0
BRDA:200,7,1,0
BRDA:200,7,2,348
BRDA:200,7,3,348
BRDA:200,7,4,348
BRDA:200,7,5,348
BRDA:200,7,6,348
BRDA:200,7,7,132
BRDA:200,7,8,309
BRDA:200,7,9,348
BRDA:200,7,10,74
BRDA:200,7,11,69
BRDA:200,7,12,15
BRDA:200,7,13,0
BRDA:200,7,14,0
BRDA:224,8,0,0
BRDA:224,8,1,0
BRDA:224,8,2,0
BRDA:224,8,3,0
BRDA:224,8,4,0
BRDA:224,8,5,0
BRDA:241,9,0,0
BRDA:241,9,1,0
BRDA:241,9,2,0
BRDA:253,10,0,627
BRDA:253,10,1,627
BRDA:253,10,2,599
BRDA:253,10,3,0
BRDA:266,11,0,678
BRDA:266,11,1,50
BRDA:266,11,2,28
BRDA:266,11,3,58
BRDA:266,11,4,45
BRDA:266,11,5,0
BRDA:266,11,6,77
BRDA:266,11,7,92
BRDA:266,11,8,16
BRDA:266,11,9,8
BRDA:266,11,10,12
BRDA:266,11,11,0
BRDA:287,12,0,329
BRDA:287,12,1,158
BRDA:287,12,2,5
BRDA:287,12,3,20
BRDA:287,12,4,0
BRDA:301,13,0,1114
BRDA:301,13,1,1114
BRDA:301,13,2,1114
BRDA:301,13,3,0
BRDA:314,14,0,1727
BRDA:314,14,1,1476
BRDA:314,14,2,533
BRDA:314,14,3,12
BRDA:314,14,4,54
BRDA:314,14,5,139
BRDA:314,14,6,3
BRDA:314,14,7,31
BRDA:314,14,8,43
BRDA:314,14,9,0
BRDA:333,15,0,357
BRDA:333,15,1,357
BRDA:333,15,2,357
BRDA:333,15,3,0
BRDA:346,16,0,7
BRDA:346,16,1,7
BRDA:346,16,2,5
BRDA:346,16,3,0
BRDA:386,17,0,0
BRDA:386,17,1,10725
BRDA:392,18,0,0
BRDA:392,18,1,1064
BRDA:398,19,0,0
BRDA:398,19,1,8850
BRF:111
BRH:82
end_of_record
TN:
SF:/Users/sth1pal/Documents/Development/JavaScript/nodejs/ts6/dev/hsApps/hsDocs/src/markdown.ts
FN:11,markDown
FN:47,substituteLinks
FN:52,deconstructRoute
FN:54,(anonymous_3)
FN:62,getLibMod
FN:79,(anonymous_5)
FNF:6
FNH:6
FNDA:28,markDown
FNDA:28,substituteLinks
FNDA:28,deconstructRoute
FNDA:22,(anonymous_3)
FNDA:15,getLibMod
FNDA:15,(anonymous_5)
DA:1,3
DA:2,3
DA:11,3
DA:12,28
DA:19,28
DA:20,28
DA:21,18
DA:22,18
DA:24,28
DA:25,28
DA:54,28
DA:55,22
DA:56,22
DA:57,22
DA:59,28
DA:64,15
DA:65,9
DA:67,6
DA:68,6
DA:70,15
DA:71,1
DA:73,15
DA:76,28
DA:79,28
DA:80,15
DA:81,15
DA:82,15
DA:83,15
DA:87,28
LF:29
LH:29
BRDA:11,0,0,1
BRDA:11,1,0,1
BRDA:19,2,0,0
BRDA:19,2,1,28
BRDA:20,3,0,18
BRDA:20,3,1,10
BRDA:22,4,0,18
BRDA:22,4,1,0
BRDA:64,5,0,9
BRDA:64,5,1,6
BRDA:70,6,0,1
BRDA:70,6,1,14
BRDA:84,7,0,4
BRDA:84,7,1,11
BRDA:83,8,0,15
BRDA:83,8,1,13
BRDA:83,8,2,13
BRF:17
BRH:15
end_of_record
TN:
SF:/Users/sth1pal/Documents/Development/JavaScript/nodejs/ts6/dev/hsApps/hsDocs/src/view/DocsMenu.ts
FN:21,(anonymous_0)
FN:24,(anonymous_1)
FN:28,(anonymous_2)
FN:30,(anonymous_3)
FN:40,(anonymous_4)
FN:43,(anonymous_5)
FN:47,(anonymous_6)
FNF:7
FNH:6
FNDA:1,(anonymous_0)
FNDA:2,(anonymous_1)
FNDA:1,(anonymous_2)
FNDA:2,(anonymous_3)
FNDA:4,(anonymous_4)
FNDA:0,(anonymous_5)
FNDA:2,(anonymous_6)
DA:1,1
DA:2,1
DA:3,1
DA:4,1
DA:5,1
DA:21,1
DA:22,1
DA:25,2
DA:26,1
DA:27,1
DA:29,1
DA:30,1
DA:31,2
DA:32,2
DA:33,2
DA:38,2
DA:39,2
DA:40,4
DA:43,0
DA:48,2
DA:49,2
LF:21
LH:20
BRDA:25,0,0,1
BRDA:25,0,1,1
BRDA:42,1,0,2
BRDA:42,1,1,2
BRF:4
BRH:4
end_of_record
TN:
SF:/Users/sth1pal/Documents/Development/JavaScript/nodejs/ts6/dev/hsApps/hsDocs/src/view/LeftNav.ts
FN:17,(anonymous_0)
FN:26,navList
FN:28,collectModules
FN:32,(anonymous_3)
FN:47,(anonymous_4)
FN:49,(anonymous_5)
FN:68,externalModule
FN:74,(anonymous_7)
FN:103,entries
FN:104,moduleGet
FN:110,entry
FN:122,empty
FN:141,exportAscending
FNF:13
FNH:12
FNDA:2,(anonymous_0)
FNDA:2,navList
FNDA:2,collectModules
FNDA:24,(anonymous_3)
FNDA:0,(anonymous_4)
FNDA:44,(anonymous_5)
FNDA:20,externalModule
FNDA:44,(anonymous_7)
FNDA:44,entries
FNDA:128,moduleGet
FNDA:128,entry
FNDA:128,empty
FNDA:112,exportAscending
DA:6,1
DA:7,1
DA:8,1
DA:9,1
DA:10,1
DA:16,1
DA:18,2
DA:19,2
DA:20,2
DA:21,2
DA:29,2
DA:30,2
DA:31,2
DA:32,2
DA:34,24
DA:35,20
DA:36,20
DA:37,20
DA:38,20
DA:46,20
DA:47,20
DA:49,20
DA:50,44
DA:51,44
DA:52,44
DA:57,44
DA:59,44
DA:69,20
DA:70,20
DA:72,20
DA:74,44
DA:78,2
DA:79,2
DA:81,2
DA:82,2
DA:83,2
DA:90,1
DA:105,128
DA:111,128
DA:112,128
DA:113,128
DA:114,128
DA:115,128
DA:122,128
DA:124,44
DA:125,44
DA:126,44
DA:131,44
DA:132,34
DA:135,44
DA:142,112
DA:143,112
DA:144,64
DA:145,60
DA:146,54
DA:147,0
LF:56
LH:55
BRDA:20,0,0,2
BRDA:20,0,1,0
BRDA:31,1,0,2
BRDA:31,1,1,0
BRDA:34,2,0,20
BRDA:34,2,1,4
BRDA:34,3,0,24
BRDA:34,3,1,24
BRDA:34,4,0,24
BRDA:34,4,1,24
BRDA:35,5,0,0
BRDA:35,5,1,20
BRDA:37,6,0,20
BRDA:37,6,1,0
BRDA:49,7,0,20
BRDA:49,7,1,0
BRDA:51,8,0,44
BRDA:51,8,1,0
BRDA:70,9,0,0
BRDA:70,9,1,20
BRDA:70,10,0,20
BRDA:70,10,1,20
BRDA:73,11,0,0
BRDA:73,11,1,20
BRDA:74,12,0,0
BRDA:74,12,1,20
BRDA:78,13,0,2
BRDA:78,13,1,0
BRDA:111,14,0,0
BRDA:111,14,1,128
BRDA:111,15,0,128
BRDA:111,15,1,128
BRDA:112,16,0,128
BRDA:112,16,1,128
BRDA:113,17,0,128
BRDA:113,17,1,128
BRDA:114,18,0,44
BRDA:114,18,1,84
BRDA:115,19,0,18
BRDA:115,19,1,110
BRDA:115,20,0,128
BRDA:115,20,1,84
BRDA:117,21,0,0
BRDA:117,21,1,110
BRDA:125,22,0,44
BRDA:125,22,1,0
BRDA:125,23,0,44
BRDA:125,23,1,44
BRDA:131,24,0,34
BRDA:131,24,1,10
BRDA:135,25,0,34
BRDA:135,25,1,10
BRDA:142,26,0,112
BRDA:142,26,1,0
BRDA:142,27,0,112
BRDA:142,27,1,112
BRDA:143,28,0,48
BRDA:143,28,1,64
BRDA:143,29,0,112
BRDA:143,29,1,52
BRDA:144,30,0,4
BRDA:144,30,1,60
BRDA:145,31,0,6
BRDA:145,31,1,54
BRF:64
BRH:50
end_of_record
TN:
SF:/Users/sth1pal/Documents/Development/JavaScript/nodejs/ts6/dev/hsApps/hsDocs/src/view/MainComment.ts
FN:17,commentLong
FN:35,comment
FN:60,textOrShortTextOrDescription
FN:64,(anonymous_3)
FN:80,returns
FN:88,commentRemainder
FN:89,(anonymous_6)
FN:105,otherCommentTags
FN:106,(anonymous_8)
FN:117,mainCommentParams
FN:118,(anonymous_10)
FN:138,prettifyCode
FN:142,braceIndenting
FN:149,(anonymous_13)
FNF:14
FNH:14
FNDA:7,commentLong
FNDA:15,comment
FNDA:22,textOrShortTextOrDescription
FNDA:10,(anonymous_3)
FNDA:22,returns
FNDA:22,commentRemainder
FNDA:34,(anonymous_6)
FNDA:1,otherCommentTags
FNDA:2,(anonymous_8)
FNDA:1,mainCommentParams
FNDA:1,(anonymous_10)
FNDA:22,prettifyCode
FNDA:5,braceIndenting
FNDA:49,(anonymous_13)
DA:6,2
DA:7,2
DA:8,2
DA:17,2
DA:18,7
DA:19,7
DA:20,7
DA:21,7
DA:22,7
DA:24,7
DA:35,2
DA:36,15
DA:37,15
DA:38,15
DA:39,15
DA:40,1
DA:41,1
DA:42,1
DA:45,15
DA:46,15
DA:48,15
DA:61,22
DA:62,22
DA:63,22
DA:64,6
DA:65,10
DA:67,1
DA:68,0
DA:73,22
DA:74,22
DA:81,22
DA:82,22
DA:89,22
DA:90,34
DA:96,33
DA:97,1
DA:106,1
DA:107,2
DA:108,0
DA:109,2
DA:118,1
DA:119,1
DA:140,22
DA:143,5
DA:144,5
DA:150,49
DA:151,49
DA:152,49
DA:153,49
DA:154,49
DA:158,5
DA:161,22
DA:162,22
LF:53
LH:51
BRDA:19,0,0,7
BRDA:19,0,1,0
BRDA:35,1,0,1
BRDA:37,2,0,15
BRDA:37,2,1,0
BRDA:39,3,0,1
BRDA:39,3,1,14
BRDA:41,4,0,1
BRDA:41,4,1,0
BRDA:61,5,0,22
BRDA:61,5,1,5
BRDA:62,6,0,10
BRDA:62,6,1,12
BRDA:62,7,0,10
BRDA:62,7,1,0
BRDA:63,8,0,6
BRDA:63,8,1,16
BRDA:66,9,0,0
BRDA:66,9,1,1
BRDA:66,9,2,0
BRDA:73,10,0,14
BRDA:73,10,1,8
BRDA:82,11,0,22
BRDA:82,11,1,0
BRDA:91,12,0,6
BRDA:91,12,1,23
BRDA:91,12,2,33
BRDA:91,12,3,33
BRDA:91,12,4,33
BRDA:91,12,5,1
BRDA:106,13,0,0
BRDA:106,13,1,1
BRDA:108,14,0,0
BRDA:108,14,1,2
BRDA:121,15,0,1
BRDA:121,15,1,0
BRDA:122,16,0,0
BRDA:122,16,1,0
BRDA:154,17,0,11
BRDA:154,17,1,38
BRF:40
BRH:28
end_of_record
TN:
SF:/Users/sth1pal/Documents/Development/JavaScript/nodejs/ts6/dev/hsApps/hsDocs/src/view/MainDetail.ts
FN:19,(anonymous_0)
FN:35,getOverview
FN:49,itemDoc
FN:62,overviewDoc
FN:75,title
FN:79,members
FN:82,(anonymous_6)
FN:83,(anonymous_7)
FN:84,(anonymous_8)
FN:85,(anonymous_9)
FN:90,(anonymous_10)
FN:99,parameter
FN:100,(anonymous_12)
FN:105,member
FN:106,(anonymous_14)
FN:107,(anonymous_15)
FN:108,(anonymous_16)
FN:125,(anonymous_17)
FN:130,(anonymous_18)
FN:131,(anonymous_19)
FN:132,(anonymous_20)
FN:136,(anonymous_21)
FN:137,(anonymous_22)
FN:138,(anonymous_23)
FN:156,itemDescriptor
FN:174,itemChild
FN:176,(anonymous_26)
FNF:27
FNH:24
FNDA:6,(anonymous_0)
FNDA:6,getOverview
FNDA:4,itemDoc
FNDA:2,overviewDoc
FNDA:4,title
FNDA:4,members
FNDA:6,(anonymous_6)
FNDA:6,(anonymous_7)
FNDA:6,(anonymous_8)
FNDA:6,(anonymous_9)
FNDA:2,(anonymous_10)
FNDA:2,parameter
FNDA:4,(anonymous_12)
FNDA:24,member
FNDA:64,(anonymous_14)
FNDA:32,(anonymous_15)
FNDA:32,(anonymous_16)
FNDA:16,(anonymous_17)
FNDA:32,(anonymous_18)
FNDA:16,(anonymous_19)
FNDA:8,(anonymous_20)
FNDA:0,(anonymous_21)
FNDA:0,(anonymous_22)
FNDA:0,(anonymous_23)
FNDA:16,itemDescriptor
FNDA:12,itemChild
FNDA:4,(anonymous_26)
DA:1,1
DA:2,1
DA:3,1
DA:4,1
DA:5,1
DA:18,1
DA:20,6
DA:21,6
DA:22,6
DA:24,6
DA:25,6
DA:36,6
DA:37,2
DA:38,2
DA:39,2
DA:42,4
DA:50,4
DA:51,4
DA:63,2
DA:64,2
DA:76,4
DA:80,4
DA:81,2
DA:82,6
DA:83,6
DA:84,6
DA:85,6
DA:87,2
DA:88,0
DA:89,2
DA:90,2
DA:91,0
DA:92,0
DA:93,0
DA:95,0
DA:100,4
DA:101,2
DA:102,2
DA:106,64
DA:107,32
DA:108,32
DA:109,24
DA:124,24
DA:125,24
DA:127,24
DA:130,32
DA:131,16
DA:132,8
DA:133,24
DA:136,0
DA:137,0
DA:138,0
DA:140,24
DA:141,24
DA:142,24
DA:143,0
DA:145,24
DA:146,6
DA:148,24
DA:157,16
DA:171,0
DA:175,12
DA:176,4
LF:63
LH:53
BRDA:24,0,0,6
BRDA:24,0,1,4
BRDA:24,1,0,4
BRDA:24,1,1,0
BRDA:36,2,0,2
BRDA:36,2,1,4
BRDA:36,3,0,6
BRDA:36,3,1,4
BRDA:38,4,0,2
BRDA:38,4,1,0
BRDA:50,5,0,2
BRDA:50,5,1,2
BRDA:63,6,0,0
BRDA:63,6,1,2
BRDA:80,7,0,2
BRDA:80,7,1,2
BRDA:87,8,0,0
BRDA:87,8,1,2
BRDA:89,9,0,2
BRDA:89,9,1,0
BRDA:91,10,0,0
BRDA:91,10,1,0
BRDA:91,11,0,0
BRDA:91,11,1,0
BRDA:124,12,0,24
BRDA:124,12,1,0
BRDA:125,13,0,16
BRDA:125,13,1,16
BRDA:125,13,2,4
BRDA:125,13,3,4
BRDA:130,14,0,16
BRDA:130,14,1,16
BRDA:131,15,0,8
BRDA:131,15,1,8
BRDA:136,16,0,0
BRDA:136,16,1,0
BRDA:137,17,0,0
BRDA:137,17,1,0
BRDA:140,18,0,12
BRDA:140,18,1,12
BRDA:141,19,0,12
BRDA:141,19,1,12
BRDA:142,20,0,0
BRDA:142,20,1,24
BRDA:145,21,0,6
BRDA:145,21,1,18
BRDA:148,22,0,12
BRDA:148,22,1,12
BRDA:148,23,0,12
BRDA:148,23,1,12
BRDA:174,24,0,12
BRDA:176,25,0,4
BRDA:176,25,1,8
BRF:53
BRH:38
end_of_record
TN:
SF:/Users/sth1pal/Documents/Development/JavaScript/nodejs/ts6/dev/hsApps/hsDocs/src/view/MainExample.ts
FN:179,example
FN:195,(anonymous_8)
FN:204,(anonymous_9)
FN:209,createExecuteScript
FN:212,(anonymous_12)
FN:214,(anonymous_13)
FN:214,(anonymous_14)
FN:218,(anonymous_15)
FN:236,initDesc
FN:244,(anonymous_17)
FN:244,(anonymous_18)
FN:261,getNewID
FN:270,addExampleStructure
FN:274,(anonymous_21)
FN:279,(anonymous_22)
FN:303,executeScript
FN:319,executeError
FN:329,getCommentDescriptor
FN:337,(anonymous_27)
FN:337,(anonymous_28)
FN:345,(anonymous_29)
FN:355,findTokens
FN:363,(anonymous_31)
FN:386,loadScript
FN:387,(anonymous_34)
FN:387,(anonymous_35)
FNF:26
FNH:6
FNDA:1,example
FNDA:0,(anonymous_8)
FNDA:0,(anonymous_9)
FNDA:1,createExecuteScript
FNDA:0,(anonymous_12)
FNDA:0,(anonymous_13)
FNDA:0,(anonymous_14)
FNDA:0,(anonymous_15)
FNDA:1,initDesc
FNDA:0,(anonymous_17)
FNDA:0,(anonymous_18)
FNDA:2,getNewID
FNDA:1,addExampleStructure
FNDA:0,(anonymous_21)
FNDA:0,(anonymous_22)
FNDA:0,executeScript
FNDA:0,executeError
FNDA:1,getCommentDescriptor
FNDA:0,(anonymous_27)
FNDA:0,(anonymous_28)
FNDA:0,(anonymous_29)
FNDA:0,findTokens
FNDA:0,(anonymous_31)
FNDA:0,loadScript
FNDA:0,(anonymous_34)
FNDA:0,(anonymous_35)
DA:123,3
DA:124,3
DA:125,3
DA:126,3
DA:127,3
DA:128,3
DA:129,3
DA:130,3
DA:131,3
DA:133,3
DA:163,3
DA:179,3
DA:180,1
DA:181,1
DA:182,1
DA:183,1
DA:184,1
DA:185,1
DA:187,1
DA:188,1
DA:189,1
DA:194,1
DA:195,1
DA:202,1
DA:204,0
DA:206,1
DA:210,1
DA:211,1
DA:212,1
DA:213,0
DA:214,0
DA:215,0
DA:216,0
DA:218,0
DA:219,0
DA:220,0
DA:221,0
DA:224,1
DA:225,1
DA:226,1
DA:228,0
DA:229,0
DA:237,1
DA:244,0
DA:245,0
DA:246,0
DA:247,0
DA:248,0
DA:250,0
DA:262,2
DA:271,1
DA:272,1
DA:274,1
DA:275,0
DA:278,1
DA:279,0
DA:296,1
DA:304,0
DA:305,0
DA:307,0
DA:308,0
DA:310,0
DA:315,0
DA:316,0
DA:320,0
DA:330,1
DA:333,1
DA:334,1
DA:335,0
DA:336,0
DA:337,0
DA:338,0
DA:339,0
DA:340,0
DA:343,0
DA:345,1
DA:346,0
DA:347,0
DA:348,0
DA:349,0
DA:350,0
DA:352,1
DA:356,0
DA:358,0
DA:360,0
DA:361,0
DA:363,0
DA:364,0
DA:365,0
DA:367,0
DA:368,0
DA:369,0
DA:373,0
DA:387,0
DA:389,0
DA:394,0
DA:395,0
DA:396,0
DA:398,0
DA:399,0
DA:400,0
DA:401,0
DA:405,0
DA:407,0
DA:408,0
DA:409,0
DA:410,0
DA:411,0
DA:412,0
DA:413,0
DA:414,0
DA:416,0
DA:419,0
DA:420,0
LF:114
LH:43
BRDA:182,0,0,1
BRDA:182,0,1,0
BRDA:187,1,0,1
BRDA:187,1,1,0
BRDA:194,2,0,1
BRDA:194,2,1,1
BRDA:194,3,0,1
BRDA:194,3,1,0
BRDA:195,4,0,0
BRDA:195,4,1,0
BRDA:202,5,0,1
BRDA:202,5,1,0
BRDA:215,6,0,0
BRDA:215,6,1,0
BRDA:271,7,0,1
BRDA:271,7,1,1
BRDA:278,8,0,0
BRDA:278,8,1,1
BRDA:278,9,0,1
BRDA:278,9,1,0
BRDA:305,10,0,0
BRDA:305,10,1,0
BRDA:305,11,0,0
BRDA:305,11,1,0
BRDA:334,12,0,0
BRDA:334,12,1,1
BRDA:334,13,0,1
BRDA:334,13,1,0
BRDA:336,14,0,0
BRDA:336,14,1,0
BRDA:340,15,0,0
BRDA:340,15,1,0
BRDA:365,16,0,0
BRDA:365,16,1,0
BRDA:395,17,0,0
BRDA:395,17,1,0
BRDA:405,18,0,0
BRDA:405,18,1,0
BRDA:413,19,0,0
BRDA:413,19,1,0
BRF:40
BRH:12
end_of_record
TN:
SF:/Users/sth1pal/Documents/Development/JavaScript/nodejs/ts6/dev/hsApps/hsDocs/src/view/Parts.ts
FN:10,flags
FN:27,(anonymous_1)
FN:38,kindString
FN:42,itemName
FN:47,itemTooltip
FN:51,extensionOf
FN:54,(anonymous_6)
FN:63,implementationOf
FN:66,(anonymous_8)
FN:75,extendedBy
FN:78,(anonymous_10)
FN:87,implementedBy
FN:90,(anonymous_12)
FN:99,inheritedFrom
FN:112,sourceLink
FN:137,libLink
FN:144,signature
FN:145,params
FN:146,(anonymous_18)
FN:154,(anonymous_19)
FN:155,(anonymous_20)
FN:161,(anonymous_21)
FN:164,(anonymous_22)
FN:197,defaultVal
FN:206,type
FN:207,_type
FN:215,(anonymous_26)
FN:221,(anonymous_27)
FN:235,(anonymous_28)
FN:259,makeID
FNF:30
FNH:23
FNDA:20,flags
FNDA:39,(anonymous_1)
FNDA:16,kindString
FNDA:16,itemName
FNDA:1,itemTooltip
FNDA:17,extensionOf
FNDA:1,(anonymous_6)
FNDA:16,implementationOf
FNDA:0,(anonymous_8)
FNDA:16,extendedBy
FNDA:0,(anonymous_10)
FNDA:16,implementedBy
FNDA:0,(anonymous_12)
FNDA:17,inheritedFrom
FNDA:18,sourceLink
FNDA:150,libLink
FNDA:16,signature
FNDA:6,params
FNDA:16,(anonymous_18)
FNDA:16,(anonymous_19)
FNDA:16,(anonymous_20)
FNDA:0,(anonymous_21)
FNDA:0,(anonymous_22)
FNDA:36,defaultVal
FNDA:40,type
FNDA:38,_type
FNDA:1,(anonymous_26)
FNDA:0,(anonymous_27)
FNDA:0,(anonymous_28)
FNDA:16,makeID
DA:1,3
DA:2,3
DA:3,3
DA:4,3
DA:6,3
DA:10,3
DA:11,20
DA:12,20
DA:26,20
DA:28,39
DA:29,39
DA:30,39
DA:31,36
DA:32,39
DA:33,39
DA:38,3
DA:39,16
DA:42,3
DA:43,16
DA:47,3
DA:48,1
DA:51,3
DA:52,17
DA:55,1
DA:63,3
DA:64,16
DA:67,0
DA:75,3
DA:76,16
DA:79,0
DA:87,3
DA:88,16
DA:91,0
DA:99,3
DA:100,17
DA:101,1
DA:102,1
DA:103,1
DA:108,16
DA:112,3
DA:113,18
DA:114,18
DA:115,14
DA:116,14
DA:117,14
DA:118,1
DA:120,14
DA:124,4
DA:137,3
DA:138,150
DA:144,3
DA:146,16
DA:154,16
DA:155,16
DA:157,16
DA:158,16
DA:159,16
DA:160,10
DA:161,0
DA:163,10
DA:164,0
DA:166,16
DA:177,10
DA:179,0
DA:185,6
DA:186,6
DA:187,6
DA:188,0
DA:191,16
DA:197,3
DA:198,36
DA:199,4
DA:200,4
DA:202,32
DA:206,3
DA:208,38
DA:209,38
DA:210,2
DA:211,1
DA:213,1
DA:215,1
DA:219,27
DA:220,1
DA:221,1
DA:222,3
DA:223,3
DA:224,1
DA:225,1
DA:226,1
DA:227,0
DA:229,3
DA:231,1
DA:232,1
DA:236,0
DA:241,0
DA:243,1
DA:244,1
DA:245,1
DA:246,1
DA:250,40
DA:251,40
DA:256,0
DA:259,3
DA:260,16
DA:261,16
DA:262,16
LF:106
LH:95
BRDA:10,0,0,19
BRDA:26,1,0,1
BRDA:26,1,1,19
BRDA:30,2,0,3
BRDA:30,2,1,36
BRDA:32,3,0,3
BRDA:32,3,1,36
BRDA:32,4,0,39
BRDA:32,4,1,9
BRDA:33,5,0,4
BRDA:33,5,1,35
BRDA:33,6,0,3
BRDA:33,6,1,32
BRDA:33,7,0,4
BRDA:33,7,1,35
BRDA:43,8,0,0
BRDA:43,8,1,16
BRDA:52,9,0,16
BRDA:52,9,1,1
BRDA:57,10,0,0
BRDA:57,10,1,1
BRDA:64,11,0,16
BRDA:64,11,1,0
BRDA:69,12,0,0
BRDA:69,12,1,0
BRDA:76,13,0,16
BRDA:76,13,1,0
BRDA:81,14,0,0
BRDA:81,14,1,0
BRDA:88,15,0,16
BRDA:88,15,1,0
BRDA:93,16,0,0
BRDA:93,16,1,0
BRDA:100,17,0,1
BRDA:100,17,1,16
BRDA:113,18,0,14
BRDA:113,18,1,4
BRDA:114,19,0,14
BRDA:114,19,1,4
BRDA:115,20,0,14
BRDA:115,20,1,1
BRDA:117,21,0,1
BRDA:117,21,1,13
BRDA:154,22,0,10
BRDA:154,22,1,6
BRDA:155,23,0,0
BRDA:155,23,1,16
BRDA:155,24,0,16
BRDA:155,24,1,16
BRDA:158,25,0,16
BRDA:158,25,1,0
BRDA:159,26,0,6
BRDA:159,26,1,10
BRDA:160,27,0,0
BRDA:160,27,1,10
BRDA:160,28,0,10
BRDA:160,28,1,6
BRDA:160,28,2,0
BRDA:163,29,0,0
BRDA:163,29,1,10
BRDA:163,30,0,10
BRDA:163,30,1,6
BRDA:163,30,2,0
BRDA:168,31,0,2
BRDA:168,31,1,6
BRDA:168,31,2,6
BRDA:168,31,3,6
BRDA:168,31,4,6
BRDA:168,31,5,8
BRDA:168,31,6,10
BRDA:168,31,7,10
BRDA:168,31,8,10
BRDA:168,31,9,0
BRDA:168,31,10,2
BRDA:168,31,11,2
BRDA:168,31,12,6
BRDA:168,31,13,6
BRDA:168,31,14,6
BRDA:168,31,15,0
BRDA:198,32,0,4
BRDA:198,32,1,32
BRDA:198,33,0,36
BRDA:198,33,1,36
BRDA:208,34,0,0
BRDA:208,34,1,38
BRDA:210,35,0,2
BRDA:210,35,1,1
BRDA:210,35,2,1
BRDA:210,35,3,26
BRDA:210,35,4,27
BRDA:210,35,5,1
BRDA:210,35,6,1
BRDA:210,35,7,3
BRDA:210,35,8,1
BRDA:210,35,9,1
BRDA:215,36,0,0
BRDA:215,36,1,1
BRDA:219,37,0,1
BRDA:219,37,1,26
BRDA:221,38,0,0
BRDA:221,38,1,0
BRDA:223,39,0,1
BRDA:223,39,1,2
BRDA:225,40,0,0
BRDA:225,40,1,1
BRDA:226,41,0,1
BRDA:226,41,1,0
BRDA:231,42,0,1
BRDA:231,42,1,0
BRDA:232,43,0,0
BRDA:232,43,1,1
BRDA:236,44,0,0
BRDA:236,44,1,0
BRDA:251,45,0,4
BRDA:251,45,1,36
BRDA:260,46,0,16
BRDA:260,46,1,0
BRDA:261,47,0,16
BRDA:261,47,1,0
BRDA:262,48,0,16
BRDA:262,48,1,0
BRF:121
BRH:89
end_of_record
TN:
SF:/Users/sth1pal/Documents/Development/JavaScript/nodejs/ts6/dev/hsApps/hsDocs/src/view/Tooltip.ts
FN:3,tooltip
FNF:1
FNH:1
FNDA:1,tooltip
DA:1,3
DA:3,3
DA:5,1
LF:3
LH:3
BRF:0
BRH:0
end_of_record
