TN:
SF:/Users/sth1pal/Documents/Development/JavaScript/nodejs/ts6/dev/hsApps/hsDocs/src/DocSets.ts
FN:21,matchAll
FN:45,(anonymous_7)
FN:59,(anonymous_8)
FN:60,getIndexFile
FN:72,getDirJSONs
FN:76,(anonymous_14)
FN:76,(anonymous_15)
FN:79,(anonymous_16)
FN:80,(anonymous_17)
FN:103,(anonymous_18)
FN:103,(anonymous_19)
FN:115,(anonymous_20)
FN:128,loadDocSet
FN:141,recursiveIndex
FN:142,getNewPath
FN:150,markIfModule
FN:152,(anonymous_26)
FN:169,(anonymous_27)
FN:172,(anonymous_28)
FN:175,(anonymous_29)
FN:178,(anonymous_30)
FNF:21
FNH:15
FNDA:0,matchAll
FNDA:15,(anonymous_7)
FNDA:13,(anonymous_8)
FNDA:13,getIndexFile
FNDA:0,getDirJSONs
FNDA:0,(anonymous_14)
FNDA:0,(anonymous_15)
FNDA:0,(anonymous_16)
FNDA:0,(anonymous_17)
FNDA:15,(anonymous_18)
FNDA:15,(anonymous_19)
FNDA:214,(anonymous_20)
FNDA:15,loadDocSet
FNDA:3110,recursiveIndex
FNDA:3110,getNewPath
FNDA:3110,markIfModule
FNDA:11,(anonymous_26)
FNDA:1302,(anonymous_27)
FNDA:660,(anonymous_28)
FNDA:1067,(anonymous_29)
FNDA:66,(anonymous_30)
DA:10,5
DA:11,5
DA:13,5
DA:19,5
DA:22,0
DA:24,0
DA:25,0
DA:26,0
DA:28,0
DA:35,5
DA:37,5
DA:46,15
DA:47,15
DA:48,15
DA:49,15
DA:50,15
DA:61,13
DA:62,13
DA:63,13
DA:64,13
DA:65,13
DA:66,13
DA:67,13
DA:69,0
DA:73,0
DA:74,0
DA:76,0
DA:77,0
DA:79,0
DA:80,0
DA:82,0
DA:83,0
DA:84,0
DA:85,0
DA:86,0
DA:87,0
DA:88,0
DA:92,0
DA:94,13
DA:95,13
DA:96,13
DA:98,13
DA:99,13
DA:100,13
DA:101,13
DA:102,13
DA:103,15
DA:116,214
DA:129,15
DA:130,15
DA:131,15
DA:143,3110
DA:145,3110
DA:146,3110
DA:147,3110
DA:151,3110
DA:152,11
DA:153,11
DA:154,11
DA:159,3110
DA:160,3110
DA:161,3110
DA:163,3110
DA:165,3110
DA:166,3110
DA:168,3110
DA:169,1302
DA:171,3110
DA:172,660
DA:174,3110
DA:175,1067
DA:177,3110
DA:178,66
LF:73
LH:53
BRDA:61,0,0,0
BRDA:61,0,1,13
BRDA:82,1,0,0
BRDA:82,1,1,0
BRDA:84,2,0,0
BRDA:84,2,1,0
BRDA:99,3,0,13
BRDA:99,3,1,0
BRDA:100,4,0,0
BRDA:100,4,1,13
BRDA:101,5,0,0
BRDA:101,5,1,13
BRDA:115,6,0,7
BRDA:117,7,0,208
BRDA:117,7,1,6
BRDA:116,8,0,214
BRDA:116,8,1,209
BRDA:141,9,0,15
BRDA:147,10,0,15
BRDA:147,10,1,3095
BRDA:151,11,0,11
BRDA:151,11,1,3099
BRDA:151,12,0,3110
BRDA:151,12,1,928
BRDA:153,13,0,11
BRDA:153,13,1,0
BRDA:160,14,0,3110
BRDA:160,14,1,0
BRDA:160,15,0,3110
BRDA:160,15,1,3110
BRDA:166,16,0,3110
BRDA:166,16,1,0
BRDA:168,17,0,235
BRDA:168,17,1,2875
BRDA:171,18,0,660
BRDA:171,18,1,2450
BRDA:174,19,0,638
BRDA:174,19,1,2472
BRDA:177,20,0,44
BRDA:177,20,1,3066
BRDA:177,21,0,3110
BRDA:177,21,1,2244
BRDA:177,21,2,55
BRF:43
BRH:32
end_of_record
TN:
SF:/Users/sth1pal/Documents/Development/JavaScript/nodejs/ts6/dev/hsApps/hsDocs/src/markdown.ts
FN:11,markDown
FN:47,substituteLinks
FN:52,deconstructRoute
FN:54,(anonymous_3)
FN:62,getLibMod
FN:79,(anonymous_5)
FNF:6
FNH:6
FNDA:24,markDown
FNDA:24,substituteLinks
FNDA:24,deconstructRoute
FNDA:18,(anonymous_3)
FNDA:15,getLibMod
FNDA:15,(anonymous_5)
DA:1,3
DA:2,3
DA:11,3
DA:12,24
DA:19,24
DA:20,24
DA:21,14
DA:22,14
DA:24,24
DA:25,24
DA:54,24
DA:55,18
DA:56,18
DA:57,18
DA:59,24
DA:64,15
DA:65,9
DA:67,6
DA:68,6
DA:70,15
DA:71,1
DA:73,15
DA:76,24
DA:79,24
DA:80,15
DA:81,15
DA:82,15
DA:83,15
DA:87,24
LF:29
LH:29
BRDA:11,0,0,1
BRDA:11,1,0,1
BRDA:19,2,0,0
BRDA:19,2,1,24
BRDA:20,3,0,14
BRDA:20,3,1,10
BRDA:22,4,0,14
BRDA:22,4,1,0
BRDA:64,5,0,9
BRDA:64,5,1,6
BRDA:70,6,0,1
BRDA:70,6,1,14
BRDA:84,7,0,4
BRDA:84,7,1,11
BRDA:83,8,0,15
BRDA:83,8,1,13
BRDA:83,8,2,13
BRF:17
BRH:15
end_of_record
TN:
SF:/Users/sth1pal/Documents/Development/JavaScript/nodejs/ts6/dev/hsApps/hsDocs/src/view/DocsMenu.ts
FN:20,(anonymous_0)
FN:23,(anonymous_1)
FN:27,(anonymous_2)
FN:32,(anonymous_3)
FN:35,(anonymous_4)
FN:39,(anonymous_5)
FNF:6
FNH:5
FNDA:1,(anonymous_0)
FNDA:2,(anonymous_1)
FNDA:1,(anonymous_2)
FNDA:4,(anonymous_3)
FNDA:0,(anonymous_4)
FNDA:2,(anonymous_5)
DA:1,1
DA:2,1
DA:3,1
DA:4,1
DA:20,1
DA:21,1
DA:24,2
DA:25,1
DA:26,1
DA:27,1
DA:30,2
DA:31,2
DA:32,4
DA:35,0
DA:40,2
DA:41,2
LF:16
LH:15
BRDA:24,0,0,1
BRDA:24,0,1,1
BRDA:34,1,0,2
BRDA:34,1,1,2
BRF:4
BRH:4
end_of_record
TN:
SF:/Users/sth1pal/Documents/Development/JavaScript/nodejs/ts6/dev/hsApps/hsDocs/src/view/LeftNav.ts
FN:17,(anonymous_0)
FN:26,navList
FN:28,collectModules
FN:32,(anonymous_3)
FN:47,(anonymous_4)
FN:49,(anonymous_5)
FN:68,externalModule
FN:74,(anonymous_7)
FN:103,entries
FN:104,moduleGet
FN:110,entry
FN:122,empty
FN:141,exportAscending
FNF:13
FNH:12
FNDA:2,(anonymous_0)
FNDA:2,navList
FNDA:2,collectModules
FNDA:24,(anonymous_3)
FNDA:0,(anonymous_4)
FNDA:44,(anonymous_5)
FNDA:20,externalModule
FNDA:44,(anonymous_7)
FNDA:44,entries
FNDA:128,moduleGet
FNDA:128,entry
FNDA:128,empty
FNDA:112,exportAscending
DA:6,1
DA:7,1
DA:8,1
DA:9,1
DA:10,1
DA:16,1
DA:18,2
DA:19,2
DA:20,2
DA:21,2
DA:29,2
DA:30,2
DA:31,2
DA:32,2
DA:34,24
DA:35,20
DA:36,20
DA:37,20
DA:38,20
DA:46,20
DA:47,20
DA:49,20
DA:50,44
DA:51,44
DA:52,44
DA:57,44
DA:59,44
DA:69,20
DA:70,20
DA:72,20
DA:74,44
DA:78,2
DA:79,2
DA:81,2
DA:82,2
DA:83,2
DA:90,1
DA:105,128
DA:111,128
DA:112,128
DA:113,128
DA:114,128
DA:115,128
DA:122,128
DA:124,44
DA:125,44
DA:126,44
DA:131,44
DA:132,34
DA:135,44
DA:142,112
DA:143,112
DA:144,64
DA:145,60
DA:146,54
DA:147,0
LF:56
LH:55
BRDA:20,0,0,2
BRDA:20,0,1,0
BRDA:31,1,0,2
BRDA:31,1,1,0
BRDA:34,2,0,20
BRDA:34,2,1,4
BRDA:34,3,0,24
BRDA:34,3,1,24
BRDA:34,4,0,24
BRDA:34,4,1,24
BRDA:35,5,0,0
BRDA:35,5,1,20
BRDA:37,6,0,20
BRDA:37,6,1,0
BRDA:49,7,0,20
BRDA:49,7,1,0
BRDA:51,8,0,44
BRDA:51,8,1,0
BRDA:70,9,0,0
BRDA:70,9,1,20
BRDA:70,10,0,20
BRDA:70,10,1,20
BRDA:73,11,0,0
BRDA:73,11,1,20
BRDA:74,12,0,0
BRDA:74,12,1,20
BRDA:78,13,0,2
BRDA:78,13,1,0
BRDA:111,14,0,0
BRDA:111,14,1,128
BRDA:111,15,0,128
BRDA:111,15,1,128
BRDA:112,16,0,128
BRDA:112,16,1,128
BRDA:113,17,0,128
BRDA:113,17,1,128
BRDA:114,18,0,44
BRDA:114,18,1,84
BRDA:115,19,0,18
BRDA:115,19,1,110
BRDA:115,20,0,128
BRDA:115,20,1,84
BRDA:117,21,0,0
BRDA:117,21,1,110
BRDA:125,22,0,44
BRDA:125,22,1,0
BRDA:125,23,0,44
BRDA:125,23,1,44
BRDA:131,24,0,34
BRDA:131,24,1,10
BRDA:135,25,0,34
BRDA:135,25,1,10
BRDA:142,26,0,112
BRDA:142,26,1,0
BRDA:142,27,0,112
BRDA:142,27,1,112
BRDA:143,28,0,48
BRDA:143,28,1,64
BRDA:143,29,0,112
BRDA:143,29,1,52
BRDA:144,30,0,4
BRDA:144,30,1,60
BRDA:145,31,0,6
BRDA:145,31,1,54
BRF:64
BRH:50
end_of_record
TN:
SF:/Users/sth1pal/Documents/Development/JavaScript/nodejs/ts6/dev/hsApps/hsDocs/src/view/MainComment.ts
FN:17,commentLong
FN:35,comment
FN:60,textOrShortTextOrDescription
FN:64,(anonymous_3)
FN:74,returns
FN:82,commentRemainder
FN:83,(anonymous_6)
FN:99,otherCommentTags
FN:100,(anonymous_8)
FN:111,mainCommentParams
FN:112,(anonymous_10)
FN:132,prettifyCode
FN:136,braceIndenting
FN:143,(anonymous_13)
FNF:14
FNH:14
FNDA:7,commentLong
FNDA:11,comment
FNDA:18,textOrShortTextOrDescription
FNDA:10,(anonymous_3)
FNDA:18,returns
FNDA:18,commentRemainder
FNDA:30,(anonymous_6)
FNDA:1,otherCommentTags
FNDA:2,(anonymous_8)
FNDA:1,mainCommentParams
FNDA:1,(anonymous_10)
FNDA:18,prettifyCode
FNDA:5,braceIndenting
FNDA:49,(anonymous_13)
DA:6,2
DA:7,2
DA:8,2
DA:17,2
DA:18,7
DA:19,7
DA:20,7
DA:21,7
DA:22,7
DA:24,7
DA:35,2
DA:36,11
DA:37,11
DA:38,11
DA:39,11
DA:40,1
DA:41,1
DA:42,1
DA:45,11
DA:46,11
DA:48,11
DA:61,18
DA:62,18
DA:63,18
DA:64,10
DA:67,18
DA:68,18
DA:75,18
DA:76,18
DA:83,18
DA:84,30
DA:90,29
DA:91,1
DA:100,1
DA:101,2
DA:102,0
DA:103,2
DA:112,1
DA:113,1
DA:134,18
DA:137,5
DA:138,5
DA:144,49
DA:145,49
DA:146,49
DA:147,49
DA:148,49
DA:152,5
DA:155,18
DA:156,18
LF:50
LH:49
BRDA:19,0,0,7
BRDA:19,0,1,0
BRDA:35,1,0,1
BRDA:37,2,0,11
BRDA:37,2,1,0
BRDA:39,3,0,1
BRDA:39,3,1,10
BRDA:41,4,0,1
BRDA:41,4,1,0
BRDA:61,5,0,18
BRDA:61,5,1,1
BRDA:62,6,0,6
BRDA:62,6,1,12
BRDA:62,7,0,6
BRDA:62,7,1,0
BRDA:63,8,0,6
BRDA:63,8,1,12
BRDA:64,9,0,1
BRDA:64,9,1,9
BRDA:67,10,0,10
BRDA:67,10,1,8
BRDA:76,11,0,18
BRDA:76,11,1,0
BRDA:85,12,0,6
BRDA:85,12,1,23
BRDA:85,12,2,29
BRDA:85,12,3,29
BRDA:85,12,4,29
BRDA:85,12,5,1
BRDA:100,13,0,0
BRDA:100,13,1,1
BRDA:102,14,0,0
BRDA:102,14,1,2
BRDA:115,15,0,1
BRDA:115,15,1,0
BRDA:116,16,0,0
BRDA:116,16,1,0
BRDA:148,17,0,11
BRDA:148,17,1,38
BRF:39
BRH:29
end_of_record
TN:
SF:/Users/sth1pal/Documents/Development/JavaScript/nodejs/ts6/dev/hsApps/hsDocs/src/view/MainDetail.ts
FN:19,(anonymous_0)
FN:35,getOverview
FN:49,itemDoc
FN:62,overviewDoc
FN:75,title
FN:79,members
FN:82,(anonymous_6)
FN:83,(anonymous_7)
FN:84,(anonymous_8)
FN:85,(anonymous_9)
FN:97,parameter
FN:98,(anonymous_11)
FN:103,member
FN:104,(anonymous_13)
FN:105,(anonymous_14)
FN:106,(anonymous_15)
FN:122,(anonymous_16)
FN:127,(anonymous_17)
FN:128,(anonymous_18)
FN:129,(anonymous_19)
FN:133,(anonymous_20)
FN:134,(anonymous_21)
FN:135,(anonymous_22)
FN:153,itemDescriptor
FN:171,itemChild
FN:173,(anonymous_25)
FNF:26
FNH:21
FNDA:6,(anonymous_0)
FNDA:6,getOverview
FNDA:4,itemDoc
FNDA:2,overviewDoc
FNDA:4,title
FNDA:4,members
FNDA:6,(anonymous_6)
FNDA:6,(anonymous_7)
FNDA:6,(anonymous_8)
FNDA:6,(anonymous_9)
FNDA:0,parameter
FNDA:0,(anonymous_11)
FNDA:24,member
FNDA:64,(anonymous_13)
FNDA:32,(anonymous_14)
FNDA:32,(anonymous_15)
FNDA:16,(anonymous_16)
FNDA:32,(anonymous_17)
FNDA:16,(anonymous_18)
FNDA:8,(anonymous_19)
FNDA:0,(anonymous_20)
FNDA:0,(anonymous_21)
FNDA:0,(anonymous_22)
FNDA:12,itemDescriptor
FNDA:8,itemChild
FNDA:4,(anonymous_25)
DA:1,1
DA:2,1
DA:3,1
DA:4,1
DA:5,1
DA:18,1
DA:20,6
DA:21,6
DA:22,6
DA:24,6
DA:25,6
DA:36,6
DA:37,2
DA:38,2
DA:39,2
DA:42,4
DA:50,4
DA:51,4
DA:63,2
DA:64,2
DA:76,4
DA:80,4
DA:81,2
DA:82,6
DA:83,6
DA:84,6
DA:85,6
DA:87,2
DA:88,0
DA:89,2
DA:90,0
DA:91,0
DA:93,2
DA:98,0
DA:99,0
DA:100,0
DA:104,64
DA:105,32
DA:106,32
DA:107,24
DA:121,24
DA:122,24
DA:124,24
DA:127,32
DA:128,16
DA:129,8
DA:130,24
DA:133,0
DA:134,0
DA:135,0
DA:137,24
DA:138,24
DA:139,24
DA:140,0
DA:142,24
DA:143,6
DA:145,24
DA:154,12
DA:168,0
DA:172,8
DA:173,4
LF:61
LH:50
BRDA:24,0,0,6
BRDA:24,0,1,4
BRDA:24,1,0,4
BRDA:24,1,1,0
BRDA:36,2,0,2
BRDA:36,2,1,4
BRDA:36,3,0,6
BRDA:36,3,1,4
BRDA:38,4,0,2
BRDA:38,4,1,0
BRDA:50,5,0,2
BRDA:50,5,1,2
BRDA:63,6,0,0
BRDA:63,6,1,2
BRDA:80,7,0,2
BRDA:80,7,1,2
BRDA:87,8,0,0
BRDA:87,8,1,2
BRDA:89,9,0,0
BRDA:89,9,1,2
BRDA:89,10,0,2
BRDA:89,10,1,0
BRDA:121,11,0,24
BRDA:121,11,1,0
BRDA:122,12,0,16
BRDA:122,12,1,16
BRDA:122,12,2,4
BRDA:122,12,3,4
BRDA:127,13,0,16
BRDA:127,13,1,16
BRDA:128,14,0,8
BRDA:128,14,1,8
BRDA:133,15,0,0
BRDA:133,15,1,0
BRDA:134,16,0,0
BRDA:134,16,1,0
BRDA:137,17,0,12
BRDA:137,17,1,12
BRDA:138,18,0,12
BRDA:138,18,1,12
BRDA:139,19,0,0
BRDA:139,19,1,24
BRDA:142,20,0,6
BRDA:142,20,1,18
BRDA:145,21,0,12
BRDA:145,21,1,12
BRDA:145,22,0,12
BRDA:145,22,1,12
BRDA:171,23,0,8
BRDA:173,24,0,4
BRDA:173,24,1,4
BRF:51
BRH:39
end_of_record
TN:
SF:/Users/sth1pal/Documents/Development/JavaScript/nodejs/ts6/dev/hsApps/hsDocs/src/view/MainExample.ts
FN:179,example
FN:195,(anonymous_7)
FN:204,(anonymous_8)
FN:209,createExecuteScript
FN:212,(anonymous_11)
FN:214,(anonymous_12)
FN:214,(anonymous_13)
FN:218,(anonymous_14)
FN:236,initDesc
FN:244,(anonymous_16)
FN:244,(anonymous_17)
FN:261,getNewID
FN:270,addExampleStructure
FN:274,(anonymous_20)
FN:279,(anonymous_21)
FN:303,executeScript
FN:319,executeError
FN:329,getCommentDescriptor
FN:337,(anonymous_26)
FN:337,(anonymous_27)
FN:345,(anonymous_28)
FN:355,findTokens
FN:363,(anonymous_30)
FN:386,loadScript
FN:387,(anonymous_33)
FN:387,(anonymous_34)
FNF:26
FNH:6
FNDA:1,example
FNDA:0,(anonymous_7)
FNDA:0,(anonymous_8)
FNDA:1,createExecuteScript
FNDA:0,(anonymous_11)
FNDA:0,(anonymous_12)
FNDA:0,(anonymous_13)
FNDA:0,(anonymous_14)
FNDA:1,initDesc
FNDA:0,(anonymous_16)
FNDA:0,(anonymous_17)
FNDA:2,getNewID
FNDA:1,addExampleStructure
FNDA:0,(anonymous_20)
FNDA:0,(anonymous_21)
FNDA:0,executeScript
FNDA:0,executeError
FNDA:1,getCommentDescriptor
FNDA:0,(anonymous_26)
FNDA:0,(anonymous_27)
FNDA:0,(anonymous_28)
FNDA:0,findTokens
FNDA:0,(anonymous_30)
FNDA:0,loadScript
FNDA:0,(anonymous_33)
FNDA:0,(anonymous_34)
DA:123,3
DA:124,3
DA:125,3
DA:126,3
DA:127,3
DA:128,3
DA:129,3
DA:130,3
DA:131,3
DA:133,3
DA:163,3
DA:179,3
DA:180,1
DA:181,1
DA:182,1
DA:183,1
DA:184,1
DA:185,1
DA:187,1
DA:188,1
DA:189,1
DA:194,1
DA:195,1
DA:202,1
DA:204,0
DA:206,1
DA:210,1
DA:211,1
DA:212,1
DA:213,0
DA:214,0
DA:215,0
DA:216,0
DA:218,0
DA:219,0
DA:220,0
DA:221,0
DA:224,1
DA:225,1
DA:226,1
DA:228,0
DA:229,0
DA:237,1
DA:244,0
DA:245,0
DA:246,0
DA:247,0
DA:248,0
DA:250,0
DA:262,2
DA:271,1
DA:272,1
DA:274,1
DA:275,0
DA:278,1
DA:279,0
DA:296,1
DA:304,0
DA:305,0
DA:307,0
DA:308,0
DA:310,0
DA:315,0
DA:316,0
DA:320,0
DA:330,1
DA:333,1
DA:334,1
DA:335,0
DA:336,0
DA:337,0
DA:338,0
DA:339,0
DA:340,0
DA:343,0
DA:345,1
DA:346,0
DA:347,0
DA:348,0
DA:349,0
DA:350,0
DA:352,1
DA:356,0
DA:358,0
DA:360,0
DA:361,0
DA:363,0
DA:364,0
DA:365,0
DA:367,0
DA:368,0
DA:369,0
DA:373,0
DA:387,0
DA:389,0
DA:394,0
DA:395,0
DA:396,0
DA:398,0
DA:399,0
DA:400,0
DA:401,0
DA:405,0
DA:407,0
DA:408,0
DA:409,0
DA:410,0
DA:411,0
DA:412,0
DA:413,0
DA:414,0
DA:416,0
DA:419,0
DA:420,0
LF:114
LH:43
BRDA:182,0,0,1
BRDA:182,0,1,0
BRDA:187,1,0,1
BRDA:187,1,1,0
BRDA:194,2,0,1
BRDA:194,2,1,1
BRDA:194,3,0,1
BRDA:194,3,1,0
BRDA:195,4,0,0
BRDA:195,4,1,0
BRDA:202,5,0,1
BRDA:202,5,1,0
BRDA:215,6,0,0
BRDA:215,6,1,0
BRDA:271,7,0,1
BRDA:271,7,1,1
BRDA:278,8,0,0
BRDA:278,8,1,1
BRDA:278,9,0,1
BRDA:278,9,1,0
BRDA:305,10,0,0
BRDA:305,10,1,0
BRDA:305,11,0,0
BRDA:305,11,1,0
BRDA:334,12,0,0
BRDA:334,12,1,1
BRDA:334,13,0,1
BRDA:334,13,1,0
BRDA:336,14,0,0
BRDA:336,14,1,0
BRDA:340,15,0,0
BRDA:340,15,1,0
BRDA:365,16,0,0
BRDA:365,16,1,0
BRDA:395,17,0,0
BRDA:395,17,1,0
BRDA:405,18,0,0
BRDA:405,18,1,0
BRDA:413,19,0,0
BRDA:413,19,1,0
BRF:40
BRH:12
end_of_record
TN:
SF:/Users/sth1pal/Documents/Development/JavaScript/nodejs/ts6/dev/hsApps/hsDocs/src/view/Parts.ts
FN:10,flags
FN:27,(anonymous_1)
FN:38,kindString
FN:42,itemName
FN:47,itemTooltip
FN:51,extensionOf
FN:54,(anonymous_6)
FN:63,implementationOf
FN:66,(anonymous_8)
FN:75,extendedBy
FN:78,(anonymous_10)
FN:87,implementedBy
FN:90,(anonymous_12)
FN:99,inheritedFrom
FN:112,sourceLink
FN:137,libLink
FN:144,signature
FN:145,(anonymous_17)
FN:146,optional
FN:153,(anonymous_19)
FN:188,defaultVal
FN:197,type
FN:198,_type
FN:206,(anonymous_23)
FN:212,(anonymous_24)
FN:226,(anonymous_25)
FN:250,makeID
FNF:27
FNH:22
FNDA:16,flags
FNDA:39,(anonymous_1)
FNDA:12,kindString
FNDA:12,itemName
FNDA:1,itemTooltip
FNDA:13,extensionOf
FNDA:1,(anonymous_6)
FNDA:12,implementationOf
FNDA:0,(anonymous_8)
FNDA:12,extendedBy
FNDA:0,(anonymous_10)
FNDA:12,implementedBy
FNDA:0,(anonymous_12)
FNDA:13,inheritedFrom
FNDA:14,sourceLink
FNDA:146,libLink
FNDA:12,signature
FNDA:16,(anonymous_17)
FNDA:16,optional
FNDA:16,(anonymous_19)
FNDA:32,defaultVal
FNDA:36,type
FNDA:34,_type
FNDA:1,(anonymous_23)
FNDA:0,(anonymous_24)
FNDA:0,(anonymous_25)
FNDA:12,makeID
DA:1,3
DA:2,3
DA:3,3
DA:4,3
DA:6,3
DA:10,3
DA:11,16
DA:12,16
DA:26,16
DA:28,39
DA:29,39
DA:30,39
DA:31,36
DA:32,39
DA:33,39
DA:38,3
DA:39,12
DA:42,3
DA:43,12
DA:47,3
DA:48,1
DA:51,3
DA:52,13
DA:55,1
DA:63,3
DA:64,12
DA:67,0
DA:75,3
DA:76,12
DA:79,0
DA:87,3
DA:88,12
DA:91,0
DA:99,3
DA:100,13
DA:101,1
DA:102,1
DA:103,1
DA:108,12
DA:112,3
DA:113,14
DA:114,14
DA:115,14
DA:116,14
DA:117,14
DA:118,1
DA:120,14
DA:124,0
DA:137,3
DA:138,146
DA:144,3
DA:145,16
DA:147,16
DA:150,12
DA:151,12
DA:152,12
DA:153,16
DA:161,12
DA:162,0
DA:176,12
DA:177,12
DA:178,12
DA:179,0
DA:182,12
DA:188,3
DA:189,32
DA:190,4
DA:191,4
DA:193,28
DA:197,3
DA:199,34
DA:200,34
DA:201,2
DA:202,1
DA:204,1
DA:206,1
DA:210,23
DA:211,1
DA:212,1
DA:213,3
DA:214,3
DA:215,1
DA:216,1
DA:217,1
DA:218,0
DA:220,3
DA:222,1
DA:223,1
DA:227,0
DA:232,0
DA:234,1
DA:235,1
DA:236,1
DA:237,1
DA:241,36
DA:242,36
DA:247,0
DA:250,3
DA:251,12
DA:252,12
DA:253,12
LF:101
LH:91
BRDA:10,0,0,15
BRDA:26,1,0,1
BRDA:26,1,1,15
BRDA:30,2,0,3
BRDA:30,2,1,36
BRDA:32,3,0,3
BRDA:32,3,1,36
BRDA:32,4,0,39
BRDA:32,4,1,9
BRDA:33,5,0,4
BRDA:33,5,1,35
BRDA:33,6,0,3
BRDA:33,6,1,32
BRDA:33,7,0,4
BRDA:33,7,1,35
BRDA:43,8,0,0
BRDA:43,8,1,12
BRDA:52,9,0,12
BRDA:52,9,1,1
BRDA:57,10,0,0
BRDA:57,10,1,1
BRDA:64,11,0,12
BRDA:64,11,1,0
BRDA:69,12,0,0
BRDA:69,12,1,0
BRDA:76,13,0,12
BRDA:76,13,1,0
BRDA:81,14,0,0
BRDA:81,14,1,0
BRDA:88,15,0,12
BRDA:88,15,1,0
BRDA:93,16,0,0
BRDA:93,16,1,0
BRDA:100,17,0,1
BRDA:100,17,1,12
BRDA:113,18,0,14
BRDA:113,18,1,0
BRDA:114,19,0,14
BRDA:114,19,1,0
BRDA:115,20,0,14
BRDA:115,20,1,1
BRDA:117,21,0,1
BRDA:117,21,1,13
BRDA:145,22,0,10
BRDA:145,22,1,6
BRDA:147,23,0,0
BRDA:147,23,1,16
BRDA:147,24,0,16
BRDA:147,24,1,16
BRDA:151,25,0,12
BRDA:151,25,1,0
BRDA:152,26,0,6
BRDA:152,26,1,6
BRDA:162,27,0,0
BRDA:162,27,1,2
BRDA:162,27,2,6
BRDA:162,27,3,6
BRDA:162,27,4,8
BRDA:162,27,5,10
BRDA:162,27,6,12
BRDA:162,27,7,12
BRDA:162,27,8,12
BRDA:162,27,9,12
BRDA:162,27,10,12
BRDA:162,27,11,12
BRDA:162,27,12,12
BRDA:162,27,13,12
BRDA:162,27,14,0
BRDA:189,28,0,4
BRDA:189,28,1,28
BRDA:189,29,0,32
BRDA:189,29,1,32
BRDA:199,30,0,0
BRDA:199,30,1,34
BRDA:201,31,0,2
BRDA:201,31,1,1
BRDA:201,31,2,1
BRDA:201,31,3,22
BRDA:201,31,4,23
BRDA:201,31,5,1
BRDA:201,31,6,1
BRDA:201,31,7,3
BRDA:201,31,8,1
BRDA:201,31,9,1
BRDA:206,32,0,0
BRDA:206,32,1,1
BRDA:210,33,0,1
BRDA:210,33,1,22
BRDA:212,34,0,0
BRDA:212,34,1,0
BRDA:214,35,0,1
BRDA:214,35,1,2
BRDA:216,36,0,0
BRDA:216,36,1,1
BRDA:217,37,0,1
BRDA:217,37,1,0
BRDA:222,38,0,1
BRDA:222,38,1,0
BRDA:223,39,0,0
BRDA:223,39,1,1
BRDA:227,40,0,0
BRDA:227,40,1,0
BRDA:242,41,0,4
BRDA:242,41,1,32
BRDA:251,42,0,12
BRDA:251,42,1,0
BRDA:252,43,0,12
BRDA:252,43,1,0
BRDA:253,44,0,12
BRDA:253,44,1,0
BRF:110
BRH:80
end_of_record
TN:
SF:/Users/sth1pal/Documents/Development/JavaScript/nodejs/ts6/dev/hsApps/hsDocs/src/view/Tooltip.ts
FN:3,tooltip
FNF:1
FNH:1
FNDA:1,tooltip
DA:1,3
DA:3,3
DA:5,1
LF:3
LH:3
BRF:0
BRH:0
end_of_record
