TN:
SF:/Users/sth1pal/Documents/Development/JavaScript/nodejs/ts6/dev/hsApps/hsDocs/src/DocSets.ts
FN:34,matchAll
FN:58,(anonymous_8)
FN:72,(anonymous_9)
FN:73,getIndexFile
FN:85,getDirJSONs
FN:89,(anonymous_15)
FN:89,(anonymous_16)
FN:92,(anonymous_17)
FN:93,(anonymous_18)
FN:116,(anonymous_19)
FN:116,(anonymous_20)
FN:128,(anonymous_21)
FN:141,loadDocSet
FN:154,recursiveIndex
FN:155,getNewPath
FN:163,markIfModule
FN:165,(anonymous_27)
FN:182,(anonymous_28)
FN:185,(anonymous_29)
FN:188,(anonymous_30)
FN:191,(anonymous_31)
FNF:21
FNH:15
FNDA:0,matchAll
FNDA:15,(anonymous_8)
FNDA:13,(anonymous_9)
FNDA:13,getIndexFile
FNDA:0,getDirJSONs
FNDA:0,(anonymous_15)
FNDA:0,(anonymous_16)
FNDA:0,(anonymous_17)
FNDA:0,(anonymous_18)
FNDA:15,(anonymous_19)
FNDA:15,(anonymous_20)
FNDA:217,(anonymous_21)
FNDA:15,loadDocSet
FNDA:3110,recursiveIndex
FNDA:3110,getNewPath
FNDA:3110,markIfModule
FNDA:11,(anonymous_27)
FNDA:1302,(anonymous_28)
FNDA:660,(anonymous_29)
FNDA:1067,(anonymous_30)
FNDA:66,(anonymous_31)
DA:10,5
DA:11,5
DA:13,5
DA:19,5
DA:35,0
DA:37,0
DA:38,0
DA:39,0
DA:41,0
DA:48,5
DA:50,5
DA:59,15
DA:60,15
DA:61,15
DA:62,15
DA:63,15
DA:74,13
DA:75,13
DA:76,13
DA:77,13
DA:78,13
DA:79,13
DA:80,13
DA:82,0
DA:86,0
DA:87,0
DA:89,0
DA:90,0
DA:92,0
DA:93,0
DA:95,0
DA:96,0
DA:97,0
DA:98,0
DA:99,0
DA:100,0
DA:101,0
DA:105,0
DA:107,13
DA:108,13
DA:109,13
DA:111,13
DA:112,13
DA:113,13
DA:114,13
DA:115,13
DA:116,15
DA:129,217
DA:142,15
DA:143,15
DA:144,15
DA:156,3110
DA:158,3110
DA:159,3110
DA:160,3110
DA:164,3110
DA:165,11
DA:166,11
DA:167,11
DA:172,3110
DA:173,3110
DA:174,3110
DA:176,3110
DA:178,3110
DA:179,3110
DA:181,3110
DA:182,1302
DA:184,3110
DA:185,660
DA:187,3110
DA:188,1067
DA:190,3110
DA:191,66
LF:73
LH:53
BRDA:74,0,0,0
BRDA:74,0,1,13
BRDA:95,1,0,0
BRDA:95,1,1,0
BRDA:97,2,0,0
BRDA:97,2,1,0
BRDA:112,3,0,13
BRDA:112,3,1,0
BRDA:113,4,0,0
BRDA:113,4,1,13
BRDA:114,5,0,0
BRDA:114,5,1,13
BRDA:128,6,0,10
BRDA:130,7,0,210
BRDA:130,7,1,7
BRDA:129,8,0,217
BRDA:129,8,1,211
BRDA:154,9,0,15
BRDA:160,10,0,15
BRDA:160,10,1,3095
BRDA:164,11,0,11
BRDA:164,11,1,3099
BRDA:164,12,0,3110
BRDA:164,12,1,928
BRDA:166,13,0,11
BRDA:166,13,1,0
BRDA:173,14,0,3110
BRDA:173,14,1,0
BRDA:173,15,0,3110
BRDA:173,15,1,3110
BRDA:179,16,0,3110
BRDA:179,16,1,0
BRDA:181,17,0,235
BRDA:181,17,1,2875
BRDA:184,18,0,660
BRDA:184,18,1,2450
BRDA:187,19,0,638
BRDA:187,19,1,2472
BRDA:190,20,0,44
BRDA:190,20,1,3066
BRDA:190,21,0,3110
BRDA:190,21,1,2244
BRDA:190,21,2,55
BRF:43
BRH:32
end_of_record
TN:
SF:/Users/sth1pal/Documents/Development/JavaScript/nodejs/ts6/dev/hsApps/hsDocs/src/Types.ts
FN:162,(anonymous_0)
FN:164,(anonymous_1)
FN:170,testNode
FN:175,testFullNode
FN:177,(anonymous_4)
FN:196,(anonymous_5)
FN:197,(anonymous_6)
FN:198,(anonymous_7)
FN:199,(anonymous_8)
FN:200,(anonymous_9)
FN:201,(anonymous_10)
FN:202,(anonymous_11)
FN:203,(anonymous_12)
FN:204,(anonymous_13)
FN:205,(anonymous_14)
FN:206,(anonymous_15)
FN:215,testSignature
FN:216,(anonymous_17)
FN:227,(anonymous_18)
FN:232,(anonymous_19)
FN:239,testBaseNode
FN:240,(anonymous_21)
FN:257,testTypeOperator
FN:258,(anonymous_23)
FN:272,testNameType
FN:273,(anonymous_25)
FN:284,testTypeNameID
FN:285,(anonymous_27)
FN:298,testExtendedTypes
FN:299,(anonymous_29)
FN:305,(anonymous_30)
FN:313,testFlags
FN:314,(anonymous_32)
FN:334,testComment
FN:335,(anonymous_34)
FN:340,(anonymous_35)
FN:348,testSources
FN:349,(anonymous_37)
FN:349,(anonymous_38)
FN:361,testType
FN:362,(anonymous_40)
FN:371,(anonymous_41)
FN:372,(anonymous_42)
FN:373,(anonymous_43)
FN:383,testConstraint
FN:384,(anonymous_45)
FN:398,testReference
FN:399,(anonymous_47)
FN:404,(anonymous_48)
FN:411,testTag
FN:412,(anonymous_50)
FN:456,testString
FN:462,testBoolean
FN:468,testNumber
FNF:54
FNH:43
FNDA:31806,(anonymous_0)
FNDA:27023,(anonymous_1)
FNDA:6,testNode
FNDA:1685,testFullNode
FNDA:12457,(anonymous_4)
FNDA:8,(anonymous_5)
FNDA:8,(anonymous_6)
FNDA:54,(anonymous_7)
FNDA:57,(anonymous_8)
FNDA:1069,(anonymous_9)
FNDA:357,(anonymous_10)
FNDA:348,(anonymous_11)
FNDA:16,(anonymous_12)
FNDA:16,(anonymous_13)
FNDA:24,(anonymous_14)
FNDA:0,(anonymous_15)
FNDA:348,testSignature
FNDA:2687,(anonymous_17)
FNDA:500,(anonymous_18)
FNDA:0,(anonymous_19)
FNDA:0,testBaseNode
FNDA:0,(anonymous_21)
FNDA:0,testTypeOperator
FNDA:0,(anonymous_23)
FNDA:0,testNameType
FNDA:0,(anonymous_25)
FNDA:570,testTypeNameID
FNDA:1685,(anonymous_27)
FNDA:57,testExtendedTypes
FNDA:168,(anonymous_29)
FNDA:0,(anonymous_30)
FNDA:2033,testFlags
FNDA:1064,(anonymous_32)
FNDA:462,testComment
FNDA:512,(anonymous_34)
FNDA:7,(anonymous_35)
FNDA:1115,testSources
FNDA:1114,(anonymous_37)
FNDA:3342,(anonymous_38)
FNDA:1727,testType
FNDA:4018,(anonymous_40)
FNDA:6,(anonymous_41)
FNDA:45,(anonymous_42)
FNDA:87,(anonymous_43)
FNDA:0,testConstraint
FNDA:0,(anonymous_45)
FNDA:357,testReference
FNDA:1071,(anonymous_47)
FNDA:1067,(anonymous_48)
FNDA:7,testTag
FNDA:19,(anonymous_50)
FNDA:10725,testString
FNDA:1064,testBoolean
FNDA:8850,testNumber
DA:6,2
DA:7,2
DA:9,2
DA:162,31806
DA:164,2
DA:165,27023
DA:166,27023
DA:170,2
DA:171,6
DA:172,6
DA:175,2
DA:176,1685
DA:177,1685
DA:178,12457
DA:179,12457
DA:180,4
DA:181,0
DA:182,4
DA:183,1685
DA:184,1685
DA:185,1685
DA:186,1679
DA:187,1685
DA:188,55
DA:189,144
DA:190,330
DA:191,1115
DA:192,1108
DA:193,226
DA:194,24
DA:195,86
DA:196,8
DA:197,8
DA:198,54
DA:199,57
DA:200,1069
DA:201,357
DA:202,348
DA:203,16
DA:204,16
DA:205,24
DA:206,0
DA:207,0
DA:209,0
DA:211,1685
DA:212,1685
DA:216,348
DA:217,2687
DA:218,2687
DA:219,0
DA:220,0
DA:221,348
DA:222,348
DA:223,348
DA:224,348
DA:225,348
DA:226,132
DA:227,500
DA:228,348
DA:229,74
DA:230,69
DA:231,15
DA:232,0
DA:233,0
DA:235,0
DA:240,0
DA:241,0
DA:242,0
DA:243,0
DA:244,0
DA:245,0
DA:246,0
DA:247,0
DA:248,0
DA:249,0
DA:250,0
DA:252,0
DA:258,0
DA:259,0
DA:260,0
DA:261,0
DA:262,0
DA:263,0
DA:264,0
DA:265,0
DA:266,0
DA:268,0
DA:273,0
DA:274,0
DA:275,0
DA:276,0
DA:277,0
DA:278,0
DA:280,0
DA:285,570
DA:286,1685
DA:287,1685
DA:288,570
DA:289,570
DA:290,545
DA:291,0
DA:292,0
DA:294,0
DA:299,57
DA:300,168
DA:301,168
DA:302,57
DA:303,57
DA:304,54
DA:305,0
DA:306,0
DA:307,0
DA:309,0
DA:314,2033
DA:315,1064
DA:316,1064
DA:317,678
DA:318,50
DA:319,28
DA:320,58
DA:321,45
DA:322,0
DA:323,77
DA:324,92
DA:325,16
DA:326,8
DA:327,12
DA:328,0
DA:330,0
DA:335,462
DA:336,512
DA:337,512
DA:338,329
DA:339,158
DA:340,7
DA:341,20
DA:342,0
DA:344,0
DA:349,1115
DA:350,3342
DA:351,3342
DA:352,1114
DA:353,1114
DA:354,1114
DA:355,0
DA:357,0
DA:362,1727
DA:363,4018
DA:364,4018
DA:365,1727
DA:366,1476
DA:367,533
DA:368,12
DA:369,54
DA:370,139
DA:371,6
DA:372,45
DA:373,87
DA:374,0
DA:375,0
DA:376,0
DA:378,0
DA:384,0
DA:385,0
DA:386,0
DA:387,0
DA:388,0
DA:389,0
DA:390,0
DA:391,0
DA:392,0
DA:393,0
DA:395,0
DA:399,357
DA:400,1071
DA:401,1071
DA:402,357
DA:403,357
DA:404,1067
DA:405,0
DA:407,0
DA:412,7
DA:413,19
DA:414,19
DA:415,7
DA:416,7
DA:417,5
DA:418,0
DA:420,0
DA:457,10725
DA:458,10725
DA:459,10725
DA:463,1064
DA:464,1064
DA:465,1064
DA:469,8850
DA:470,8850
DA:471,8850
LF:198
LH:127
BRDA:165,0,0,27023
BRDA:165,0,1,10
BRDA:166,1,0,27023
BRDA:166,1,1,81
BRDA:170,2,0,6
BRDA:175,3,0,6
BRDA:176,4,0,6
BRDA:176,4,1,1679
BRDA:180,5,0,4
BRDA:180,5,1,0
BRDA:180,5,2,4
BRDA:180,5,3,1685
BRDA:180,5,4,1685
BRDA:180,5,5,1685
BRDA:180,5,6,1679
BRDA:180,5,7,1685
BRDA:180,5,8,55
BRDA:180,5,9,144
BRDA:180,5,10,330
BRDA:180,5,11,1115
BRDA:180,5,12,1108
BRDA:180,5,13,226
BRDA:180,5,14,24
BRDA:180,5,15,86
BRDA:180,5,16,8
BRDA:180,5,17,1
BRDA:180,5,18,22
BRDA:180,5,19,51
BRDA:180,5,20,228
BRDA:180,5,21,228
BRDA:180,5,22,348
BRDA:180,5,23,16
BRDA:180,5,24,16
BRDA:180,5,25,24
BRDA:180,5,26,0
BRDA:180,5,27,0
BRDA:207,6,0,0
BRDA:207,6,1,0
BRDA:219,7,0,0
BRDA:219,7,1,0
BRDA:219,7,2,348
BRDA:219,7,3,348
BRDA:219,7,4,348
BRDA:219,7,5,348
BRDA:219,7,6,348
BRDA:219,7,7,132
BRDA:219,7,8,309
BRDA:219,7,9,348
BRDA:219,7,10,74
BRDA:219,7,11,69
BRDA:219,7,12,15
BRDA:219,7,13,0
BRDA:219,7,14,0
BRDA:243,8,0,0
BRDA:243,8,1,0
BRDA:243,8,2,0
BRDA:243,8,3,0
BRDA:243,8,4,0
BRDA:243,8,5,0
BRDA:243,8,6,0
BRDA:261,9,0,0
BRDA:261,9,1,0
BRDA:261,9,2,0
BRDA:261,9,3,0
BRDA:261,9,4,0
BRDA:276,10,0,0
BRDA:276,10,1,0
BRDA:276,10,2,0
BRDA:288,11,0,570
BRDA:288,11,1,570
BRDA:288,11,2,545
BRDA:288,11,3,0
BRDA:302,12,0,57
BRDA:302,12,1,57
BRDA:302,12,2,54
BRDA:302,12,3,0
BRDA:302,12,4,0
BRDA:317,13,0,678
BRDA:317,13,1,50
BRDA:317,13,2,28
BRDA:317,13,3,58
BRDA:317,13,4,45
BRDA:317,13,5,0
BRDA:317,13,6,77
BRDA:317,13,7,92
BRDA:317,13,8,16
BRDA:317,13,9,8
BRDA:317,13,10,12
BRDA:317,13,11,0
BRDA:338,14,0,329
BRDA:338,14,1,158
BRDA:338,14,2,5
BRDA:338,14,3,20
BRDA:338,14,4,0
BRDA:352,15,0,1114
BRDA:352,15,1,1114
BRDA:352,15,2,1114
BRDA:352,15,3,0
BRDA:365,16,0,1727
BRDA:365,16,1,1476
BRDA:365,16,2,533
BRDA:365,16,3,12
BRDA:365,16,4,54
BRDA:365,16,5,139
BRDA:365,16,6,3
BRDA:365,16,7,31
BRDA:365,16,8,43
BRDA:365,16,9,0
BRDA:365,16,10,0
BRDA:387,17,0,0
BRDA:387,17,1,0
BRDA:387,17,2,0
BRDA:387,17,3,0
BRDA:387,17,4,0
BRDA:387,17,5,0
BRDA:402,18,0,357
BRDA:402,18,1,357
BRDA:402,18,2,357
BRDA:402,18,3,0
BRDA:415,19,0,7
BRDA:415,19,1,7
BRDA:415,19,2,5
BRDA:415,19,3,0
BRDA:457,20,0,0
BRDA:457,20,1,10725
BRDA:463,21,0,0
BRDA:463,21,1,1064
BRDA:469,22,0,0
BRDA:469,22,1,8850
BRF:129
BRH:85
end_of_record
TN:
SF:/Users/sth1pal/Documents/Development/JavaScript/nodejs/ts6/dev/hsApps/hsDocs/src/markdown.ts
FN:11,markDown
FN:47,substituteLinks
FN:52,deconstructRoute
FN:54,(anonymous_3)
FN:62,getLibMod
FN:79,(anonymous_5)
FNF:6
FNH:6
FNDA:28,markDown
FNDA:28,substituteLinks
FNDA:28,deconstructRoute
FNDA:22,(anonymous_3)
FNDA:15,getLibMod
FNDA:15,(anonymous_5)
DA:1,3
DA:2,3
DA:11,3
DA:12,28
DA:19,28
DA:20,28
DA:21,18
DA:22,18
DA:24,28
DA:25,28
DA:54,28
DA:55,22
DA:56,22
DA:57,22
DA:59,28
DA:64,15
DA:65,9
DA:67,6
DA:68,6
DA:70,15
DA:71,1
DA:73,15
DA:76,28
DA:79,28
DA:80,15
DA:81,15
DA:82,15
DA:83,15
DA:87,28
LF:29
LH:29
BRDA:11,0,0,1
BRDA:11,1,0,1
BRDA:19,2,0,0
BRDA:19,2,1,28
BRDA:20,3,0,18
BRDA:20,3,1,10
BRDA:22,4,0,18
BRDA:22,4,1,0
BRDA:64,5,0,9
BRDA:64,5,1,6
BRDA:70,6,0,1
BRDA:70,6,1,14
BRDA:84,7,0,4
BRDA:84,7,1,11
BRDA:83,8,0,15
BRDA:83,8,1,13
BRDA:83,8,2,13
BRF:17
BRH:15
end_of_record
TN:
SF:/Users/sth1pal/Documents/Development/JavaScript/nodejs/ts6/dev/hsApps/hsDocs/src/view/DocsMenu.ts
FN:21,(anonymous_0)
FN:24,(anonymous_1)
FN:28,(anonymous_2)
FN:30,(anonymous_3)
FN:40,(anonymous_4)
FN:43,(anonymous_5)
FN:47,(anonymous_6)
FNF:7
FNH:6
FNDA:1,(anonymous_0)
FNDA:2,(anonymous_1)
FNDA:1,(anonymous_2)
FNDA:2,(anonymous_3)
FNDA:4,(anonymous_4)
FNDA:0,(anonymous_5)
FNDA:2,(anonymous_6)
DA:1,1
DA:2,1
DA:3,1
DA:4,1
DA:5,1
DA:21,1
DA:22,1
DA:25,2
DA:26,1
DA:27,1
DA:29,1
DA:30,1
DA:31,2
DA:32,2
DA:33,2
DA:38,2
DA:39,2
DA:40,4
DA:43,0
DA:48,2
DA:49,2
LF:21
LH:20
BRDA:25,0,0,1
BRDA:25,0,1,1
BRDA:42,1,0,2
BRDA:42,1,1,2
BRF:4
BRH:4
end_of_record
TN:
SF:/Users/sth1pal/Documents/Development/JavaScript/nodejs/ts6/dev/hsApps/hsDocs/src/view/LeftNav.ts
FN:17,(anonymous_0)
FN:26,navList
FN:28,collectModules
FN:32,(anonymous_3)
FN:47,(anonymous_4)
FN:49,(anonymous_5)
FN:68,externalModule
FN:74,(anonymous_7)
FN:103,entries
FN:104,moduleGet
FN:110,entry
FN:122,empty
FN:141,exportAscending
FNF:13
FNH:12
FNDA:2,(anonymous_0)
FNDA:2,navList
FNDA:2,collectModules
FNDA:24,(anonymous_3)
FNDA:0,(anonymous_4)
FNDA:44,(anonymous_5)
FNDA:20,externalModule
FNDA:44,(anonymous_7)
FNDA:44,entries
FNDA:128,moduleGet
FNDA:128,entry
FNDA:128,empty
FNDA:112,exportAscending
DA:6,1
DA:7,1
DA:8,1
DA:9,1
DA:10,1
DA:16,1
DA:18,2
DA:19,2
DA:20,2
DA:21,2
DA:29,2
DA:30,2
DA:31,2
DA:32,2
DA:34,24
DA:35,20
DA:36,20
DA:37,20
DA:38,20
DA:46,20
DA:47,20
DA:49,20
DA:50,44
DA:51,44
DA:52,44
DA:57,44
DA:59,44
DA:69,20
DA:70,20
DA:72,20
DA:74,44
DA:78,2
DA:79,2
DA:81,2
DA:82,2
DA:83,2
DA:90,1
DA:105,128
DA:111,128
DA:112,128
DA:113,128
DA:114,128
DA:115,128
DA:122,128
DA:124,44
DA:125,44
DA:126,44
DA:131,44
DA:132,34
DA:135,44
DA:142,112
DA:143,112
DA:144,64
DA:145,60
DA:146,54
DA:147,0
LF:56
LH:55
BRDA:20,0,0,2
BRDA:20,0,1,0
BRDA:31,1,0,2
BRDA:31,1,1,0
BRDA:34,2,0,20
BRDA:34,2,1,4
BRDA:34,3,0,24
BRDA:34,3,1,24
BRDA:34,4,0,24
BRDA:34,4,1,24
BRDA:35,5,0,0
BRDA:35,5,1,20
BRDA:37,6,0,20
BRDA:37,6,1,0
BRDA:49,7,0,20
BRDA:49,7,1,0
BRDA:51,8,0,44
BRDA:51,8,1,0
BRDA:70,9,0,0
BRDA:70,9,1,20
BRDA:70,10,0,20
BRDA:70,10,1,20
BRDA:73,11,0,0
BRDA:73,11,1,20
BRDA:74,12,0,0
BRDA:74,12,1,20
BRDA:78,13,0,2
BRDA:78,13,1,0
BRDA:111,14,0,0
BRDA:111,14,1,128
BRDA:111,15,0,128
BRDA:111,15,1,128
BRDA:112,16,0,128
BRDA:112,16,1,128
BRDA:113,17,0,128
BRDA:113,17,1,128
BRDA:114,18,0,44
BRDA:114,18,1,84
BRDA:115,19,0,18
BRDA:115,19,1,110
BRDA:115,20,0,128
BRDA:115,20,1,84
BRDA:117,21,0,0
BRDA:117,21,1,110
BRDA:125,22,0,44
BRDA:125,22,1,0
BRDA:125,23,0,44
BRDA:125,23,1,44
BRDA:131,24,0,34
BRDA:131,24,1,10
BRDA:135,25,0,34
BRDA:135,25,1,10
BRDA:142,26,0,112
BRDA:142,26,1,0
BRDA:142,27,0,112
BRDA:142,27,1,112
BRDA:143,28,0,48
BRDA:143,28,1,64
BRDA:143,29,0,112
BRDA:143,29,1,52
BRDA:144,30,0,4
BRDA:144,30,1,60
BRDA:145,31,0,6
BRDA:145,31,1,54
BRF:64
BRH:50
end_of_record
TN:
SF:/Users/sth1pal/Documents/Development/JavaScript/nodejs/ts6/dev/hsApps/hsDocs/src/view/MainComment.ts
FN:17,commentLong
FN:35,comment
FN:60,textOrShortTextOrDescription
FN:64,(anonymous_3)
FN:80,returns
FN:88,commentRemainder
FN:89,(anonymous_6)
FN:105,otherCommentTags
FN:106,(anonymous_8)
FN:117,mainCommentParams
FN:118,(anonymous_10)
FN:138,prettifyCode
FN:142,braceIndenting
FN:149,(anonymous_13)
FNF:14
FNH:14
FNDA:7,commentLong
FNDA:15,comment
FNDA:22,textOrShortTextOrDescription
FNDA:10,(anonymous_3)
FNDA:22,returns
FNDA:22,commentRemainder
FNDA:34,(anonymous_6)
FNDA:1,otherCommentTags
FNDA:2,(anonymous_8)
FNDA:1,mainCommentParams
FNDA:1,(anonymous_10)
FNDA:22,prettifyCode
FNDA:5,braceIndenting
FNDA:49,(anonymous_13)
DA:6,2
DA:7,2
DA:8,2
DA:17,2
DA:18,7
DA:19,7
DA:20,7
DA:21,7
DA:22,7
DA:24,7
DA:35,2
DA:36,15
DA:37,15
DA:38,15
DA:39,15
DA:40,1
DA:41,1
DA:42,1
DA:45,15
DA:46,15
DA:48,15
DA:61,22
DA:62,22
DA:63,22
DA:64,6
DA:65,10
DA:67,1
DA:68,0
DA:73,22
DA:74,22
DA:81,22
DA:82,22
DA:89,22
DA:90,34
DA:96,33
DA:97,1
DA:106,1
DA:107,2
DA:108,0
DA:109,2
DA:118,1
DA:119,1
DA:140,22
DA:143,5
DA:144,5
DA:150,49
DA:151,49
DA:152,49
DA:153,49
DA:154,49
DA:158,5
DA:161,22
DA:162,22
LF:53
LH:51
BRDA:19,0,0,7
BRDA:19,0,1,0
BRDA:35,1,0,1
BRDA:37,2,0,15
BRDA:37,2,1,0
BRDA:39,3,0,1
BRDA:39,3,1,14
BRDA:41,4,0,1
BRDA:41,4,1,0
BRDA:61,5,0,22
BRDA:61,5,1,5
BRDA:62,6,0,10
BRDA:62,6,1,12
BRDA:62,7,0,10
BRDA:62,7,1,0
BRDA:63,8,0,6
BRDA:63,8,1,16
BRDA:66,9,0,0
BRDA:66,9,1,1
BRDA:66,9,2,0
BRDA:73,10,0,14
BRDA:73,10,1,8
BRDA:82,11,0,22
BRDA:82,11,1,0
BRDA:91,12,0,6
BRDA:91,12,1,23
BRDA:91,12,2,33
BRDA:91,12,3,33
BRDA:91,12,4,33
BRDA:91,12,5,1
BRDA:106,13,0,0
BRDA:106,13,1,1
BRDA:108,14,0,0
BRDA:108,14,1,2
BRDA:121,15,0,1
BRDA:121,15,1,0
BRDA:122,16,0,0
BRDA:122,16,1,0
BRDA:154,17,0,11
BRDA:154,17,1,38
BRF:40
BRH:28
end_of_record
TN:
SF:/Users/sth1pal/Documents/Development/JavaScript/nodejs/ts6/dev/hsApps/hsDocs/src/view/MainDetail.ts
FN:19,(anonymous_0)
FN:35,getOverview
FN:49,itemDoc
FN:62,overviewDoc
FN:75,title
FN:79,members
FN:82,(anonymous_6)
FN:83,(anonymous_7)
FN:84,(anonymous_8)
FN:85,(anonymous_9)
FN:90,(anonymous_10)
FN:99,parameter
FN:100,(anonymous_12)
FN:105,member
FN:106,(anonymous_14)
FN:107,(anonymous_15)
FN:108,(anonymous_16)
FN:125,(anonymous_17)
FN:130,(anonymous_18)
FN:131,(anonymous_19)
FN:132,(anonymous_20)
FN:136,(anonymous_21)
FN:137,(anonymous_22)
FN:138,(anonymous_23)
FN:156,itemDescriptor
FN:174,itemChild
FN:176,(anonymous_26)
FNF:27
FNH:24
FNDA:6,(anonymous_0)
FNDA:6,getOverview
FNDA:4,itemDoc
FNDA:2,overviewDoc
FNDA:4,title
FNDA:4,members
FNDA:6,(anonymous_6)
FNDA:6,(anonymous_7)
FNDA:6,(anonymous_8)
FNDA:6,(anonymous_9)
FNDA:2,(anonymous_10)
FNDA:2,parameter
FNDA:4,(anonymous_12)
FNDA:24,member
FNDA:64,(anonymous_14)
FNDA:32,(anonymous_15)
FNDA:32,(anonymous_16)
FNDA:16,(anonymous_17)
FNDA:32,(anonymous_18)
FNDA:16,(anonymous_19)
FNDA:8,(anonymous_20)
FNDA:0,(anonymous_21)
FNDA:0,(anonymous_22)
FNDA:0,(anonymous_23)
FNDA:16,itemDescriptor
FNDA:12,itemChild
FNDA:4,(anonymous_26)
DA:1,1
DA:2,1
DA:3,1
DA:4,1
DA:5,1
DA:18,1
DA:20,6
DA:21,6
DA:22,6
DA:24,6
DA:25,6
DA:36,6
DA:37,2
DA:38,2
DA:39,2
DA:42,4
DA:50,4
DA:51,4
DA:63,2
DA:64,2
DA:76,4
DA:80,4
DA:81,2
DA:82,6
DA:83,6
DA:84,6
DA:85,6
DA:87,2
DA:88,0
DA:89,2
DA:90,2
DA:91,0
DA:92,0
DA:93,0
DA:95,0
DA:100,4
DA:101,2
DA:102,2
DA:106,64
DA:107,32
DA:108,32
DA:109,24
DA:124,24
DA:125,24
DA:127,24
DA:130,32
DA:131,16
DA:132,8
DA:133,24
DA:136,0
DA:137,0
DA:138,0
DA:140,24
DA:141,24
DA:142,24
DA:143,0
DA:145,24
DA:146,6
DA:148,24
DA:157,16
DA:171,0
DA:175,12
DA:176,4
LF:63
LH:53
BRDA:24,0,0,6
BRDA:24,0,1,4
BRDA:24,1,0,4
BRDA:24,1,1,0
BRDA:36,2,0,2
BRDA:36,2,1,4
BRDA:36,3,0,6
BRDA:36,3,1,4
BRDA:38,4,0,2
BRDA:38,4,1,0
BRDA:50,5,0,2
BRDA:50,5,1,2
BRDA:63,6,0,0
BRDA:63,6,1,2
BRDA:80,7,0,2
BRDA:80,7,1,2
BRDA:87,8,0,0
BRDA:87,8,1,2
BRDA:89,9,0,2
BRDA:89,9,1,0
BRDA:91,10,0,0
BRDA:91,10,1,0
BRDA:91,11,0,0
BRDA:91,11,1,0
BRDA:124,12,0,24
BRDA:124,12,1,0
BRDA:125,13,0,16
BRDA:125,13,1,16
BRDA:125,13,2,4
BRDA:125,13,3,4
BRDA:130,14,0,16
BRDA:130,14,1,16
BRDA:131,15,0,8
BRDA:131,15,1,8
BRDA:136,16,0,0
BRDA:136,16,1,0
BRDA:137,17,0,0
BRDA:137,17,1,0
BRDA:140,18,0,12
BRDA:140,18,1,12
BRDA:141,19,0,12
BRDA:141,19,1,12
BRDA:142,20,0,0
BRDA:142,20,1,24
BRDA:145,21,0,6
BRDA:145,21,1,18
BRDA:148,22,0,12
BRDA:148,22,1,12
BRDA:148,23,0,12
BRDA:148,23,1,12
BRDA:174,24,0,12
BRDA:176,25,0,4
BRDA:176,25,1,8
BRF:53
BRH:38
end_of_record
TN:
SF:/Users/sth1pal/Documents/Development/JavaScript/nodejs/ts6/dev/hsApps/hsDocs/src/view/MainExample.ts
FN:179,example
FN:195,(anonymous_8)
FN:204,(anonymous_9)
FN:209,createExecuteScript
FN:212,(anonymous_12)
FN:214,(anonymous_13)
FN:214,(anonymous_14)
FN:218,(anonymous_15)
FN:236,initDesc
FN:244,(anonymous_17)
FN:244,(anonymous_18)
FN:261,getNewID
FN:270,addExampleStructure
FN:274,(anonymous_21)
FN:279,(anonymous_22)
FN:303,executeScript
FN:319,executeError
FN:329,getCommentDescriptor
FN:337,(anonymous_27)
FN:337,(anonymous_28)
FN:345,(anonymous_29)
FN:355,findTokens
FN:363,(anonymous_31)
FN:386,loadScript
FN:387,(anonymous_34)
FN:387,(anonymous_35)
FNF:26
FNH:6
FNDA:1,example
FNDA:0,(anonymous_8)
FNDA:0,(anonymous_9)
FNDA:1,createExecuteScript
FNDA:0,(anonymous_12)
FNDA:0,(anonymous_13)
FNDA:0,(anonymous_14)
FNDA:0,(anonymous_15)
FNDA:1,initDesc
FNDA:0,(anonymous_17)
FNDA:0,(anonymous_18)
FNDA:2,getNewID
FNDA:1,addExampleStructure
FNDA:0,(anonymous_21)
FNDA:0,(anonymous_22)
FNDA:0,executeScript
FNDA:0,executeError
FNDA:1,getCommentDescriptor
FNDA:0,(anonymous_27)
FNDA:0,(anonymous_28)
FNDA:0,(anonymous_29)
FNDA:0,findTokens
FNDA:0,(anonymous_31)
FNDA:0,loadScript
FNDA:0,(anonymous_34)
FNDA:0,(anonymous_35)
DA:123,3
DA:124,3
DA:125,3
DA:126,3
DA:127,3
DA:128,3
DA:129,3
DA:130,3
DA:131,3
DA:133,3
DA:163,3
DA:179,3
DA:180,1
DA:181,1
DA:182,1
DA:183,1
DA:184,1
DA:185,1
DA:187,1
DA:188,1
DA:189,1
DA:194,1
DA:195,1
DA:202,1
DA:204,0
DA:206,1
DA:210,1
DA:211,1
DA:212,1
DA:213,0
DA:214,0
DA:215,0
DA:216,0
DA:218,0
DA:219,0
DA:220,0
DA:221,0
DA:224,1
DA:225,1
DA:226,1
DA:228,0
DA:229,0
DA:237,1
DA:244,0
DA:245,0
DA:246,0
DA:247,0
DA:248,0
DA:250,0
DA:262,2
DA:271,1
DA:272,1
DA:274,1
DA:275,0
DA:278,1
DA:279,0
DA:296,1
DA:304,0
DA:305,0
DA:307,0
DA:308,0
DA:310,0
DA:315,0
DA:316,0
DA:320,0
DA:330,1
DA:333,1
DA:334,1
DA:335,0
DA:336,0
DA:337,0
DA:338,0
DA:339,0
DA:340,0
DA:343,0
DA:345,1
DA:346,0
DA:347,0
DA:348,0
DA:349,0
DA:350,0
DA:352,1
DA:356,0
DA:358,0
DA:360,0
DA:361,0
DA:363,0
DA:364,0
DA:365,0
DA:367,0
DA:368,0
DA:369,0
DA:373,0
DA:387,0
DA:389,0
DA:394,0
DA:395,0
DA:396,0
DA:398,0
DA:399,0
DA:400,0
DA:401,0
DA:402,0
DA:406,0
DA:408,0
DA:410,0
DA:411,0
DA:412,0
DA:413,0
DA:414,0
DA:415,0
DA:416,0
DA:418,0
DA:421,0
DA:422,0
DA:423,0
LF:116
LH:43
BRDA:182,0,0,1
BRDA:182,0,1,0
BRDA:187,1,0,1
BRDA:187,1,1,0
BRDA:194,2,0,1
BRDA:194,2,1,1
BRDA:194,3,0,1
BRDA:194,3,1,0
BRDA:195,4,0,0
BRDA:195,4,1,0
BRDA:202,5,0,1
BRDA:202,5,1,0
BRDA:215,6,0,0
BRDA:215,6,1,0
BRDA:271,7,0,1
BRDA:271,7,1,1
BRDA:278,8,0,0
BRDA:278,8,1,1
BRDA:278,9,0,1
BRDA:278,9,1,0
BRDA:305,10,0,0
BRDA:305,10,1,0
BRDA:305,11,0,0
BRDA:305,11,1,0
BRDA:334,12,0,0
BRDA:334,12,1,1
BRDA:334,13,0,1
BRDA:334,13,1,0
BRDA:336,14,0,0
BRDA:336,14,1,0
BRDA:340,15,0,0
BRDA:340,15,1,0
BRDA:365,16,0,0
BRDA:365,16,1,0
BRDA:395,17,0,0
BRDA:395,17,1,0
BRDA:402,18,0,0
BRDA:402,18,1,0
BRDA:406,19,0,0
BRDA:406,19,1,0
BRDA:415,20,0,0
BRDA:415,20,1,0
BRF:42
BRH:12
end_of_record
TN:
SF:/Users/sth1pal/Documents/Development/JavaScript/nodejs/ts6/dev/hsApps/hsDocs/src/view/Parts.ts
FN:10,flags
FN:27,(anonymous_1)
FN:38,kindString
FN:42,itemName
FN:47,itemTooltip
FN:51,extensionOf
FN:54,(anonymous_6)
FN:63,implementationOf
FN:66,(anonymous_8)
FN:75,extendedBy
FN:78,(anonymous_10)
FN:87,implementedBy
FN:90,(anonymous_12)
FN:99,inheritedFrom
FN:119,sourceLink
FN:144,libLink
FN:151,signature
FN:152,params
FN:153,(anonymous_18)
FN:161,(anonymous_19)
FN:162,(anonymous_20)
FN:168,(anonymous_21)
FN:171,(anonymous_22)
FN:204,defaultVal
FN:213,type
FN:214,_type
FN:222,(anonymous_26)
FN:230,(anonymous_27)
FN:244,(anonymous_28)
FN:267,makeID
FNF:30
FNH:23
FNDA:20,flags
FNDA:39,(anonymous_1)
FNDA:16,kindString
FNDA:16,itemName
FNDA:1,itemTooltip
FNDA:17,extensionOf
FNDA:1,(anonymous_6)
FNDA:16,implementationOf
FNDA:0,(anonymous_8)
FNDA:16,extendedBy
FNDA:0,(anonymous_10)
FNDA:16,implementedBy
FNDA:0,(anonymous_12)
FNDA:17,inheritedFrom
FNDA:18,sourceLink
FNDA:150,libLink
FNDA:16,signature
FNDA:6,params
FNDA:16,(anonymous_18)
FNDA:16,(anonymous_19)
FNDA:16,(anonymous_20)
FNDA:0,(anonymous_21)
FNDA:0,(anonymous_22)
FNDA:36,defaultVal
FNDA:40,type
FNDA:38,_type
FNDA:1,(anonymous_26)
FNDA:0,(anonymous_27)
FNDA:0,(anonymous_28)
FNDA:16,makeID
DA:1,3
DA:2,3
DA:3,3
DA:4,3
DA:6,3
DA:10,3
DA:11,20
DA:12,20
DA:26,20
DA:28,39
DA:29,39
DA:30,39
DA:31,36
DA:32,39
DA:33,39
DA:38,3
DA:39,16
DA:42,3
DA:43,16
DA:47,3
DA:48,1
DA:51,3
DA:52,17
DA:55,1
DA:63,3
DA:64,16
DA:67,0
DA:75,3
DA:76,16
DA:79,0
DA:87,3
DA:88,16
DA:91,0
DA:99,3
DA:100,17
DA:101,1
DA:102,1
DA:103,1
DA:104,1
DA:109,0
DA:115,16
DA:119,3
DA:120,18
DA:121,18
DA:122,14
DA:123,14
DA:124,14
DA:125,1
DA:127,14
DA:131,4
DA:144,3
DA:145,150
DA:151,3
DA:153,16
DA:161,16
DA:162,16
DA:164,16
DA:165,16
DA:166,16
DA:167,10
DA:168,0
DA:170,10
DA:171,0
DA:173,16
DA:184,10
DA:186,0
DA:192,6
DA:193,6
DA:194,6
DA:195,0
DA:198,16
DA:204,3
DA:205,36
DA:206,4
DA:207,4
DA:209,32
DA:213,3
DA:215,38
DA:216,38
DA:217,2
DA:218,1
DA:220,1
DA:222,1
DA:228,27
DA:229,1
DA:230,1
DA:231,3
DA:232,3
DA:233,1
DA:234,1
DA:235,1
DA:236,0
DA:238,3
DA:240,1
DA:241,1
DA:245,0
DA:250,0
DA:252,1
DA:253,1
DA:254,1
DA:258,40
DA:259,40
DA:264,0
DA:267,3
DA:268,16
DA:269,16
DA:270,16
LF:107
LH:95
BRDA:10,0,0,19
BRDA:26,1,0,1
BRDA:26,1,1,19
BRDA:30,2,0,3
BRDA:30,2,1,36
BRDA:32,3,0,3
BRDA:32,3,1,36
BRDA:32,4,0,39
BRDA:32,4,1,9
BRDA:33,5,0,4
BRDA:33,5,1,35
BRDA:33,6,0,3
BRDA:33,6,1,32
BRDA:33,7,0,4
BRDA:33,7,1,35
BRDA:43,8,0,0
BRDA:43,8,1,16
BRDA:52,9,0,16
BRDA:52,9,1,1
BRDA:57,10,0,0
BRDA:57,10,1,1
BRDA:64,11,0,16
BRDA:64,11,1,0
BRDA:69,12,0,0
BRDA:69,12,1,0
BRDA:76,13,0,16
BRDA:76,13,1,0
BRDA:81,14,0,0
BRDA:81,14,1,0
BRDA:88,15,0,16
BRDA:88,15,1,0
BRDA:93,16,0,0
BRDA:93,16,1,0
BRDA:100,17,0,1
BRDA:100,17,1,16
BRDA:101,18,0,1
BRDA:101,18,1,0
BRDA:120,19,0,14
BRDA:120,19,1,4
BRDA:121,20,0,14
BRDA:121,20,1,4
BRDA:122,21,0,14
BRDA:122,21,1,1
BRDA:124,22,0,1
BRDA:124,22,1,13
BRDA:161,23,0,10
BRDA:161,23,1,6
BRDA:162,24,0,0
BRDA:162,24,1,16
BRDA:162,25,0,16
BRDA:162,25,1,16
BRDA:165,26,0,16
BRDA:165,26,1,0
BRDA:166,27,0,6
BRDA:166,27,1,10
BRDA:167,28,0,0
BRDA:167,28,1,10
BRDA:167,29,0,10
BRDA:167,29,1,6
BRDA:167,29,2,0
BRDA:170,30,0,0
BRDA:170,30,1,10
BRDA:170,31,0,10
BRDA:170,31,1,6
BRDA:170,31,2,0
BRDA:175,32,0,2
BRDA:175,32,1,6
BRDA:175,32,2,6
BRDA:175,32,3,6
BRDA:175,32,4,6
BRDA:175,32,5,8
BRDA:175,32,6,10
BRDA:175,32,7,10
BRDA:175,32,8,10
BRDA:175,32,9,0
BRDA:175,32,10,2
BRDA:175,32,11,2
BRDA:175,32,12,6
BRDA:175,32,13,6
BRDA:175,32,14,6
BRDA:175,32,15,0
BRDA:205,33,0,4
BRDA:205,33,1,32
BRDA:205,34,0,36
BRDA:205,34,1,36
BRDA:215,35,0,0
BRDA:215,35,1,38
BRDA:217,36,0,2
BRDA:217,36,1,1
BRDA:217,36,2,1
BRDA:217,36,3,0
BRDA:217,36,4,26
BRDA:217,36,5,27
BRDA:217,36,6,1
BRDA:217,36,7,1
BRDA:217,36,8,3
BRDA:217,36,9,1
BRDA:217,36,10,1
BRDA:222,37,0,0
BRDA:222,37,1,1
BRDA:228,38,0,1
BRDA:228,38,1,26
BRDA:230,39,0,0
BRDA:230,39,1,0
BRDA:232,40,0,1
BRDA:232,40,1,2
BRDA:234,41,0,0
BRDA:234,41,1,1
BRDA:235,42,0,1
BRDA:235,42,1,0
BRDA:240,43,0,1
BRDA:240,43,1,0
BRDA:241,44,0,0
BRDA:241,44,1,1
BRDA:245,45,0,0
BRDA:245,45,1,0
BRDA:259,46,0,4
BRDA:259,46,1,36
BRDA:268,47,0,16
BRDA:268,47,1,0
BRDA:269,48,0,16
BRDA:269,48,1,0
BRDA:270,49,0,16
BRDA:270,49,1,0
BRF:124
BRH:90
end_of_record
TN:
SF:/Users/sth1pal/Documents/Development/JavaScript/nodejs/ts6/dev/hsApps/hsDocs/src/view/Tooltip.ts
FN:3,tooltip
FNF:1
FNH:1
FNDA:1,tooltip
DA:1,3
DA:3,3
DA:5,1
LF:3
LH:3
BRF:0
BRH:0
end_of_record
