TN:
SF:/Users/sth1pal/Documents/Development/JavaScript/nodejs/ts6/dev/hsLibs/standalone/hsDatab/src/Data.ts
FN:97,(anonymous_0)
FN:89,(anonymous_1)
FN:92,(anonymous_2)
FN:93,(anonymous_3)
FN:104,(anonymous_4)
FN:112,(anonymous_5)
FN:120,(anonymous_6)
FN:130,(anonymous_7)
FN:138,(anonymous_8)
FN:140,(anonymous_9)
FN:149,(anonymous_10)
FN:171,(anonymous_11)
FN:176,(anonymous_12)
FN:188,(anonymous_13)
FN:203,(anonymous_14)
FN:214,(anonymous_15)
FN:215,(anonymous_16)
FN:224,(anonymous_17)
FN:236,(anonymous_18)
FN:249,(anonymous_19)
FN:255,(anonymous_20)
FN:269,(anonymous_21)
FN:270,(anonymous_22)
FN:273,(anonymous_23)
FN:286,(anonymous_24)
FN:316,(anonymous_25)
FN:322,(anonymous_26)
FN:323,(anonymous_27)
FN:324,(anonymous_28)
FN:371,(anonymous_29)
FN:372,(anonymous_30)
FN:373,(anonymous_31)
FN:375,(anonymous_32)
FN:377,getFn
FN:391,(anonymous_34)
FN:411,(anonymous_35)
FN:427,(anonymous_36)
FN:433,(anonymous_37)
FN:434,(anonymous_38)
FN:445,(anonymous_39)
FN:448,(anonymous_40)
FN:457,(anonymous_41)
FN:477,(anonymous_42)
FN:508,(anonymous_43)
FN:525,(anonymous_44)
FN:544,(anonymous_45)
FNF:46
FNH:46
FNDA:101,(anonymous_0)
FNDA:1,(anonymous_1)
FNDA:1,(anonymous_2)
FNDA:4,(anonymous_3)
FNDA:62,(anonymous_4)
FNDA:101,(anonymous_5)
FNDA:1,(anonymous_6)
FNDA:81,(anonymous_7)
FNDA:12,(anonymous_8)
FNDA:48,(anonymous_9)
FNDA:407,(anonymous_10)
FNDA:2,(anonymous_11)
FNDA:8,(anonymous_12)
FNDA:662,(anonymous_13)
FNDA:4,(anonymous_14)
FNDA:66,(anonymous_15)
FNDA:265,(anonymous_16)
FNDA:8,(anonymous_17)
FNDA:5,(anonymous_18)
FNDA:8,(anonymous_19)
FNDA:8,(anonymous_20)
FNDA:101,(anonymous_21)
FNDA:404,(anonymous_22)
FNDA:1132,(anonymous_23)
FNDA:58,(anonymous_24)
FNDA:5,(anonymous_25)
FNDA:11,(anonymous_26)
FNDA:5,(anonymous_27)
FNDA:19,(anonymous_28)
FNDA:4,(anonymous_29)
FNDA:4,(anonymous_30)
FNDA:1,(anonymous_31)
FNDA:4,(anonymous_32)
FNDA:4,getFn
FNDA:16,(anonymous_34)
FNDA:1487,(anonymous_35)
FNDA:101,(anonymous_36)
FNDA:404,(anonymous_37)
FNDA:404,(anonymous_38)
FNDA:404,(anonymous_39)
FNDA:2020,(anonymous_40)
FNDA:1812,(anonymous_41)
FNDA:1132,(anonymous_42)
FNDA:404,(anonymous_43)
FNDA:907,(anonymous_44)
FNDA:1132,(anonymous_45)
DA:5,2
DA:65,2
DA:69,2
DA:90,1
DA:91,1
DA:92,1
DA:93,4
DA:94,1
DA:98,101
DA:105,62
DA:113,101
DA:114,101
DA:121,1
DA:131,81
DA:139,12
DA:140,48
DA:150,407
DA:151,407
DA:152,406
DA:153,406
DA:154,406
DA:155,406
DA:156,406
DA:157,406
DA:159,407
DA:172,2
DA:173,2
DA:174,2
DA:175,2
DA:176,2
DA:177,8
DA:189,662
DA:190,662
DA:192,660
DA:193,660
DA:204,4
DA:205,4
DA:206,3
DA:207,3
DA:215,265
DA:225,8
DA:226,8
DA:237,5
DA:238,5
DA:239,1
DA:240,1
DA:242,4
DA:243,4
DA:244,4
DA:245,0
DA:247,4
DA:249,2
DA:250,8
DA:251,8
DA:253,2
DA:255,2
DA:256,8
DA:257,8
DA:258,8
DA:259,8
DA:260,8
DA:261,7
DA:266,5
DA:270,101
DA:271,404
DA:272,404
DA:273,1132
DA:275,404
DA:287,58
DA:317,5
DA:318,5
DA:319,1
DA:321,4
DA:322,11
DA:323,5
DA:324,19
DA:326,5
DA:372,4
DA:373,4
DA:374,1
DA:375,4
DA:379,4
DA:380,1
DA:381,1
DA:382,2
DA:384,4
DA:387,4
DA:388,4
DA:389,4
DA:392,16
DA:393,12
DA:395,4
DA:397,16
DA:401,4
DA:407,101
DA:408,101
DA:412,1487
DA:413,1487
DA:414,1076
DA:415,1076
DA:428,101
DA:429,101
DA:430,101
DA:431,0
DA:433,404
DA:434,404
DA:435,101
DA:446,404
DA:447,404
DA:448,404
DA:449,2020
DA:450,2020
DA:451,2020
DA:453,404
DA:454,1132
DA:455,1132
DA:457,404
DA:458,1812
DA:459,1812
DA:460,1812
DA:462,404
DA:463,404
DA:478,1132
DA:479,1132
DA:480,878
DA:483,751
DA:484,751
DA:485,595
DA:486,595
DA:487,595
DA:490,283
DA:491,0
DA:492,0
DA:495,283
DA:496,0
DA:497,0
DA:498,283
DA:501,0
DA:509,404
DA:510,404
DA:511,1132
DA:527,907
DA:528,907
DA:529,907
DA:530,907
DA:531,0
DA:532,0
DA:534,907
DA:545,1132
DA:546,566
DA:547,312
DA:548,312
DA:549,312
DA:550,0
DA:551,0
DA:552,0
DA:554,0
DA:555,0
DA:557,0
DA:559,283
DA:560,283
DA:561,283
DA:562,283
DA:564,878
LF:164
LH:149
BRDA:90,0,0,1
BRDA:90,0,1,0
BRDA:94,1,0,1
BRDA:94,1,1,1
BRDA:151,2,0,406
BRDA:151,2,1,1
BRDA:174,3,0,1
BRDA:174,3,1,1
BRDA:174,4,0,2
BRDA:174,4,1,1
BRDA:175,5,0,2
BRDA:175,5,1,0
BRDA:177,6,0,4
BRDA:177,6,1,4
BRDA:190,7,0,2
BRDA:190,7,1,660
BRDA:205,8,0,1
BRDA:205,8,1,3
BRDA:226,9,0,7
BRDA:226,9,1,1
BRDA:237,10,0,4
BRDA:237,10,1,1
BRDA:238,11,0,1
BRDA:238,11,1,4
BRDA:244,12,0,0
BRDA:244,12,1,4
BRDA:248,13,0,2
BRDA:248,13,1,2
BRDA:251,14,0,8
BRDA:251,14,1,0
BRDA:257,15,0,1
BRDA:257,15,1,7
BRDA:258,16,0,1
BRDA:258,16,1,7
BRDA:259,17,0,8
BRDA:259,17,1,0
BRDA:259,18,0,8
BRDA:259,18,1,8
BRDA:260,19,0,1
BRDA:260,19,1,7
BRDA:261,20,0,2
BRDA:261,20,1,5
BRDA:272,21,0,404
BRDA:272,21,1,0
BRDA:318,22,0,1
BRDA:318,22,1,4
BRDA:322,23,0,2
BRDA:322,23,1,2
BRDA:322,24,0,8
BRDA:322,24,1,3
BRDA:322,25,0,3
BRDA:322,25,1,0
BRDA:323,26,0,1
BRDA:323,26,1,3
BRDA:323,27,0,2
BRDA:323,27,1,3
BRDA:323,28,0,3
BRDA:323,28,1,0
BRDA:380,29,0,1
BRDA:380,29,1,1
BRDA:380,29,2,2
BRDA:388,30,0,3
BRDA:388,30,1,1
BRDA:392,31,0,12
BRDA:392,31,1,4
BRDA:412,32,0,0
BRDA:412,32,1,1487
BRDA:413,33,0,411
BRDA:413,33,1,1076
BRDA:427,34,0,101
BRDA:430,35,0,0
BRDA:430,35,1,101
BRDA:455,36,0,1132
BRDA:455,36,1,0
BRDA:458,37,0,0
BRDA:458,37,1,1812
BRDA:458,38,0,1812
BRDA:458,38,1,404
BRDA:459,39,0,0
BRDA:459,39,1,1812
BRDA:459,40,0,1812
BRDA:459,40,1,404
BRDA:478,41,0,1132
BRDA:478,41,1,0
BRDA:478,42,0,1132
BRDA:478,42,1,1132
BRDA:479,43,0,254
BRDA:479,43,1,878
BRDA:480,44,0,127
BRDA:480,44,1,751
BRDA:484,45,0,156
BRDA:484,45,1,595
BRDA:485,46,0,0
BRDA:485,46,1,595
BRDA:485,47,0,595
BRDA:485,47,1,0
BRDA:486,48,0,0
BRDA:486,48,1,595
BRDA:486,49,0,595
BRDA:486,49,1,0
BRDA:487,50,0,312
BRDA:487,50,1,283
BRDA:490,51,0,0
BRDA:490,51,1,283
BRDA:491,52,0,0
BRDA:491,52,1,0
BRDA:496,53,0,0
BRDA:496,53,1,0
BRDA:496,53,2,283
BRDA:498,54,0,283
BRDA:498,54,1,0
BRDA:525,55,0,907
BRDA:527,56,0,0
BRDA:527,56,1,907
BRDA:530,57,0,0
BRDA:530,57,1,907
BRDA:532,58,0,0
BRDA:532,58,1,0
BRDA:546,59,0,566
BRDA:546,59,1,0
BRDA:546,59,2,0
BRDA:546,59,3,283
BRDA:546,59,4,283
BRDA:546,60,0,254
BRDA:546,60,1,312
BRDA:548,61,0,0
BRDA:548,61,1,312
BRDA:550,62,0,0
BRDA:550,62,1,0
BRDA:552,63,0,0
BRDA:552,63,1,0
BRDA:554,64,0,0
BRDA:554,64,1,0
BRDA:557,65,0,0
BRDA:557,65,1,0
BRDA:559,66,0,156
BRDA:559,66,1,127
BRDA:560,67,0,0
BRDA:560,67,1,283
BRF:139
BRH:99
end_of_record
TN:
SF:/Users/sth1pal/Documents/Development/JavaScript/nodejs/ts6/dev/hsLibs/standalone/hsDatab/src/DataFilters.ts
FN:154,resolveTerminalCondition
FN:167,(anonymous_1)
FN:180,resolveCondition
FN:200,(anonymous_3)
FN:201,(anonymous_4)
FN:235,filter
FN:236,(anonymous_6)
FN:241,(anonymous_7)
FNF:8
FNH:8
FNDA:231,resolveTerminalCondition
FNDA:273,(anonymous_1)
FNDA:306,resolveCondition
FNDA:10,(anonymous_3)
FNDA:28,(anonymous_4)
FNDA:58,filter
FNDA:231,(anonymous_6)
FNDA:232,(anonymous_7)
DA:124,2
DA:155,231
DA:156,231
DA:157,231
DA:158,231
DA:159,0
DA:160,0
DA:161,0
DA:162,231
DA:164,4
DA:165,227
DA:167,273
DA:169,71
DA:181,306
DA:182,306
DA:184,306
DA:187,302
DA:190,291
DA:192,291
DA:195,291
DA:196,28
DA:197,28
DA:199,24
DA:200,10
DA:201,28
DA:205,263
DA:206,263
DA:207,267
DA:208,267
DA:211,267
DA:212,8
DA:213,16
DA:214,12
DA:215,231
DA:217,267
DA:218,151
DA:222,0
DA:223,0
DA:225,263
DA:235,2
DA:236,231
DA:237,58
DA:238,58
DA:242,232
DA:243,232
DA:247,0
DA:248,0
LF:47
LH:40
BRDA:157,0,0,231
BRDA:157,0,1,156
BRDA:158,1,0,0
BRDA:158,1,1,231
BRDA:162,2,0,4
BRDA:162,2,1,227
BRDA:165,3,0,156
BRDA:165,3,1,71
BRDA:167,4,0,156
BRDA:167,4,1,156
BRDA:184,5,0,4
BRDA:184,5,1,302
BRDA:187,6,0,11
BRDA:187,6,1,291
BRDA:190,7,0,291
BRDA:190,7,1,0
BRDA:195,8,0,28
BRDA:195,8,1,263
BRDA:196,9,0,16
BRDA:196,9,1,12
BRDA:197,10,0,4
BRDA:197,10,1,24
BRDA:200,11,0,8
BRDA:200,11,1,16
BRDA:205,12,0,220
BRDA:205,12,1,43
BRDA:212,13,0,8
BRDA:212,13,1,16
BRDA:212,13,2,12
BRDA:212,13,3,231
BRDA:217,14,0,116
BRDA:217,14,1,151
BRDA:217,15,0,8
BRDA:217,15,1,108
BRDA:218,16,0,131
BRDA:218,16,1,20
BRDA:225,17,0,238
BRDA:225,17,1,25
BRF:38
BRH:36
end_of_record
TN:
SF:/Users/sth1pal/Documents/Development/JavaScript/nodejs/ts6/dev/hsLibs/standalone/hsDatab/src/index.ts
FNF:0
FNH:0
DA:1,2
DA:2,2
DA:3,2
DA:4,2
DA:5,2
DA:6,2
DA:7,2
DA:8,2
DA:9,2
DA:12,2
DA:13,2
LF:11
LH:11
BRF:0
BRH:0
end_of_record
