TN:
SF:/Users/sth1pal/Documents/Development/JavaScript/nodejs/ts6/dev/hsLibs/standalone/hsDatab/src/Data.ts
FN:94,(anonymous_0)
FN:86,(anonymous_1)
FN:89,(anonymous_2)
FN:90,(anonymous_3)
FN:101,(anonymous_4)
FN:109,(anonymous_5)
FN:117,(anonymous_6)
FN:127,(anonymous_7)
FN:135,(anonymous_8)
FN:137,(anonymous_9)
FN:146,(anonymous_10)
FN:168,(anonymous_11)
FN:173,(anonymous_12)
FN:185,(anonymous_13)
FN:200,(anonymous_14)
FN:211,(anonymous_15)
FN:212,(anonymous_16)
FN:221,(anonymous_17)
FN:233,(anonymous_18)
FN:246,(anonymous_19)
FN:252,(anonymous_20)
FN:266,(anonymous_21)
FN:267,(anonymous_22)
FN:270,(anonymous_23)
FN:283,(anonymous_24)
FN:313,(anonymous_25)
FN:319,(anonymous_26)
FN:320,(anonymous_27)
FN:321,(anonymous_28)
FN:365,(anonymous_29)
FN:366,(anonymous_30)
FN:367,(anonymous_31)
FN:369,(anonymous_32)
FN:371,getFn
FN:384,(anonymous_34)
FN:387,(anonymous_35)
FN:402,(anonymous_36)
FN:418,(anonymous_37)
FN:424,(anonymous_38)
FN:425,(anonymous_39)
FN:436,(anonymous_40)
FN:439,(anonymous_41)
FN:448,(anonymous_42)
FN:468,(anonymous_43)
FN:499,(anonymous_44)
FN:516,(anonymous_45)
FN:535,(anonymous_46)
FNF:47
FNH:26
FNDA:33,(anonymous_0)
FNDA:1,(anonymous_1)
FNDA:1,(anonymous_2)
FNDA:4,(anonymous_3)
FNDA:26,(anonymous_4)
FNDA:33,(anonymous_5)
FNDA:0,(anonymous_6)
FNDA:48,(anonymous_7)
FNDA:0,(anonymous_8)
FNDA:0,(anonymous_9)
FNDA:132,(anonymous_10)
FNDA:0,(anonymous_11)
FNDA:0,(anonymous_12)
FNDA:235,(anonymous_13)
FNDA:0,(anonymous_14)
FNDA:26,(anonymous_15)
FNDA:104,(anonymous_16)
FNDA:0,(anonymous_17)
FNDA:0,(anonymous_18)
FNDA:0,(anonymous_19)
FNDA:0,(anonymous_20)
FNDA:33,(anonymous_21)
FNDA:132,(anonymous_22)
FNDA:300,(anonymous_23)
FNDA:26,(anonymous_24)
FNDA:0,(anonymous_25)
FNDA:0,(anonymous_26)
FNDA:0,(anonymous_27)
FNDA:0,(anonymous_28)
FNDA:0,(anonymous_29)
FNDA:0,(anonymous_30)
FNDA:0,(anonymous_31)
FNDA:0,(anonymous_32)
FNDA:0,getFn
FNDA:0,(anonymous_34)
FNDA:0,(anonymous_35)
FNDA:499,(anonymous_36)
FNDA:33,(anonymous_37)
FNDA:132,(anonymous_38)
FNDA:132,(anonymous_39)
FNDA:132,(anonymous_40)
FNDA:660,(anonymous_41)
FNDA:588,(anonymous_42)
FNDA:300,(anonymous_43)
FNDA:132,(anonymous_44)
FNDA:107,(anonymous_45)
FNDA:300,(anonymous_46)
DA:5,2
DA:62,2
DA:66,2
DA:87,1
DA:88,1
DA:89,1
DA:90,4
DA:91,1
DA:95,33
DA:102,26
DA:110,33
DA:111,33
DA:118,0
DA:128,48
DA:136,0
DA:137,0
DA:147,132
DA:148,132
DA:149,132
DA:150,132
DA:151,132
DA:152,132
DA:153,132
DA:154,132
DA:156,132
DA:169,0
DA:170,0
DA:171,0
DA:172,0
DA:173,0
DA:174,0
DA:186,235
DA:187,235
DA:189,235
DA:190,235
DA:201,0
DA:202,0
DA:203,0
DA:204,0
DA:212,104
DA:222,0
DA:223,0
DA:234,0
DA:235,0
DA:236,0
DA:237,0
DA:239,0
DA:240,0
DA:241,0
DA:242,0
DA:244,0
DA:246,0
DA:247,0
DA:248,0
DA:250,0
DA:252,0
DA:253,0
DA:254,0
DA:255,0
DA:256,0
DA:257,0
DA:258,0
DA:263,0
DA:267,33
DA:268,132
DA:269,132
DA:270,300
DA:272,132
DA:284,26
DA:314,0
DA:315,0
DA:316,0
DA:318,0
DA:319,0
DA:320,0
DA:321,0
DA:323,0
DA:366,0
DA:367,0
DA:368,0
DA:369,0
DA:373,0
DA:374,0
DA:375,0
DA:376,0
DA:378,0
DA:381,0
DA:383,0
DA:384,0
DA:385,0
DA:386,0
DA:387,0
DA:388,0
DA:389,0
DA:392,0
DA:398,33
DA:399,33
DA:403,499
DA:404,499
DA:405,367
DA:406,367
DA:419,33
DA:420,33
DA:421,33
DA:422,0
DA:424,132
DA:425,132
DA:426,33
DA:437,132
DA:438,132
DA:439,132
DA:440,660
DA:441,660
DA:442,660
DA:444,132
DA:445,300
DA:446,300
DA:448,132
DA:449,588
DA:450,588
DA:451,588
DA:453,132
DA:454,132
DA:469,300
DA:470,300
DA:471,166
DA:474,99
DA:475,99
DA:476,91
DA:477,91
DA:478,91
DA:481,75
DA:482,0
DA:483,0
DA:486,75
DA:487,0
DA:488,0
DA:489,75
DA:492,0
DA:500,132
DA:501,132
DA:502,300
DA:518,107
DA:519,107
DA:520,107
DA:521,107
DA:522,0
DA:523,0
DA:525,107
DA:536,300
DA:537,150
DA:538,16
DA:539,16
DA:540,16
DA:541,0
DA:542,0
DA:543,0
DA:545,0
DA:546,0
DA:548,0
DA:550,75
DA:551,75
DA:552,75
DA:553,75
DA:555,166
LF:165
LH:89
BRDA:87,0,0,1
BRDA:87,0,1,0
BRDA:91,1,0,1
BRDA:91,1,1,1
BRDA:148,2,0,132
BRDA:148,2,1,0
BRDA:170,3,0,0
BRDA:170,3,1,0
BRDA:170,4,0,0
BRDA:170,4,1,0
BRDA:172,5,0,0
BRDA:172,5,1,0
BRDA:174,6,0,0
BRDA:174,6,1,0
BRDA:187,7,0,0
BRDA:187,7,1,235
BRDA:202,8,0,0
BRDA:202,8,1,0
BRDA:223,9,0,0
BRDA:223,9,1,0
BRDA:234,10,0,0
BRDA:234,10,1,0
BRDA:235,11,0,0
BRDA:235,11,1,0
BRDA:241,12,0,0
BRDA:241,12,1,0
BRDA:245,13,0,0
BRDA:245,13,1,0
BRDA:248,14,0,0
BRDA:248,14,1,0
BRDA:254,15,0,0
BRDA:254,15,1,0
BRDA:255,16,0,0
BRDA:255,16,1,0
BRDA:256,17,0,0
BRDA:256,17,1,0
BRDA:256,18,0,0
BRDA:256,18,1,0
BRDA:257,19,0,0
BRDA:257,19,1,0
BRDA:258,20,0,0
BRDA:258,20,1,0
BRDA:269,21,0,132
BRDA:269,21,1,0
BRDA:315,22,0,0
BRDA:315,22,1,0
BRDA:319,23,0,0
BRDA:319,23,1,0
BRDA:319,24,0,0
BRDA:319,24,1,0
BRDA:319,25,0,0
BRDA:319,25,1,0
BRDA:320,26,0,0
BRDA:320,26,1,0
BRDA:320,27,0,0
BRDA:320,27,1,0
BRDA:320,28,0,0
BRDA:320,28,1,0
BRDA:374,29,0,0
BRDA:374,29,1,0
BRDA:374,29,2,0
BRDA:383,30,0,0
BRDA:383,30,1,0
BRDA:403,31,0,0
BRDA:403,31,1,499
BRDA:404,32,0,132
BRDA:404,32,1,367
BRDA:418,33,0,33
BRDA:421,34,0,0
BRDA:421,34,1,33
BRDA:446,35,0,300
BRDA:446,35,1,0
BRDA:449,36,0,0
BRDA:449,36,1,588
BRDA:449,37,0,588
BRDA:449,37,1,132
BRDA:450,38,0,0
BRDA:450,38,1,588
BRDA:450,39,0,588
BRDA:450,39,1,132
BRDA:469,40,0,300
BRDA:469,40,1,0
BRDA:469,41,0,300
BRDA:469,41,1,300
BRDA:470,42,0,134
BRDA:470,42,1,166
BRDA:471,43,0,67
BRDA:471,43,1,99
BRDA:475,44,0,8
BRDA:475,44,1,91
BRDA:476,45,0,0
BRDA:476,45,1,91
BRDA:476,46,0,91
BRDA:476,46,1,0
BRDA:477,47,0,0
BRDA:477,47,1,91
BRDA:477,48,0,91
BRDA:477,48,1,0
BRDA:478,49,0,16
BRDA:478,49,1,75
BRDA:481,50,0,0
BRDA:481,50,1,75
BRDA:482,51,0,0
BRDA:482,51,1,0
BRDA:487,52,0,0
BRDA:487,52,1,0
BRDA:487,52,2,75
BRDA:489,53,0,75
BRDA:489,53,1,0
BRDA:516,54,0,107
BRDA:518,55,0,0
BRDA:518,55,1,107
BRDA:521,56,0,0
BRDA:521,56,1,107
BRDA:523,57,0,0
BRDA:523,57,1,0
BRDA:537,58,0,150
BRDA:537,58,1,0
BRDA:537,58,2,0
BRDA:537,58,3,75
BRDA:537,58,4,75
BRDA:537,59,0,134
BRDA:537,59,1,16
BRDA:539,60,0,0
BRDA:539,60,1,16
BRDA:541,61,0,0
BRDA:541,61,1,0
BRDA:543,62,0,0
BRDA:543,62,1,0
BRDA:545,63,0,0
BRDA:545,63,1,0
BRDA:548,64,0,0
BRDA:548,64,1,0
BRDA:550,65,0,8
BRDA:550,65,1,67
BRDA:551,66,0,0
BRDA:551,66,1,75
BRF:137
BRH:48
end_of_record
TN:
SF:/Users/sth1pal/Documents/Development/JavaScript/nodejs/ts6/dev/hsLibs/standalone/hsDatab/src/DataFilters.ts
FN:154,resolveTerminalCondition
FN:167,(anonymous_1)
FN:180,resolveCondition
FN:200,(anonymous_3)
FN:201,(anonymous_4)
FN:235,filter
FN:236,(anonymous_6)
FN:241,(anonymous_7)
FNF:8
FNH:8
FNDA:103,resolveTerminalCondition
FNDA:49,(anonymous_1)
FNDA:178,resolveCondition
FNDA:10,(anonymous_3)
FNDA:28,(anonymous_4)
FNDA:26,filter
FNDA:103,(anonymous_6)
FNDA:104,(anonymous_7)
DA:124,2
DA:155,103
DA:156,103
DA:157,103
DA:158,103
DA:159,0
DA:160,0
DA:161,0
DA:162,103
DA:164,4
DA:165,99
DA:167,49
DA:169,71
DA:181,178
DA:182,178
DA:184,178
DA:187,174
DA:190,163
DA:192,163
DA:195,163
DA:196,28
DA:197,28
DA:199,24
DA:200,10
DA:201,28
DA:205,135
DA:206,135
DA:207,139
DA:208,139
DA:211,139
DA:212,8
DA:213,16
DA:214,12
DA:215,103
DA:217,139
DA:218,87
DA:222,0
DA:223,0
DA:225,135
DA:235,2
DA:236,103
DA:237,26
DA:238,26
DA:242,104
DA:243,104
DA:247,0
DA:248,0
LF:47
LH:40
BRDA:157,0,0,103
BRDA:157,0,1,28
BRDA:158,1,0,0
BRDA:158,1,1,103
BRDA:162,2,0,4
BRDA:162,2,1,99
BRDA:165,3,0,28
BRDA:165,3,1,71
BRDA:167,4,0,28
BRDA:167,4,1,28
BRDA:184,5,0,4
BRDA:184,5,1,174
BRDA:187,6,0,11
BRDA:187,6,1,163
BRDA:190,7,0,163
BRDA:190,7,1,0
BRDA:195,8,0,28
BRDA:195,8,1,135
BRDA:196,9,0,16
BRDA:196,9,1,12
BRDA:197,10,0,4
BRDA:197,10,1,24
BRDA:200,11,0,8
BRDA:200,11,1,16
BRDA:205,12,0,92
BRDA:205,12,1,43
BRDA:212,13,0,8
BRDA:212,13,1,16
BRDA:212,13,2,12
BRDA:212,13,3,103
BRDA:217,14,0,52
BRDA:217,14,1,87
BRDA:217,15,0,8
BRDA:217,15,1,44
BRDA:218,16,0,67
BRDA:218,16,1,20
BRDA:225,17,0,110
BRDA:225,17,1,25
BRF:38
BRH:36
end_of_record
TN:
SF:/Users/sth1pal/Documents/Development/JavaScript/nodejs/ts6/dev/hsLibs/standalone/hsDatab/src/index.ts
FNF:0
FNH:0
DA:1,2
DA:2,2
DA:3,2
DA:4,2
DA:5,2
DA:6,2
DA:7,2
DA:8,2
DA:9,2
DA:12,2
DA:13,2
LF:11
LH:11
BRF:0
BRH:0
end_of_record
