TN:
SF:/Users/sth1pal/Documents/Development/JavaScript/nodejs/ts6/dev/hsLibs/node/hsNode/src/cpUtil.ts
FN:28,exec
FN:29,(anonymous_1)
FN:30,(anonymous_2)
FNF:3
FNH:3
FNDA:3,exec
FNDA:3,(anonymous_1)
FNDA:3,(anonymous_2)
DA:1,2
DA:29,3
DA:30,3
DA:31,3
DA:36,2
LF:5
LH:5
BRDA:31,0,0,1
BRDA:31,0,1,2
BRF:2
BRH:2
end_of_record
TN:
SF:/Users/sth1pal/Documents/Development/JavaScript/nodejs/ts6/dev/hsLibs/node/hsNode/src/fsUtil.ts
FN:45,stat
FN:48,(anonymous_1)
FN:48,(anonymous_2)
FN:49,(anonymous_3)
FN:59,lstat
FN:62,(anonymous_5)
FN:62,(anonymous_6)
FN:63,(anonymous_7)
FN:73,error
FN:86,realPath
FN:87,(anonymous_10)
FN:88,(anonymous_11)
FN:98,pathExists
FN:99,(anonymous_13)
FN:100,(anonymous_14)
FN:100,(anonymous_15)
FN:109,isFile
FN:110,(anonymous_17)
FN:111,(anonymous_18)
FN:111,(anonymous_19)
FN:120,isDirectory
FN:121,(anonymous_21)
FN:122,(anonymous_22)
FN:122,(anonymous_23)
FN:131,isLink
FN:132,(anonymous_25)
FN:133,(anonymous_26)
FN:133,(anonymous_27)
FN:145,mkdirs
FN:151,(anonymous_29)
FN:153,(anonymous_30)
FN:153,(anonymous_31)
FN:154,(anonymous_32)
FN:154,(anonymous_33)
FN:160,(anonymous_34)
FN:173,(anonymous_35)
FN:174,(anonymous_36)
FN:190,readDir
FN:193,(anonymous_38)
FN:193,(anonymous_39)
FN:194,(anonymous_40)
FN:212,readFile
FN:213,(anonymous_42)
FN:215,(anonymous_43)
FN:228,readTextFile
FN:238,readJsonFile
FN:240,(anonymous_46)
FN:251,writeFile
FN:252,(anonymous_48)
FN:255,(anonymous_49)
FN:255,(anonymous_50)
FN:257,(anonymous_51)
FN:268,writeStream
FN:269,(anonymous_53)
FN:271,(anonymous_54)
FN:272,(anonymous_55)
FN:283,writeTextFile
FN:294,writeJsonFile
FN:297,(anonymous_58)
FN:308,appendFile
FN:309,(anonymous_60)
FN:311,(anonymous_61)
FN:322,remove
FN:323,(anonymous_63)
FN:324,(anonymous_64)
FN:325,(anonymous_65)
FN:326,(anonymous_66)
FNF:67
FNH:62
FNDA:38,stat
FNDA:29,(anonymous_1)
FNDA:29,(anonymous_2)
FNDA:29,(anonymous_3)
FNDA:5,lstat
FNDA:5,(anonymous_5)
FNDA:5,(anonymous_6)
FNDA:5,(anonymous_7)
FNDA:12,error
FNDA:84,realPath
FNDA:84,(anonymous_10)
FNDA:84,(anonymous_11)
FNDA:3,pathExists
FNDA:3,(anonymous_13)
FNDA:1,(anonymous_14)
FNDA:2,(anonymous_15)
FNDA:9,isFile
FNDA:9,(anonymous_17)
FNDA:7,(anonymous_18)
FNDA:2,(anonymous_19)
FNDA:26,isDirectory
FNDA:26,(anonymous_21)
FNDA:21,(anonymous_22)
FNDA:5,(anonymous_23)
FNDA:5,isLink
FNDA:5,(anonymous_25)
FNDA:3,(anonymous_26)
FNDA:2,(anonymous_27)
FNDA:8,mkdirs
FNDA:9,(anonymous_29)
FNDA:9,(anonymous_30)
FNDA:9,(anonymous_31)
FNDA:9,(anonymous_32)
FNDA:9,(anonymous_33)
FNDA:3,(anonymous_34)
FNDA:7,(anonymous_35)
FNDA:9,(anonymous_36)
FNDA:2,readDir
FNDA:1,(anonymous_38)
FNDA:1,(anonymous_39)
FNDA:1,(anonymous_40)
FNDA:9,readFile
FNDA:9,(anonymous_42)
FNDA:9,(anonymous_43)
FNDA:2,readTextFile
FNDA:2,readJsonFile
FNDA:2,(anonymous_46)
FNDA:5,writeFile
FNDA:5,(anonymous_48)
FNDA:5,(anonymous_49)
FNDA:5,(anonymous_50)
FNDA:0,(anonymous_51)
FNDA:0,writeStream
FNDA:0,(anonymous_53)
FNDA:0,(anonymous_54)
FNDA:0,(anonymous_55)
FNDA:4,writeTextFile
FNDA:2,writeJsonFile
FNDA:2,(anonymous_58)
FNDA:44,appendFile
FNDA:44,(anonymous_60)
FNDA:44,(anonymous_61)
FNDA:10,remove
FNDA:10,(anonymous_63)
FNDA:10,(anonymous_64)
FNDA:3,(anonymous_65)
FNDA:7,(anonymous_66)
DA:1,3
DA:2,3
DA:3,3
DA:4,3
DA:46,38
DA:48,29
DA:49,29
DA:50,29
DA:52,29
DA:53,29
DA:60,5
DA:62,5
DA:63,5
DA:64,5
DA:66,3
DA:67,3
DA:74,12
DA:75,12
DA:86,3
DA:87,84
DA:88,84
DA:98,3
DA:99,3
DA:100,3
DA:109,3
DA:110,9
DA:111,9
DA:120,3
DA:121,26
DA:122,26
DA:131,3
DA:132,5
DA:133,5
DA:145,3
DA:146,8
DA:147,8
DA:148,7
DA:149,7
DA:151,9
DA:153,9
DA:154,9
DA:155,9
DA:156,6
DA:157,6
DA:159,3
DA:160,3
DA:161,3
DA:162,0
DA:163,0
DA:164,0
DA:166,0
DA:173,7
DA:174,7
DA:175,9
DA:176,0
DA:178,7
DA:181,1
DA:190,3
DA:191,2
DA:193,1
DA:194,1
DA:195,1
DA:197,1
DA:198,1
DA:212,3
DA:213,9
DA:214,9
DA:215,9
DA:216,9
DA:217,8
DA:228,3
DA:229,2
DA:238,3
DA:239,2
DA:240,2
DA:251,3
DA:252,5
DA:253,5
DA:254,5
DA:255,5
DA:256,5
DA:257,0
DA:268,3
DA:269,0
DA:270,0
DA:271,0
DA:272,0
DA:273,0
DA:283,3
DA:284,4
DA:294,3
DA:295,2
DA:297,2
DA:308,3
DA:309,44
DA:310,44
DA:311,44
DA:322,3
DA:323,10
DA:324,10
DA:325,10
DA:326,7
LF:102
LH:91
BRDA:50,0,0,0
BRDA:50,0,1,29
BRDA:64,1,0,2
BRDA:64,1,1,3
BRDA:88,2,0,10
BRDA:88,2,1,74
BRDA:147,3,0,7
BRDA:147,3,1,1
BRDA:155,4,0,6
BRDA:155,4,1,3
BRDA:161,5,0,3
BRDA:161,5,1,0
BRDA:162,6,0,0
BRDA:162,6,1,0
BRDA:175,7,0,9
BRDA:175,7,1,0
BRDA:195,8,0,0
BRDA:195,8,1,1
BRDA:212,9,0,0
BRDA:214,10,0,4
BRDA:214,10,1,5
BRDA:216,11,0,1
BRDA:216,11,1,8
BRDA:240,12,0,2
BRDA:240,12,1,0
BRDA:251,13,0,0
BRDA:253,14,0,4
BRDA:253,14,1,1
BRDA:256,15,0,0
BRDA:256,15,1,5
BRDA:308,16,0,42
BRDA:310,17,0,42
BRDA:310,17,1,2
BRDA:311,18,0,0
BRDA:311,18,1,44
BRDA:325,19,0,3
BRDA:325,19,1,7
BRDA:325,20,0,0
BRDA:325,20,1,3
BRDA:326,21,0,0
BRDA:326,21,1,7
BRF:41
BRH:28
end_of_record
TN:
SF:/Users/sth1pal/Documents/Development/JavaScript/nodejs/ts6/dev/hsLibs/node/hsNode/src/httpUtil.ts
FN:39,(anonymous_0)
FN:47,(anonymous_1)
FN:59,(anonymous_2)
FN:78,(anonymous_3)
FN:117,omitNull
FN:123,(anonymous_5)
FN:133,compileParams
FN:148,putDoubleQuotes
FN:152,parseDigestResponse
FN:155,(anonymous_9)
FN:156,(anonymous_10)
FN:162,isBinary
FN:173,getAttributes
FN:199,request
FN:214,requestOptions
FN:217,(anonymous_15)
FN:220,(anonymous_16)
FN:224,(anonymous_17)
FN:225,(anonymous_18)
FN:227,(anonymous_19)
FN:233,(anonymous_20)
FN:248,xml2json
FNF:22
FNH:21
FNDA:1,(anonymous_0)
FNDA:1,(anonymous_1)
FNDA:1,(anonymous_2)
FNDA:1,(anonymous_3)
FNDA:1,omitNull
FNDA:7,(anonymous_5)
FNDA:1,compileParams
FNDA:9,putDoubleQuotes
FNDA:1,parseDigestResponse
FNDA:3,(anonymous_9)
FNDA:6,(anonymous_10)
FNDA:5,isBinary
FNDA:3,getAttributes
FNDA:4,request
FNDA:5,requestOptions
FNDA:5,(anonymous_15)
FNDA:5,(anonymous_16)
FNDA:5,(anonymous_17)
FNDA:5,(anonymous_18)
FNDA:0,(anonymous_19)
FNDA:5,(anonymous_20)
FNDA:4,xml2json
DA:7,1
DA:9,1
DA:10,1
DA:34,1
DA:35,1
DA:40,1
DA:41,1
DA:48,1
DA:49,1
DA:50,1
DA:51,1
DA:52,1
DA:63,1
DA:64,1
DA:65,1
DA:66,1
DA:67,1
DA:69,1
DA:79,1
DA:81,1
DA:82,1
DA:83,1
DA:84,1
DA:85,1
DA:86,1
DA:87,1
DA:89,1
DA:90,1
DA:91,1
DA:92,1
DA:95,1
DA:105,1
DA:107,1
DA:108,1
DA:109,1
DA:112,1
DA:113,1
DA:122,1
DA:123,1
DA:124,7
DA:126,1
DA:134,1
DA:135,1
DA:136,9
DA:137,9
DA:138,9
DA:141,1
DA:149,9
DA:153,1
DA:154,1
DA:155,1
DA:156,6
DA:157,3
DA:159,1
DA:163,5
DA:169,5
DA:170,5
DA:174,3
DA:175,3
DA:176,3
DA:177,3
DA:178,3
DA:179,0
DA:180,0
DA:181,0
DA:184,3
DA:199,1
DA:200,4
DA:210,4
DA:211,4
DA:215,5
DA:216,5
DA:217,5
DA:218,5
DA:219,5
DA:220,5
DA:221,5
DA:222,5
DA:223,5
DA:224,5
DA:225,5
DA:227,5
DA:230,5
DA:231,5
DA:234,5
DA:235,1
DA:237,4
DA:248,1
DA:250,4
DA:251,4
DA:252,4
DA:253,3
DA:254,3
DA:255,3
DA:256,3
DA:257,3
DA:258,3
DA:259,3
DA:260,3
DA:261,3
DA:264,0
DA:267,1
DA:268,1
DA:271,4
LF:104
LH:100
BRDA:50,0,0,0
BRDA:50,0,1,1
BRDA:63,1,0,1
BRDA:63,1,1,0
BRDA:107,2,0,1
BRDA:107,2,1,0
BRDA:124,3,0,7
BRDA:124,3,1,0
BRDA:124,4,0,7
BRDA:124,4,1,7
BRDA:136,5,0,9
BRDA:136,5,1,0
BRDA:137,6,0,7
BRDA:137,6,1,2
BRDA:170,7,0,0
BRDA:170,7,1,5
BRDA:177,8,0,3
BRDA:177,8,1,0
BRDA:180,9,0,0
BRDA:180,9,1,0
BRDA:201,10,0,0
BRDA:201,10,1,4
BRDA:207,11,0,4
BRDA:207,11,1,2
BRDA:210,12,0,1
BRDA:210,12,1,3
BRDA:215,13,0,5
BRDA:215,13,1,5
BRDA:219,14,0,1
BRDA:219,14,1,4
BRDA:221,15,0,0
BRDA:221,15,1,5
BRDA:230,16,0,0
BRDA:230,16,1,5
BRDA:234,17,0,1
BRDA:234,17,1,4
BRDA:234,18,0,5
BRDA:234,18,1,1
BRDA:252,19,0,3
BRDA:252,19,1,1
BRDA:252,20,0,4
BRDA:252,20,1,3
BRDA:254,21,0,3
BRDA:254,21,1,3
BRDA:258,22,0,3
BRDA:258,22,1,0
BRF:46
BRH:33
end_of_record
TN:
SF:/Users/sth1pal/Documents/Development/JavaScript/nodejs/ts6/dev/hsLibs/node/hsNode/src/log.ts
FN:26,node_pathExists
FN:31,node_logToFile
FN:33,(anonymous_2)
FNF:3
FNH:2
FNDA:1,node_pathExists
FNDA:42,node_logToFile
FNDA:0,(anonymous_2)
DA:18,2
DA:19,2
DA:20,2
DA:21,2
DA:22,2
DA:27,1
DA:28,1
DA:32,42
DA:34,0
DA:35,0
LF:10
LH:8
BRF:0
BRH:0
end_of_record
